#! /c/Source/iverilog-install/bin/vvp
:ivl_version "12.0 (devel)" "(s20150603-1110-g18392a46)";
:ivl_delay_selection "TYPICAL";
:vpi_time_precision - 12;
:vpi_module "C:\iverilog\lib\ivl\system.vpi";
:vpi_module "C:\iverilog\lib\ivl\vhdl_sys.vpi";
:vpi_module "C:\iverilog\lib\ivl\vhdl_textio.vpi";
:vpi_module "C:\iverilog\lib\ivl\v2005_math.vpi";
:vpi_module "C:\iverilog\lib\ivl\va_math.vpi";
S_000001e8ed10dbc0 .scope module, "temporizador_tb" "temporizador_tb" 2 2;
 .timescale -9 -12;
v000001e8ed10ad60_0 .var "clk", 0 0;
v000001e8ed10ae00_0 .var "enable", 0 0;
v000001e8ed10aea0_0 .net "q0", 3 0, v000001e8ecf32e10_0;  1 drivers
v000001e8ed10af40_0 .net "q1", 2 0, v000001e8ed10dee0_0;  1 drivers
v000001e8ecf636d0_0 .var "reset", 0 0;
S_000001e8ed10dd50 .scope module, "U0" "temporizador" 2 15, 3 1 0, S_000001e8ed10dbc0;
 .timescale 0 0;
    .port_info 0 /INPUT 1 "clk";
    .port_info 1 /INPUT 1 "reset";
    .port_info 2 /INPUT 1 "enable";
    .port_info 3 /OUTPUT 4 "q0";
    .port_info 4 /OUTPUT 3 "q1";
v000001e8ecf33020_0 .net "clk", 0 0, v000001e8ed10ad60_0;  1 drivers
v000001e8ed109ab0_0 .net "enable", 0 0, v000001e8ed10ae00_0;  1 drivers
v000001e8ecf32e10_0 .var "q0", 3 0;
v000001e8ed10dee0_0 .var "q1", 2 0;
v000001e8ed10df80_0 .net "reset", 0 0, v000001e8ecf636d0_0;  1 drivers
E_000001e8ecf698b0 .event posedge, v000001e8ecf33020_0;
    .scope S_000001e8ed10dd50;
T_0 ;
    %wait E_000001e8ecf698b0;
    %load/vec4 v000001e8ed10df80_0;
    %flag_set/vec4 8;
    %jmp/0xz  T_0.0, 8;
    %pushi/vec4 0, 0, 4;
    %assign/vec4 v000001e8ecf32e10_0, 0;
    %pushi/vec4 6, 0, 3;
    %assign/vec4 v000001e8ed10dee0_0, 0;
    %jmp T_0.1;
T_0.0 ;
    %load/vec4 v000001e8ed109ab0_0;
    %flag_set/vec4 8;
    %jmp/0xz  T_0.2, 8;
    %load/vec4 v000001e8ecf32e10_0;
    %cmpi/ne 0, 0, 4;
    %jmp/0xz  T_0.4, 4;
    %load/vec4 v000001e8ecf32e10_0;
    %subi 1, 0, 4;
    %assign/vec4 v000001e8ecf32e10_0, 0;
    %jmp T_0.5;
T_0.4 ;
    %load/vec4 v000001e8ecf32e10_0;
    %pushi/vec4 0, 0, 4;
    %cmp/e;
    %flag_get/vec4 4;
    %load/vec4 v000001e8ed10dee0_0;
    %pushi/vec4 0, 0, 3;
    %cmp/ne;
    %flag_get/vec4 4;
    %and;
    %flag_set/vec4 8;
    %jmp/0xz  T_0.6, 8;
    %pushi/vec4 9, 0, 4;
    %assign/vec4 v000001e8ecf32e10_0, 0;
    %load/vec4 v000001e8ed10dee0_0;
    %subi 1, 0, 3;
    %assign/vec4 v000001e8ed10dee0_0, 0;
    %jmp T_0.7;
T_0.6 ;
    %load/vec4 v000001e8ecf32e10_0;
    %pushi/vec4 0, 0, 4;
    %cmp/e;
    %flag_get/vec4 4;
    %load/vec4 v000001e8ed10dee0_0;
    %pushi/vec4 0, 0, 3;
    %cmp/e;
    %flag_get/vec4 4;
    %and;
    %flag_set/vec4 8;
    %jmp/0xz  T_0.8, 8;
    %pushi/vec4 0, 0, 4;
    %assign/vec4 v000001e8ecf32e10_0, 0;
    %pushi/vec4 0, 0, 3;
    %assign/vec4 v000001e8ed10dee0_0, 0;
T_0.8 ;
T_0.7 ;
T_0.5 ;
T_0.2 ;
T_0.1 ;
    %jmp T_0;
    .thread T_0;
    .scope S_000001e8ed10dbc0;
T_1 ;
    %pushi/vec4 1, 0, 1;
    %store/vec4 v000001e8ed10ad60_0, 0, 1;
    %pushi/vec4 0, 0, 1;
    %store/vec4 v000001e8ecf636d0_0, 0, 1;
    %pushi/vec4 0, 0, 1;
    %store/vec4 v000001e8ed10ae00_0, 0, 1;
    %end;
    .thread T_1;
    .scope S_000001e8ed10dbc0;
T_2 ;
    %delay 1000, 0;
    %load/vec4 v000001e8ed10ad60_0;
    %nor/r;
    %store/vec4 v000001e8ed10ad60_0, 0, 1;
    %jmp T_2;
    .thread T_2;
    .scope S_000001e8ed10dbc0;
T_3 ;
    %vpi_call 2 34 "$dumpfile", "resultados.vcd" {0 0 0};
    %vpi_call 2 35 "$dumpvars" {0 0 0};
    %pushi/vec4 1, 0, 1;
    %store/vec4 v000001e8ecf636d0_0, 0, 1;
    %pushi/vec4 1, 0, 1;
    %store/vec4 v000001e8ed10ae00_0, 0, 1;
    %delay 2000, 0;
    %pushi/vec4 0, 0, 1;
    %store/vec4 v000001e8ecf636d0_0, 0, 1;
    %pushi/vec4 1, 0, 1;
    %store/vec4 v000001e8ed10ae00_0, 0, 1;
    %delay 10000, 0;
    %pushi/vec4 0, 0, 1;
    %store/vec4 v000001e8ed10ae00_0, 0, 1;
    %delay 10000, 0;
    %pushi/vec4 1, 0, 1;
    %store/vec4 v000001e8ed10ae00_0, 0, 1;
    %delay 150000, 0;
    %vpi_call 2 47 "$finish" {0 0 0};
    %end;
    .thread T_3;
# The file index is used to find the file name in the following table.
:file_names 4;
    "N/A";
    "<interactive>";
    "temporizador_tb.v";
    "temporizador.v";
