#! /c/Source/iverilog-install/bin/vvp
:ivl_version "12.0 (devel)" "(s20150603-1110-g18392a46)";
:ivl_delay_selection "TYPICAL";
:vpi_time_precision - 11;
:vpi_module "C:\iverilog\lib\ivl\system.vpi";
:vpi_module "C:\iverilog\lib\ivl\vhdl_sys.vpi";
:vpi_module "C:\iverilog\lib\ivl\vhdl_textio.vpi";
:vpi_module "C:\iverilog\lib\ivl\v2005_math.vpi";
:vpi_module "C:\iverilog\lib\ivl\va_math.vpi";
S_000002518430ae10 .scope module, "EF1_tb" "EF1_tb" 2 2;
 .timescale -9 -11;
v000002518430a900_0 .var "KEY", 2 1;
v000002518430a9a0_0 .net "LEDR", 9 0, L_0000025184354d70;  1 drivers
v0000025184354c60_0 .var "SW", 0 2;
S_000002518430a770 .scope module, "EJR" "EF1" 2 10, 3 1 0, S_000002518430ae10;
 .timescale 0 0;
    .port_info 0 /INPUT 3 "SW";
    .port_info 1 /INPUT 2 "KEY";
    .port_info 2 /OUTPUT 10 "LEDR";
L_000002518430aa40 .functor BUFZ 2, v000002518430a900_0, C4<00>, C4<00>, C4<00>;
L_0000025184354d00 .functor BUFZ 3, v0000025184354c60_0, C4<000>, C4<000>, C4<000>;
v00000251843550a0_0 .net "KEY", 2 1, v000002518430a900_0;  1 drivers
v00000251843231f0_0 .net "LEDR", 9 0, L_0000025184354d70;  alias, 1 drivers
v00000251843566d0_0 .net "SW", 0 2, v0000025184354c60_0;  1 drivers
L_00000251843a2028 .functor BUFT 1, C4<00000>, C4<0>, C4<0>, C4<0>;
v000002518430eed0_0 .net/2s *"_ivl_11", 4 0, L_00000251843a2028;  1 drivers
v000002518430a490_0 .net *"_ivl_3", 1 0, L_000002518430aa40;  1 drivers
v000002518430a530_0 .net *"_ivl_7", 2 0, L_0000025184354d00;  1 drivers
L_0000025184354d70 .concat8 [ 2 5 3 0], L_000002518430aa40, L_00000251843a2028, L_0000025184354d00;
    .scope S_000002518430ae10;
T_0 ;
    %pushi/vec4 0, 0, 3;
    %store/vec4 v0000025184354c60_0, 0, 3;
    %pushi/vec4 0, 0, 2;
    %store/vec4 v000002518430a900_0, 0, 2;
    %delay 2000, 0;
    %pushi/vec4 1, 0, 3;
    %store/vec4 v0000025184354c60_0, 0, 3;
    %pushi/vec4 0, 0, 2;
    %store/vec4 v000002518430a900_0, 0, 2;
    %delay 2000, 0;
    %pushi/vec4 2, 0, 3;
    %store/vec4 v0000025184354c60_0, 0, 3;
    %pushi/vec4 0, 0, 2;
    %store/vec4 v000002518430a900_0, 0, 2;
    %delay 2000, 0;
    %pushi/vec4 4, 0, 3;
    %store/vec4 v0000025184354c60_0, 0, 3;
    %pushi/vec4 0, 0, 2;
    %store/vec4 v000002518430a900_0, 0, 2;
    %delay 2000, 0;
    %pushi/vec4 0, 0, 3;
    %store/vec4 v0000025184354c60_0, 0, 3;
    %pushi/vec4 1, 0, 2;
    %store/vec4 v000002518430a900_0, 0, 2;
    %delay 2000, 0;
    %pushi/vec4 0, 0, 3;
    %store/vec4 v0000025184354c60_0, 0, 3;
    %pushi/vec4 2, 0, 2;
    %store/vec4 v000002518430a900_0, 0, 2;
    %delay 2000, 0;
    %pushi/vec4 7, 0, 3;
    %store/vec4 v0000025184354c60_0, 0, 3;
    %pushi/vec4 3, 0, 2;
    %store/vec4 v000002518430a900_0, 0, 2;
    %delay 2000, 0;
    %vpi_call 2 25 "$finish" {0 0 0};
    %end;
    .thread T_0;
    .scope S_000002518430ae10;
T_1 ;
    %vpi_call 2 30 "$dumpfile", "ARCHIVO.vcd" {0 0 0};
    %vpi_call 2 31 "$dumpvars" {0 0 0};
    %end;
    .thread T_1;
    .scope S_000002518430ae10;
T_2 ;
    %vpi_call 2 36 "$display", "|-----|-----|------------|" {0 0 0};
    %vpi_call 2 37 "$display", "| SW  | KEY |    LEDR    |" {0 0 0};
    %vpi_call 2 38 "$display", "| 012 | 21  | 9876543210 |" {0 0 0};
    %vpi_call 2 39 "$display", "|-----|-----|------------|" {0 0 0};
    %vpi_call 2 40 "$monitor", "| %b | %b  | %b |", v0000025184354c60_0, v000002518430a900_0, v000002518430a9a0_0 {0 0 0};
    %end;
    .thread T_2;
# The file index is used to find the file name in the following table.
:file_names 4;
    "N/A";
    "<interactive>";
    "EF1_TB.v";
    "EF1.v";
