#! /usr/local/iverilog/bin/vvp
:ivl_version "11.0 (devel)";
:ivl_delay_selection "TYPICAL";
:vpi_time_precision - 11;
:vpi_module "D:\iverilog\lib\ivl\system.vpi";
:vpi_module "D:\iverilog\lib\ivl\vhdl_sys.vpi";
:vpi_module "D:\iverilog\lib\ivl\vhdl_textio.vpi";
:vpi_module "D:\iverilog\lib\ivl\v2005_math.vpi";
:vpi_module "D:\iverilog\lib\ivl\va_math.vpi";
S_000000000090a050 .scope module, "mi_primera_funcion_tb" "mi_primera_funcion_tb" 2 2;
 .timescale -9 -11;
v0000000000907060_0 .var "inS", 1 0;
v00000000009065c0_0 .net "outY", 0 0, v0000000001055ad0_0;  1 drivers
S_000000000090a690 .scope module, "EJR" "mi_primera_funcion" 2 9, 3 1 0, S_000000000090a050;
 .timescale 0 0;
    .port_info 0 /INPUT 2 "S";
    .port_info 1 /OUTPUT 1 "Y";
v0000000000906dd0_0 .net "S", 1 0, v0000000000907060_0;  1 drivers
v0000000001055ad0_0 .var "Y", 0 0;
E_000000000090cc30 .event edge, v0000000000906dd0_0;
    .scope S_000000000090a690;
T_0 ;
    %wait E_000000000090cc30;
    %load/vec4 v0000000000906dd0_0;
    %dup/vec4;
    %pushi/vec4 0, 0, 2;
    %cmp/u;
    %jmp/1 T_0.0, 6;
    %dup/vec4;
    %pushi/vec4 1, 0, 2;
    %cmp/u;
    %jmp/1 T_0.1, 6;
    %dup/vec4;
    %pushi/vec4 2, 0, 2;
    %cmp/u;
    %jmp/1 T_0.2, 6;
    %dup/vec4;
    %pushi/vec4 3, 0, 2;
    %cmp/u;
    %jmp/1 T_0.3, 6;
    %jmp T_0.4;
T_0.0 ;
    %pushi/vec4 1, 0, 1;
    %store/vec4 v0000000001055ad0_0, 0, 1;
    %jmp T_0.4;
T_0.1 ;
    %pushi/vec4 1, 0, 1;
    %store/vec4 v0000000001055ad0_0, 0, 1;
    %jmp T_0.4;
T_0.2 ;
    %pushi/vec4 0, 0, 1;
    %store/vec4 v0000000001055ad0_0, 0, 1;
    %jmp T_0.4;
T_0.3 ;
    %pushi/vec4 1, 0, 1;
    %store/vec4 v0000000001055ad0_0, 0, 1;
    %jmp T_0.4;
T_0.4 ;
    %pop/vec4 1;
    %jmp T_0;
    .thread T_0, $push;
    .scope S_000000000090a050;
T_1 ;
    %pushi/vec4 0, 0, 2;
    %store/vec4 v0000000000907060_0, 0, 2;
    %delay 2000, 0;
    %pushi/vec4 1, 0, 2;
    %store/vec4 v0000000000907060_0, 0, 2;
    %delay 2000, 0;
    %pushi/vec4 2, 0, 2;
    %store/vec4 v0000000000907060_0, 0, 2;
    %delay 2000, 0;
    %pushi/vec4 3, 0, 2;
    %store/vec4 v0000000000907060_0, 0, 2;
    %delay 2000, 0;
    %vpi_call 2 20 "$finish" {0 0 0};
    %end;
    .thread T_1;
    .scope S_000000000090a050;
T_2 ;
    %vpi_call 2 25 "$dumpfile", "ARCHIVO.vcd" {0 0 0};
    %vpi_call 2 26 "$dumpvars" {0 0 0};
    %end;
    .thread T_2;
    .scope S_000000000090a050;
T_3 ;
    %vpi_call 2 31 "$display", "---|----|---" {0 0 0};
    %vpi_call 2 32 "$display", "   | S  | Y " {0 0 0};
    %vpi_call 2 33 "$display", "---|----|---" {0 0 0};
    %vpi_call 2 34 "$monitor", " %d | %b | %b", v0000000000907060_0, v0000000000907060_0, v00000000009065c0_0 {0 0 0};
    %end;
    .thread T_3;
# The file index is used to find the file name in the following table.
:file_names 4;
    "N/A";
    "<interactive>";
    "mi_primera_funcion_tb.v";
    "mi_primera_funcion.v";
