;  LST file generated by mikroListExporter - v.2.0 
; Date/Time: 8/08/2022 11:22:44 p. m.
;----------------------------------------------

;Address Opcode 	ASM
0x0000	0xF000EF91  	GOTO        290
_interrpcion:
;inversor.c,19 :: 		void interrpcion() iv 0x0008 ics ICS_AUTO
0x0008	0xF019C000  	MOVFF       R0, 25
0x000C	0xF018C001  	MOVFF       R1, 24
0x0010	0xF017C002  	MOVFF       R2, 23
0x0014	0xF016C003  	MOVFF       R3, 22
0x0018	0xF015C004  	MOVFF       R4, 21
;inversor.c,22 :: 		if (TMR2IF_bit==1)
0x001C	0xF01ACFE9  	MOVFF       FSR0L, 26
0x0020	0xF01BCFEA  	MOVFF       FSR0H, 27
0x0024	0xA29E      	BTFSS       TMR2IF_bit, BitPos(TMR2IF_bit+0) 
0x0026	0xD045      	BRA         L_interrpcion2
;inversor.c,24 :: 		eso++;
0x0028	0x0102      	MOVLB       2
0x002A	0x4BEC      	INFSNZ      _eso, 1, 1
0x002C	0x2BED      	INCF        _eso+1, 1, 1
;inversor.c,25 :: 		if (eso>=muestras-1) eso=0;
0x002E	0x0E01      	MOVLW       1
0x0030	0x5DED      	SUBWF       _eso+1, 0, 1
0x0032	0xE102      	BNZ         L__interrpcion14
0x0034	0x0E67      	MOVLW       103
0x0036	0x5DEC      	SUBWF       _eso, 0, 1
L__interrpcion14:
0x0038	0xE302      	BNC         L_interrpcion3
0x003A	0x6BEC      	CLRF        _eso, 1
0x003C	0x6BED      	CLRF        _eso+1, 1
L_interrpcion3:
;inversor.c,27 :: 		es=onda[eso];
0x003E	0xF000C2EC  	MOVFF       _eso, R0
0x0042	0xF001C2ED  	MOVFF       _eso+1, R1
0x0046	0x3600      	RLCF        R0, 1 
0x0048	0x9000      	BCF         R0, 0 
0x004A	0x3601      	RLCF        R1, 1 
0x004C	0x0E1C      	MOVLW       _onda
0x004E	0x2400      	ADDWF       R0, 0 
0x0050	0x6EE9      	MOVWF       FSR0L 
0x0052	0x0E00      	MOVLW       hi_addr(_onda)
0x0054	0x2001      	ADDWFC      R1, 0 
0x0056	0x6EEA      	MOVWF       FSR0L+1 
0x0058	0xF003CFEE  	MOVFF       POSTINC0, R3
0x005C	0xF004CFEE  	MOVFF       POSTINC0, R4
0x0060	0xF2EEC003  	MOVFF       R3, _es
0x0064	0xF2EFC004  	MOVFF       R4, _es+1
;inversor.c,29 :: 		CCPR1L=es >> 2;// carga parte baja
0x0068	0xF000C003  	MOVFF       R3, R0
0x006C	0xF001C004  	MOVFF       R4, R1
0x0070	0x3201      	RRCF        R1, 1 
0x0072	0x3200      	RRCF        R0, 1 
0x0074	0x9E01      	BCF         R1, 7 
0x0076	0x3201      	RRCF        R1, 1 
0x0078	0x3200      	RRCF        R0, 1 
0x007A	0x9E01      	BCF         R1, 7 
0x007C	0xFFBEC000  	MOVFF       R0, CCPR1L
;inversor.c,30 :: 		DC1B1_bit=LEEBIT(es,1);// carga bit 1
0x0080	0xF2F0C003  	MOVFF       R3, FARG_LEEBIT_port
0x0084	0xF2F1C004  	MOVFF       R4, FARG_LEEBIT_port+1
0x0088	0x0E01      	MOVLW       1
0x008A	0x6FF2      	MOVWF       FARG_LEEBIT_bit1, 1
0x008C	0xD821      	RCALL       _LEEBIT
0x008E	0xB000      	BTFSC       R0, 0 
0x0090	0xD002      	BRA         L__interrpcion15
0x0092	0x9ABD      	BCF         DC1B1_bit, BitPos(DC1B1_bit+0) 
0x0094	0xD001      	BRA         L__interrpcion16
L__interrpcion15:
0x0096	0x8ABD      	BSF         DC1B1_bit, BitPos(DC1B1_bit+0) 
L__interrpcion16:
;inversor.c,31 :: 		DC1B0_bit=LEEBIT(es,0);  // carga bit 0
0x0098	0xF2F0C2EE  	MOVFF       _es, FARG_LEEBIT_port
0x009C	0xF2F1C2EF  	MOVFF       _es+1, FARG_LEEBIT_port+1
0x00A0	0x0102      	MOVLB       2
0x00A2	0x6BF2      	CLRF        FARG_LEEBIT_bit1, 1
0x00A4	0xD815      	RCALL       _LEEBIT
0x00A6	0xB000      	BTFSC       R0, 0 
0x00A8	0xD002      	BRA         L__interrpcion17
0x00AA	0x98BD      	BCF         DC1B0_bit, BitPos(DC1B0_bit+0) 
0x00AC	0xD001      	BRA         L__interrpcion18
L__interrpcion17:
0x00AE	0x88BD      	BSF         DC1B0_bit, BitPos(DC1B0_bit+0) 
L__interrpcion18:
;inversor.c,32 :: 		TMR2IF_bit=0;
0x00B0	0x929E      	BCF         TMR2IF_bit, BitPos(TMR2IF_bit+0) 
;inversor.c,33 :: 		}
L_interrpcion2:
;inversor.c,35 :: 		}
L_end_interrpcion:
L__interrpcion13:
0x00B2	0xF000C019  	MOVFF       25, R0
0x00B6	0xF001C018  	MOVFF       24, R1
0x00BA	0xF002C017  	MOVFF       23, R2
0x00BE	0xF003C016  	MOVFF       22, R3
0x00C2	0xF004C015  	MOVFF       21, R4
0x00C6	0xFFE9C01A  	MOVFF       26, FSR0L
0x00CA	0xFFEAC01B  	MOVFF       27, FSR0H
0x00CE	0x0011      	RETFIE      1
; end of _interrpcion
_LEEBIT:
;inversor.c,12 :: 		char LEEBIT (unsigned int port, char bit1)
;inversor.c,15 :: 		if ((port & (1 << bit1))>0) return (1);
0x00D0	0xF002C2F2  	MOVFF       FARG_LEEBIT_bit1, R2
0x00D4	0x0E01      	MOVLW       1
0x00D6	0x6E00      	MOVWF       R0 
0x00D8	0x0E00      	MOVLW       0
0x00DA	0x6E01      	MOVWF       R1 
0x00DC	0x5002      	MOVF        R2, 0 
L__LEEBIT9:
0x00DE	0xE005      	BZ          L__LEEBIT10
0x00E0	0x3600      	RLCF        R0, 1 
0x00E2	0x9000      	BCF         R0, 0 
0x00E4	0x3601      	RLCF        R1, 1 
0x00E6	0x0FFF      	ADDLW       255
0x00E8	0xD7FA      	BRA         L__LEEBIT9
L__LEEBIT10:
0x00EA	0x5000      	MOVF        R0, 0 
0x00EC	0x0102      	MOVLB       2
0x00EE	0x15F0      	ANDWF       FARG_LEEBIT_port, 0, 1
0x00F0	0x6E02      	MOVWF       R2 
0x00F2	0x51F1      	MOVF        FARG_LEEBIT_port+1, 0, 1
0x00F4	0x1401      	ANDWF       R1, 0 
0x00F6	0x6E03      	MOVWF       R3 
0x00F8	0x0E00      	MOVLW       0
0x00FA	0x6E00      	MOVWF       R0 
0x00FC	0x5003      	MOVF        R3, 0 
0x00FE	0x5C00      	SUBWF       R0, 0 
0x0100	0xE102      	BNZ         L__LEEBIT11
0x0102	0x5002      	MOVF        R2, 0 
0x0104	0x0800      	SUBLW       0
L__LEEBIT11:
0x0106	0xE203      	BC          L_LEEBIT0
0x0108	0x0E01      	MOVLW       1
0x010A	0x6E00      	MOVWF       R0 
0x010C	0xD001      	BRA         L_end_LEEBIT
L_LEEBIT0:
;inversor.c,16 :: 		else return (0);
0x010E	0x6A00      	CLRF        R0 
;inversor.c,17 :: 		}
L_end_LEEBIT:
0x0110	0x0012      	RETURN      0
; end of _LEEBIT
___CC2DW:
;__Lib_System.c,21 :: 		
;__Lib_System.c,23 :: 		
_CC2DL_Loop1:
;__Lib_System.c,24 :: 		
0x0112	0x0009      	TBLRD*+
;__Lib_System.c,25 :: 		
0x0114	0xFFE6CFF5  	MOVFF       TABLAT, POSTINC1
;__Lib_System.c,26 :: 		
0x0118	0x0600      	DECF        R0, 1, 0
;__Lib_System.c,27 :: 		
0x011A	0xE1FB      	BNZ         _CC2DL_Loop1
;__Lib_System.c,28 :: 		
0x011C	0x0601      	DECF        R1, 1, 0
;__Lib_System.c,29 :: 		
0x011E	0xE1F9      	BNZ         _CC2DL_Loop1
;__Lib_System.c,31 :: 		
L_end___CC2DW:
0x0120	0x0012      	RETURN      0
; end of ___CC2DW
_main:
0x0122	0xF002EC4E  	CALL        1180, 0
;inversor.c,37 :: 		void main()
;inversor.c,41 :: 		adcon1=0b1111;
0x0126	0x0E0F      	MOVLW       15
0x0128	0x6EC1      	MOVWF       ADCON1 
;inversor.c,42 :: 		INTCON=0b01000000;
0x012A	0x0E40      	MOVLW       64
0x012C	0x6EF2      	MOVWF       INTCON 
;inversor.c,45 :: 		TRISA=0;
0x012E	0x6A92      	CLRF        TRISA 
;inversor.c,46 :: 		trisc=0;// salida pwm
0x0130	0x6A94      	CLRF        TRISC 
;inversor.c,49 :: 		CCP1CON=0b00101100;// configura como pwm;
0x0132	0x0E2C      	MOVLW       44
0x0134	0x6EBD      	MOVWF       CCP1CON 
;inversor.c,52 :: 		T2CON=0;
0x0136	0x6ACA      	CLRF        T2CON 
;inversor.c,56 :: 		T2CKPS1_bit=0;  //prescalador time 2
0x0138	0x92CA      	BCF         T2CKPS1_bit, BitPos(T2CKPS1_bit+0) 
;inversor.c,57 :: 		T2CKPS0_bit=1;  //prescalador time 2
0x013A	0x80CA      	BSF         T2CKPS0_bit, BitPos(T2CKPS0_bit+0) 
;inversor.c,58 :: 		PR2=143;            //registro pr2
0x013C	0x0E8F      	MOVLW       143
0x013E	0x6ECB      	MOVWF       PR2 
;inversor.c,60 :: 		eso=0;
0x0140	0x0102      	MOVLB       2
0x0142	0x6BEC      	CLRF        _eso, 1
0x0144	0x6BED      	CLRF        _eso+1, 1
;inversor.c,61 :: 		es=onda[eso];
0x0146	0x6A00      	CLRF        R0 
0x0148	0x6A01      	CLRF        R1 
0x014A	0x0E1C      	MOVLW       _onda
0x014C	0x2400      	ADDWF       R0, 0 
0x014E	0x6EE9      	MOVWF       FSR0L 
0x0150	0x0E00      	MOVLW       hi_addr(_onda)
0x0152	0x2001      	ADDWFC      R1, 0 
0x0154	0x6EEA      	MOVWF       FSR0L+1 
0x0156	0xF003CFEE  	MOVFF       POSTINC0, R3
0x015A	0xF004CFEE  	MOVFF       POSTINC0, R4
0x015E	0xF2EEC003  	MOVFF       R3, _es
0x0162	0xF2EFC004  	MOVFF       R4, _es+1
;inversor.c,63 :: 		CCPR1L=es >> 2;
0x0166	0xF000C003  	MOVFF       R3, R0
0x016A	0xF001C004  	MOVFF       R4, R1
0x016E	0x3201      	RRCF        R1, 1 
0x0170	0x3200      	RRCF        R0, 1 
0x0172	0x9E01      	BCF         R1, 7 
0x0174	0x3201      	RRCF        R1, 1 
0x0176	0x3200      	RRCF        R0, 1 
0x0178	0x9E01      	BCF         R1, 7 
0x017A	0xFFBEC000  	MOVFF       R0, CCPR1L
;inversor.c,65 :: 		if ((es & (1 << 1))>0) DC1B1_bit=1;
0x017E	0x0E02      	MOVLW       2
0x0180	0x1403      	ANDWF       R3, 0 
0x0182	0x6E01      	MOVWF       R1 
0x0184	0x5004      	MOVF        R4, 0 
0x0186	0x0B00      	ANDLW       0
0x0188	0x6E02      	MOVWF       R2 
0x018A	0x0E00      	MOVLW       0
0x018C	0x6E00      	MOVWF       R0 
0x018E	0x5002      	MOVF        R2, 0 
0x0190	0x5C00      	SUBWF       R0, 0 
0x0192	0xE102      	BNZ         L__main20
0x0194	0x5001      	MOVF        R1, 0 
0x0196	0x0800      	SUBLW       0
L__main20:
0x0198	0xE202      	BC          L_main4
0x019A	0x8ABD      	BSF         DC1B1_bit, BitPos(DC1B1_bit+0) 
0x019C	0xD001      	BRA         L_main5
L_main4:
;inversor.c,66 :: 		else DC1B1_bit=0;
0x019E	0x9ABD      	BCF         DC1B1_bit, BitPos(DC1B1_bit+0) 
L_main5:
;inversor.c,68 :: 		if ((es & (1 << 0))>0) DC1B0_bit=1;
0x01A0	0x0E01      	MOVLW       1
0x01A2	0x15EE      	ANDWF       _es, 0, 1
0x01A4	0x6E01      	MOVWF       R1 
0x01A6	0x51EF      	MOVF        _es+1, 0, 1
0x01A8	0x0B00      	ANDLW       0
0x01AA	0x6E02      	MOVWF       R2 
0x01AC	0x0E00      	MOVLW       0
0x01AE	0x6E00      	MOVWF       R0 
0x01B0	0x5002      	MOVF        R2, 0 
0x01B2	0x5C00      	SUBWF       R0, 0 
0x01B4	0xE102      	BNZ         L__main21
0x01B6	0x5001      	MOVF        R1, 0 
0x01B8	0x0800      	SUBLW       0
L__main21:
0x01BA	0xE202      	BC          L_main6
0x01BC	0x88BD      	BSF         DC1B0_bit, BitPos(DC1B0_bit+0) 
0x01BE	0xD001      	BRA         L_main7
L_main6:
;inversor.c,69 :: 		else DC1B0_bit=0;
0x01C0	0x98BD      	BCF         DC1B0_bit, BitPos(DC1B0_bit+0) 
L_main7:
;inversor.c,72 :: 		TMR2IF_bit=0;
0x01C2	0x929E      	BCF         TMR2IF_bit, BitPos(TMR2IF_bit+0) 
;inversor.c,73 :: 		TMR2IE_bit=1;
0x01C4	0x829D      	BSF         TMR2IE_bit, BitPos(TMR2IE_bit+0) 
;inversor.c,74 :: 		GIE_bit=1;
0x01C6	0x8EF2      	BSF         GIE_bit, BitPos(GIE_bit+0) 
;inversor.c,75 :: 		TMR2ON_bit=1;//prende pwm
0x01C8	0x84CA      	BSF         TMR2ON_bit, BitPos(TMR2ON_bit+0) 
;inversor.c,78 :: 		}
L_end_main:
0x01CA	0xD7FF      	BRA         $+0
; end of _main
0x049C	0xF01CEE10  	LFSR        1, 28
0x04A0	0x0ED0      	MOVLW       208
0x04A2	0x6E00      	MOVWF       R0 
0x04A4	0x0E03      	MOVLW       3
0x04A6	0x6E01      	MOVWF       R1 
0x04A8	0x0ECC      	MOVLW       204
0x04AA	0x6EF6      	MOVWF       4086 
0x04AC	0x0E01      	MOVLW       1
0x04AE	0x6EF7      	MOVWF       TBLPTRH 
0x04B0	0x0E00      	MOVLW       0
0x04B2	0x6EF8      	MOVWF       TBLPTRU 
0x04B4	0xF000EC89  	CALL        274, 0
0x04B8	0x0012      	RETURN      0
;inversor.c,0 :: ?ICS_onda
0x01CC	0x00E8 ;?ICS_onda+0
0x01CE	0x00EC ;?ICS_onda+2
0x01D0	0x00EF ;?ICS_onda+4
0x01D2	0x00F3 ;?ICS_onda+6
0x01D4	0x00F7 ;?ICS_onda+8
0x01D6	0x00FA ;?ICS_onda+10
0x01D8	0x0101 ;?ICS_onda+12
0x01DA	0x0105 ;?ICS_onda+14
0x01DC	0x0109 ;?ICS_onda+16
0x01DE	0x010C ;?ICS_onda+18
0x01E0	0x0110 ;?ICS_onda+20
0x01E2	0x0114 ;?ICS_onda+22
0x01E4	0x0117 ;?ICS_onda+24
0x01E6	0x011B ;?ICS_onda+26
0x01E8	0x011E ;?ICS_onda+28
0x01EA	0x0122 ;?ICS_onda+30
0x01EC	0x0129 ;?ICS_onda+32
0x01EE	0x012D ;?ICS_onda+34
0x01F0	0x0131 ;?ICS_onda+36
0x01F2	0x0134 ;?ICS_onda+38
0x01F4	0x0138 ;?ICS_onda+40
0x01F6	0x013B ;?ICS_onda+42
0x01F8	0x013F ;?ICS_onda+44
0x01FA	0x0143 ;?ICS_onda+46
0x01FC	0x0146 ;?ICS_onda+48
0x01FE	0x014A ;?ICS_onda+50
0x0200	0x014E ;?ICS_onda+52
0x0202	0x0151 ;?ICS_onda+54
0x0204	0x0155 ;?ICS_onda+56
0x0206	0x0158 ;?ICS_onda+58
0x0208	0x015C ;?ICS_onda+60
0x020A	0x0160 ;?ICS_onda+62
0x020C	0x0163 ;?ICS_onda+64
0x020E	0x0167 ;?ICS_onda+66
0x0210	0x016B ;?ICS_onda+68
0x0212	0x016E ;?ICS_onda+70
0x0214	0x016E ;?ICS_onda+72
0x0216	0x0172 ;?ICS_onda+74
0x0218	0x0175 ;?ICS_onda+76
0x021A	0x0179 ;?ICS_onda+78
0x021C	0x017D ;?ICS_onda+80
0x021E	0x0180 ;?ICS_onda+82
0x0220	0x0184 ;?ICS_onda+84
0x0222	0x0188 ;?ICS_onda+86
0x0224	0x0188 ;?ICS_onda+88
0x0226	0x018B ;?ICS_onda+90
0x0228	0x018F ;?ICS_onda+92
0x022A	0x0192 ;?ICS_onda+94
0x022C	0x0192 ;?ICS_onda+96
0x022E	0x0196 ;?ICS_onda+98
0x0230	0x019A ;?ICS_onda+100
0x0232	0x019D ;?ICS_onda+102
0x0234	0x019D ;?ICS_onda+104
0x0236	0x01A1 ;?ICS_onda+106
0x0238	0x01A5 ;?ICS_onda+108
0x023A	0x01A5 ;?ICS_onda+110
0x023C	0x01A8 ;?ICS_onda+112
0x023E	0x01AC ;?ICS_onda+114
0x0240	0x01AC ;?ICS_onda+116
0x0242	0x01AF ;?ICS_onda+118
0x0244	0x01AF ;?ICS_onda+120
0x0246	0x01B3 ;?ICS_onda+122
0x0248	0x01B3 ;?ICS_onda+124
0x024A	0x01B7 ;?ICS_onda+126
0x024C	0x01B7 ;?ICS_onda+128
0x024E	0x01BA ;?ICS_onda+130
0x0250	0x01BA ;?ICS_onda+132
0x0252	0x01BE ;?ICS_onda+134
0x0254	0x01BE ;?ICS_onda+136
0x0256	0x01C2 ;?ICS_onda+138
0x0258	0x01C2 ;?ICS_onda+140
0x025A	0x01C2 ;?ICS_onda+142
0x025C	0x01C5 ;?ICS_onda+144
0x025E	0x01C5 ;?ICS_onda+146
0x0260	0x01C5 ;?ICS_onda+148
0x0262	0x01C9 ;?ICS_onda+150
0x0264	0x01C9 ;?ICS_onda+152
0x0266	0x01C9 ;?ICS_onda+154
0x0268	0x01C9 ;?ICS_onda+156
0x026A	0x01CC ;?ICS_onda+158
0x026C	0x01CC ;?ICS_onda+160
0x026E	0x01CC ;?ICS_onda+162
0x0270	0x01CC ;?ICS_onda+164
0x0272	0x01CC ;?ICS_onda+166
0x0274	0x01CC ;?ICS_onda+168
0x0276	0x01CC ;?ICS_onda+170
0x0278	0x01D0 ;?ICS_onda+172
0x027A	0x01D0 ;?ICS_onda+174
0x027C	0x01D0 ;?ICS_onda+176
0x027E	0x01D0 ;?ICS_onda+178
0x0280	0x01D0 ;?ICS_onda+180
0x0282	0x01D0 ;?ICS_onda+182
0x0284	0x01D0 ;?ICS_onda+184
0x0286	0x01D0 ;?ICS_onda+186
0x0288	0x01D0 ;?ICS_onda+188
0x028A	0x01CC ;?ICS_onda+190
0x028C	0x01CC ;?ICS_onda+192
0x028E	0x01CC ;?ICS_onda+194
0x0290	0x01CC ;?ICS_onda+196
0x0292	0x01CC ;?ICS_onda+198
0x0294	0x01CC ;?ICS_onda+200
0x0296	0x01C9 ;?ICS_onda+202
0x0298	0x01C9 ;?ICS_onda+204
0x029A	0x01C9 ;?ICS_onda+206
0x029C	0x01C9 ;?ICS_onda+208
0x029E	0x01C5 ;?ICS_onda+210
0x02A0	0x01C5 ;?ICS_onda+212
0x02A2	0x01C5 ;?ICS_onda+214
0x02A4	0x01C2 ;?ICS_onda+216
0x02A6	0x01C2 ;?ICS_onda+218
0x02A8	0x01C2 ;?ICS_onda+220
0x02AA	0x01BE ;?ICS_onda+222
0x02AC	0x01BE ;?ICS_onda+224
0x02AE	0x01BA ;?ICS_onda+226
0x02B0	0x01BA ;?ICS_onda+228
0x02B2	0x01BA ;?ICS_onda+230
0x02B4	0x01B7 ;?ICS_onda+232
0x02B6	0x01B7 ;?ICS_onda+234
0x02B8	0x01B3 ;?ICS_onda+236
0x02BA	0x01B3 ;?ICS_onda+238
0x02BC	0x01AF ;?ICS_onda+240
0x02BE	0x01AC ;?ICS_onda+242
0x02C0	0x01AC ;?ICS_onda+244
0x02C2	0x01A8 ;?ICS_onda+246
0x02C4	0x01A8 ;?ICS_onda+248
0x02C6	0x01A5 ;?ICS_onda+250
0x02C8	0x01A1 ;?ICS_onda+252
0x02CA	0x01A1 ;?ICS_onda+254
0x02CC	0x019D ;?ICS_onda+256
0x02CE	0x019A ;?ICS_onda+258
0x02D0	0x019A ;?ICS_onda+260
0x02D2	0x0196 ;?ICS_onda+262
0x02D4	0x0192 ;?ICS_onda+264
0x02D6	0x018F ;?ICS_onda+266
0x02D8	0x018F ;?ICS_onda+268
0x02DA	0x018B ;?ICS_onda+270
0x02DC	0x0188 ;?ICS_onda+272
0x02DE	0x0184 ;?ICS_onda+274
0x02E0	0x0180 ;?ICS_onda+276
0x02E2	0x017D ;?ICS_onda+278
0x02E4	0x017D ;?ICS_onda+280
0x02E6	0x0179 ;?ICS_onda+282
0x02E8	0x0175 ;?ICS_onda+284
0x02EA	0x0172 ;?ICS_onda+286
0x02EC	0x016E ;?ICS_onda+288
0x02EE	0x016B ;?ICS_onda+290
0x02F0	0x0167 ;?ICS_onda+292
0x02F2	0x0163 ;?ICS_onda+294
0x02F4	0x0160 ;?ICS_onda+296
0x02F6	0x015C ;?ICS_onda+298
0x02F8	0x0158 ;?ICS_onda+300
0x02FA	0x0155 ;?ICS_onda+302
0x02FC	0x0151 ;?ICS_onda+304
0x02FE	0x014E ;?ICS_onda+306
0x0300	0x014A ;?ICS_onda+308
0x0302	0x0146 ;?ICS_onda+310
0x0304	0x0143 ;?ICS_onda+312
0x0306	0x013F ;?ICS_onda+314
0x0308	0x013B ;?ICS_onda+316
0x030A	0x0138 ;?ICS_onda+318
0x030C	0x0134 ;?ICS_onda+320
0x030E	0x0131 ;?ICS_onda+322
0x0310	0x012D ;?ICS_onda+324
0x0312	0x0129 ;?ICS_onda+326
0x0314	0x0126 ;?ICS_onda+328
0x0316	0x0122 ;?ICS_onda+330
0x0318	0x011E ;?ICS_onda+332
0x031A	0x011B ;?ICS_onda+334
0x031C	0x0117 ;?ICS_onda+336
0x031E	0x0114 ;?ICS_onda+338
0x0320	0x010C ;?ICS_onda+340
0x0322	0x0109 ;?ICS_onda+342
0x0324	0x0105 ;?ICS_onda+344
0x0326	0x0101 ;?ICS_onda+346
0x0328	0x00FE ;?ICS_onda+348
0x032A	0x00FA ;?ICS_onda+350
0x032C	0x00F7 ;?ICS_onda+352
0x032E	0x00F3 ;?ICS_onda+354
0x0330	0x00EF ;?ICS_onda+356
0x0332	0x00E8 ;?ICS_onda+358
0x0334	0x00E4 ;?ICS_onda+360
0x0336	0x00E1 ;?ICS_onda+362
0x0338	0x00DD ;?ICS_onda+364
0x033A	0x00DA ;?ICS_onda+366
0x033C	0x00D6 ;?ICS_onda+368
0x033E	0x00D2 ;?ICS_onda+370
0x0340	0x00CF ;?ICS_onda+372
0x0342	0x00C7 ;?ICS_onda+374
0x0344	0x00C4 ;?ICS_onda+376
0x0346	0x00C0 ;?ICS_onda+378
0x0348	0x00BD ;?ICS_onda+380
0x034A	0x00B9 ;?ICS_onda+382
0x034C	0x00B5 ;?ICS_onda+384
0x034E	0x00B2 ;?ICS_onda+386
0x0350	0x00AE ;?ICS_onda+388
0x0352	0x00AA ;?ICS_onda+390
0x0354	0x00A7 ;?ICS_onda+392
0x0356	0x00A3 ;?ICS_onda+394
0x0358	0x00A0 ;?ICS_onda+396
0x035A	0x0098 ;?ICS_onda+398
0x035C	0x0095 ;?ICS_onda+400
0x035E	0x0091 ;?ICS_onda+402
0x0360	0x008D ;?ICS_onda+404
0x0362	0x008A ;?ICS_onda+406
0x0364	0x0086 ;?ICS_onda+408
0x0366	0x0083 ;?ICS_onda+410
0x0368	0x007F ;?ICS_onda+412
0x036A	0x007B ;?ICS_onda+414
0x036C	0x0078 ;?ICS_onda+416
0x036E	0x0074 ;?ICS_onda+418
0x0370	0x0070 ;?ICS_onda+420
0x0372	0x006D ;?ICS_onda+422
0x0374	0x0069 ;?ICS_onda+424
0x0376	0x0069 ;?ICS_onda+426
0x0378	0x0066 ;?ICS_onda+428
0x037A	0x0062 ;?ICS_onda+430
0x037C	0x005E ;?ICS_onda+432
0x037E	0x005B ;?ICS_onda+434
0x0380	0x0057 ;?ICS_onda+436
0x0382	0x0053 ;?ICS_onda+438
0x0384	0x0050 ;?ICS_onda+440
0x0386	0x004C ;?ICS_onda+442
0x0388	0x004C ;?ICS_onda+444
0x038A	0x0049 ;?ICS_onda+446
0x038C	0x0045 ;?ICS_onda+448
0x038E	0x0041 ;?ICS_onda+450
0x0390	0x003E ;?ICS_onda+452
0x0392	0x003E ;?ICS_onda+454
0x0394	0x003A ;?ICS_onda+456
0x0396	0x0036 ;?ICS_onda+458
0x0398	0x0033 ;?ICS_onda+460
0x039A	0x0033 ;?ICS_onda+462
0x039C	0x002F ;?ICS_onda+464
0x039E	0x002C ;?ICS_onda+466
0x03A0	0x002C ;?ICS_onda+468
0x03A2	0x0028 ;?ICS_onda+470
0x03A4	0x0028 ;?ICS_onda+472
0x03A6	0x0024 ;?ICS_onda+474
0x03A8	0x0021 ;?ICS_onda+476
0x03AA	0x0021 ;?ICS_onda+478
0x03AC	0x001D ;?ICS_onda+480
0x03AE	0x001D ;?ICS_onda+482
0x03B0	0x0019 ;?ICS_onda+484
0x03B2	0x0019 ;?ICS_onda+486
0x03B4	0x0016 ;?ICS_onda+488
0x03B6	0x0016 ;?ICS_onda+490
0x03B8	0x0012 ;?ICS_onda+492
0x03BA	0x0012 ;?ICS_onda+494
0x03BC	0x000F ;?ICS_onda+496
0x03BE	0x000F ;?ICS_onda+498
0x03C0	0x000F ;?ICS_onda+500
0x03C2	0x000B ;?ICS_onda+502
0x03C4	0x000B ;?ICS_onda+504
0x03C6	0x000B ;?ICS_onda+506
0x03C8	0x0007 ;?ICS_onda+508
0x03CA	0x0007 ;?ICS_onda+510
0x03CC	0x0007 ;?ICS_onda+512
0x03CE	0x0004 ;?ICS_onda+514
0x03D0	0x0004 ;?ICS_onda+516
0x03D2	0x0004 ;?ICS_onda+518
0x03D4	0x0004 ;?ICS_onda+520
0x03D6	0x0004 ;?ICS_onda+522
0x03D8	0x0004 ;?ICS_onda+524
0x03DA	0x0000 ;?ICS_onda+526
0x03DC	0x0000 ;?ICS_onda+528
0x03DE	0x0000 ;?ICS_onda+530
0x03E0	0x0000 ;?ICS_onda+532
0x03E2	0x0000 ;?ICS_onda+534
0x03E4	0x0000 ;?ICS_onda+536
0x03E6	0x0000 ;?ICS_onda+538
0x03E8	0x0000 ;?ICS_onda+540
0x03EA	0x0000 ;?ICS_onda+542
0x03EC	0x0000 ;?ICS_onda+544
0x03EE	0x0000 ;?ICS_onda+546
0x03F0	0x0000 ;?ICS_onda+548
0x03F2	0x0000 ;?ICS_onda+550
0x03F4	0x0000 ;?ICS_onda+552
0x03F6	0x0004 ;?ICS_onda+554
0x03F8	0x0004 ;?ICS_onda+556
0x03FA	0x0004 ;?ICS_onda+558
0x03FC	0x0004 ;?ICS_onda+560
0x03FE	0x0004 ;?ICS_onda+562
0x0400	0x0007 ;?ICS_onda+564
0x0402	0x0007 ;?ICS_onda+566
0x0404	0x0007 ;?ICS_onda+568
0x0406	0x0007 ;?ICS_onda+570
0x0408	0x000B ;?ICS_onda+572
0x040A	0x000B ;?ICS_onda+574
0x040C	0x000B ;?ICS_onda+576
0x040E	0x000F ;?ICS_onda+578
0x0410	0x000F ;?ICS_onda+580
0x0412	0x0012 ;?ICS_onda+582
0x0414	0x0012 ;?ICS_onda+584
0x0416	0x0012 ;?ICS_onda+586
0x0418	0x0016 ;?ICS_onda+588
0x041A	0x0016 ;?ICS_onda+590
0x041C	0x0019 ;?ICS_onda+592
0x041E	0x0019 ;?ICS_onda+594
0x0420	0x001D ;?ICS_onda+596
0x0422	0x001D ;?ICS_onda+598
0x0424	0x0021 ;?ICS_onda+600
0x0426	0x0024 ;?ICS_onda+602
0x0428	0x0024 ;?ICS_onda+604
0x042A	0x0028 ;?ICS_onda+606
0x042C	0x0028 ;?ICS_onda+608
0x042E	0x002C ;?ICS_onda+610
0x0430	0x002F ;?ICS_onda+612
0x0432	0x002F ;?ICS_onda+614
0x0434	0x0033 ;?ICS_onda+616
0x0436	0x0036 ;?ICS_onda+618
0x0438	0x003A ;?ICS_onda+620
0x043A	0x003A ;?ICS_onda+622
0x043C	0x003E ;?ICS_onda+624
0x043E	0x0041 ;?ICS_onda+626
0x0440	0x0045 ;?ICS_onda+628
0x0442	0x0045 ;?ICS_onda+630
0x0444	0x0049 ;?ICS_onda+632
0x0446	0x004C ;?ICS_onda+634
0x0448	0x0050 ;?ICS_onda+636
0x044A	0x0053 ;?ICS_onda+638
0x044C	0x0057 ;?ICS_onda+640
0x044E	0x0057 ;?ICS_onda+642
0x0450	0x005B ;?ICS_onda+644
0x0452	0x005E ;?ICS_onda+646
0x0454	0x0062 ;?ICS_onda+648
0x0456	0x0066 ;?ICS_onda+650
0x0458	0x0069 ;?ICS_onda+652
0x045A	0x006D ;?ICS_onda+654
0x045C	0x0070 ;?ICS_onda+656
0x045E	0x0074 ;?ICS_onda+658
0x0460	0x0078 ;?ICS_onda+660
0x0462	0x007B ;?ICS_onda+662
0x0464	0x007F ;?ICS_onda+664
0x0466	0x0083 ;?ICS_onda+666
0x0468	0x0086 ;?ICS_onda+668
0x046A	0x008A ;?ICS_onda+670
0x046C	0x008D ;?ICS_onda+672
0x046E	0x0091 ;?ICS_onda+674
0x0470	0x0095 ;?ICS_onda+676
0x0472	0x0098 ;?ICS_onda+678
0x0474	0x009C ;?ICS_onda+680
0x0476	0x00A0 ;?ICS_onda+682
0x0478	0x00A3 ;?ICS_onda+684
0x047A	0x00A7 ;?ICS_onda+686
0x047C	0x00AA ;?ICS_onda+688
0x047E	0x00AE ;?ICS_onda+690
0x0480	0x00B2 ;?ICS_onda+692
0x0482	0x00B9 ;?ICS_onda+694
0x0484	0x00BD ;?ICS_onda+696
0x0486	0x00C0 ;?ICS_onda+698
0x0488	0x00C4 ;?ICS_onda+700
0x048A	0x00C7 ;?ICS_onda+702
0x048C	0x00CB ;?ICS_onda+704
0x048E	0x00CF ;?ICS_onda+706
0x0490	0x00D2 ;?ICS_onda+708
0x0492	0x00D6 ;?ICS_onda+710
0x0494	0x00DD ;?ICS_onda+712
0x0496	0x00E1 ;?ICS_onda+714
0x0498	0x00E4 ;?ICS_onda+716
0x049A	0x00E8 ;?ICS_onda+718
; end of ?ICS_onda
Symbol List:
//** Routines locations **
//ADDRESS    SIZE    PROCEDURE
//----------------------------------------------
0x0008     [200]    _interrpcion
0x00D0      [66]    _LEEBIT
0x0112      [16]    ___CC2DW
0x0122     [170]    _main
//** Variables locations ** 
//ADDRESS    SIZE    VARIABLE
//----------------------------------------------
0x0000       [1]    R0
0x0001       [1]    R1
0x0002       [1]    R2
0x0003       [1]    R3
0x0004       [1]    R4
0x0005       [1]    R5
0x0006       [1]    R6
0x0007       [1]    R7
0x0008       [1]    R8
0x0009       [1]    R9
0x000A       [1]    R10
0x000B       [1]    R11
0x000C       [1]    R12
0x000D       [1]    R13
0x000E       [1]    R14
0x000F       [1]    R15
0x0010       [1]    R16
0x0011       [1]    R17
0x0012       [1]    R18
0x0013       [1]    R19
0x0014       [1]    R20
0x001C     [720]    _onda
0x02EC       [2]    _eso
0x02EE       [2]    _es
0x02F0       [2]    FARG_LEEBIT_port
0x02F2       [1]    FARG_LEEBIT_bit1
0x0F92       [1]    TRISA
0x0F94       [1]    TRISC
0x0F9D       [0]    TMR2IE_bit
0x0F9E       [0]    TMR2IF_bit
0x0FBD       [0]    DC1B0_bit
0x0FBD       [0]    DC1B1_bit
0x0FBD       [1]    CCP1CON
0x0FBE       [1]    CCPR1L
0x0FC1       [1]    ADCON1
0x0FCA       [0]    T2CKPS0_bit
0x0FCA       [0]    TMR2ON_bit
0x0FCA       [0]    T2CKPS1_bit
0x0FCA       [1]    T2CON
0x0FCB       [1]    PR2
0x0FD8       [1]    STATUS
0x0FD9       [1]    FSR2L
0x0FDA       [1]    FSR2H
0x0FDE       [1]    POSTINC2
0x0FE0       [1]    BSR
0x0FE1       [1]    FSR1L
0x0FE2       [1]    FSR1H
0x0FE4       [1]    PREINC1
0x0FE6       [1]    POSTINC1
0x0FE7       [1]    INDF1
0x0FE8       [1]    WREG
0x0FE9       [1]    FSR0L
0x0FEA       [1]    FSR0H
0x0FEE       [1]    POSTINC0
0x0FF2       [0]    GIE_bit
0x0FF2       [1]    INTCON
0x0FF3       [1]    PRODL
0x0FF4       [1]    PRODH
0x0FF5       [1]    TABLAT
0x0FF6       [1]    TBLPTRL
0x0FF7       [1]    TBLPTRH
0x0FF8       [1]    TBLPTRU
//** Constants locations ** 
//ADDRESS    SIZE    CONSTANT
//----------------------------------------------
0x01CC     [720]    ?ICS_onda
