#! /usr/local/iverilog/bin/vvp
:ivl_version "11.0 (devel)" "(s20150603-642-g3bdb50da)";
:ivl_delay_selection "TYPICAL";
:vpi_time_precision - 12;
:vpi_module "system";
:vpi_module "vhdl_sys";
:vpi_module "vhdl_textio";
:vpi_module "v2005_math";
:vpi_module "va_math";
S_00000000001fa9f0 .scope module, "cronometro_tb" "cronometro_tb" 2 2;
 .timescale -9 -12;
v00000000001fb780_0 .var "clk", 0 0;
v00000000001fb820_0 .net "q", 15 0, L_0000000000f95020;  1 drivers
v0000000000f436e0_0 .net "q0", 3 0, v00000000001fedd0_0;  1 drivers
v0000000000f43780_0 .net "q1", 3 0, v00000000001fee70_0;  1 drivers
v0000000000f43820_0 .net "q2", 3 0, v00000000001fb5a0_0;  1 drivers
v0000000000f438c0_0 .net "q3", 3 0, v00000000001fb640_0;  1 drivers
v0000000000f43d70_0 .var "reset", 0 0;
S_00000000001feb00 .scope module, "U0" "cronometro" 2 16, 3 1 0, S_00000000001fa9f0;
 .timescale 0 0;
    .port_info 0 /INPUT 1 "clk";
    .port_info 1 /INPUT 1 "reset";
    .port_info 2 /OUTPUT 4 "q0";
    .port_info 3 /OUTPUT 4 "q1";
    .port_info 4 /OUTPUT 4 "q2";
    .port_info 5 /OUTPUT 4 "q3";
    .port_info 6 /OUTPUT 16 "q";
v00000000001fec90_0 .net "clk", 0 0, v00000000001fb780_0;  1 drivers
v00000000001fed30_0 .net "q", 15 0, L_0000000000f95020;  alias, 1 drivers
v00000000001fedd0_0 .var "q0", 3 0;
v00000000001fee70_0 .var "q1", 3 0;
v00000000001fb5a0_0 .var "q2", 3 0;
v00000000001fb640_0 .var "q3", 3 0;
v00000000001fb6e0_0 .net "reset", 0 0, v0000000000f43d70_0;  1 drivers
E_0000000000f33fe0 .event posedge, v00000000001fec90_0;
L_0000000000f95020 .concat [ 4 4 4 4], v00000000001fedd0_0, v00000000001fee70_0, v00000000001fb5a0_0, v00000000001fb640_0;
    .scope S_00000000001feb00;
T_0 ;
    %wait E_0000000000f33fe0;
    %load/vec4 v00000000001fb6e0_0;
    %flag_set/vec4 8;
    %jmp/0xz  T_0.0, 8;
    %pushi/vec4 0, 0, 4;
    %assign/vec4 v00000000001fedd0_0, 0;
    %pushi/vec4 0, 0, 4;
    %assign/vec4 v00000000001fee70_0, 0;
    %pushi/vec4 0, 0, 4;
    %assign/vec4 v00000000001fb5a0_0, 0;
    %pushi/vec4 0, 0, 4;
    %assign/vec4 v00000000001fb640_0, 0;
    %jmp T_0.1;
T_0.0 ;
    %load/vec4 v00000000001fedd0_0;
    %cmpi/ne 9, 0, 4;
    %jmp/0xz  T_0.2, 4;
    %load/vec4 v00000000001fedd0_0;
    %addi 1, 0, 4;
    %assign/vec4 v00000000001fedd0_0, 0;
    %jmp T_0.3;
T_0.2 ;
    %load/vec4 v00000000001fedd0_0;
    %pushi/vec4 9, 0, 4;
    %cmp/e;
    %flag_get/vec4 4;
    %load/vec4 v00000000001fee70_0;
    %pushi/vec4 9, 0, 4;
    %cmp/ne;
    %flag_get/vec4 4;
    %and;
    %flag_set/vec4 8;
    %jmp/0xz  T_0.4, 8;
    %pushi/vec4 0, 0, 4;
    %assign/vec4 v00000000001fedd0_0, 0;
    %load/vec4 v00000000001fee70_0;
    %addi 1, 0, 4;
    %assign/vec4 v00000000001fee70_0, 0;
    %jmp T_0.5;
T_0.4 ;
    %load/vec4 v00000000001fee70_0;
    %pushi/vec4 9, 0, 4;
    %cmp/e;
    %flag_get/vec4 4;
    %load/vec4 v00000000001fb5a0_0;
    %pushi/vec4 9, 0, 4;
    %cmp/ne;
    %flag_get/vec4 4;
    %and;
    %flag_set/vec4 8;
    %jmp/0xz  T_0.6, 8;
    %pushi/vec4 0, 0, 4;
    %assign/vec4 v00000000001fedd0_0, 0;
    %pushi/vec4 0, 0, 4;
    %assign/vec4 v00000000001fee70_0, 0;
    %load/vec4 v00000000001fb5a0_0;
    %addi 1, 0, 4;
    %assign/vec4 v00000000001fb5a0_0, 0;
    %jmp T_0.7;
T_0.6 ;
    %load/vec4 v00000000001fb5a0_0;
    %pushi/vec4 9, 0, 4;
    %cmp/e;
    %flag_get/vec4 4;
    %load/vec4 v00000000001fb640_0;
    %pushi/vec4 9, 0, 4;
    %cmp/ne;
    %flag_get/vec4 4;
    %and;
    %flag_set/vec4 8;
    %jmp/0xz  T_0.8, 8;
    %pushi/vec4 0, 0, 4;
    %assign/vec4 v00000000001fedd0_0, 0;
    %pushi/vec4 0, 0, 4;
    %assign/vec4 v00000000001fee70_0, 0;
    %pushi/vec4 0, 0, 4;
    %assign/vec4 v00000000001fb5a0_0, 0;
    %load/vec4 v00000000001fb640_0;
    %addi 1, 0, 4;
    %assign/vec4 v00000000001fb640_0, 0;
T_0.8 ;
T_0.7 ;
T_0.5 ;
T_0.3 ;
T_0.1 ;
    %jmp T_0;
    .thread T_0;
    .scope S_00000000001fa9f0;
T_1 ;
    %pushi/vec4 1, 0, 1;
    %store/vec4 v00000000001fb780_0, 0, 1;
    %pushi/vec4 0, 0, 1;
    %store/vec4 v0000000000f43d70_0, 0, 1;
    %end;
    .thread T_1;
    .scope S_00000000001fa9f0;
T_2 ;
    %delay 1000, 0;
    %load/vec4 v00000000001fb780_0;
    %nor/r;
    %store/vec4 v00000000001fb780_0, 0, 1;
    %jmp T_2;
    .thread T_2;
    .scope S_00000000001fa9f0;
T_3 ;
    %vpi_call 2 38 "$dumpfile", "resultados.vcd" {0 0 0};
    %vpi_call 2 39 "$dumpvars" {0 0 0};
    %pushi/vec4 1, 0, 1;
    %store/vec4 v0000000000f43d70_0, 0, 1;
    %delay 2000, 0;
    %pushi/vec4 0, 0, 1;
    %store/vec4 v0000000000f43d70_0, 0, 1;
    %delay 22000000, 0;
    %vpi_call 2 49 "$finish" {0 0 0};
    %end;
    .thread T_3;
# The file index is used to find the file name in the following table.
:file_names 4;
    "N/A";
    "<interactive>";
    "cronometro_tb.v";
    "cronometro.v";
