#! /usr/local/iverilog/bin/vvp
:ivl_version "11.0 (devel)";
:ivl_delay_selection "TYPICAL";
:vpi_time_precision - 11;
:vpi_module "D:\iverilog\lib\ivl\system.vpi";
:vpi_module "D:\iverilog\lib\ivl\vhdl_sys.vpi";
:vpi_module "D:\iverilog\lib\ivl\vhdl_textio.vpi";
:vpi_module "D:\iverilog\lib\ivl\v2005_math.vpi";
:vpi_module "D:\iverilog\lib\ivl\va_math.vpi";
S_000000000090bb80 .scope module, "primera_funcion_tb" "primera_funcion_tb" 2 2;
 .timescale -9 -11;
v00000000009063c0_0 .var "inA", 0 0;
v0000000000906460_0 .var "inB", 0 0;
v0000000000906500_0 .net "outF", 0 0, L_0000000000906cc0;  1 drivers
S_000000000090bd10 .scope module, "ejemplo_funcion" "primera_funcion" 2 9, 3 1 0, S_000000000090bb80;
 .timescale 0 0;
    .port_info 0 /INPUT 1 "A";
    .port_info 1 /INPUT 1 "B";
    .port_info 2 /OUTPUT 1 "F";
L_0000000000906a80 .functor NOT 1, v00000000009063c0_0, C4<0>, C4<0>, C4<0>;
L_0000000000906cc0 .functor OR 1, L_0000000000906a80, v0000000000906460_0, C4<0>, C4<0>;
v0000000000906ec0_0 .net "A", 0 0, v00000000009063c0_0;  1 drivers
v00000000010552f0_0 .net "B", 0 0, v0000000000906460_0;  1 drivers
v000000000090a390_0 .net "F", 0 0, L_0000000000906cc0;  alias, 1 drivers
v000000000090a430_0 .net *"_ivl_0", 0 0, L_0000000000906a80;  1 drivers
    .scope S_000000000090bb80;
T_0 ;
    %pushi/vec4 0, 0, 1;
    %store/vec4 v00000000009063c0_0, 0, 1;
    %pushi/vec4 0, 0, 1;
    %store/vec4 v0000000000906460_0, 0, 1;
    %delay 2000, 0;
    %pushi/vec4 0, 0, 1;
    %store/vec4 v00000000009063c0_0, 0, 1;
    %pushi/vec4 1, 0, 1;
    %store/vec4 v0000000000906460_0, 0, 1;
    %delay 2000, 0;
    %pushi/vec4 1, 0, 1;
    %store/vec4 v00000000009063c0_0, 0, 1;
    %pushi/vec4 0, 0, 1;
    %store/vec4 v0000000000906460_0, 0, 1;
    %delay 2000, 0;
    %pushi/vec4 1, 0, 1;
    %store/vec4 v00000000009063c0_0, 0, 1;
    %pushi/vec4 1, 0, 1;
    %store/vec4 v0000000000906460_0, 0, 1;
    %delay 2000, 0;
    %vpi_call 2 21 "$finish" {0 0 0};
    %end;
    .thread T_0;
    .scope S_000000000090bb80;
T_1 ;
    %vpi_call 2 26 "$dumpfile", "ARCHIVO.vcd" {0 0 0};
    %vpi_call 2 27 "$dumpvars" {0 0 0};
    %end;
    .thread T_1;
    .scope S_000000000090bb80;
T_2 ;
    %vpi_call 2 32 "$display", "-----|---" {0 0 0};
    %vpi_call 2 33 "$display", " A B | F " {0 0 0};
    %vpi_call 2 34 "$display", "-----|---" {0 0 0};
    %vpi_call 2 35 "$monitor", " %b %b | %b", v00000000009063c0_0, v0000000000906460_0, v0000000000906500_0 {0 0 0};
    %end;
    .thread T_2;
# The file index is used to find the file name in the following table.
:file_names 4;
    "N/A";
    "<interactive>";
    "primera_funcion_tb.v";
    "primera_funcion.v";
