#! /usr/local/iverilog/bin/vvp
:ivl_version "11.0 (devel)";
:ivl_delay_selection "TYPICAL";
:vpi_time_precision + 0;
:vpi_module "D:\iverilog\lib\ivl\system.vpi";
:vpi_module "D:\iverilog\lib\ivl\vhdl_sys.vpi";
:vpi_module "D:\iverilog\lib\ivl\vhdl_textio.vpi";
:vpi_module "D:\iverilog\lib\ivl\v2005_math.vpi";
:vpi_module "D:\iverilog\lib\ivl\va_math.vpi";
S_00000000001cc960 .scope module, "circuito_con_or" "circuito_con_or" 2 1;
 .timescale 0 0;
    .port_info 0 /INPUT 1 "X";
    .port_info 1 /INPUT 1 "Y";
    .port_info 2 /INPUT 1 "A";
    .port_info 3 /INPUT 1 "B";
    .port_info 4 /INPUT 3 "M";
    .port_info 5 /INPUT 3 "P";
    .port_info 6 /OUTPUT 1 "F1";
    .port_info 7 /OUTPUT 1 "F3";
    .port_info 8 /OUTPUT 3 "F2";
o00000000008971d8 .functor BUFZ 1, C4<z>; HiZ drive
v00000000008da6b0_0 .net "A", 0 0, o00000000008971d8;  0 drivers
o0000000000897208 .functor BUFZ 1, C4<z>; HiZ drive
v00000000008dad90_0 .net "B", 0 0, o0000000000897208;  0 drivers
v00000000008da9d0_0 .net "F1", 0 0, L_00000000001c70c0;  1 drivers
v00000000008da070_0 .net "F2", 2 0, L_00000000001c6ec0;  1 drivers
v00000000008da2f0_0 .net "F3", 0 0, L_00000000008935d0;  1 drivers
o0000000000896f98 .functor BUFZ 3, C4<zzz>; HiZ drive
v00000000008da4d0_0 .net "M", 2 0, o0000000000896f98;  0 drivers
o0000000000896fc8 .functor BUFZ 3, C4<zzz>; HiZ drive
v00000000008da930_0 .net "P", 2 0, o0000000000896fc8;  0 drivers
o00000000008970b8 .functor BUFZ 1, C4<z>; HiZ drive
v00000000008da390_0 .net "X", 0 0, o00000000008970b8;  0 drivers
o00000000008970e8 .functor BUFZ 1, C4<z>; HiZ drive
v00000000008da430_0 .net "Y", 0 0, o00000000008970e8;  0 drivers
S_00000000001ccaf0 .scope module, "tres_bit" "or_parametros" 2 14, 3 1 0, S_00000000001cc960;
 .timescale 0 0;
    .port_info 0 /INPUT 3 "A";
    .port_info 1 /INPUT 3 "B";
    .port_info 2 /OUTPUT 3 "F";
P_0000000000885220 .param/l "n" 0 3 1, +C4<00000000000000000000000000000011>;
L_00000000001c6ec0 .functor OR 3, o0000000000896f98, o0000000000896fc8, C4<000>, C4<000>;
v00000000001c65c0_0 .net "A", 2 0, o0000000000896f98;  alias, 0 drivers
v0000000000892e50_0 .net "B", 2 0, o0000000000896fc8;  alias, 0 drivers
v0000000000892ef0_0 .net "F", 2 0, L_00000000001c6ec0;  alias, 1 drivers
S_0000000000892f90 .scope module, "un_bit" "or_parametros" 2 8, 3 1 0, S_00000000001cc960;
 .timescale 0 0;
    .port_info 0 /INPUT 1 "A";
    .port_info 1 /INPUT 1 "B";
    .port_info 2 /OUTPUT 1 "F";
P_0000000000884a60 .param/l "n" 0 3 1, +C4<00000000000000000000000000000001>;
L_00000000001c70c0 .functor OR 1, o00000000008970b8, o00000000008970e8, C4<0>, C4<0>;
v0000000000893120_0 .net "A", 0 0, o00000000008970b8;  alias, 0 drivers
v00000000008931c0_0 .net "B", 0 0, o00000000008970e8;  alias, 0 drivers
v0000000000893260_0 .net "F", 0 0, L_00000000001c70c0;  alias, 1 drivers
S_0000000000893300 .scope module, "uno_bit" "or_parametros" 2 20, 3 1 0, S_00000000001cc960;
 .timescale 0 0;
    .port_info 0 /INPUT 1 "A";
    .port_info 1 /INPUT 1 "B";
    .port_info 2 /OUTPUT 1 "F";
P_00000000008853a0 .param/l "n" 0 3 1, +C4<00000000000000000000000000000001>;
L_00000000008935d0 .functor OR 1, o00000000008971d8, o0000000000897208, C4<0>, C4<0>;
v0000000000893490_0 .net "A", 0 0, o00000000008971d8;  alias, 0 drivers
v0000000000893530_0 .net "B", 0 0, o0000000000897208;  alias, 0 drivers
v00000000008dacf0_0 .net "F", 0 0, L_00000000008935d0;  alias, 1 drivers
# The file index is used to find the file name in the following table.
:file_names 4;
    "N/A";
    "<interactive>";
    "circuito_con_or.v";
    "or_parametros.v";
