#! /usr/local/iverilog/bin/vvp
:ivl_version "11.0 (devel)";
:ivl_delay_selection "TYPICAL";
:vpi_time_precision - 11;
:vpi_module "D:\iverilog\lib\ivl\system.vpi";
:vpi_module "D:\iverilog\lib\ivl\vhdl_sys.vpi";
:vpi_module "D:\iverilog\lib\ivl\vhdl_textio.vpi";
:vpi_module "D:\iverilog\lib\ivl\v2005_math.vpi";
:vpi_module "D:\iverilog\lib\ivl\va_math.vpi";
S_0000000001124860 .scope module, "estimulos_mux2a1" "estimulos_mux2a1" 2 2;
 .timescale -9 -11;
v0000000001124580_0 .var "A", 2 0;
v0000000001124620_0 .var "B", 2 0;
v0000000001137720_0 .net "F", 2 0, L_0000000001137860;  1 drivers
v00000000011377c0_0 .var "s0", 0 0;
S_0000000001137590 .scope module, "S1" "mux2a1" 2 11, 3 2 0, S_0000000001124860;
 .timescale -9 -11;
    .port_info 0 /INPUT 3 "A";
    .port_info 1 /INPUT 3 "B";
    .port_info 2 /INPUT 1 "s0";
    .port_info 3 /OUTPUT 3 "F";
v00000000010e6c80_0 .net "A", 2 0, v0000000001124580_0;  1 drivers
v00000000010ebf40_0 .net "B", 2 0, v0000000001124620_0;  1 drivers
v00000000011249f0_0 .net "F", 2 0, L_0000000001137860;  alias, 1 drivers
v00000000010e68f0_0 .net "s0", 0 0, v00000000011377c0_0;  1 drivers
L_0000000001137860 .functor MUXZ 3, v0000000001124620_0, v0000000001124580_0, v00000000011377c0_0, C4<>;
    .scope S_0000000001124860;
T_0 ;
    %pushi/vec4 0, 0, 3;
    %store/vec4 v0000000001124580_0, 0, 3;
    %pushi/vec4 1, 0, 3;
    %store/vec4 v0000000001124620_0, 0, 3;
    %pushi/vec4 0, 0, 1;
    %store/vec4 v00000000011377c0_0, 0, 1;
    %delay 2000, 0;
    %pushi/vec4 1, 0, 3;
    %store/vec4 v0000000001124580_0, 0, 3;
    %pushi/vec4 0, 0, 3;
    %store/vec4 v0000000001124620_0, 0, 3;
    %pushi/vec4 1, 0, 1;
    %store/vec4 v00000000011377c0_0, 0, 1;
    %delay 2000, 0;
    %pushi/vec4 2, 0, 3;
    %store/vec4 v0000000001124580_0, 0, 3;
    %pushi/vec4 3, 0, 3;
    %store/vec4 v0000000001124620_0, 0, 3;
    %pushi/vec4 0, 0, 1;
    %store/vec4 v00000000011377c0_0, 0, 1;
    %delay 2000, 0;
    %pushi/vec4 3, 0, 3;
    %store/vec4 v0000000001124580_0, 0, 3;
    %pushi/vec4 2, 0, 3;
    %store/vec4 v0000000001124620_0, 0, 3;
    %pushi/vec4 1, 0, 1;
    %store/vec4 v00000000011377c0_0, 0, 1;
    %delay 2000, 0;
    %pushi/vec4 4, 0, 3;
    %store/vec4 v0000000001124580_0, 0, 3;
    %pushi/vec4 4, 0, 3;
    %store/vec4 v0000000001124620_0, 0, 3;
    %pushi/vec4 0, 0, 1;
    %store/vec4 v00000000011377c0_0, 0, 1;
    %delay 2000, 0;
    %pushi/vec4 5, 0, 3;
    %store/vec4 v0000000001124580_0, 0, 3;
    %pushi/vec4 5, 0, 3;
    %store/vec4 v0000000001124620_0, 0, 3;
    %pushi/vec4 1, 0, 1;
    %store/vec4 v00000000011377c0_0, 0, 1;
    %delay 2000, 0;
    %pushi/vec4 4, 0, 3;
    %store/vec4 v0000000001124580_0, 0, 3;
    %pushi/vec4 5, 0, 3;
    %store/vec4 v0000000001124620_0, 0, 3;
    %pushi/vec4 1, 0, 1;
    %store/vec4 v00000000011377c0_0, 0, 1;
    %delay 2000, 0;
    %pushi/vec4 3, 0, 3;
    %store/vec4 v0000000001124580_0, 0, 3;
    %pushi/vec4 0, 0, 3;
    %store/vec4 v0000000001124620_0, 0, 3;
    %pushi/vec4 0, 0, 1;
    %store/vec4 v00000000011377c0_0, 0, 1;
    %delay 2000, 0;
    %vpi_call 2 28 "$finish" {0 0 0};
    %end;
    .thread T_0;
    .scope S_0000000001124860;
T_1 ;
    %vpi_call 2 33 "$dumpfile", "ARCHIVO.vcd" {0 0 0};
    %vpi_call 2 34 "$dumpvars" {0 0 0};
    %end;
    .thread T_1;
    .scope S_0000000001124860;
T_2 ;
    %vpi_call 2 39 "$display", "-----------|-----|" {0 0 0};
    %vpi_call 2 40 "$display", "  A   B  s0|  F  |" {0 0 0};
    %vpi_call 2 41 "$display", "-----------|-----|" {0 0 0};
    %vpi_call 2 42 "$monitor", " %b %b %b | %b |", v0000000001124580_0, v0000000001124620_0, v00000000011377c0_0, v0000000001137720_0 {0 0 0};
    %end;
    .thread T_2;
# The file index is used to find the file name in the following table.
:file_names 4;
    "N/A";
    "<interactive>";
    "estimulos_mux2a1.v";
    "mux2a1.v";
