0	1	mikroCPIC1618.exe -MSF -DBG -pP16F1827 -DL -O11111114 -fo8 -N"D:\uis\9 semestre\Diseño con micros\Diseño de micros y proces\Jair\Parcial_1\punto 2\punto 2\Parcial1_punto2\Parcial1_punto2.mcppi" -SP"C:\Users\Public\Documents\Mikroelektronika\mikroC PRO for PIC\Defs\" -SP"C:\Users\Public\Documents\Mikroelektronika\mikroC PRO for PIC\Uses\P16_Enh\" -SP"D:\uis\9 semestre\Diseño con micros\Diseño de micros y proces\Jair\Parcial_1\punto 2\punto 2\Parcial1_punto2\" -IP"C:\Users\Public\Documents\Mikroelektronika\mikroC PRO for PIC\Uses\P16_Enh\" "Parcial1_punto2.c" "__Lib_Math.mcl" "__Lib_MathDouble.mcl" "__Lib_System.mcl" "__Lib_Delays.mcl" "__Lib_CType.mcl" "__Lib_CStdlib.mcl" "__Lib_Button.mcl" "__Lib_Sound.mcl"	 
hint: 0	1139	Available RAM: 368 [bytes], Available ROM: 4096 [bytes]	 
diagnostics: 0	122	Compilation Started	__Lib_Delays.c
diagnostics: 123	123	Compiled Successfully	__Lib_Delays.c
diagnostics: 0	122	Compilation Started	Parcial1_punto2.c
warning: 133	1505	Suspicious pointer conversion	Parcial1_punto2.c
warning: 134	1505	Suspicious pointer conversion	Parcial1_punto2.c
warning: 135	1505	Suspicious pointer conversion	Parcial1_punto2.c
warning: 136	1505	Suspicious pointer conversion	Parcial1_punto2.c
warning: 147	1505	Suspicious pointer conversion	Parcial1_punto2.c
diagnostics: 161	123	Compiled Successfully	Parcial1_punto2.c
hint: 28	1164	Variable 'U' has been eliminated by optimizer	Parcial1_punto2.c
hint: 85	1164	Variable 'interruptor' has been eliminated by optimizer	Parcial1_punto2.c
diagnostics: 0	127	All files Compiled in 156 ms	 
hint: 0	1144	Used RAM (bytes): 54 (15%)  Free RAM (bytes): 314 (85%)	Used RAM (bytes): 54 (15%)  Free RAM (bytes): 314 (85%)
hint: 0	1144	Used ROM (program words): 1881 (46%)  Free ROM (program words): 2215 (54%)	Used ROM (program words): 1881 (46%)  Free ROM (program words): 2215 (54%)
diagnostics: 0	125	Project Linked Successfully	Parcial1_punto2.mcppi
diagnostics: 0	128	Linked in 32 ms	 
diagnostics: 0	129	Project 'Parcial1_punto2.mcppi' completed: 344 ms	 
diagnostics: 0	103	Finished successfully: 14 may. 2022, 18:06:46	Parcial1_punto2.mcppi
