#! /c/Source/iverilog-install/bin/vvp
:ivl_version "12.0 (devel)" "(s20150603-1110-g18392a46)";
:ivl_delay_selection "TYPICAL";
:vpi_time_precision - 11;
:vpi_module "C:\iverilog\lib\ivl\system.vpi";
:vpi_module "C:\iverilog\lib\ivl\vhdl_sys.vpi";
:vpi_module "C:\iverilog\lib\ivl\vhdl_textio.vpi";
:vpi_module "C:\iverilog\lib\ivl\v2005_math.vpi";
:vpi_module "C:\iverilog\lib\ivl\va_math.vpi";
S_0000018eb449a470 .scope module, "ES1_tb" "ES1_tb" 2 2;
 .timescale -9 -11;
v0000018eb437e0c0_0 .var "A", 2 0;
v0000018eb437e7a0_0 .var "B", 2 0;
v0000018eb437eac0_0 .net "F", 3 0, L_0000018eb43e2fe0;  1 drivers
v0000018eb437e840_0 .var "s0", 0 0;
v0000018eb437e8e0_0 .var "s1", 0 0;
S_0000018eb434ccc0 .scope module, "U0" "ES1" 2 9, 3 1 0, S_0000018eb449a470;
 .timescale 0 0;
    .port_info 0 /INPUT 3 "A";
    .port_info 1 /INPUT 3 "B";
    .port_info 2 /INPUT 1 "s0";
    .port_info 3 /INPUT 1 "s1";
    .port_info 4 /OUTPUT 4 "F";
v0000018eb437de40_0 .net "A", 2 0, v0000018eb437e0c0_0;  1 drivers
v0000018eb437d300_0 .net "B", 2 0, v0000018eb437e7a0_0;  1 drivers
v0000018eb437d6c0_0 .net "F", 3 0, L_0000018eb43e2fe0;  alias, 1 drivers
v0000018eb437f060_0 .net "s0", 0 0, v0000018eb437e840_0;  1 drivers
v0000018eb437ee80_0 .net "s1", 0 0, v0000018eb437e8e0_0;  1 drivers
v0000018eb437d1c0_0 .net "w1", 2 0, L_0000018eb43e1b40;  1 drivers
v0000018eb437e020_0 .net "w2", 3 0, L_0000018eb43e2ea0;  1 drivers
S_0000018eb434ce50 .scope module, "U1" "sum" 3 10, 4 1 0, S_0000018eb434ccc0;
 .timescale -9 -11;
    .port_info 0 /INPUT 3 "A";
    .port_info 1 /INPUT 3 "B";
    .port_info 2 /OUTPUT 4 "F";
v0000018eb437da80_0 .net "A", 2 0, v0000018eb437e0c0_0;  alias, 1 drivers
v0000018eb437d8a0_0 .net "B", 2 0, v0000018eb437e7a0_0;  alias, 1 drivers
v0000018eb437d3a0_0 .net "F", 3 0, L_0000018eb43e2ea0;  alias, 1 drivers
v0000018eb437df80_0 .net *"_ivl_0", 3 0, L_0000018eb43e2d60;  1 drivers
L_0000018eb44a0088 .functor BUFT 1, C4<0>, C4<0>, C4<0>, C4<0>;
v0000018eb437dee0_0 .net *"_ivl_3", 0 0, L_0000018eb44a0088;  1 drivers
v0000018eb437db20_0 .net *"_ivl_4", 3 0, L_0000018eb43e2e00;  1 drivers
L_0000018eb44a00d0 .functor BUFT 1, C4<0>, C4<0>, C4<0>, C4<0>;
v0000018eb437e480_0 .net *"_ivl_7", 0 0, L_0000018eb44a00d0;  1 drivers
L_0000018eb43e2d60 .concat [ 3 1 0 0], v0000018eb437e0c0_0, L_0000018eb44a0088;
L_0000018eb43e2e00 .concat [ 3 1 0 0], v0000018eb437e7a0_0, L_0000018eb44a00d0;
L_0000018eb43e2ea0 .arith/sum 4, L_0000018eb43e2d60, L_0000018eb43e2e00;
S_0000018eb434c0f0 .scope module, "U2" "mux1" 3 16, 5 1 0, S_0000018eb434ccc0;
 .timescale -9 -11;
    .port_info 0 /INPUT 3 "A";
    .port_info 1 /INPUT 3 "B";
    .port_info 2 /INPUT 1 "s";
    .port_info 3 /OUTPUT 3 "F";
v0000018eb437e520_0 .net "A", 2 0, v0000018eb437e0c0_0;  alias, 1 drivers
v0000018eb437dda0_0 .net "B", 2 0, v0000018eb437e7a0_0;  alias, 1 drivers
v0000018eb437d260_0 .net "F", 2 0, L_0000018eb43e1b40;  alias, 1 drivers
v0000018eb437e700_0 .net "s", 0 0, v0000018eb437e840_0;  alias, 1 drivers
L_0000018eb43e1b40 .functor MUXZ 3, v0000018eb437e0c0_0, v0000018eb437e7a0_0, v0000018eb437e840_0, C4<>;
S_0000018eb4343b90 .scope module, "U3" "mux2" 3 23, 6 1 0, S_0000018eb434ccc0;
 .timescale -9 -11;
    .port_info 0 /INPUT 3 "A";
    .port_info 1 /INPUT 4 "B";
    .port_info 2 /INPUT 1 "s";
    .port_info 3 /OUTPUT 4 "F";
v0000018eb437e5c0_0 .net "A", 2 0, L_0000018eb43e1b40;  alias, 1 drivers
v0000018eb437efc0_0 .net "B", 3 0, L_0000018eb43e2ea0;  alias, 1 drivers
v0000018eb437eca0_0 .net "F", 3 0, L_0000018eb43e2fe0;  alias, 1 drivers
v0000018eb437d440_0 .net *"_ivl_0", 3 0, L_0000018eb43e2f40;  1 drivers
L_0000018eb44a0118 .functor BUFT 1, C4<0>, C4<0>, C4<0>, C4<0>;
v0000018eb437d940_0 .net *"_ivl_3", 0 0, L_0000018eb44a0118;  1 drivers
v0000018eb437ed40_0 .net "s", 0 0, v0000018eb437e8e0_0;  alias, 1 drivers
L_0000018eb43e2f40 .concat [ 3 1 0 0], L_0000018eb43e1b40, L_0000018eb44a0118;
L_0000018eb43e2fe0 .functor MUXZ 4, L_0000018eb43e2f40, L_0000018eb43e2ea0, v0000018eb437e8e0_0, C4<>;
S_0000018eb434cb30 .scope module, "display" "display" 7 1;
 .timescale 0 0;
    .port_info 0 /INPUT 1 "A";
    .port_info 1 /INPUT 1 "B";
    .port_info 2 /INPUT 1 "C";
    .port_info 3 /INPUT 1 "D";
    .port_info 4 /OUTPUT 1 "a";
    .port_info 5 /OUTPUT 1 "b";
    .port_info 6 /OUTPUT 1 "c";
    .port_info 7 /OUTPUT 1 "d";
    .port_info 8 /OUTPUT 1 "e";
    .port_info 9 /OUTPUT 1 "f";
    .port_info 10 /OUTPUT 1 "g";
o0000018eb4383f18 .functor BUFZ 1, C4<z>; HiZ drive
L_0000018eb437bd70 .functor NOT 1, o0000018eb4383f18, C4<0>, C4<0>, C4<0>;
o0000018eb4383f48 .functor BUFZ 1, C4<z>; HiZ drive
L_0000018eb437b520 .functor NOT 1, o0000018eb4383f48, C4<0>, C4<0>, C4<0>;
L_0000018eb437b750 .functor AND 1, L_0000018eb437bd70, L_0000018eb437b520, C4<1>, C4<1>;
o0000018eb4383f78 .functor BUFZ 1, C4<z>; HiZ drive
L_0000018eb437b600 .functor NOT 1, o0000018eb4383f78, C4<0>, C4<0>, C4<0>;
L_0000018eb437b7c0 .functor AND 1, L_0000018eb437b750, L_0000018eb437b600, C4<1>, C4<1>;
o0000018eb4383fa8 .functor BUFZ 1, C4<z>; HiZ drive
L_0000018eb437b980 .functor AND 1, L_0000018eb437b7c0, o0000018eb4383fa8, C4<1>, C4<1>;
L_0000018eb437bde0 .functor NOT 1, o0000018eb4383f18, C4<0>, C4<0>, C4<0>;
L_0000018eb437be50 .functor AND 1, L_0000018eb437bde0, o0000018eb4383f48, C4<1>, C4<1>;
L_0000018eb437bf30 .functor NOT 1, o0000018eb4383f78, C4<0>, C4<0>, C4<0>;
L_0000018eb44e8770 .functor AND 1, L_0000018eb437be50, L_0000018eb437bf30, C4<1>, C4<1>;
L_0000018eb44e8af0 .functor NOT 1, o0000018eb4383fa8, C4<0>, C4<0>, C4<0>;
L_0000018eb44e8e70 .functor AND 1, L_0000018eb44e8770, L_0000018eb44e8af0, C4<1>, C4<1>;
L_0000018eb44e8fc0 .functor OR 1, L_0000018eb437b980, L_0000018eb44e8e70, C4<0>, C4<0>;
L_0000018eb44e8f50 .functor NOT 1, o0000018eb4383f18, C4<0>, C4<0>, C4<0>;
L_0000018eb44e8b60 .functor AND 1, L_0000018eb44e8f50, o0000018eb4383f48, C4<1>, C4<1>;
L_0000018eb44e80e0 .functor AND 1, L_0000018eb44e8b60, o0000018eb4383f78, C4<1>, C4<1>;
L_0000018eb44e83f0 .functor NOT 1, o0000018eb4383fa8, C4<0>, C4<0>, C4<0>;
L_0000018eb44e8bd0 .functor AND 1, L_0000018eb44e80e0, L_0000018eb44e83f0, C4<1>, C4<1>;
L_0000018eb44e8460 .functor OR 1, L_0000018eb44e8fc0, L_0000018eb44e8bd0, C4<0>, C4<0>;
L_0000018eb44e8ee0 .functor NOT 1, o0000018eb4383f48, C4<0>, C4<0>, C4<0>;
L_0000018eb44e8d20 .functor AND 1, o0000018eb4383f18, L_0000018eb44e8ee0, C4<1>, C4<1>;
L_0000018eb44e8150 .functor AND 1, L_0000018eb44e8d20, o0000018eb4383f78, C4<1>, C4<1>;
L_0000018eb44e84d0 .functor NOT 1, o0000018eb4383fa8, C4<0>, C4<0>, C4<0>;
L_0000018eb44e85b0 .functor AND 1, L_0000018eb44e8150, L_0000018eb44e84d0, C4<1>, C4<1>;
L_0000018eb44e87e0 .functor OR 1, L_0000018eb44e8460, L_0000018eb44e85b0, C4<0>, C4<0>;
L_0000018eb44e8850 .functor NOT 1, o0000018eb4383f48, C4<0>, C4<0>, C4<0>;
L_0000018eb44e8620 .functor AND 1, o0000018eb4383f18, L_0000018eb44e8850, C4<1>, C4<1>;
L_0000018eb44e88c0 .functor AND 1, L_0000018eb44e8620, o0000018eb4383f78, C4<1>, C4<1>;
L_0000018eb44e8e00 .functor AND 1, L_0000018eb44e88c0, o0000018eb4383fa8, C4<1>, C4<1>;
L_0000018eb44e81c0 .functor OR 1, L_0000018eb44e87e0, L_0000018eb44e8e00, C4<0>, C4<0>;
L_0000018eb44e8930 .functor AND 1, o0000018eb4383f18, o0000018eb4383f48, C4<1>, C4<1>;
L_0000018eb44e8c40 .functor NOT 1, o0000018eb4383f78, C4<0>, C4<0>, C4<0>;
L_0000018eb44e8540 .functor AND 1, L_0000018eb44e8930, L_0000018eb44e8c40, C4<1>, C4<1>;
L_0000018eb44e8230 .functor NOT 1, o0000018eb4383fa8, C4<0>, C4<0>, C4<0>;
L_0000018eb44e82a0 .functor AND 1, L_0000018eb44e8540, L_0000018eb44e8230, C4<1>, C4<1>;
L_0000018eb44e89a0 .functor OR 1, L_0000018eb44e81c0, L_0000018eb44e82a0, C4<0>, C4<0>;
L_0000018eb44e8310 .functor AND 1, o0000018eb4383f18, o0000018eb4383f48, C4<1>, C4<1>;
L_0000018eb44e8690 .functor AND 1, L_0000018eb44e8310, o0000018eb4383f78, C4<1>, C4<1>;
L_0000018eb44e8380 .functor NOT 1, o0000018eb4383fa8, C4<0>, C4<0>, C4<0>;
L_0000018eb44e8700 .functor AND 1, L_0000018eb44e8690, L_0000018eb44e8380, C4<1>, C4<1>;
L_0000018eb44e8cb0 .functor OR 1, L_0000018eb44e89a0, L_0000018eb44e8700, C4<0>, C4<0>;
L_0000018eb44e8d90 .functor AND 1, o0000018eb4383f18, o0000018eb4383f48, C4<1>, C4<1>;
L_0000018eb44e8a10 .functor AND 1, L_0000018eb44e8d90, o0000018eb4383f78, C4<1>, C4<1>;
L_0000018eb44e8a80 .functor AND 1, L_0000018eb44e8a10, o0000018eb4383fa8, C4<1>, C4<1>;
L_0000018eb43e9180 .functor OR 1, L_0000018eb44e8cb0, L_0000018eb44e8a80, C4<0>, C4<0>;
L_0000018eb43e8c40 .functor NOT 1, o0000018eb4383f18, C4<0>, C4<0>, C4<0>;
L_0000018eb43e8e70 .functor AND 1, L_0000018eb43e8c40, o0000018eb4383f48, C4<1>, C4<1>;
L_0000018eb43e8fc0 .functor NOT 1, o0000018eb4383f78, C4<0>, C4<0>, C4<0>;
L_0000018eb43e98f0 .functor AND 1, L_0000018eb43e8e70, L_0000018eb43e8fc0, C4<1>, C4<1>;
L_0000018eb43e8e00 .functor AND 1, L_0000018eb43e98f0, o0000018eb4383fa8, C4<1>, C4<1>;
L_0000018eb43e99d0 .functor NOT 1, o0000018eb4383f18, C4<0>, C4<0>, C4<0>;
L_0000018eb43e8ee0 .functor AND 1, L_0000018eb43e99d0, o0000018eb4383f48, C4<1>, C4<1>;
L_0000018eb43e8f50 .functor AND 1, L_0000018eb43e8ee0, o0000018eb4383f78, C4<1>, C4<1>;
L_0000018eb43e8cb0 .functor NOT 1, o0000018eb4383fa8, C4<0>, C4<0>, C4<0>;
L_0000018eb43e9570 .functor AND 1, L_0000018eb43e8f50, L_0000018eb43e8cb0, C4<1>, C4<1>;
L_0000018eb43e9960 .functor OR 1, L_0000018eb43e8e00, L_0000018eb43e9570, C4<0>, C4<0>;
L_0000018eb43e9500 .functor NOT 1, o0000018eb4383f48, C4<0>, C4<0>, C4<0>;
L_0000018eb43e9110 .functor AND 1, o0000018eb4383f18, L_0000018eb43e9500, C4<1>, C4<1>;
L_0000018eb43e9880 .functor AND 1, L_0000018eb43e9110, o0000018eb4383f78, C4<1>, C4<1>;
L_0000018eb43e9030 .functor NOT 1, o0000018eb4383fa8, C4<0>, C4<0>, C4<0>;
L_0000018eb43e90a0 .functor AND 1, L_0000018eb43e9880, L_0000018eb43e9030, C4<1>, C4<1>;
L_0000018eb43e9a40 .functor OR 1, L_0000018eb43e9960, L_0000018eb43e90a0, C4<0>, C4<0>;
L_0000018eb43e9260 .functor AND 1, o0000018eb4383f18, o0000018eb4383f48, C4<1>, C4<1>;
L_0000018eb43e95e0 .functor NOT 1, o0000018eb4383f78, C4<0>, C4<0>, C4<0>;
L_0000018eb43e8b60 .functor AND 1, L_0000018eb43e9260, L_0000018eb43e95e0, C4<1>, C4<1>;
L_0000018eb43e91f0 .functor AND 1, L_0000018eb43e8b60, o0000018eb4383fa8, C4<1>, C4<1>;
L_0000018eb43e8d20 .functor OR 1, L_0000018eb43e9a40, L_0000018eb43e91f0, C4<0>, C4<0>;
L_0000018eb43e92d0 .functor NOT 1, o0000018eb4383f48, C4<0>, C4<0>, C4<0>;
L_0000018eb43e9340 .functor AND 1, o0000018eb4383f18, L_0000018eb43e92d0, C4<1>, C4<1>;
L_0000018eb43e9810 .functor AND 1, L_0000018eb43e9340, o0000018eb4383f78, C4<1>, C4<1>;
L_0000018eb43e8bd0 .functor AND 1, L_0000018eb43e9810, o0000018eb4383fa8, C4<1>, C4<1>;
L_0000018eb43e9730 .functor OR 1, L_0000018eb43e8d20, L_0000018eb43e8bd0, C4<0>, C4<0>;
L_0000018eb43e93b0 .functor AND 1, o0000018eb4383f18, o0000018eb4383f48, C4<1>, C4<1>;
L_0000018eb43e9420 .functor AND 1, L_0000018eb43e93b0, o0000018eb4383f78, C4<1>, C4<1>;
L_0000018eb43e8d90 .functor AND 1, L_0000018eb43e9420, o0000018eb4383fa8, C4<1>, C4<1>;
L_0000018eb43e9490 .functor OR 1, L_0000018eb43e9730, L_0000018eb43e8d90, C4<0>, C4<0>;
L_0000018eb43e9650 .functor AND 1, o0000018eb4383f18, o0000018eb4383f48, C4<1>, C4<1>;
L_0000018eb43e96c0 .functor AND 1, L_0000018eb43e9650, o0000018eb4383f78, C4<1>, C4<1>;
L_0000018eb43e97a0 .functor NOT 1, o0000018eb4383fa8, C4<0>, C4<0>, C4<0>;
L_0000018eb43e9da0 .functor AND 1, L_0000018eb43e96c0, L_0000018eb43e97a0, C4<1>, C4<1>;
L_0000018eb43ea7b0 .functor OR 1, L_0000018eb43e9490, L_0000018eb43e9da0, C4<0>, C4<0>;
L_0000018eb43ea970 .functor NOT 1, o0000018eb4383f18, C4<0>, C4<0>, C4<0>;
L_0000018eb43ea820 .functor NOT 1, o0000018eb4383f48, C4<0>, C4<0>, C4<0>;
L_0000018eb43e9c50 .functor AND 1, L_0000018eb43ea970, L_0000018eb43ea820, C4<1>, C4<1>;
L_0000018eb43ea6d0 .functor AND 1, L_0000018eb43e9c50, o0000018eb4383f78, C4<1>, C4<1>;
L_0000018eb43e9d30 .functor NOT 1, o0000018eb4383fa8, C4<0>, C4<0>, C4<0>;
L_0000018eb43ea120 .functor AND 1, L_0000018eb43ea6d0, L_0000018eb43e9d30, C4<1>, C4<1>;
L_0000018eb43ea900 .functor NOT 1, o0000018eb4383f48, C4<0>, C4<0>, C4<0>;
L_0000018eb43e9fd0 .functor AND 1, o0000018eb4383f18, L_0000018eb43ea900, C4<1>, C4<1>;
L_0000018eb43ea3c0 .functor AND 1, L_0000018eb43e9fd0, o0000018eb4383f78, C4<1>, C4<1>;
L_0000018eb43e9e10 .functor NOT 1, o0000018eb4383fa8, C4<0>, C4<0>, C4<0>;
L_0000018eb43ea5f0 .functor AND 1, L_0000018eb43ea3c0, L_0000018eb43e9e10, C4<1>, C4<1>;
L_0000018eb43ea890 .functor OR 1, L_0000018eb43ea120, L_0000018eb43ea5f0, C4<0>, C4<0>;
L_0000018eb43ea660 .functor AND 1, o0000018eb4383f18, o0000018eb4383f48, C4<1>, C4<1>;
L_0000018eb43e9b70 .functor NOT 1, o0000018eb4383f78, C4<0>, C4<0>, C4<0>;
L_0000018eb43e9be0 .functor AND 1, L_0000018eb43ea660, L_0000018eb43e9b70, C4<1>, C4<1>;
L_0000018eb43e9cc0 .functor NOT 1, o0000018eb4383fa8, C4<0>, C4<0>, C4<0>;
L_0000018eb43e9e80 .functor AND 1, L_0000018eb43e9be0, L_0000018eb43e9cc0, C4<1>, C4<1>;
L_0000018eb43e9ef0 .functor OR 1, L_0000018eb43ea890, L_0000018eb43e9e80, C4<0>, C4<0>;
L_0000018eb43e9f60 .functor AND 1, o0000018eb4383f18, o0000018eb4383f48, C4<1>, C4<1>;
L_0000018eb43ea190 .functor NOT 1, o0000018eb4383f78, C4<0>, C4<0>, C4<0>;
L_0000018eb43ea430 .functor AND 1, L_0000018eb43e9f60, L_0000018eb43ea190, C4<1>, C4<1>;
L_0000018eb43ea740 .functor AND 1, L_0000018eb43ea430, o0000018eb4383fa8, C4<1>, C4<1>;
L_0000018eb43ea9e0 .functor OR 1, L_0000018eb43e9ef0, L_0000018eb43ea740, C4<0>, C4<0>;
L_0000018eb43ea040 .functor AND 1, o0000018eb4383f18, o0000018eb4383f48, C4<1>, C4<1>;
L_0000018eb43ea0b0 .functor AND 1, L_0000018eb43ea040, o0000018eb4383f78, C4<1>, C4<1>;
L_0000018eb43ea200 .functor NOT 1, o0000018eb4383fa8, C4<0>, C4<0>, C4<0>;
L_0000018eb43eaa50 .functor AND 1, L_0000018eb43ea0b0, L_0000018eb43ea200, C4<1>, C4<1>;
L_0000018eb43ea270 .functor OR 1, L_0000018eb43ea9e0, L_0000018eb43eaa50, C4<0>, C4<0>;
L_0000018eb43ea2e0 .functor AND 1, o0000018eb4383f18, o0000018eb4383f48, C4<1>, C4<1>;
L_0000018eb43ea350 .functor AND 1, L_0000018eb43ea2e0, o0000018eb4383f78, C4<1>, C4<1>;
L_0000018eb43ea4a0 .functor AND 1, L_0000018eb43ea350, o0000018eb4383fa8, C4<1>, C4<1>;
L_0000018eb43ea510 .functor OR 1, L_0000018eb43ea270, L_0000018eb43ea4a0, C4<0>, C4<0>;
L_0000018eb43ea580 .functor NOT 1, o0000018eb4383f18, C4<0>, C4<0>, C4<0>;
L_0000018eb43ebc90 .functor NOT 1, o0000018eb4383f48, C4<0>, C4<0>, C4<0>;
L_0000018eb43eb600 .functor AND 1, L_0000018eb43ea580, L_0000018eb43ebc90, C4<1>, C4<1>;
L_0000018eb43ebec0 .functor NOT 1, o0000018eb4383f78, C4<0>, C4<0>, C4<0>;
L_0000018eb43ebad0 .functor AND 1, L_0000018eb43eb600, L_0000018eb43ebec0, C4<1>, C4<1>;
L_0000018eb43ec6a0 .functor AND 1, L_0000018eb43ebad0, o0000018eb4383fa8, C4<1>, C4<1>;
L_0000018eb43eb0c0 .functor NOT 1, o0000018eb4383f18, C4<0>, C4<0>, C4<0>;
L_0000018eb43ebd70 .functor AND 1, L_0000018eb43eb0c0, o0000018eb4383f48, C4<1>, C4<1>;
L_0000018eb43eac60 .functor NOT 1, o0000018eb4383f78, C4<0>, C4<0>, C4<0>;
L_0000018eb43ebf30 .functor AND 1, L_0000018eb43ebd70, L_0000018eb43eac60, C4<1>, C4<1>;
L_0000018eb43eb440 .functor NOT 1, o0000018eb4383fa8, C4<0>, C4<0>, C4<0>;
L_0000018eb43ec160 .functor AND 1, L_0000018eb43ebf30, L_0000018eb43eb440, C4<1>, C4<1>;
L_0000018eb43ec630 .functor OR 1, L_0000018eb43ec6a0, L_0000018eb43ec160, C4<0>, C4<0>;
L_0000018eb43eb670 .functor NOT 1, o0000018eb4383f18, C4<0>, C4<0>, C4<0>;
L_0000018eb43eb210 .functor AND 1, L_0000018eb43eb670, o0000018eb4383f48, C4<1>, C4<1>;
L_0000018eb43eb6e0 .functor AND 1, L_0000018eb43eb210, o0000018eb4383f78, C4<1>, C4<1>;
L_0000018eb43eb130 .functor AND 1, L_0000018eb43eb6e0, o0000018eb4383fa8, C4<1>, C4<1>;
L_0000018eb43eb280 .functor OR 1, L_0000018eb43ec630, L_0000018eb43eb130, C4<0>, C4<0>;
L_0000018eb43ebfa0 .functor NOT 1, o0000018eb4383f48, C4<0>, C4<0>, C4<0>;
L_0000018eb43eb750 .functor AND 1, o0000018eb4383f18, L_0000018eb43ebfa0, C4<1>, C4<1>;
L_0000018eb43eb7c0 .functor NOT 1, o0000018eb4383f78, C4<0>, C4<0>, C4<0>;
L_0000018eb43eb360 .functor AND 1, L_0000018eb43eb750, L_0000018eb43eb7c0, C4<1>, C4<1>;
L_0000018eb43ec0f0 .functor AND 1, L_0000018eb43eb360, o0000018eb4383fa8, C4<1>, C4<1>;
L_0000018eb43eb830 .functor OR 1, L_0000018eb43eb280, L_0000018eb43ec0f0, C4<0>, C4<0>;
L_0000018eb43eae90 .functor AND 1, o0000018eb4383f18, o0000018eb4383f48, C4<1>, C4<1>;
L_0000018eb43eb3d0 .functor NOT 1, o0000018eb4383f78, C4<0>, C4<0>, C4<0>;
L_0000018eb43eb1a0 .functor AND 1, L_0000018eb43eae90, L_0000018eb43eb3d0, C4<1>, C4<1>;
L_0000018eb43eb4b0 .functor NOT 1, o0000018eb4383fa8, C4<0>, C4<0>, C4<0>;
L_0000018eb43ec320 .functor AND 1, L_0000018eb43eb1a0, L_0000018eb43eb4b0, C4<1>, C4<1>;
L_0000018eb43ec010 .functor OR 1, L_0000018eb43eb830, L_0000018eb43ec320, C4<0>, C4<0>;
L_0000018eb43eb8a0 .functor AND 1, o0000018eb4383f18, o0000018eb4383f48, C4<1>, C4<1>;
L_0000018eb43ec710 .functor AND 1, L_0000018eb43eb8a0, o0000018eb4383f78, C4<1>, C4<1>;
L_0000018eb43eab80 .functor AND 1, L_0000018eb43ec710, o0000018eb4383fa8, C4<1>, C4<1>;
L_0000018eb43eaf70 .functor OR 1, L_0000018eb43ec010, L_0000018eb43eab80, C4<0>, C4<0>;
L_0000018eb43ec1d0 .functor OR 1, o0000018eb4383f18, o0000018eb4383f48, C4<0>, C4<0>;
L_0000018eb43ec240 .functor OR 1, L_0000018eb43ec1d0, o0000018eb4383f78, C4<0>, C4<0>;
L_0000018eb43eadb0 .functor OR 1, L_0000018eb43ec240, o0000018eb4383fa8, C4<0>, C4<0>;
L_0000018eb43ead40 .functor OR 1, o0000018eb4383f18, o0000018eb4383f48, C4<0>, C4<0>;
L_0000018eb43ebbb0 .functor NOT 1, o0000018eb4383f78, C4<0>, C4<0>, C4<0>;
L_0000018eb43ebde0 .functor OR 1, L_0000018eb43ead40, L_0000018eb43ebbb0, C4<0>, C4<0>;
L_0000018eb43eb520 .functor OR 1, L_0000018eb43ebde0, o0000018eb4383fa8, C4<0>, C4<0>;
L_0000018eb43eb910 .functor AND 1, L_0000018eb43eadb0, L_0000018eb43eb520, C4<1>, C4<1>;
L_0000018eb43eb590 .functor NOT 1, o0000018eb4383f48, C4<0>, C4<0>, C4<0>;
L_0000018eb43ec470 .functor OR 1, o0000018eb4383f18, L_0000018eb43eb590, C4<0>, C4<0>;
L_0000018eb43eafe0 .functor NOT 1, o0000018eb4383f78, C4<0>, C4<0>, C4<0>;
L_0000018eb43eb9f0 .functor OR 1, L_0000018eb43ec470, L_0000018eb43eafe0, C4<0>, C4<0>;
L_0000018eb43eb050 .functor OR 1, L_0000018eb43eb9f0, o0000018eb4383fa8, C4<0>, C4<0>;
L_0000018eb43eb2f0 .functor AND 1, L_0000018eb43eb910, L_0000018eb43eb050, C4<1>, C4<1>;
L_0000018eb43eabf0 .functor NOT 1, o0000018eb4383f18, C4<0>, C4<0>, C4<0>;
L_0000018eb43eacd0 .functor OR 1, L_0000018eb43eabf0, o0000018eb4383f48, C4<0>, C4<0>;
L_0000018eb43ec550 .functor OR 1, L_0000018eb43eacd0, o0000018eb4383f78, C4<0>, C4<0>;
L_0000018eb43ec5c0 .functor OR 1, L_0000018eb43ec550, o0000018eb4383fa8, C4<0>, C4<0>;
L_0000018eb43eb980 .functor AND 1, L_0000018eb43eb2f0, L_0000018eb43ec5c0, C4<1>, C4<1>;
L_0000018eb43ec390 .functor NOT 1, o0000018eb4383f18, C4<0>, C4<0>, C4<0>;
L_0000018eb43eba60 .functor OR 1, L_0000018eb43ec390, o0000018eb4383f48, C4<0>, C4<0>;
L_0000018eb43ebb40 .functor NOT 1, o0000018eb4383f78, C4<0>, C4<0>, C4<0>;
L_0000018eb43ebc20 .functor OR 1, L_0000018eb43eba60, L_0000018eb43ebb40, C4<0>, C4<0>;
L_0000018eb43ebd00 .functor OR 1, L_0000018eb43ebc20, o0000018eb4383fa8, C4<0>, C4<0>;
L_0000018eb43ebe50 .functor AND 1, L_0000018eb43eb980, L_0000018eb43ebd00, C4<1>, C4<1>;
L_0000018eb43eae20 .functor NOT 1, o0000018eb4383f18, C4<0>, C4<0>, C4<0>;
L_0000018eb43ec080 .functor NOT 1, o0000018eb4383f48, C4<0>, C4<0>, C4<0>;
L_0000018eb43ec2b0 .functor OR 1, L_0000018eb43eae20, L_0000018eb43ec080, C4<0>, C4<0>;
L_0000018eb43eaf00 .functor NOT 1, o0000018eb4383f78, C4<0>, C4<0>, C4<0>;
L_0000018eb43ec400 .functor OR 1, L_0000018eb43ec2b0, L_0000018eb43eaf00, C4<0>, C4<0>;
L_0000018eb43ec4e0 .functor OR 1, L_0000018eb43ec400, o0000018eb4383fa8, C4<0>, C4<0>;
L_0000018eb43ec860 .functor AND 1, L_0000018eb43ebe50, L_0000018eb43ec4e0, C4<1>, C4<1>;
L_0000018eb43eca90 .functor NOT 1, o0000018eb4383f18, C4<0>, C4<0>, C4<0>;
L_0000018eb43ec7f0 .functor NOT 1, o0000018eb4383f48, C4<0>, C4<0>, C4<0>;
L_0000018eb43ec940 .functor AND 1, L_0000018eb43eca90, L_0000018eb43ec7f0, C4<1>, C4<1>;
L_0000018eb43ec8d0 .functor NOT 1, o0000018eb4383f78, C4<0>, C4<0>, C4<0>;
L_0000018eb43ec9b0 .functor AND 1, L_0000018eb43ec940, L_0000018eb43ec8d0, C4<1>, C4<1>;
L_0000018eb43eca20 .functor AND 1, L_0000018eb43ec9b0, o0000018eb4383fa8, C4<1>, C4<1>;
L_0000018eb43ec780 .functor NOT 1, o0000018eb4383f18, C4<0>, C4<0>, C4<0>;
L_0000018eb44ee5a0 .functor NOT 1, o0000018eb4383f48, C4<0>, C4<0>, C4<0>;
L_0000018eb44ee4c0 .functor AND 1, L_0000018eb43ec780, L_0000018eb44ee5a0, C4<1>, C4<1>;
L_0000018eb44eeca0 .functor AND 1, L_0000018eb44ee4c0, o0000018eb4383f78, C4<1>, C4<1>;
L_0000018eb44eebc0 .functor NOT 1, o0000018eb4383fa8, C4<0>, C4<0>, C4<0>;
L_0000018eb44ef8e0 .functor AND 1, L_0000018eb44eeca0, L_0000018eb44eebc0, C4<1>, C4<1>;
L_0000018eb44efdb0 .functor OR 1, L_0000018eb43eca20, L_0000018eb44ef8e0, C4<0>, C4<0>;
L_0000018eb44ef9c0 .functor NOT 1, o0000018eb4383f18, C4<0>, C4<0>, C4<0>;
L_0000018eb44eec30 .functor NOT 1, o0000018eb4383f48, C4<0>, C4<0>, C4<0>;
L_0000018eb44eefb0 .functor AND 1, L_0000018eb44ef9c0, L_0000018eb44eec30, C4<1>, C4<1>;
L_0000018eb44ee610 .functor AND 1, L_0000018eb44eefb0, o0000018eb4383f78, C4<1>, C4<1>;
L_0000018eb44eed10 .functor AND 1, L_0000018eb44ee610, o0000018eb4383fa8, C4<1>, C4<1>;
L_0000018eb44eee60 .functor OR 1, L_0000018eb44efdb0, L_0000018eb44eed10, C4<0>, C4<0>;
L_0000018eb44ef5d0 .functor NOT 1, o0000018eb4383f18, C4<0>, C4<0>, C4<0>;
L_0000018eb44ef950 .functor AND 1, L_0000018eb44ef5d0, o0000018eb4383f48, C4<1>, C4<1>;
L_0000018eb44ef250 .functor AND 1, L_0000018eb44ef950, o0000018eb4383f78, C4<1>, C4<1>;
L_0000018eb44eef40 .functor AND 1, L_0000018eb44ef250, o0000018eb4383fa8, C4<1>, C4<1>;
L_0000018eb44efa30 .functor OR 1, L_0000018eb44eee60, L_0000018eb44eef40, C4<0>, C4<0>;
L_0000018eb44eea70 .functor NOT 1, o0000018eb4383f48, C4<0>, C4<0>, C4<0>;
L_0000018eb44efc60 .functor AND 1, o0000018eb4383f18, L_0000018eb44eea70, C4<1>, C4<1>;
L_0000018eb44efaa0 .functor AND 1, L_0000018eb44efc60, o0000018eb4383f78, C4<1>, C4<1>;
L_0000018eb44ee760 .functor NOT 1, o0000018eb4383fa8, C4<0>, C4<0>, C4<0>;
L_0000018eb44ee530 .functor AND 1, L_0000018eb44efaa0, L_0000018eb44ee760, C4<1>, C4<1>;
L_0000018eb44ef330 .functor OR 1, L_0000018eb44efa30, L_0000018eb44ee530, C4<0>, C4<0>;
L_0000018eb44ef4f0 .functor NOT 1, o0000018eb4383f48, C4<0>, C4<0>, C4<0>;
L_0000018eb44ee6f0 .functor AND 1, o0000018eb4383f18, L_0000018eb44ef4f0, C4<1>, C4<1>;
L_0000018eb44ee680 .functor AND 1, L_0000018eb44ee6f0, o0000018eb4383f78, C4<1>, C4<1>;
L_0000018eb44efcd0 .functor AND 1, L_0000018eb44ee680, o0000018eb4383fa8, C4<1>, C4<1>;
L_0000018eb44ef170 .functor OR 1, L_0000018eb44ef330, L_0000018eb44efcd0, C4<0>, C4<0>;
L_0000018eb44ee840 .functor AND 1, o0000018eb4383f18, o0000018eb4383f48, C4<1>, C4<1>;
L_0000018eb44efb80 .functor AND 1, L_0000018eb44ee840, o0000018eb4383f78, C4<1>, C4<1>;
L_0000018eb44ef1e0 .functor AND 1, L_0000018eb44efb80, o0000018eb4383fa8, C4<1>, C4<1>;
L_0000018eb44ef410 .functor OR 1, L_0000018eb44ef170, L_0000018eb44ef1e0, C4<0>, C4<0>;
L_0000018eb44ef870 .functor NOT 1, o0000018eb4383f18, C4<0>, C4<0>, C4<0>;
L_0000018eb44ef640 .functor NOT 1, o0000018eb4383f48, C4<0>, C4<0>, C4<0>;
L_0000018eb44ef480 .functor AND 1, L_0000018eb44ef870, L_0000018eb44ef640, C4<1>, C4<1>;
L_0000018eb44ee3e0 .functor NOT 1, o0000018eb4383f78, C4<0>, C4<0>, C4<0>;
L_0000018eb44ef560 .functor AND 1, L_0000018eb44ef480, L_0000018eb44ee3e0, C4<1>, C4<1>;
L_0000018eb44ee450 .functor NOT 1, o0000018eb4383fa8, C4<0>, C4<0>, C4<0>;
L_0000018eb44efb10 .functor AND 1, L_0000018eb44ef560, L_0000018eb44ee450, C4<1>, C4<1>;
L_0000018eb44efbf0 .functor NOT 1, o0000018eb4383f18, C4<0>, C4<0>, C4<0>;
L_0000018eb44ee7d0 .functor NOT 1, o0000018eb4383f48, C4<0>, C4<0>, C4<0>;
L_0000018eb44ef2c0 .functor AND 1, L_0000018eb44efbf0, L_0000018eb44ee7d0, C4<1>, C4<1>;
L_0000018eb44ef020 .functor NOT 1, o0000018eb4383f78, C4<0>, C4<0>, C4<0>;
L_0000018eb44ef6b0 .functor AND 1, L_0000018eb44ef2c0, L_0000018eb44ef020, C4<1>, C4<1>;
L_0000018eb44efd40 .functor AND 1, L_0000018eb44ef6b0, o0000018eb4383fa8, C4<1>, C4<1>;
L_0000018eb44efe20 .functor OR 1, L_0000018eb44efb10, L_0000018eb44efd40, C4<0>, C4<0>;
L_0000018eb44efe90 .functor NOT 1, o0000018eb4383f18, C4<0>, C4<0>, C4<0>;
L_0000018eb44ef800 .functor AND 1, L_0000018eb44efe90, o0000018eb4383f48, C4<1>, C4<1>;
L_0000018eb44ee8b0 .functor AND 1, L_0000018eb44ef800, o0000018eb4383f78, C4<1>, C4<1>;
L_0000018eb44ef790 .functor AND 1, L_0000018eb44ee8b0, o0000018eb4383fa8, C4<1>, C4<1>;
L_0000018eb44ee300 .functor OR 1, L_0000018eb44efe20, L_0000018eb44ef790, C4<0>, C4<0>;
L_0000018eb44ee370 .functor AND 1, o0000018eb4383f18, o0000018eb4383f48, C4<1>, C4<1>;
L_0000018eb44ee920 .functor AND 1, L_0000018eb44ee370, o0000018eb4383f78, C4<1>, C4<1>;
L_0000018eb44ee990 .functor AND 1, L_0000018eb44ee920, o0000018eb4383fa8, C4<1>, C4<1>;
L_0000018eb44eed80 .functor OR 1, L_0000018eb44ee300, L_0000018eb44ee990, C4<0>, C4<0>;
v0000018eb437e980_0 .net "A", 0 0, o0000018eb4383f18;  0 drivers
v0000018eb437d4e0_0 .net "B", 0 0, o0000018eb4383f48;  0 drivers
v0000018eb437eb60_0 .net "C", 0 0, o0000018eb4383f78;  0 drivers
v0000018eb437ede0_0 .net "D", 0 0, o0000018eb4383fa8;  0 drivers
v0000018eb437ef20_0 .net *"_ivl_0", 0 0, L_0000018eb437bd70;  1 drivers
v0000018eb437d580_0 .net *"_ivl_10", 0 0, L_0000018eb437b980;  1 drivers
v0000018eb437d620_0 .net *"_ivl_100", 0 0, L_0000018eb43e99d0;  1 drivers
v0000018eb43db6e0_0 .net *"_ivl_102", 0 0, L_0000018eb43e8ee0;  1 drivers
v0000018eb43daba0_0 .net *"_ivl_104", 0 0, L_0000018eb43e8f50;  1 drivers
v0000018eb43dbb40_0 .net *"_ivl_106", 0 0, L_0000018eb43e8cb0;  1 drivers
v0000018eb43da560_0 .net *"_ivl_108", 0 0, L_0000018eb43e9570;  1 drivers
v0000018eb43dbd20_0 .net *"_ivl_110", 0 0, L_0000018eb43e9960;  1 drivers
v0000018eb43dbdc0_0 .net *"_ivl_112", 0 0, L_0000018eb43e9500;  1 drivers
v0000018eb43db000_0 .net *"_ivl_114", 0 0, L_0000018eb43e9110;  1 drivers
v0000018eb43db5a0_0 .net *"_ivl_116", 0 0, L_0000018eb43e9880;  1 drivers
v0000018eb43da6a0_0 .net *"_ivl_118", 0 0, L_0000018eb43e9030;  1 drivers
v0000018eb43da4c0_0 .net *"_ivl_12", 0 0, L_0000018eb437bde0;  1 drivers
v0000018eb43db820_0 .net *"_ivl_120", 0 0, L_0000018eb43e90a0;  1 drivers
v0000018eb43da2e0_0 .net *"_ivl_122", 0 0, L_0000018eb43e9a40;  1 drivers
v0000018eb43da880_0 .net *"_ivl_124", 0 0, L_0000018eb43e9260;  1 drivers
v0000018eb43db0a0_0 .net *"_ivl_126", 0 0, L_0000018eb43e95e0;  1 drivers
v0000018eb43dc180_0 .net *"_ivl_128", 0 0, L_0000018eb43e8b60;  1 drivers
v0000018eb43da740_0 .net *"_ivl_130", 0 0, L_0000018eb43e91f0;  1 drivers
v0000018eb43db8c0_0 .net *"_ivl_132", 0 0, L_0000018eb43e8d20;  1 drivers
v0000018eb43dc0e0_0 .net *"_ivl_134", 0 0, L_0000018eb43e92d0;  1 drivers
v0000018eb43dbbe0_0 .net *"_ivl_136", 0 0, L_0000018eb43e9340;  1 drivers
v0000018eb43da7e0_0 .net *"_ivl_138", 0 0, L_0000018eb43e9810;  1 drivers
v0000018eb43dc040_0 .net *"_ivl_14", 0 0, L_0000018eb437be50;  1 drivers
v0000018eb43dbe60_0 .net *"_ivl_140", 0 0, L_0000018eb43e8bd0;  1 drivers
v0000018eb43da600_0 .net *"_ivl_142", 0 0, L_0000018eb43e9730;  1 drivers
v0000018eb43db640_0 .net *"_ivl_144", 0 0, L_0000018eb43e93b0;  1 drivers
v0000018eb43dac40_0 .net *"_ivl_146", 0 0, L_0000018eb43e9420;  1 drivers
v0000018eb43da420_0 .net *"_ivl_148", 0 0, L_0000018eb43e8d90;  1 drivers
v0000018eb43db140_0 .net *"_ivl_150", 0 0, L_0000018eb43e9490;  1 drivers
v0000018eb43db1e0_0 .net *"_ivl_152", 0 0, L_0000018eb43e9650;  1 drivers
v0000018eb43db320_0 .net *"_ivl_154", 0 0, L_0000018eb43e96c0;  1 drivers
v0000018eb43db3c0_0 .net *"_ivl_156", 0 0, L_0000018eb43e97a0;  1 drivers
v0000018eb43db460_0 .net *"_ivl_158", 0 0, L_0000018eb43e9da0;  1 drivers
v0000018eb43da920_0 .net *"_ivl_16", 0 0, L_0000018eb437bf30;  1 drivers
v0000018eb43db500_0 .net *"_ivl_162", 0 0, L_0000018eb43ea970;  1 drivers
v0000018eb43db780_0 .net *"_ivl_164", 0 0, L_0000018eb43ea820;  1 drivers
v0000018eb43dbc80_0 .net *"_ivl_166", 0 0, L_0000018eb43e9c50;  1 drivers
v0000018eb43da9c0_0 .net *"_ivl_168", 0 0, L_0000018eb43ea6d0;  1 drivers
v0000018eb43db960_0 .net *"_ivl_170", 0 0, L_0000018eb43e9d30;  1 drivers
v0000018eb43dba00_0 .net *"_ivl_172", 0 0, L_0000018eb43ea120;  1 drivers
v0000018eb43dbaa0_0 .net *"_ivl_174", 0 0, L_0000018eb43ea900;  1 drivers
v0000018eb43da380_0 .net *"_ivl_176", 0 0, L_0000018eb43e9fd0;  1 drivers
v0000018eb43dbf00_0 .net *"_ivl_178", 0 0, L_0000018eb43ea3c0;  1 drivers
v0000018eb43daa60_0 .net *"_ivl_18", 0 0, L_0000018eb44e8770;  1 drivers
v0000018eb43dab00_0 .net *"_ivl_180", 0 0, L_0000018eb43e9e10;  1 drivers
v0000018eb43dace0_0 .net *"_ivl_182", 0 0, L_0000018eb43ea5f0;  1 drivers
v0000018eb43dad80_0 .net *"_ivl_184", 0 0, L_0000018eb43ea890;  1 drivers
v0000018eb43dbfa0_0 .net *"_ivl_186", 0 0, L_0000018eb43ea660;  1 drivers
v0000018eb43dae20_0 .net *"_ivl_188", 0 0, L_0000018eb43e9b70;  1 drivers
v0000018eb43daec0_0 .net *"_ivl_190", 0 0, L_0000018eb43e9be0;  1 drivers
v0000018eb43daf60_0 .net *"_ivl_192", 0 0, L_0000018eb43e9cc0;  1 drivers
v0000018eb43db280_0 .net *"_ivl_194", 0 0, L_0000018eb43e9e80;  1 drivers
v0000018eb43de190_0 .net *"_ivl_196", 0 0, L_0000018eb43e9ef0;  1 drivers
v0000018eb43dde70_0 .net *"_ivl_198", 0 0, L_0000018eb43e9f60;  1 drivers
v0000018eb43dc930_0 .net *"_ivl_2", 0 0, L_0000018eb437b520;  1 drivers
v0000018eb43de0f0_0 .net *"_ivl_20", 0 0, L_0000018eb44e8af0;  1 drivers
v0000018eb43ddc90_0 .net *"_ivl_200", 0 0, L_0000018eb43ea190;  1 drivers
v0000018eb43dda10_0 .net *"_ivl_202", 0 0, L_0000018eb43ea430;  1 drivers
v0000018eb43dc570_0 .net *"_ivl_204", 0 0, L_0000018eb43ea740;  1 drivers
v0000018eb43dca70_0 .net *"_ivl_206", 0 0, L_0000018eb43ea9e0;  1 drivers
v0000018eb43dc890_0 .net *"_ivl_208", 0 0, L_0000018eb43ea040;  1 drivers
v0000018eb43dcbb0_0 .net *"_ivl_210", 0 0, L_0000018eb43ea0b0;  1 drivers
v0000018eb43dcd90_0 .net *"_ivl_212", 0 0, L_0000018eb43ea200;  1 drivers
v0000018eb43dd6f0_0 .net *"_ivl_214", 0 0, L_0000018eb43eaa50;  1 drivers
v0000018eb43dc750_0 .net *"_ivl_216", 0 0, L_0000018eb43ea270;  1 drivers
v0000018eb43dcf70_0 .net *"_ivl_218", 0 0, L_0000018eb43ea2e0;  1 drivers
v0000018eb43dc610_0 .net *"_ivl_22", 0 0, L_0000018eb44e8e70;  1 drivers
v0000018eb43ddf10_0 .net *"_ivl_220", 0 0, L_0000018eb43ea350;  1 drivers
v0000018eb43dd830_0 .net *"_ivl_222", 0 0, L_0000018eb43ea4a0;  1 drivers
v0000018eb43dd3d0_0 .net *"_ivl_226", 0 0, L_0000018eb43ea580;  1 drivers
v0000018eb43dc7f0_0 .net *"_ivl_228", 0 0, L_0000018eb43ebc90;  1 drivers
v0000018eb43dd790_0 .net *"_ivl_230", 0 0, L_0000018eb43eb600;  1 drivers
v0000018eb43dc9d0_0 .net *"_ivl_232", 0 0, L_0000018eb43ebec0;  1 drivers
v0000018eb43dd8d0_0 .net *"_ivl_234", 0 0, L_0000018eb43ebad0;  1 drivers
v0000018eb43dcc50_0 .net *"_ivl_236", 0 0, L_0000018eb43ec6a0;  1 drivers
v0000018eb43dd970_0 .net *"_ivl_238", 0 0, L_0000018eb43eb0c0;  1 drivers
v0000018eb43dccf0_0 .net *"_ivl_24", 0 0, L_0000018eb44e8fc0;  1 drivers
v0000018eb43dce30_0 .net *"_ivl_240", 0 0, L_0000018eb43ebd70;  1 drivers
v0000018eb43ddb50_0 .net *"_ivl_242", 0 0, L_0000018eb43eac60;  1 drivers
v0000018eb43dcb10_0 .net *"_ivl_244", 0 0, L_0000018eb43ebf30;  1 drivers
v0000018eb43ddd30_0 .net *"_ivl_246", 0 0, L_0000018eb43eb440;  1 drivers
v0000018eb43ddbf0_0 .net *"_ivl_248", 0 0, L_0000018eb43ec160;  1 drivers
v0000018eb43ddfb0_0 .net *"_ivl_250", 0 0, L_0000018eb43ec630;  1 drivers
v0000018eb43dc6b0_0 .net *"_ivl_252", 0 0, L_0000018eb43eb670;  1 drivers
v0000018eb43dddd0_0 .net *"_ivl_254", 0 0, L_0000018eb43eb210;  1 drivers
v0000018eb43dd290_0 .net *"_ivl_256", 0 0, L_0000018eb43eb6e0;  1 drivers
v0000018eb43dd010_0 .net *"_ivl_258", 0 0, L_0000018eb43eb130;  1 drivers
v0000018eb43dced0_0 .net *"_ivl_26", 0 0, L_0000018eb44e8f50;  1 drivers
v0000018eb43dd0b0_0 .net *"_ivl_260", 0 0, L_0000018eb43eb280;  1 drivers
v0000018eb43dd150_0 .net *"_ivl_262", 0 0, L_0000018eb43ebfa0;  1 drivers
v0000018eb43dd1f0_0 .net *"_ivl_264", 0 0, L_0000018eb43eb750;  1 drivers
v0000018eb43de050_0 .net *"_ivl_266", 0 0, L_0000018eb43eb7c0;  1 drivers
v0000018eb43dd330_0 .net *"_ivl_268", 0 0, L_0000018eb43eb360;  1 drivers
v0000018eb43dc390_0 .net *"_ivl_270", 0 0, L_0000018eb43ec0f0;  1 drivers
v0000018eb43dc2f0_0 .net *"_ivl_272", 0 0, L_0000018eb43eb830;  1 drivers
v0000018eb43dd470_0 .net *"_ivl_274", 0 0, L_0000018eb43eae90;  1 drivers
v0000018eb43dc430_0 .net *"_ivl_276", 0 0, L_0000018eb43eb3d0;  1 drivers
v0000018eb43dd510_0 .net *"_ivl_278", 0 0, L_0000018eb43eb1a0;  1 drivers
v0000018eb43dc4d0_0 .net *"_ivl_28", 0 0, L_0000018eb44e8b60;  1 drivers
v0000018eb43dd5b0_0 .net *"_ivl_280", 0 0, L_0000018eb43eb4b0;  1 drivers
v0000018eb43dd650_0 .net *"_ivl_282", 0 0, L_0000018eb43ec320;  1 drivers
v0000018eb43ddab0_0 .net *"_ivl_284", 0 0, L_0000018eb43ec010;  1 drivers
v0000018eb43e0ad0_0 .net *"_ivl_286", 0 0, L_0000018eb43eb8a0;  1 drivers
v0000018eb43e0850_0 .net *"_ivl_288", 0 0, L_0000018eb43ec710;  1 drivers
v0000018eb43e05d0_0 .net *"_ivl_290", 0 0, L_0000018eb43eab80;  1 drivers
v0000018eb43e0fd0_0 .net *"_ivl_294", 0 0, L_0000018eb43ec1d0;  1 drivers
v0000018eb43e07b0_0 .net *"_ivl_296", 0 0, L_0000018eb43ec240;  1 drivers
v0000018eb43e0d50_0 .net *"_ivl_298", 0 0, L_0000018eb43eadb0;  1 drivers
v0000018eb43e1110_0 .net *"_ivl_30", 0 0, L_0000018eb44e80e0;  1 drivers
v0000018eb43e0df0_0 .net *"_ivl_300", 0 0, L_0000018eb43ead40;  1 drivers
v0000018eb43e0710_0 .net *"_ivl_302", 0 0, L_0000018eb43ebbb0;  1 drivers
v0000018eb43dfef0_0 .net *"_ivl_304", 0 0, L_0000018eb43ebde0;  1 drivers
v0000018eb43e0cb0_0 .net *"_ivl_306", 0 0, L_0000018eb43eb520;  1 drivers
v0000018eb43e0e90_0 .net *"_ivl_308", 0 0, L_0000018eb43eb910;  1 drivers
v0000018eb43e0f30_0 .net *"_ivl_310", 0 0, L_0000018eb43eb590;  1 drivers
v0000018eb43dfdb0_0 .net *"_ivl_312", 0 0, L_0000018eb43ec470;  1 drivers
v0000018eb43e02b0_0 .net *"_ivl_314", 0 0, L_0000018eb43eafe0;  1 drivers
v0000018eb43dfc70_0 .net *"_ivl_316", 0 0, L_0000018eb43eb9f0;  1 drivers
v0000018eb43dfbd0_0 .net *"_ivl_318", 0 0, L_0000018eb43eb050;  1 drivers
v0000018eb43e0b70_0 .net *"_ivl_32", 0 0, L_0000018eb44e83f0;  1 drivers
v0000018eb43e1070_0 .net *"_ivl_320", 0 0, L_0000018eb43eb2f0;  1 drivers
v0000018eb43df310_0 .net *"_ivl_322", 0 0, L_0000018eb43eabf0;  1 drivers
v0000018eb43df590_0 .net *"_ivl_324", 0 0, L_0000018eb43eacd0;  1 drivers
v0000018eb43e11b0_0 .net *"_ivl_326", 0 0, L_0000018eb43ec550;  1 drivers
v0000018eb43e0c10_0 .net *"_ivl_328", 0 0, L_0000018eb43ec5c0;  1 drivers
v0000018eb43df810_0 .net *"_ivl_330", 0 0, L_0000018eb43eb980;  1 drivers
v0000018eb43e00d0_0 .net *"_ivl_332", 0 0, L_0000018eb43ec390;  1 drivers
v0000018eb43e0990_0 .net *"_ivl_334", 0 0, L_0000018eb43eba60;  1 drivers
v0000018eb43dfe50_0 .net *"_ivl_336", 0 0, L_0000018eb43ebb40;  1 drivers
v0000018eb43dff90_0 .net *"_ivl_338", 0 0, L_0000018eb43ebc20;  1 drivers
v0000018eb43e0350_0 .net *"_ivl_34", 0 0, L_0000018eb44e8bd0;  1 drivers
v0000018eb43df3b0_0 .net *"_ivl_340", 0 0, L_0000018eb43ebd00;  1 drivers
v0000018eb43e03f0_0 .net *"_ivl_342", 0 0, L_0000018eb43ebe50;  1 drivers
v0000018eb43e0670_0 .net *"_ivl_344", 0 0, L_0000018eb43eae20;  1 drivers
v0000018eb43df450_0 .net *"_ivl_346", 0 0, L_0000018eb43ec080;  1 drivers
v0000018eb43df4f0_0 .net *"_ivl_348", 0 0, L_0000018eb43ec2b0;  1 drivers
v0000018eb43e0490_0 .net *"_ivl_350", 0 0, L_0000018eb43eaf00;  1 drivers
v0000018eb43e0030_0 .net *"_ivl_352", 0 0, L_0000018eb43ec400;  1 drivers
v0000018eb43e0530_0 .net *"_ivl_354", 0 0, L_0000018eb43ec4e0;  1 drivers
v0000018eb43e08f0_0 .net *"_ivl_358", 0 0, L_0000018eb43eca90;  1 drivers
v0000018eb43df630_0 .net *"_ivl_36", 0 0, L_0000018eb44e8460;  1 drivers
v0000018eb43df6d0_0 .net *"_ivl_360", 0 0, L_0000018eb43ec7f0;  1 drivers
v0000018eb43df770_0 .net *"_ivl_362", 0 0, L_0000018eb43ec940;  1 drivers
v0000018eb43df8b0_0 .net *"_ivl_364", 0 0, L_0000018eb43ec8d0;  1 drivers
v0000018eb43df950_0 .net *"_ivl_366", 0 0, L_0000018eb43ec9b0;  1 drivers
v0000018eb43df9f0_0 .net *"_ivl_368", 0 0, L_0000018eb43eca20;  1 drivers
v0000018eb43dfa90_0 .net *"_ivl_370", 0 0, L_0000018eb43ec780;  1 drivers
v0000018eb43e0a30_0 .net *"_ivl_372", 0 0, L_0000018eb44ee5a0;  1 drivers
v0000018eb43dfb30_0 .net *"_ivl_374", 0 0, L_0000018eb44ee4c0;  1 drivers
v0000018eb43dfd10_0 .net *"_ivl_376", 0 0, L_0000018eb44eeca0;  1 drivers
v0000018eb43e0170_0 .net *"_ivl_378", 0 0, L_0000018eb44eebc0;  1 drivers
v0000018eb43e0210_0 .net *"_ivl_38", 0 0, L_0000018eb44e8ee0;  1 drivers
v0000018eb43e4fc0_0 .net *"_ivl_380", 0 0, L_0000018eb44ef8e0;  1 drivers
v0000018eb43e54c0_0 .net *"_ivl_382", 0 0, L_0000018eb44efdb0;  1 drivers
v0000018eb43e5600_0 .net *"_ivl_384", 0 0, L_0000018eb44ef9c0;  1 drivers
v0000018eb43e5560_0 .net *"_ivl_386", 0 0, L_0000018eb44eec30;  1 drivers
v0000018eb43e4c00_0 .net *"_ivl_388", 0 0, L_0000018eb44eefb0;  1 drivers
v0000018eb43e4b60_0 .net *"_ivl_390", 0 0, L_0000018eb44ee610;  1 drivers
v0000018eb43e5100_0 .net *"_ivl_392", 0 0, L_0000018eb44eed10;  1 drivers
v0000018eb43e45c0_0 .net *"_ivl_394", 0 0, L_0000018eb44eee60;  1 drivers
v0000018eb43e4480_0 .net *"_ivl_396", 0 0, L_0000018eb44ef5d0;  1 drivers
v0000018eb43e52e0_0 .net *"_ivl_398", 0 0, L_0000018eb44ef950;  1 drivers
v0000018eb43e4340_0 .net *"_ivl_4", 0 0, L_0000018eb437b750;  1 drivers
v0000018eb43e47a0_0 .net *"_ivl_40", 0 0, L_0000018eb44e8d20;  1 drivers
v0000018eb43e4de0_0 .net *"_ivl_400", 0 0, L_0000018eb44ef250;  1 drivers
v0000018eb43e59c0_0 .net *"_ivl_402", 0 0, L_0000018eb44eef40;  1 drivers
v0000018eb43e4660_0 .net *"_ivl_404", 0 0, L_0000018eb44efa30;  1 drivers
v0000018eb43e5380_0 .net *"_ivl_406", 0 0, L_0000018eb44eea70;  1 drivers
v0000018eb43e43e0_0 .net *"_ivl_408", 0 0, L_0000018eb44efc60;  1 drivers
v0000018eb43e56a0_0 .net *"_ivl_410", 0 0, L_0000018eb44efaa0;  1 drivers
v0000018eb43e4840_0 .net *"_ivl_412", 0 0, L_0000018eb44ee760;  1 drivers
v0000018eb43e4520_0 .net *"_ivl_414", 0 0, L_0000018eb44ee530;  1 drivers
v0000018eb43e4700_0 .net *"_ivl_416", 0 0, L_0000018eb44ef330;  1 drivers
v0000018eb43e4a20_0 .net *"_ivl_418", 0 0, L_0000018eb44ef4f0;  1 drivers
v0000018eb43e5740_0 .net *"_ivl_42", 0 0, L_0000018eb44e8150;  1 drivers
v0000018eb43e4f20_0 .net *"_ivl_420", 0 0, L_0000018eb44ee6f0;  1 drivers
v0000018eb43e4980_0 .net *"_ivl_422", 0 0, L_0000018eb44ee680;  1 drivers
v0000018eb43e5420_0 .net *"_ivl_424", 0 0, L_0000018eb44efcd0;  1 drivers
v0000018eb43e5240_0 .net *"_ivl_426", 0 0, L_0000018eb44ef170;  1 drivers
v0000018eb43e48e0_0 .net *"_ivl_428", 0 0, L_0000018eb44ee840;  1 drivers
v0000018eb43e57e0_0 .net *"_ivl_430", 0 0, L_0000018eb44efb80;  1 drivers
v0000018eb43e5880_0 .net *"_ivl_432", 0 0, L_0000018eb44ef1e0;  1 drivers
v0000018eb43e5920_0 .net *"_ivl_436", 0 0, L_0000018eb44ef870;  1 drivers
v0000018eb43e4ac0_0 .net *"_ivl_438", 0 0, L_0000018eb44ef640;  1 drivers
v0000018eb43e4ca0_0 .net *"_ivl_44", 0 0, L_0000018eb44e84d0;  1 drivers
v0000018eb43e4d40_0 .net *"_ivl_440", 0 0, L_0000018eb44ef480;  1 drivers
v0000018eb43e4e80_0 .net *"_ivl_442", 0 0, L_0000018eb44ee3e0;  1 drivers
v0000018eb43e5060_0 .net *"_ivl_444", 0 0, L_0000018eb44ef560;  1 drivers
v0000018eb43e51a0_0 .net *"_ivl_446", 0 0, L_0000018eb44ee450;  1 drivers
v0000018eb43e4200_0 .net *"_ivl_448", 0 0, L_0000018eb44efb10;  1 drivers
v0000018eb43e3c60_0 .net *"_ivl_450", 0 0, L_0000018eb44efbf0;  1 drivers
v0000018eb43e3940_0 .net *"_ivl_452", 0 0, L_0000018eb44ee7d0;  1 drivers
v0000018eb43e1f00_0 .net *"_ivl_454", 0 0, L_0000018eb44ef2c0;  1 drivers
v0000018eb43e2540_0 .net *"_ivl_456", 0 0, L_0000018eb44ef020;  1 drivers
v0000018eb43e22c0_0 .net *"_ivl_458", 0 0, L_0000018eb44ef6b0;  1 drivers
v0000018eb43e2680_0 .net *"_ivl_46", 0 0, L_0000018eb44e85b0;  1 drivers
v0000018eb43e2900_0 .net *"_ivl_460", 0 0, L_0000018eb44efd40;  1 drivers
v0000018eb43e34e0_0 .net *"_ivl_462", 0 0, L_0000018eb44efe20;  1 drivers
v0000018eb43e20e0_0 .net *"_ivl_464", 0 0, L_0000018eb44efe90;  1 drivers
v0000018eb43e2b80_0 .net *"_ivl_466", 0 0, L_0000018eb44ef800;  1 drivers
v0000018eb43e1e60_0 .net *"_ivl_468", 0 0, L_0000018eb44ee8b0;  1 drivers
v0000018eb43e3e40_0 .net *"_ivl_470", 0 0, L_0000018eb44ef790;  1 drivers
v0000018eb43e36c0_0 .net *"_ivl_472", 0 0, L_0000018eb44ee300;  1 drivers
v0000018eb43e3120_0 .net *"_ivl_474", 0 0, L_0000018eb44ee370;  1 drivers
v0000018eb43e2180_0 .net *"_ivl_476", 0 0, L_0000018eb44ee920;  1 drivers
v0000018eb43e3580_0 .net *"_ivl_478", 0 0, L_0000018eb44ee990;  1 drivers
v0000018eb43e2360_0 .net *"_ivl_48", 0 0, L_0000018eb44e87e0;  1 drivers
v0000018eb43e3620_0 .net *"_ivl_50", 0 0, L_0000018eb44e8850;  1 drivers
v0000018eb43e2720_0 .net *"_ivl_52", 0 0, L_0000018eb44e8620;  1 drivers
v0000018eb43e3760_0 .net *"_ivl_54", 0 0, L_0000018eb44e88c0;  1 drivers
v0000018eb43e27c0_0 .net *"_ivl_56", 0 0, L_0000018eb44e8e00;  1 drivers
v0000018eb43e2860_0 .net *"_ivl_58", 0 0, L_0000018eb44e81c0;  1 drivers
v0000018eb43e3a80_0 .net *"_ivl_6", 0 0, L_0000018eb437b600;  1 drivers
v0000018eb43e39e0_0 .net *"_ivl_60", 0 0, L_0000018eb44e8930;  1 drivers
v0000018eb43e29a0_0 .net *"_ivl_62", 0 0, L_0000018eb44e8c40;  1 drivers
v0000018eb43e2400_0 .net *"_ivl_64", 0 0, L_0000018eb44e8540;  1 drivers
v0000018eb43e3bc0_0 .net *"_ivl_66", 0 0, L_0000018eb44e8230;  1 drivers
v0000018eb43e25e0_0 .net *"_ivl_68", 0 0, L_0000018eb44e82a0;  1 drivers
v0000018eb43e3800_0 .net *"_ivl_70", 0 0, L_0000018eb44e89a0;  1 drivers
v0000018eb43e2a40_0 .net *"_ivl_72", 0 0, L_0000018eb44e8310;  1 drivers
v0000018eb43e1fa0_0 .net *"_ivl_74", 0 0, L_0000018eb44e8690;  1 drivers
v0000018eb43e2040_0 .net *"_ivl_76", 0 0, L_0000018eb44e8380;  1 drivers
v0000018eb43e31c0_0 .net *"_ivl_78", 0 0, L_0000018eb44e8700;  1 drivers
v0000018eb43e3b20_0 .net *"_ivl_8", 0 0, L_0000018eb437b7c0;  1 drivers
v0000018eb43e3d00_0 .net *"_ivl_80", 0 0, L_0000018eb44e8cb0;  1 drivers
v0000018eb43e3da0_0 .net *"_ivl_82", 0 0, L_0000018eb44e8d90;  1 drivers
v0000018eb43e2ae0_0 .net *"_ivl_84", 0 0, L_0000018eb44e8a10;  1 drivers
v0000018eb43e2c20_0 .net *"_ivl_86", 0 0, L_0000018eb44e8a80;  1 drivers
v0000018eb43e33a0_0 .net *"_ivl_90", 0 0, L_0000018eb43e8c40;  1 drivers
v0000018eb43e2220_0 .net *"_ivl_92", 0 0, L_0000018eb43e8e70;  1 drivers
v0000018eb43e24a0_0 .net *"_ivl_94", 0 0, L_0000018eb43e8fc0;  1 drivers
v0000018eb43e38a0_0 .net *"_ivl_96", 0 0, L_0000018eb43e98f0;  1 drivers
v0000018eb43e1be0_0 .net *"_ivl_98", 0 0, L_0000018eb43e8e00;  1 drivers
v0000018eb43e2cc0_0 .net "a", 0 0, L_0000018eb43e9180;  1 drivers
v0000018eb43e3ee0_0 .net "b", 0 0, L_0000018eb43ea7b0;  1 drivers
v0000018eb43e3f80_0 .net "c", 0 0, L_0000018eb43ea510;  1 drivers
v0000018eb43e42a0_0 .net "d", 0 0, L_0000018eb43eaf70;  1 drivers
v0000018eb43e4020_0 .net "e", 0 0, L_0000018eb43ec860;  1 drivers
v0000018eb43e4160_0 .net "f", 0 0, L_0000018eb44ef410;  1 drivers
v0000018eb43e40c0_0 .net "g", 0 0, L_0000018eb44eed80;  1 drivers
    .scope S_0000018eb449a470;
T_0 ;
    %pushi/vec4 1, 0, 3;
    %store/vec4 v0000018eb437e0c0_0, 0, 3;
    %delay 2000, 0;
    %pushi/vec4 7, 0, 32;
T_0.0 %dup/vec4;
    %pushi/vec4 0, 0, 32;
    %cmp/s;
    %jmp/1xz T_0.1, 5;
    %jmp/1 T_0.1, 4;
    %pushi/vec4 1, 0, 32;
    %sub;
    %load/vec4 v0000018eb437e0c0_0;
    %addi 1, 0, 3;
    %store/vec4 v0000018eb437e0c0_0, 0, 3;
    %delay 2000, 0;
    %jmp T_0.0;
T_0.1 ;
    %pop/vec4 1;
    %vpi_call 2 22 "$finish" {0 0 0};
    %end;
    .thread T_0;
    .scope S_0000018eb449a470;
T_1 ;
    %pushi/vec4 0, 0, 3;
    %store/vec4 v0000018eb437e7a0_0, 0, 3;
    %delay 2000, 0;
    %pushi/vec4 7, 0, 32;
T_1.0 %dup/vec4;
    %pushi/vec4 0, 0, 32;
    %cmp/s;
    %jmp/1xz T_1.1, 5;
    %jmp/1 T_1.1, 4;
    %pushi/vec4 1, 0, 32;
    %sub;
    %load/vec4 v0000018eb437e7a0_0;
    %addi 2, 0, 3;
    %store/vec4 v0000018eb437e7a0_0, 0, 3;
    %delay 2000, 0;
    %jmp T_1.0;
T_1.1 ;
    %pop/vec4 1;
    %vpi_call 2 30 "$finish" {0 0 0};
    %end;
    .thread T_1;
    .scope S_0000018eb449a470;
T_2 ;
    %pushi/vec4 0, 0, 1;
    %store/vec4 v0000018eb437e840_0, 0, 1;
    %pushi/vec4 0, 0, 1;
    %store/vec4 v0000018eb437e8e0_0, 0, 1;
    %delay 2000, 0;
    %pushi/vec4 0, 0, 1;
    %store/vec4 v0000018eb437e840_0, 0, 1;
    %pushi/vec4 1, 0, 1;
    %store/vec4 v0000018eb437e8e0_0, 0, 1;
    %delay 2000, 0;
    %pushi/vec4 1, 0, 1;
    %store/vec4 v0000018eb437e840_0, 0, 1;
    %pushi/vec4 0, 0, 1;
    %store/vec4 v0000018eb437e8e0_0, 0, 1;
    %delay 2000, 0;
    %pushi/vec4 1, 0, 1;
    %store/vec4 v0000018eb437e840_0, 0, 1;
    %pushi/vec4 1, 0, 1;
    %store/vec4 v0000018eb437e8e0_0, 0, 1;
    %delay 2000, 0;
    %pushi/vec4 0, 0, 1;
    %store/vec4 v0000018eb437e840_0, 0, 1;
    %pushi/vec4 1, 0, 1;
    %store/vec4 v0000018eb437e8e0_0, 0, 1;
    %delay 2000, 0;
    %pushi/vec4 1, 0, 1;
    %store/vec4 v0000018eb437e840_0, 0, 1;
    %pushi/vec4 0, 0, 1;
    %store/vec4 v0000018eb437e8e0_0, 0, 1;
    %delay 2000, 0;
    %pushi/vec4 1, 0, 1;
    %store/vec4 v0000018eb437e840_0, 0, 1;
    %pushi/vec4 1, 0, 1;
    %store/vec4 v0000018eb437e8e0_0, 0, 1;
    %delay 4000, 0;
    %vpi_call 2 41 "$finish" {0 0 0};
    %end;
    .thread T_2;
    .scope S_0000018eb449a470;
T_3 ;
    %vpi_call 2 46 "$display", "|-----|-----|------|---|---|" {0 0 0};
    %vpi_call 2 47 "$display", "|  A  |  B  |   F  | s0| s1|" {0 0 0};
    %vpi_call 2 48 "$display", "|-----|-----|------|---|---|" {0 0 0};
    %vpi_call 2 49 "$monitor", "| %b | %b | %b | %b | %b |", v0000018eb437e0c0_0, v0000018eb437e7a0_0, v0000018eb437eac0_0, v0000018eb437e840_0, v0000018eb437e8e0_0 {0 0 0};
    %end;
    .thread T_3;
# The file index is used to find the file name in the following table.
:file_names 8;
    "N/A";
    "<interactive>";
    "ES1_tb.v";
    "ES1.v";
    "sum.v";
    "mux1.v";
    "mux2.v";
    "display.v";
