#! /c/Source/iverilog-install/bin/vvp
:ivl_version "12.0 (devel)" "(s20150603-1110-g18392a46)";
:ivl_delay_selection "TYPICAL";
:vpi_time_precision + 0;
:vpi_module "C:\iverilog\lib\ivl\system.vpi";
:vpi_module "C:\iverilog\lib\ivl\vhdl_sys.vpi";
:vpi_module "C:\iverilog\lib\ivl\vhdl_textio.vpi";
:vpi_module "C:\iverilog\lib\ivl\v2005_math.vpi";
:vpi_module "C:\iverilog\lib\ivl\va_math.vpi";
S_0000028ba641acc0 .scope module, "EF3_tb" "EF3_tb" 2 1;
 .timescale 0 0;
v0000028ba641e4f0_0 .net "F", 4 0, v0000028ba641e3b0_0;  1 drivers
v0000028ba641e590_0 .var "in", 3 0;
L_0000028ba641e6d0 .part v0000028ba641e590_0, 3, 1;
L_0000028ba641e770 .part v0000028ba641e590_0, 2, 1;
L_0000028ba64b5020 .part v0000028ba641e590_0, 1, 1;
L_0000028ba64b52a0 .part v0000028ba641e590_0, 0, 1;
S_0000028ba641ae50 .scope module, "OUT" "EF3" 2 8, 3 1 0, S_0000028ba641acc0;
 .timescale 0 0;
    .port_info 0 /INPUT 1 "A";
    .port_info 1 /INPUT 1 "B";
    .port_info 2 /INPUT 1 "C";
    .port_info 3 /INPUT 1 "D";
    .port_info 4 /OUTPUT 5 "F";
v0000028ba6455ab0_0 .net "A", 0 0, L_0000028ba641e6d0;  1 drivers
v0000028ba6464ec0_0 .net "B", 0 0, L_0000028ba641e770;  1 drivers
v0000028ba641a940_0 .net "C", 0 0, L_0000028ba64b5020;  1 drivers
v0000028ba641a780_0 .net "D", 0 0, L_0000028ba64b52a0;  1 drivers
v0000028ba641e3b0_0 .var "F", 4 0;
v0000028ba641e450_0 .net "conca", 3 0, L_0000028ba641e630;  1 drivers
E_0000028ba6419fa0 .event anyedge, v0000028ba641e450_0;
L_0000028ba641e630 .concat [ 1 1 1 1], L_0000028ba64b52a0, L_0000028ba64b5020, L_0000028ba641e770, L_0000028ba641e6d0;
    .scope S_0000028ba641ae50;
T_0 ;
    %wait E_0000028ba6419fa0;
    %load/vec4 v0000028ba641e450_0;
    %dup/vec4;
    %pushi/vec4 0, 0, 4;
    %cmp/u;
    %jmp/1 T_0.0, 6;
    %dup/vec4;
    %pushi/vec4 1, 0, 4;
    %cmp/u;
    %jmp/1 T_0.1, 6;
    %dup/vec4;
    %pushi/vec4 2, 0, 4;
    %cmp/u;
    %jmp/1 T_0.2, 6;
    %dup/vec4;
    %pushi/vec4 3, 0, 4;
    %cmp/u;
    %jmp/1 T_0.3, 6;
    %dup/vec4;
    %pushi/vec4 4, 0, 4;
    %cmp/u;
    %jmp/1 T_0.4, 6;
    %dup/vec4;
    %pushi/vec4 5, 0, 4;
    %cmp/u;
    %jmp/1 T_0.5, 6;
    %dup/vec4;
    %pushi/vec4 6, 0, 4;
    %cmp/u;
    %jmp/1 T_0.6, 6;
    %dup/vec4;
    %pushi/vec4 7, 0, 4;
    %cmp/u;
    %jmp/1 T_0.7, 6;
    %dup/vec4;
    %pushi/vec4 8, 0, 4;
    %cmp/u;
    %jmp/1 T_0.8, 6;
    %dup/vec4;
    %pushi/vec4 9, 0, 4;
    %cmp/u;
    %jmp/1 T_0.9, 6;
    %dup/vec4;
    %pushi/vec4 10, 0, 4;
    %cmp/u;
    %jmp/1 T_0.10, 6;
    %dup/vec4;
    %pushi/vec4 11, 0, 4;
    %cmp/u;
    %jmp/1 T_0.11, 6;
    %dup/vec4;
    %pushi/vec4 12, 0, 4;
    %cmp/u;
    %jmp/1 T_0.12, 6;
    %dup/vec4;
    %pushi/vec4 13, 0, 4;
    %cmp/u;
    %jmp/1 T_0.13, 6;
    %dup/vec4;
    %pushi/vec4 14, 0, 4;
    %cmp/u;
    %jmp/1 T_0.14, 6;
    %dup/vec4;
    %pushi/vec4 15, 0, 4;
    %cmp/u;
    %jmp/1 T_0.15, 6;
    %jmp T_0.16;
T_0.0 ;
    %pushi/vec4 20, 0, 5;
    %store/vec4 v0000028ba641e3b0_0, 0, 5;
    %jmp T_0.16;
T_0.1 ;
    %pushi/vec4 19, 0, 5;
    %store/vec4 v0000028ba641e3b0_0, 0, 5;
    %jmp T_0.16;
T_0.2 ;
    %pushi/vec4 19, 0, 5;
    %store/vec4 v0000028ba641e3b0_0, 0, 5;
    %jmp T_0.16;
T_0.3 ;
    %pushi/vec4 18, 0, 5;
    %store/vec4 v0000028ba641e3b0_0, 0, 5;
    %jmp T_0.16;
T_0.4 ;
    %pushi/vec4 18, 0, 5;
    %store/vec4 v0000028ba641e3b0_0, 0, 5;
    %jmp T_0.16;
T_0.5 ;
    %pushi/vec4 17, 0, 5;
    %store/vec4 v0000028ba641e3b0_0, 0, 5;
    %jmp T_0.16;
T_0.6 ;
    %pushi/vec4 17, 0, 5;
    %store/vec4 v0000028ba641e3b0_0, 0, 5;
    %jmp T_0.16;
T_0.7 ;
    %pushi/vec4 16, 0, 5;
    %store/vec4 v0000028ba641e3b0_0, 0, 5;
    %jmp T_0.16;
T_0.8 ;
    %pushi/vec4 16, 0, 5;
    %store/vec4 v0000028ba641e3b0_0, 0, 5;
    %jmp T_0.16;
T_0.9 ;
    %pushi/vec4 15, 0, 5;
    %store/vec4 v0000028ba641e3b0_0, 0, 5;
    %jmp T_0.16;
T_0.10 ;
    %pushi/vec4 15, 0, 5;
    %store/vec4 v0000028ba641e3b0_0, 0, 5;
    %jmp T_0.16;
T_0.11 ;
    %pushi/vec4 14, 0, 5;
    %store/vec4 v0000028ba641e3b0_0, 0, 5;
    %jmp T_0.16;
T_0.12 ;
    %pushi/vec4 14, 0, 5;
    %store/vec4 v0000028ba641e3b0_0, 0, 5;
    %jmp T_0.16;
T_0.13 ;
    %pushi/vec4 13, 0, 5;
    %store/vec4 v0000028ba641e3b0_0, 0, 5;
    %jmp T_0.16;
T_0.14 ;
    %pushi/vec4 13, 0, 5;
    %store/vec4 v0000028ba641e3b0_0, 0, 5;
    %jmp T_0.16;
T_0.15 ;
    %pushi/vec4 12, 0, 5;
    %store/vec4 v0000028ba641e3b0_0, 0, 5;
    %jmp T_0.16;
T_0.16 ;
    %pop/vec4 1;
    %jmp T_0;
    .thread T_0, $push;
    .scope S_0000028ba641acc0;
T_1 ;
    %pushi/vec4 0, 0, 4;
    %store/vec4 v0000028ba641e590_0, 0, 4;
    %delay 20, 0;
    %pushi/vec4 15, 0, 32;
T_1.0 %dup/vec4;
    %pushi/vec4 0, 0, 32;
    %cmp/s;
    %jmp/1xz T_1.1, 5;
    %jmp/1 T_1.1, 4;
    %pushi/vec4 1, 0, 32;
    %sub;
    %load/vec4 v0000028ba641e590_0;
    %addi 1, 0, 4;
    %store/vec4 v0000028ba641e590_0, 0, 4;
    %delay 20, 0;
    %jmp T_1.0;
T_1.1 ;
    %pop/vec4 1;
    %vpi_call 2 25 "$finish" {0 0 0};
    %end;
    .thread T_1;
    .scope S_0000028ba641acc0;
T_2 ;
    %vpi_call 2 31 "$dumpfile", "ARCHIVO.vcd" {0 0 0};
    %vpi_call 2 32 "$dumpvars" {0 0 0};
    %end;
    .thread T_2;
    .scope S_0000028ba641acc0;
T_3 ;
    %vpi_call 2 37 "$display", "|--------|-------|" {0 0 0};
    %vpi_call 2 38 "$display", "|  ABCD  |   F   |" {0 0 0};
    %vpi_call 2 39 "$display", "|--------|-------|" {0 0 0};
    %vpi_call 2 40 "$monitor", "|  %b  | %b |", v0000028ba641e590_0, v0000028ba641e4f0_0 {0 0 0};
    %end;
    .thread T_3;
# The file index is used to find the file name in the following table.
:file_names 4;
    "N/A";
    "<interactive>";
    "EF3_tb.v";
    "EF3.v";
