#! /c/Source/iverilog-install/bin/vvp
:ivl_version "12.0 (devel)" "(s20150603-1110-g18392a46)";
:ivl_delay_selection "TYPICAL";
:vpi_time_precision + 0;
:vpi_module "C:\iverilog\lib\ivl\system.vpi";
:vpi_module "C:\iverilog\lib\ivl\vhdl_sys.vpi";
:vpi_module "C:\iverilog\lib\ivl\vhdl_textio.vpi";
:vpi_module "C:\iverilog\lib\ivl\v2005_math.vpi";
:vpi_module "C:\iverilog\lib\ivl\va_math.vpi";
S_000001a0e83966f0 .scope module, "ejemplo_tb" "ejemplo_tb" 2 1;
 .timescale 0 0;
v000001a0e8393d20_0 .var "datos", 2 0;
v000001a0e83936e0_0 .net "resultado", 0 0, L_000001a0e8349070;  1 drivers
L_000001a0e83938c0 .part v000001a0e8393d20_0, 0, 1;
L_000001a0e8394360 .part v000001a0e8393d20_0, 1, 1;
L_000001a0e8393a00 .part v000001a0e8393d20_0, 2, 1;
S_000001a0e8396880 .scope module, "UUT" "ejemplo" 2 6, 3 1 0, S_000001a0e83966f0;
 .timescale 0 0;
    .port_info 0 /INPUT 1 "A";
    .port_info 1 /INPUT 1 "B";
    .port_info 2 /INPUT 1 "C";
    .port_info 3 /OUTPUT 1 "F";
L_000001a0e8347190 .functor XOR 1, L_000001a0e83938c0, L_000001a0e8394360, C4<0>, C4<0>;
L_000001a0e83482b0 .functor OR 1, L_000001a0e8394360, L_000001a0e8393a00, C4<0>, C4<0>;
L_000001a0e8348c80 .functor NOT 1, L_000001a0e83482b0, C4<0>, C4<0>, C4<0>;
L_000001a0e8349070 .functor AND 1, L_000001a0e8347190, L_000001a0e8348c80, C4<1>, C4<1>;
v000001a0e8349470_0 .net "A", 0 0, L_000001a0e83938c0;  1 drivers
v000001a0e8362890_0 .net "B", 0 0, L_000001a0e8394360;  1 drivers
v000001a0e8349220_0 .net "C", 0 0, L_000001a0e8393a00;  1 drivers
v000001a0e8348fd0_0 .net "F", 0 0, L_000001a0e8349070;  alias, 1 drivers
v000001a0e8348be0_0 .net "W1", 0 0, L_000001a0e8347190;  1 drivers
v000001a0e8348210_0 .net "W2", 0 0, L_000001a0e8348c80;  1 drivers
v000001a0e83470f0_0 .net *"_ivl_2", 0 0, L_000001a0e83482b0;  1 drivers
    .scope S_000001a0e83966f0;
T_0 ;
    %pushi/vec4 0, 0, 3;
    %store/vec4 v000001a0e8393d20_0, 0, 3;
    %delay 10, 0;
    %pushi/vec4 7, 0, 32;
T_0.0 %dup/vec4;
    %pushi/vec4 0, 0, 32;
    %cmp/s;
    %jmp/1xz T_0.1, 5;
    %jmp/1 T_0.1, 4;
    %pushi/vec4 1, 0, 32;
    %sub;
    %load/vec4 v000001a0e8393d20_0;
    %addi 1, 0, 3;
    %store/vec4 v000001a0e8393d20_0, 0, 3;
    %delay 10, 0;
    %jmp T_0.0;
T_0.1 ;
    %pop/vec4 1;
    %vpi_call 2 18 "$finish" {0 0 0};
    %end;
    .thread T_0;
    .scope S_000001a0e83966f0;
T_1 ;
    %vpi_call 2 24 "$display", " CBA | F" {0 0 0};
    %vpi_call 2 25 "$display", "-----|---" {0 0 0};
    %vpi_call 2 26 "$monitor", " %b | %b", v000001a0e8393d20_0, v000001a0e83936e0_0 {0 0 0};
    %end;
    .thread T_1;
# The file index is used to find the file name in the following table.
:file_names 4;
    "N/A";
    "<interactive>";
    "ejemplo_tb.v";
    "ejemplo.v";
