#! /usr/local/iverilog/bin/vvp
:ivl_version "11.0 (devel)";
:ivl_delay_selection "TYPICAL";
:vpi_time_precision - 11;
:vpi_module "D:\iverilog\lib\ivl\system.vpi";
:vpi_module "D:\iverilog\lib\ivl\vhdl_sys.vpi";
:vpi_module "D:\iverilog\lib\ivl\vhdl_textio.vpi";
:vpi_module "D:\iverilog\lib\ivl\v2005_math.vpi";
:vpi_module "D:\iverilog\lib\ivl\va_math.vpi";
S_0000000000885470 .scope module, "estimulos_mayor" "estimulos_mayor" 2 2;
 .timescale -9 -11;
v0000000000885190_0 .var "A", 2 0;
v0000000000885230_0 .var "B", 2 0;
v00000000008973c0_0 .net "F", 0 0, L_0000000000897460;  1 drivers
S_0000000000897230 .scope module, "S1" "mayor" 2 10, 3 3 0, S_0000000000885470;
 .timescale -9 -11;
    .port_info 0 /INPUT 3 "A";
    .port_info 1 /INPUT 3 "B";
    .port_info 2 /OUTPUT 1 "F";
v0000000000026c80_0 .net "A", 2 0, v0000000000885190_0;  1 drivers
v00000000000268f0_0 .net "B", 2 0, v0000000000885230_0;  1 drivers
v000000000002bec0_0 .net "F", 0 0, L_0000000000897460;  alias, 1 drivers
L_0000000000897460 .cmp/gt 3, v0000000000885190_0, v0000000000885230_0;
    .scope S_0000000000885470;
T_0 ;
    %pushi/vec4 0, 0, 3;
    %store/vec4 v0000000000885190_0, 0, 3;
    %pushi/vec4 1, 0, 3;
    %store/vec4 v0000000000885230_0, 0, 3;
    %delay 2000, 0;
    %pushi/vec4 1, 0, 3;
    %store/vec4 v0000000000885190_0, 0, 3;
    %pushi/vec4 0, 0, 3;
    %store/vec4 v0000000000885230_0, 0, 3;
    %delay 2000, 0;
    %pushi/vec4 2, 0, 3;
    %store/vec4 v0000000000885190_0, 0, 3;
    %pushi/vec4 3, 0, 3;
    %store/vec4 v0000000000885230_0, 0, 3;
    %delay 2000, 0;
    %pushi/vec4 3, 0, 3;
    %store/vec4 v0000000000885190_0, 0, 3;
    %pushi/vec4 2, 0, 3;
    %store/vec4 v0000000000885230_0, 0, 3;
    %delay 2000, 0;
    %pushi/vec4 4, 0, 3;
    %store/vec4 v0000000000885190_0, 0, 3;
    %pushi/vec4 4, 0, 3;
    %store/vec4 v0000000000885230_0, 0, 3;
    %delay 2000, 0;
    %pushi/vec4 5, 0, 3;
    %store/vec4 v0000000000885190_0, 0, 3;
    %pushi/vec4 5, 0, 3;
    %store/vec4 v0000000000885230_0, 0, 3;
    %delay 2000, 0;
    %pushi/vec4 4, 0, 3;
    %store/vec4 v0000000000885190_0, 0, 3;
    %pushi/vec4 5, 0, 3;
    %store/vec4 v0000000000885230_0, 0, 3;
    %delay 2000, 0;
    %pushi/vec4 3, 0, 3;
    %store/vec4 v0000000000885190_0, 0, 3;
    %pushi/vec4 0, 0, 3;
    %store/vec4 v0000000000885230_0, 0, 3;
    %delay 2000, 0;
    %vpi_call 2 26 "$finish" {0 0 0};
    %end;
    .thread T_0;
    .scope S_0000000000885470;
T_1 ;
    %vpi_call 2 31 "$dumpfile", "ARCHIVO.vcd" {0 0 0};
    %vpi_call 2 32 "$dumpvars" {0 0 0};
    %end;
    .thread T_1;
    .scope S_0000000000885470;
T_2 ;
    %vpi_call 2 37 "$display", "---------|---|" {0 0 0};
    %vpi_call 2 38 "$display", "  A   B  | F |" {0 0 0};
    %vpi_call 2 39 "$display", "---------|---|" {0 0 0};
    %vpi_call 2 40 "$monitor", " %b %b | %b |", v0000000000885190_0, v0000000000885230_0, v00000000008973c0_0 {0 0 0};
    %end;
    .thread T_2;
# The file index is used to find the file name in the following table.
:file_names 4;
    "N/A";
    "<interactive>";
    "estimulos_mayor.v";
    "mayor.v";
