#! /c/Source/iverilog-install/bin/vvp
:ivl_version "12.0 (devel)" "(s20150603-1110-g18392a46)";
:ivl_delay_selection "TYPICAL";
:vpi_time_precision - 12;
:vpi_module "C:\iverilog\lib\ivl\system.vpi";
:vpi_module "C:\iverilog\lib\ivl\vhdl_sys.vpi";
:vpi_module "C:\iverilog\lib\ivl\vhdl_textio.vpi";
:vpi_module "C:\iverilog\lib\ivl\v2005_math.vpi";
:vpi_module "C:\iverilog\lib\ivl\va_math.vpi";
S_000001c6b0f92b80 .scope module, "estimulos_sum4bits" "estimulos_sum4bits" 2 3;
 .timescale -9 -12;
v000001c6b0f92f40_0 .var "A", 3 0;
v000001c6b0f92fe0_0 .var "B", 3 0;
v000001c6b0e3aef0_0 .net "F", 3 0, v000001c6b0f92ea0_0;  1 drivers
S_000001c6b0f92d10 .scope module, "U0" "sum_4bits" 2 10, 3 1 0, S_000001c6b0f92b80;
 .timescale -9 -12;
    .port_info 0 /INPUT 4 "A";
    .port_info 1 /INPUT 4 "B";
    .port_info 2 /OUTPUT 4 "F";
v000001c6b0f93320_0 .net "A", 3 0, v000001c6b0f92f40_0;  1 drivers
v000001c6b0e38420_0 .net "B", 3 0, v000001c6b0f92fe0_0;  1 drivers
v000001c6b0f92ea0_0 .var "F", 3 0;
E_000001c6b0e3c510 .event anyedge, v000001c6b0f93320_0, v000001c6b0e38420_0;
    .scope S_000001c6b0f92d10;
T_0 ;
    %wait E_000001c6b0e3c510;
    %load/vec4 v000001c6b0f93320_0;
    %load/vec4 v000001c6b0e38420_0;
    %add;
    %store/vec4 v000001c6b0f92ea0_0, 0, 4;
    %jmp T_0;
    .thread T_0, $push;
    .scope S_000001c6b0f92b80;
T_1 ;
    %pushi/vec4 3, 0, 4;
    %store/vec4 v000001c6b0f92f40_0, 0, 4;
    %pushi/vec4 8, 0, 4;
    %store/vec4 v000001c6b0f92fe0_0, 0, 4;
    %delay 50000, 0;
    %pushi/vec4 3, 0, 4;
    %store/vec4 v000001c6b0f92f40_0, 0, 4;
    %pushi/vec4 9, 0, 4;
    %store/vec4 v000001c6b0f92fe0_0, 0, 4;
    %delay 50000, 0;
    %pushi/vec4 7, 0, 4;
    %store/vec4 v000001c6b0f92f40_0, 0, 4;
    %pushi/vec4 4, 0, 4;
    %store/vec4 v000001c6b0f92fe0_0, 0, 4;
    %delay 50000, 0;
    %end;
    .thread T_1;
    .scope S_000001c6b0f92b80;
T_2 ;
    %vpi_call 2 25 "$dumpfile", "resultados.vcd" {0 0 0};
    %vpi_call 2 26 "$dumpvars" {0 0 0};
    %end;
    .thread T_2;
# The file index is used to find the file name in the following table.
:file_names 4;
    "N/A";
    "<interactive>";
    "estimulos_sum4bits.v";
    "sum_4bits.v";
