;  LST file generated by mikroListExporter - v.2.0 
; Date/Time: 8/08/2022 5:10:24 p. m.
;----------------------------------------------

;Address Opcode 	ASM
0x0000	0x2AEE      	GOTO       750
_SPI1_Write:
;__Lib_SPI_b412_b52a0.c,78 :: 		
;__Lib_SPI_b412_b52a0.c,81 :: 		
0x0003	0x0020      	MOVLB      0
0x0004	0x083E      	MOVF       FARG_SPI1_Write_data_, 0
0x0005	0x0024      	MOVLB      4
0x0006	0x0091      	MOVWF      SSP1BUF
;__Lib_SPI_b412_b52a0.c,82 :: 		
L_SPI1_Write8:
0x0007	0x1814      	BTFSC      SSP1STAT, 0
0x0008	0x280A      	GOTO       L_SPI1_Write9
;__Lib_SPI_b412_b52a0.c,83 :: 		
0x0009	0x2807      	GOTO       L_SPI1_Write8
L_SPI1_Write9:
;__Lib_SPI_b412_b52a0.c,84 :: 		
0x000A	0x0811      	MOVF       SSP1BUF, 0
0x000B	0x00F0      	MOVWF      R0
;__Lib_SPI_b412_b52a0.c,85 :: 		
L_end_SPI1_Write:
0x000C	0x0008      	RETURN
; end of _SPI1_Write
_Div_32x32_U:
;__Lib_Math.c,1310 :: 		
;__Lib_Math.c,1319 :: 		
;__Lib_Math.c,1321 :: 		
0x000D	0x0020      	MOVLB      0
;__Lib_Math.c,1322 :: 		
0x000E	0x01FB      	CLRF       R11
;__Lib_Math.c,1323 :: 		
0x000F	0x01FA      	CLRF       R10
;__Lib_Math.c,1324 :: 		
0x0010	0x01F9      	CLRF       R9
;__Lib_Math.c,1325 :: 		
0x0011	0x01F8      	CLRF       R8
;__Lib_Math.c,1327 :: 		
0x0012	0x01A0      	CLRF       ___math_tempb
;__Lib_Math.c,1329 :: 		
0x0013	0x0D73      	RLF        R3, 0
;__Lib_Math.c,1330 :: 		
0x0014	0x0DF8      	RLF        R8, 1
;__Lib_Math.c,1331 :: 		
0x0015	0x0874      	MOVF       R4, 0
;__Lib_Math.c,1332 :: 		
0x0016	0x02F8      	SUBWF      R8, 1
;__Lib_Math.c,1333 :: 		
0x0017	0x0875      	MOVF       R5, 0
;__Lib_Math.c,1334 :: 		
0x0018	0x1C03      	BTFSS      STATUS, 0
;__Lib_Math.c,1335 :: 		
0x0019	0x0F75      	INCFSZ     R5, 0
;__Lib_Math.c,1336 :: 		
0x001A	0x02F9      	SUBWF      R9, 1
;__Lib_Math.c,1337 :: 		
0x001B	0x0876      	MOVF       R6, 0
;__Lib_Math.c,1338 :: 		
0x001C	0x1C03      	BTFSS      STATUS, 0
;__Lib_Math.c,1339 :: 		
0x001D	0x0F76      	INCFSZ     R6, 0
;__Lib_Math.c,1340 :: 		
0x001E	0x02FA      	SUBWF      R10, 1
;__Lib_Math.c,1341 :: 		
0x001F	0x0877      	MOVF       R7, 0
;__Lib_Math.c,1342 :: 		
0x0020	0x1C03      	BTFSS      STATUS, 0
;__Lib_Math.c,1343 :: 		
0x0021	0x0F77      	INCFSZ     R7, 0
;__Lib_Math.c,1344 :: 		
0x0022	0x02FB      	SUBWF      R11, 1
;__Lib_Math.c,1346 :: 		
0x0023	0x0100      	CLRW       0, 0
;__Lib_Math.c,1347 :: 		
0x0024	0x1C03      	BTFSS      STATUS, 0
;__Lib_Math.c,1348 :: 		
0x0025	0x3001      	MOVLW      1
;__Lib_Math.c,1349 :: 		
0x0026	0x02A0      	SUBWF      ___math_tempb, 1
;__Lib_Math.c,1350 :: 		
0x0027	0x0DF3      	RLF        R3, 1
;__Lib_Math.c,1352 :: 		
0x0028	0x3007      	MOVLW      7
;__Lib_Math.c,1353 :: 		
0x0029	0x00FC      	MOVWF      R12
;__Lib_Math.c,1355 :: 		
LOOPU3232A:
;__Lib_Math.c,1356 :: 		
0x002A	0x0D73      	RLF        R3, 0
;__Lib_Math.c,1357 :: 		
0x002B	0x0DF8      	RLF        R8, 1
;__Lib_Math.c,1358 :: 		
0x002C	0x0DF9      	RLF        R9, 1
;__Lib_Math.c,1359 :: 		
0x002D	0x0DFA      	RLF        R10, 1
;__Lib_Math.c,1360 :: 		
0x002E	0x0DFB      	RLF        R11, 1
;__Lib_Math.c,1361 :: 		
0x002F	0x0DA0      	RLF        ___math_tempb, 1
;__Lib_Math.c,1362 :: 		
0x0030	0x0874      	MOVF       R4, 0
;__Lib_Math.c,1363 :: 		
0x0031	0x1C73      	BTFSS      R3, 0
;__Lib_Math.c,1364 :: 		
0x0032	0x2845      	GOTO       UADD22LA
;__Lib_Math.c,1366 :: 		
0x0033	0x02F8      	SUBWF      R8, 1
;__Lib_Math.c,1367 :: 		
0x0034	0x0875      	MOVF       R5, 0
;__Lib_Math.c,1368 :: 		
0x0035	0x1C03      	BTFSS      STATUS, 0
;__Lib_Math.c,1369 :: 		
0x0036	0x0F75      	INCFSZ     R5, 0
;__Lib_Math.c,1370 :: 		
0x0037	0x02F9      	SUBWF      R9, 1
;__Lib_Math.c,1371 :: 		
0x0038	0x0876      	MOVF       R6, 0
;__Lib_Math.c,1372 :: 		
0x0039	0x1C03      	BTFSS      STATUS, 0
;__Lib_Math.c,1373 :: 		
0x003A	0x0F76      	INCFSZ     R6, 0
;__Lib_Math.c,1374 :: 		
0x003B	0x02FA      	SUBWF      R10, 1
;__Lib_Math.c,1375 :: 		
0x003C	0x0877      	MOVF       R7, 0
;__Lib_Math.c,1376 :: 		
0x003D	0x1C03      	BTFSS      STATUS, 0
;__Lib_Math.c,1377 :: 		
0x003E	0x0F77      	INCFSZ     R7, 0
;__Lib_Math.c,1378 :: 		
0x003F	0x02FB      	SUBWF      R11, 1
;__Lib_Math.c,1379 :: 		
0x0040	0x0100      	CLRW       0, 0
;__Lib_Math.c,1380 :: 		
0x0041	0x1C03      	BTFSS      STATUS, 0
;__Lib_Math.c,1381 :: 		
0x0042	0x3001      	MOVLW      1
;__Lib_Math.c,1382 :: 		
0x0043	0x02A0      	SUBWF      ___math_tempb, 1
;__Lib_Math.c,1383 :: 		
0x0044	0x2856      	GOTO       UOK22LA
;__Lib_Math.c,1385 :: 		
UADD22LA:
;__Lib_Math.c,1386 :: 		
0x0045	0x07F8      	ADDWF      R8, 1
;__Lib_Math.c,1387 :: 		
0x0046	0x0875      	MOVF       R5, 0
;__Lib_Math.c,1388 :: 		
0x0047	0x1803      	BTFSC      STATUS, 0
;__Lib_Math.c,1389 :: 		
0x0048	0x0F75      	INCFSZ     R5, 0
;__Lib_Math.c,1390 :: 		
0x0049	0x07F9      	ADDWF      R9, 1
;__Lib_Math.c,1391 :: 		
0x004A	0x0876      	MOVF       R6, 0
;__Lib_Math.c,1392 :: 		
0x004B	0x1803      	BTFSC      STATUS, 0
;__Lib_Math.c,1393 :: 		
0x004C	0x0F76      	INCFSZ     R6, 0
;__Lib_Math.c,1394 :: 		
0x004D	0x07FA      	ADDWF      R10, 1
;__Lib_Math.c,1395 :: 		
0x004E	0x0877      	MOVF       R7, 0
;__Lib_Math.c,1396 :: 		
0x004F	0x1803      	BTFSC      STATUS, 0
;__Lib_Math.c,1397 :: 		
0x0050	0x0F77      	INCFSZ     R7, 0
;__Lib_Math.c,1398 :: 		
0x0051	0x07FB      	ADDWF      R11, 1
;__Lib_Math.c,1399 :: 		
0x0052	0x0100      	CLRW       0, 0
;__Lib_Math.c,1400 :: 		
0x0053	0x1803      	BTFSC      STATUS, 0
;__Lib_Math.c,1401 :: 		
0x0054	0x3001      	MOVLW      1
;__Lib_Math.c,1402 :: 		
0x0055	0x07A0      	ADDWF      ___math_tempb, 1
;__Lib_Math.c,1404 :: 		
UOK22LA:
;__Lib_Math.c,1405 :: 		
0x0056	0x0DF3      	RLF        R3, 1
;__Lib_Math.c,1407 :: 		
0x0057	0x0BFC      	DECFSZ     R12, 1
;__Lib_Math.c,1408 :: 		
0x0058	0x282A      	GOTO       LOOPU3232A
;__Lib_Math.c,1410 :: 		
0x0059	0x0D72      	RLF        R2, 0
;__Lib_Math.c,1411 :: 		
0x005A	0x0DF8      	RLF        R8, 1
;__Lib_Math.c,1412 :: 		
0x005B	0x0DF9      	RLF        R9, 1
;__Lib_Math.c,1413 :: 		
0x005C	0x0DFA      	RLF        R10, 1
;__Lib_Math.c,1414 :: 		
0x005D	0x0DFB      	RLF        R11, 1
;__Lib_Math.c,1415 :: 		
0x005E	0x0DA0      	RLF        ___math_tempb, 1
;__Lib_Math.c,1416 :: 		
0x005F	0x0874      	MOVF       R4, 0
;__Lib_Math.c,1417 :: 		
0x0060	0x1C73      	BTFSS      R3, 0
;__Lib_Math.c,1418 :: 		
0x0061	0x2874      	GOTO       UADD22L8
;__Lib_Math.c,1420 :: 		
0x0062	0x02F8      	SUBWF      R8, 1
;__Lib_Math.c,1421 :: 		
0x0063	0x0875      	MOVF       R5, 0
;__Lib_Math.c,1422 :: 		
0x0064	0x1C03      	BTFSS      STATUS, 0
;__Lib_Math.c,1423 :: 		
0x0065	0x0F75      	INCFSZ     R5, 0
;__Lib_Math.c,1424 :: 		
0x0066	0x02F9      	SUBWF      R9, 1
;__Lib_Math.c,1425 :: 		
0x0067	0x0876      	MOVF       R6, 0
;__Lib_Math.c,1426 :: 		
0x0068	0x1C03      	BTFSS      STATUS, 0
;__Lib_Math.c,1427 :: 		
0x0069	0x0F76      	INCFSZ     R6, 0
;__Lib_Math.c,1428 :: 		
0x006A	0x02FA      	SUBWF      R10, 1
;__Lib_Math.c,1429 :: 		
0x006B	0x0877      	MOVF       R7, 0
;__Lib_Math.c,1430 :: 		
0x006C	0x1C03      	BTFSS      STATUS, 0
;__Lib_Math.c,1431 :: 		
0x006D	0x0F77      	INCFSZ     R7, 0
;__Lib_Math.c,1432 :: 		
0x006E	0x02FB      	SUBWF      R11, 1
;__Lib_Math.c,1433 :: 		
0x006F	0x0100      	CLRW       0, 0
;__Lib_Math.c,1434 :: 		
0x0070	0x1C03      	BTFSS      STATUS, 0
;__Lib_Math.c,1435 :: 		
0x0071	0x3001      	MOVLW      1
;__Lib_Math.c,1436 :: 		
0x0072	0x02A0      	SUBWF      ___math_tempb, 1
;__Lib_Math.c,1437 :: 		
0x0073	0x2885      	GOTO       UOK22L8
;__Lib_Math.c,1439 :: 		
UADD22L8:
;__Lib_Math.c,1440 :: 		
0x0074	0x07F8      	ADDWF      R8, 1
;__Lib_Math.c,1441 :: 		
0x0075	0x0875      	MOVF       R5, 0
;__Lib_Math.c,1442 :: 		
0x0076	0x1803      	BTFSC      STATUS, 0
;__Lib_Math.c,1443 :: 		
0x0077	0x0F75      	INCFSZ     R5, 0
;__Lib_Math.c,1444 :: 		
0x0078	0x07F9      	ADDWF      R9, 1
;__Lib_Math.c,1445 :: 		
0x0079	0x0876      	MOVF       R6, 0
;__Lib_Math.c,1446 :: 		
0x007A	0x1803      	BTFSC      STATUS, 0
;__Lib_Math.c,1447 :: 		
0x007B	0x0F76      	INCFSZ     R6, 0
;__Lib_Math.c,1448 :: 		
0x007C	0x07FA      	ADDWF      R10, 1
;__Lib_Math.c,1449 :: 		
0x007D	0x0877      	MOVF       R7, 0
;__Lib_Math.c,1450 :: 		
0x007E	0x1803      	BTFSC      STATUS, 0
;__Lib_Math.c,1451 :: 		
0x007F	0x0F77      	INCFSZ     R7, 0
;__Lib_Math.c,1452 :: 		
0x0080	0x07FB      	ADDWF      R11, 1
;__Lib_Math.c,1453 :: 		
0x0081	0x0100      	CLRW       0, 0
;__Lib_Math.c,1454 :: 		
0x0082	0x1803      	BTFSC      STATUS, 0
;__Lib_Math.c,1455 :: 		
0x0083	0x3001      	MOVLW      1
;__Lib_Math.c,1456 :: 		
0x0084	0x07A0      	ADDWF      ___math_tempb, 1
;__Lib_Math.c,1458 :: 		
UOK22L8:
;__Lib_Math.c,1459 :: 		
0x0085	0x0DF2      	RLF        R2, 1
;__Lib_Math.c,1461 :: 		
0x0086	0x3007      	MOVLW      7
;__Lib_Math.c,1462 :: 		
0x0087	0x00FC      	MOVWF      R12
;__Lib_Math.c,1464 :: 		
LOOPU3232B:
;__Lib_Math.c,1465 :: 		
0x0088	0x0D72      	RLF        R2, 0
;__Lib_Math.c,1466 :: 		
0x0089	0x0DF8      	RLF        R8, 1
;__Lib_Math.c,1467 :: 		
0x008A	0x0DF9      	RLF        R9, 1
;__Lib_Math.c,1468 :: 		
0x008B	0x0DFA      	RLF        R10, 1
;__Lib_Math.c,1469 :: 		
0x008C	0x0DFB      	RLF        R11, 1
;__Lib_Math.c,1470 :: 		
0x008D	0x0DA0      	RLF        ___math_tempb, 1
;__Lib_Math.c,1471 :: 		
0x008E	0x0874      	MOVF       R4, 0
;__Lib_Math.c,1472 :: 		
0x008F	0x1C72      	BTFSS      R2, 0
;__Lib_Math.c,1473 :: 		
0x0090	0x28A3      	GOTO       UADD22LB
;__Lib_Math.c,1475 :: 		
0x0091	0x02F8      	SUBWF      R8, 1
;__Lib_Math.c,1476 :: 		
0x0092	0x0875      	MOVF       R5, 0
;__Lib_Math.c,1477 :: 		
0x0093	0x1C03      	BTFSS      STATUS, 0
;__Lib_Math.c,1478 :: 		
0x0094	0x0F75      	INCFSZ     R5, 0
;__Lib_Math.c,1479 :: 		
0x0095	0x02F9      	SUBWF      R9, 1
;__Lib_Math.c,1480 :: 		
0x0096	0x0876      	MOVF       R6, 0
;__Lib_Math.c,1481 :: 		
0x0097	0x1C03      	BTFSS      STATUS, 0
;__Lib_Math.c,1482 :: 		
0x0098	0x0F76      	INCFSZ     R6, 0
;__Lib_Math.c,1483 :: 		
0x0099	0x02FA      	SUBWF      R10, 1
;__Lib_Math.c,1484 :: 		
0x009A	0x0877      	MOVF       R7, 0
;__Lib_Math.c,1485 :: 		
0x009B	0x1C03      	BTFSS      STATUS, 0
;__Lib_Math.c,1486 :: 		
0x009C	0x0F77      	INCFSZ     R7, 0
;__Lib_Math.c,1487 :: 		
0x009D	0x02FB      	SUBWF      R11, 1
;__Lib_Math.c,1488 :: 		
0x009E	0x0100      	CLRW       0, 0
;__Lib_Math.c,1489 :: 		
0x009F	0x1C03      	BTFSS      STATUS, 0
;__Lib_Math.c,1490 :: 		
0x00A0	0x3001      	MOVLW      1
;__Lib_Math.c,1491 :: 		
0x00A1	0x02A0      	SUBWF      ___math_tempb, 1
;__Lib_Math.c,1492 :: 		
0x00A2	0x28B4      	GOTO       UOK22LB
;__Lib_Math.c,1494 :: 		
UADD22LB:
;__Lib_Math.c,1495 :: 		
0x00A3	0x07F8      	ADDWF      R8, 1
;__Lib_Math.c,1496 :: 		
0x00A4	0x0875      	MOVF       R5, 0
;__Lib_Math.c,1497 :: 		
0x00A5	0x1803      	BTFSC      STATUS, 0
;__Lib_Math.c,1498 :: 		
0x00A6	0x0F75      	INCFSZ     R5, 0
;__Lib_Math.c,1499 :: 		
0x00A7	0x07F9      	ADDWF      R9, 1
;__Lib_Math.c,1500 :: 		
0x00A8	0x0876      	MOVF       R6, 0
;__Lib_Math.c,1501 :: 		
0x00A9	0x1803      	BTFSC      STATUS, 0
;__Lib_Math.c,1502 :: 		
0x00AA	0x0F76      	INCFSZ     R6, 0
;__Lib_Math.c,1503 :: 		
0x00AB	0x07FA      	ADDWF      R10, 1
;__Lib_Math.c,1504 :: 		
0x00AC	0x0877      	MOVF       R7, 0
;__Lib_Math.c,1505 :: 		
0x00AD	0x1803      	BTFSC      STATUS, 0
;__Lib_Math.c,1506 :: 		
0x00AE	0x0F77      	INCFSZ     R7, 0
;__Lib_Math.c,1507 :: 		
0x00AF	0x07FB      	ADDWF      R11, 1
;__Lib_Math.c,1508 :: 		
0x00B0	0x0100      	CLRW       0, 0
;__Lib_Math.c,1509 :: 		
0x00B1	0x1803      	BTFSC      STATUS, 0
;__Lib_Math.c,1510 :: 		
0x00B2	0x3001      	MOVLW      1
;__Lib_Math.c,1511 :: 		
0x00B3	0x07A0      	ADDWF      ___math_tempb, 1
;__Lib_Math.c,1513 :: 		
UOK22LB:
;__Lib_Math.c,1514 :: 		
0x00B4	0x0DF2      	RLF        R2, 1
;__Lib_Math.c,1516 :: 		
0x00B5	0x0BFC      	DECFSZ     R12, 1
;__Lib_Math.c,1517 :: 		
0x00B6	0x2888      	GOTO       LOOPU3232B
;__Lib_Math.c,1519 :: 		
0x00B7	0x0D71      	RLF        R1, 0
;__Lib_Math.c,1520 :: 		
0x00B8	0x0DF8      	RLF        R8, 1
;__Lib_Math.c,1521 :: 		
0x00B9	0x0DF9      	RLF        R9, 1
;__Lib_Math.c,1522 :: 		
0x00BA	0x0DFA      	RLF        R10, 1
;__Lib_Math.c,1523 :: 		
0x00BB	0x0DFB      	RLF        R11, 1
;__Lib_Math.c,1524 :: 		
0x00BC	0x0DA0      	RLF        ___math_tempb, 1
;__Lib_Math.c,1525 :: 		
0x00BD	0x0874      	MOVF       R4, 0
;__Lib_Math.c,1526 :: 		
0x00BE	0x1C72      	BTFSS      R2, 0
;__Lib_Math.c,1527 :: 		
0x00BF	0x28D2      	GOTO       UADD22L16
;__Lib_Math.c,1529 :: 		
0x00C0	0x02F8      	SUBWF      R8, 1
;__Lib_Math.c,1530 :: 		
0x00C1	0x0875      	MOVF       R5, 0
;__Lib_Math.c,1531 :: 		
0x00C2	0x1C03      	BTFSS      STATUS, 0
;__Lib_Math.c,1532 :: 		
0x00C3	0x0F75      	INCFSZ     R5, 0
;__Lib_Math.c,1533 :: 		
0x00C4	0x02F9      	SUBWF      R9, 1
;__Lib_Math.c,1534 :: 		
0x00C5	0x0876      	MOVF       R6, 0
;__Lib_Math.c,1535 :: 		
0x00C6	0x1C03      	BTFSS      STATUS, 0
;__Lib_Math.c,1536 :: 		
0x00C7	0x0F76      	INCFSZ     R6, 0
;__Lib_Math.c,1537 :: 		
0x00C8	0x02FA      	SUBWF      R10, 1
;__Lib_Math.c,1538 :: 		
0x00C9	0x0877      	MOVF       R7, 0
;__Lib_Math.c,1539 :: 		
0x00CA	0x1C03      	BTFSS      STATUS, 0
;__Lib_Math.c,1540 :: 		
0x00CB	0x0F77      	INCFSZ     R7, 0
;__Lib_Math.c,1541 :: 		
0x00CC	0x02FB      	SUBWF      R11, 1
;__Lib_Math.c,1542 :: 		
0x00CD	0x0100      	CLRW       0, 0
;__Lib_Math.c,1543 :: 		
0x00CE	0x1C03      	BTFSS      STATUS, 0
;__Lib_Math.c,1544 :: 		
0x00CF	0x3001      	MOVLW      1
;__Lib_Math.c,1545 :: 		
0x00D0	0x02A0      	SUBWF      ___math_tempb, 1
;__Lib_Math.c,1546 :: 		
0x00D1	0x28E3      	GOTO       UOK22L16
;__Lib_Math.c,1548 :: 		
UADD22L16:
;__Lib_Math.c,1549 :: 		
0x00D2	0x07F8      	ADDWF      R8, 1
;__Lib_Math.c,1550 :: 		
0x00D3	0x0875      	MOVF       R5, 0
;__Lib_Math.c,1551 :: 		
0x00D4	0x1803      	BTFSC      STATUS, 0
;__Lib_Math.c,1552 :: 		
0x00D5	0x0F75      	INCFSZ     R5, 0
;__Lib_Math.c,1553 :: 		
0x00D6	0x07F9      	ADDWF      R9, 1
;__Lib_Math.c,1554 :: 		
0x00D7	0x0876      	MOVF       R6, 0
;__Lib_Math.c,1555 :: 		
0x00D8	0x1803      	BTFSC      STATUS, 0
;__Lib_Math.c,1556 :: 		
0x00D9	0x0F76      	INCFSZ     R6, 0
;__Lib_Math.c,1557 :: 		
0x00DA	0x07FA      	ADDWF      R10, 1
;__Lib_Math.c,1558 :: 		
0x00DB	0x0877      	MOVF       R7, 0
;__Lib_Math.c,1559 :: 		
0x00DC	0x1803      	BTFSC      STATUS, 0
;__Lib_Math.c,1560 :: 		
0x00DD	0x0F77      	INCFSZ     R7, 0
;__Lib_Math.c,1561 :: 		
0x00DE	0x07FB      	ADDWF      R11, 1
;__Lib_Math.c,1562 :: 		
0x00DF	0x0100      	CLRW       0, 0
;__Lib_Math.c,1563 :: 		
0x00E0	0x1803      	BTFSC      STATUS, 0
;__Lib_Math.c,1564 :: 		
0x00E1	0x3001      	MOVLW      1
;__Lib_Math.c,1565 :: 		
0x00E2	0x07A0      	ADDWF      ___math_tempb, 1
;__Lib_Math.c,1567 :: 		
UOK22L16:
;__Lib_Math.c,1568 :: 		
0x00E3	0x0DF1      	RLF        R1, 1
;__Lib_Math.c,1570 :: 		
0x00E4	0x3007      	MOVLW      7
;__Lib_Math.c,1571 :: 		
0x00E5	0x00FC      	MOVWF      R12
;__Lib_Math.c,1573 :: 		
LOOPU3232C:
;__Lib_Math.c,1574 :: 		
0x00E6	0x0D71      	RLF        R1, 0
;__Lib_Math.c,1575 :: 		
0x00E7	0x0DF8      	RLF        R8, 1
;__Lib_Math.c,1576 :: 		
0x00E8	0x0DF9      	RLF        R9, 1
;__Lib_Math.c,1577 :: 		
0x00E9	0x0DFA      	RLF        R10, 1
;__Lib_Math.c,1578 :: 		
0x00EA	0x0DFB      	RLF        R11, 1
;__Lib_Math.c,1579 :: 		
0x00EB	0x0DA0      	RLF        ___math_tempb, 1
;__Lib_Math.c,1580 :: 		
0x00EC	0x0874      	MOVF       R4, 0
;__Lib_Math.c,1581 :: 		
0x00ED	0x1C71      	BTFSS      R1, 0
;__Lib_Math.c,1582 :: 		
0x00EE	0x2901      	GOTO       UADD22LC
;__Lib_Math.c,1584 :: 		
0x00EF	0x02F8      	SUBWF      R8, 1
;__Lib_Math.c,1585 :: 		
0x00F0	0x0875      	MOVF       R5, 0
;__Lib_Math.c,1586 :: 		
0x00F1	0x1C03      	BTFSS      STATUS, 0
;__Lib_Math.c,1587 :: 		
0x00F2	0x0F75      	INCFSZ     R5, 0
;__Lib_Math.c,1588 :: 		
0x00F3	0x02F9      	SUBWF      R9, 1
;__Lib_Math.c,1589 :: 		
0x00F4	0x0876      	MOVF       R6, 0
;__Lib_Math.c,1590 :: 		
0x00F5	0x1C03      	BTFSS      STATUS, 0
;__Lib_Math.c,1591 :: 		
0x00F6	0x0F76      	INCFSZ     R6, 0
;__Lib_Math.c,1592 :: 		
0x00F7	0x02FA      	SUBWF      R10, 1
;__Lib_Math.c,1593 :: 		
0x00F8	0x0877      	MOVF       R7, 0
;__Lib_Math.c,1594 :: 		
0x00F9	0x1C03      	BTFSS      STATUS, 0
;__Lib_Math.c,1595 :: 		
0x00FA	0x0F77      	INCFSZ     R7, 0
;__Lib_Math.c,1596 :: 		
0x00FB	0x02FB      	SUBWF      R11, 1
;__Lib_Math.c,1597 :: 		
0x00FC	0x0100      	CLRW       0, 0
;__Lib_Math.c,1598 :: 		
0x00FD	0x1C03      	BTFSS      STATUS, 0
;__Lib_Math.c,1599 :: 		
0x00FE	0x3001      	MOVLW      1
;__Lib_Math.c,1600 :: 		
0x00FF	0x02A0      	SUBWF      ___math_tempb, 1
;__Lib_Math.c,1601 :: 		
0x0100	0x2912      	GOTO       UOK22LC
;__Lib_Math.c,1603 :: 		
UADD22LC:
;__Lib_Math.c,1604 :: 		
0x0101	0x07F8      	ADDWF      R8, 1
;__Lib_Math.c,1605 :: 		
0x0102	0x0875      	MOVF       R5, 0
;__Lib_Math.c,1606 :: 		
0x0103	0x1803      	BTFSC      STATUS, 0
;__Lib_Math.c,1607 :: 		
0x0104	0x0F75      	INCFSZ     R5, 0
;__Lib_Math.c,1608 :: 		
0x0105	0x07F9      	ADDWF      R9, 1
;__Lib_Math.c,1609 :: 		
0x0106	0x0876      	MOVF       R6, 0
;__Lib_Math.c,1610 :: 		
0x0107	0x1803      	BTFSC      STATUS, 0
;__Lib_Math.c,1611 :: 		
0x0108	0x0F76      	INCFSZ     R6, 0
;__Lib_Math.c,1612 :: 		
0x0109	0x07FA      	ADDWF      R10, 1
;__Lib_Math.c,1613 :: 		
0x010A	0x0877      	MOVF       R7, 0
;__Lib_Math.c,1614 :: 		
0x010B	0x1803      	BTFSC      STATUS, 0
;__Lib_Math.c,1615 :: 		
0x010C	0x0F77      	INCFSZ     R7, 0
;__Lib_Math.c,1616 :: 		
0x010D	0x07FB      	ADDWF      R11, 1
;__Lib_Math.c,1617 :: 		
0x010E	0x0100      	CLRW       0, 0
;__Lib_Math.c,1618 :: 		
0x010F	0x1803      	BTFSC      STATUS, 0
;__Lib_Math.c,1619 :: 		
0x0110	0x3001      	MOVLW      1
;__Lib_Math.c,1620 :: 		
0x0111	0x07A0      	ADDWF      ___math_tempb, 1
;__Lib_Math.c,1622 :: 		
UOK22LC:
;__Lib_Math.c,1623 :: 		
0x0112	0x0DF1      	RLF        R1, 1
;__Lib_Math.c,1625 :: 		
0x0113	0x0BFC      	DECFSZ     R12, 1
;__Lib_Math.c,1626 :: 		
0x0114	0x28E6      	GOTO       LOOPU3232C
;__Lib_Math.c,1628 :: 		
0x0115	0x0D70      	RLF        R0, 0
;__Lib_Math.c,1629 :: 		
0x0116	0x0DF8      	RLF        R8, 1
;__Lib_Math.c,1630 :: 		
0x0117	0x0DF9      	RLF        R9, 1
;__Lib_Math.c,1631 :: 		
0x0118	0x0DFA      	RLF        R10, 1
;__Lib_Math.c,1632 :: 		
0x0119	0x0DFB      	RLF        R11, 1
;__Lib_Math.c,1633 :: 		
0x011A	0x0DA0      	RLF        ___math_tempb, 1
;__Lib_Math.c,1634 :: 		
0x011B	0x0874      	MOVF       R4, 0
;__Lib_Math.c,1635 :: 		
0x011C	0x1C71      	BTFSS      R1, 0
;__Lib_Math.c,1636 :: 		
0x011D	0x2930      	GOTO       UADD22L24
;__Lib_Math.c,1638 :: 		
0x011E	0x02F8      	SUBWF      R8, 1
;__Lib_Math.c,1639 :: 		
0x011F	0x0875      	MOVF       R5, 0
;__Lib_Math.c,1640 :: 		
0x0120	0x1C03      	BTFSS      STATUS, 0
;__Lib_Math.c,1641 :: 		
0x0121	0x0F75      	INCFSZ     R5, 0
;__Lib_Math.c,1642 :: 		
0x0122	0x02F9      	SUBWF      R9, 1
;__Lib_Math.c,1643 :: 		
0x0123	0x0876      	MOVF       R6, 0
;__Lib_Math.c,1644 :: 		
0x0124	0x1C03      	BTFSS      STATUS, 0
;__Lib_Math.c,1645 :: 		
0x0125	0x0F76      	INCFSZ     R6, 0
;__Lib_Math.c,1646 :: 		
0x0126	0x02FA      	SUBWF      R10, 1
;__Lib_Math.c,1647 :: 		
0x0127	0x0877      	MOVF       R7, 0
;__Lib_Math.c,1648 :: 		
0x0128	0x1C03      	BTFSS      STATUS, 0
;__Lib_Math.c,1649 :: 		
0x0129	0x0F77      	INCFSZ     R7, 0
;__Lib_Math.c,1650 :: 		
0x012A	0x02FB      	SUBWF      R11, 1
;__Lib_Math.c,1651 :: 		
0x012B	0x0100      	CLRW       0, 0
;__Lib_Math.c,1652 :: 		
0x012C	0x1C03      	BTFSS      STATUS, 0
;__Lib_Math.c,1653 :: 		
0x012D	0x3001      	MOVLW      1
;__Lib_Math.c,1654 :: 		
0x012E	0x02A0      	SUBWF      ___math_tempb, 1
;__Lib_Math.c,1655 :: 		
0x012F	0x2941      	GOTO       UOK22L24
;__Lib_Math.c,1657 :: 		
UADD22L24:
;__Lib_Math.c,1658 :: 		
0x0130	0x07F8      	ADDWF      R8, 1
;__Lib_Math.c,1659 :: 		
0x0131	0x0875      	MOVF       R5, 0
;__Lib_Math.c,1660 :: 		
0x0132	0x1803      	BTFSC      STATUS, 0
;__Lib_Math.c,1661 :: 		
0x0133	0x0F75      	INCFSZ     R5, 0
;__Lib_Math.c,1662 :: 		
0x0134	0x07F9      	ADDWF      R9, 1
;__Lib_Math.c,1663 :: 		
0x0135	0x0876      	MOVF       R6, 0
;__Lib_Math.c,1664 :: 		
0x0136	0x1803      	BTFSC      STATUS, 0
;__Lib_Math.c,1665 :: 		
0x0137	0x0F76      	INCFSZ     R6, 0
;__Lib_Math.c,1666 :: 		
0x0138	0x07FA      	ADDWF      R10, 1
;__Lib_Math.c,1667 :: 		
0x0139	0x0877      	MOVF       R7, 0
;__Lib_Math.c,1668 :: 		
0x013A	0x1803      	BTFSC      STATUS, 0
;__Lib_Math.c,1669 :: 		
0x013B	0x0F77      	INCFSZ     R7, 0
;__Lib_Math.c,1670 :: 		
0x013C	0x07FB      	ADDWF      R11, 1
;__Lib_Math.c,1671 :: 		
0x013D	0x0100      	CLRW       0, 0
;__Lib_Math.c,1672 :: 		
0x013E	0x1803      	BTFSC      STATUS, 0
;__Lib_Math.c,1673 :: 		
0x013F	0x3001      	MOVLW      1
;__Lib_Math.c,1674 :: 		
0x0140	0x07A0      	ADDWF      ___math_tempb, 1
;__Lib_Math.c,1676 :: 		
UOK22L24:
;__Lib_Math.c,1677 :: 		
0x0141	0x0DF0      	RLF        R0, 1
;__Lib_Math.c,1679 :: 		
0x0142	0x3007      	MOVLW      7
;__Lib_Math.c,1680 :: 		
0x0143	0x00FC      	MOVWF      R12
;__Lib_Math.c,1682 :: 		
LOOPU3232D:
;__Lib_Math.c,1683 :: 		
0x0144	0x0D70      	RLF        R0, 0
;__Lib_Math.c,1684 :: 		
0x0145	0x0DF8      	RLF        R8, 1
;__Lib_Math.c,1685 :: 		
0x0146	0x0DF9      	RLF        R9, 1
;__Lib_Math.c,1686 :: 		
0x0147	0x0DFA      	RLF        R10, 1
;__Lib_Math.c,1687 :: 		
0x0148	0x0DFB      	RLF        R11, 1
;__Lib_Math.c,1688 :: 		
0x0149	0x0DA0      	RLF        ___math_tempb, 1
;__Lib_Math.c,1689 :: 		
0x014A	0x0874      	MOVF       R4, 0
;__Lib_Math.c,1690 :: 		
0x014B	0x1C70      	BTFSS      R0, 0
;__Lib_Math.c,1691 :: 		
0x014C	0x295F      	GOTO       UADD22LD
;__Lib_Math.c,1693 :: 		
0x014D	0x02F8      	SUBWF      R8, 1
;__Lib_Math.c,1694 :: 		
0x014E	0x0875      	MOVF       R5, 0
;__Lib_Math.c,1695 :: 		
0x014F	0x1C03      	BTFSS      STATUS, 0
;__Lib_Math.c,1696 :: 		
0x0150	0x0F75      	INCFSZ     R5, 0
;__Lib_Math.c,1697 :: 		
0x0151	0x02F9      	SUBWF      R9, 1
;__Lib_Math.c,1698 :: 		
0x0152	0x0876      	MOVF       R6, 0
;__Lib_Math.c,1699 :: 		
0x0153	0x1C03      	BTFSS      STATUS, 0
;__Lib_Math.c,1700 :: 		
0x0154	0x0F76      	INCFSZ     R6, 0
;__Lib_Math.c,1701 :: 		
0x0155	0x02FA      	SUBWF      R10, 1
;__Lib_Math.c,1702 :: 		
0x0156	0x0877      	MOVF       R7, 0
;__Lib_Math.c,1703 :: 		
0x0157	0x1C03      	BTFSS      STATUS, 0
;__Lib_Math.c,1704 :: 		
0x0158	0x0F77      	INCFSZ     R7, 0
;__Lib_Math.c,1705 :: 		
0x0159	0x02FB      	SUBWF      R11, 1
;__Lib_Math.c,1706 :: 		
0x015A	0x0100      	CLRW       0, 0
;__Lib_Math.c,1707 :: 		
0x015B	0x1C03      	BTFSS      STATUS, 0
;__Lib_Math.c,1708 :: 		
0x015C	0x3001      	MOVLW      1
;__Lib_Math.c,1709 :: 		
0x015D	0x02A0      	SUBWF      ___math_tempb, 1
;__Lib_Math.c,1710 :: 		
0x015E	0x2970      	GOTO       UOK22LD
;__Lib_Math.c,1712 :: 		
UADD22LD:
;__Lib_Math.c,1713 :: 		
0x015F	0x07F8      	ADDWF      R8, 1
;__Lib_Math.c,1714 :: 		
0x0160	0x0875      	MOVF       R5, 0
;__Lib_Math.c,1715 :: 		
0x0161	0x1803      	BTFSC      STATUS, 0
;__Lib_Math.c,1716 :: 		
0x0162	0x0F75      	INCFSZ     R5, 0
;__Lib_Math.c,1717 :: 		
0x0163	0x07F9      	ADDWF      R9, 1
;__Lib_Math.c,1718 :: 		
0x0164	0x0876      	MOVF       R6, 0
;__Lib_Math.c,1719 :: 		
0x0165	0x1803      	BTFSC      STATUS, 0
;__Lib_Math.c,1720 :: 		
0x0166	0x0F76      	INCFSZ     R6, 0
;__Lib_Math.c,1721 :: 		
0x0167	0x07FA      	ADDWF      R10, 1
;__Lib_Math.c,1722 :: 		
0x0168	0x0877      	MOVF       R7, 0
;__Lib_Math.c,1723 :: 		
0x0169	0x1803      	BTFSC      STATUS, 0
;__Lib_Math.c,1724 :: 		
0x016A	0x0F77      	INCFSZ     R7, 0
;__Lib_Math.c,1725 :: 		
0x016B	0x07FB      	ADDWF      R11, 1
;__Lib_Math.c,1726 :: 		
0x016C	0x0100      	CLRW       0, 0
;__Lib_Math.c,1727 :: 		
0x016D	0x1803      	BTFSC      STATUS, 0
;__Lib_Math.c,1728 :: 		
0x016E	0x3001      	MOVLW      1
;__Lib_Math.c,1729 :: 		
0x016F	0x07A0      	ADDWF      ___math_tempb, 1
;__Lib_Math.c,1731 :: 		
UOK22LD:
;__Lib_Math.c,1732 :: 		
0x0170	0x0DF0      	RLF        R0, 1
;__Lib_Math.c,1734 :: 		
0x0171	0x0BFC      	DECFSZ     R12, 1
;__Lib_Math.c,1735 :: 		
0x0172	0x2944      	GOTO       LOOPU3232D
;__Lib_Math.c,1737 :: 		
0x0173	0x1870      	BTFSC      R0, 0
;__Lib_Math.c,1738 :: 		
0x0174	0x2983      	GOTO       UOK22L
;__Lib_Math.c,1739 :: 		
0x0175	0x0874      	MOVF       R4, 0
;__Lib_Math.c,1740 :: 		
0x0176	0x07F8      	ADDWF      R8, 1
;__Lib_Math.c,1741 :: 		
0x0177	0x0875      	MOVF       R5, 0
;__Lib_Math.c,1742 :: 		
0x0178	0x1803      	BTFSC      STATUS, 0
;__Lib_Math.c,1743 :: 		
0x0179	0x0F75      	INCFSZ     R5, 0
;__Lib_Math.c,1744 :: 		
0x017A	0x07F9      	ADDWF      R9, 1
;__Lib_Math.c,1745 :: 		
0x017B	0x0876      	MOVF       R6, 0
;__Lib_Math.c,1746 :: 		
0x017C	0x1803      	BTFSC      STATUS, 0
;__Lib_Math.c,1747 :: 		
0x017D	0x0F76      	INCFSZ     R6, 0
;__Lib_Math.c,1748 :: 		
0x017E	0x07FA      	ADDWF      R10, 1
;__Lib_Math.c,1749 :: 		
0x017F	0x0877      	MOVF       R7, 0
;__Lib_Math.c,1750 :: 		
0x0180	0x1803      	BTFSC      STATUS, 0
;__Lib_Math.c,1751 :: 		
0x0181	0x0F77      	INCFSZ     R7, 0
;__Lib_Math.c,1752 :: 		
0x0182	0x07FB      	ADDWF      R11, 1
;__Lib_Math.c,1754 :: 		
UOK22L:
;__Lib_Math.c,1757 :: 		
L_end_Div_32x32_U:
0x0183	0x0008      	RETURN
; end of _Div_32x32_U
_MAX7219_write_1:
;parcial_4.c,20 :: 		void MAX7219_write_1(char reg1, char reg2, char data1, char data2)
;parcial_4.c,22 :: 		MAX7219_CS_LOAD_1  = 0;
0x0184	0x0020      	MOVLB      0
0x0185	0x108C      	BCF        RA1_bit, BitPos(RA1_bit+0)
;parcial_4.c,23 :: 		SPI1_write(reg1);
0x0186	0x083A      	MOVF       FARG_MAX7219_write_1_reg1, 0
0x0187	0x00BE      	MOVWF      FARG_SPI1_Write_data_
0x0188	0x2003      	CALL       _SPI1_Write
;parcial_4.c,24 :: 		SPI1_write(data1);
0x0189	0x0020      	MOVLB      0
0x018A	0x083C      	MOVF       FARG_MAX7219_write_1_data1, 0
0x018B	0x00BE      	MOVWF      FARG_SPI1_Write_data_
0x018C	0x2003      	CALL       _SPI1_Write
;parcial_4.c,25 :: 		MAX7219_CS_LOAD_1  = 1;
0x018D	0x0020      	MOVLB      0
0x018E	0x148C      	BSF        RA1_bit, BitPos(RA1_bit+0)
;parcial_4.c,26 :: 		SPI1_write(reg2);
0x018F	0x083B      	MOVF       FARG_MAX7219_write_1_reg2, 0
0x0190	0x00BE      	MOVWF      FARG_SPI1_Write_data_
0x0191	0x2003      	CALL       _SPI1_Write
;parcial_4.c,27 :: 		SPI1_write(data2);
0x0192	0x0020      	MOVLB      0
0x0193	0x083D      	MOVF       FARG_MAX7219_write_1_data2, 0
0x0194	0x00BE      	MOVWF      FARG_SPI1_Write_data_
0x0195	0x2003      	CALL       _SPI1_Write
;parcial_4.c,28 :: 		MAX7219_CS_LOAD_1  = 0;
0x0196	0x0020      	MOVLB      0
0x0197	0x108C      	BCF        RA1_bit, BitPos(RA1_bit+0)
;parcial_4.c,29 :: 		}
L_end_MAX7219_write_1:
0x0198	0x0008      	RETURN
; end of _MAX7219_write_1
_SPI1_Init:
;__Lib_SPI_b412_b52a0.c,24 :: 		
;__Lib_SPI_b412_b52a0.c,25 :: 		
0x0199	0x30FF      	MOVLW      _SPI1_Read
0x019A	0x0020      	MOVLB      0
0x019B	0x00AD      	MOVWF      _SPI_Rd_Ptr
0x019C	0x30FF      	MOVLW      hi_addr(_SPI1_Read)
0x019D	0x00AE      	MOVWF      _SPI_Rd_Ptr+1
0x019E	0x30FF      	MOVLW      FARG_SPI1_Read_buffer
0x019F	0x00AF      	MOVWF      _SPI_Rd_Ptr+2
0x01A0	0x30FF      	MOVLW      hi_addr(FARG_SPI1_Read_buffer)
0x01A1	0x00B0      	MOVWF      _SPI_Rd_Ptr+3
;__Lib_SPI_b412_b52a0.c,26 :: 		
0x01A2	0x3003      	MOVLW      _SPI1_Write
0x01A3	0x00A1      	MOVWF      _SPI_Wr_Ptr
0x01A4	0x3000      	MOVLW      hi_addr(_SPI1_Write)
0x01A5	0x00A2      	MOVWF      _SPI_Wr_Ptr+1
0x01A6	0x303E      	MOVLW      FARG_SPI1_Write_data_
0x01A7	0x00A3      	MOVWF      _SPI_Wr_Ptr+2
0x01A8	0x3000      	MOVLW      hi_addr(FARG_SPI1_Write_data_)
0x01A9	0x00A4      	MOVWF      _SPI_Wr_Ptr+3
;__Lib_SPI_b412_b52a0.c,28 :: 		
0x01AA	0x0024      	MOVLB      4
0x01AB	0x1295      	BCF        SSP1CON1, 5
;__Lib_SPI_b412_b52a0.c,29 :: 		
0x01AC	0x0021      	MOVLB      1
0x01AD	0x110D      	BCF        TRISB2_bit, BitPos(TRISB2_bit+0)
;__Lib_SPI_b412_b52a0.c,30 :: 		
0x01AE	0x120D      	BCF        TRISB4_bit, BitPos(TRISB4_bit+0)
;__Lib_SPI_b412_b52a0.c,31 :: 		
0x01AF	0x148D      	BSF        TRISB1_bit, BitPos(TRISB1_bit+0)
;__Lib_SPI_b412_b52a0.c,32 :: 		
0x01B0	0x0024      	MOVLB      4
0x01B1	0x0195      	CLRF       SSP1CON1
;__Lib_SPI_b412_b52a0.c,33 :: 		
0x01B2	0x3040      	MOVLW      64
0x01B3	0x0094      	MOVWF      SSP1STAT
;__Lib_SPI_b412_b52a0.c,34 :: 		
0x01B4	0x1695      	BSF        SSP1CON1, 5
;__Lib_SPI_b412_b52a0.c,35 :: 		
L_end_SPI1_Init:
0x01B5	0x0008      	RETURN
; end of _SPI1_Init
_Max7219DisplayOn_1:
;parcial_4.c,78 :: 		void Max7219DisplayOn_1()
;parcial_4.c,80 :: 		MAX7219_CS_LOAD_1=0;
0x01B6	0x0020      	MOVLB      0
0x01B7	0x108C      	BCF        RA1_bit, BitPos(RA1_bit+0)
;parcial_4.c,81 :: 		SPI1_write(SHUTDOWN_REG);
0x01B8	0x300C      	MOVLW      12
0x01B9	0x00BE      	MOVWF      FARG_SPI1_Write_data_
0x01BA	0x2003      	CALL       _SPI1_Write
;parcial_4.c,82 :: 		SPI1_write(NORMAL_OPERATION);
0x01BB	0x3001      	MOVLW      1
0x01BC	0x0020      	MOVLB      0
0x01BD	0x00BE      	MOVWF      FARG_SPI1_Write_data_
0x01BE	0x2003      	CALL       _SPI1_Write
;parcial_4.c,83 :: 		MAX7219_CS_LOAD_1=1;
0x01BF	0x0020      	MOVLB      0
0x01C0	0x148C      	BSF        RA1_bit, BitPos(RA1_bit+0)
;parcial_4.c,84 :: 		}
L_end_Max7219DisplayOn_1:
0x01C1	0x0008      	RETURN
; end of _Max7219DisplayOn_1
_Max7219Print_2:
;parcial_4.c,57 :: 		void Max7219Print_2(unsigned long Number, unsigned short NumberOfDigits)
;parcial_4.c,60 :: 		for(i=1;Number>0||i-NumberOfDigits<=0;Number/=10,i++)
0x01C2	0x3001      	MOVLW      1
0x01C3	0x0020      	MOVLB      0
0x01C4	0x00B6      	MOVWF      Max7219Print_2_i_L0
0x01C5	0x01B7      	CLRF       Max7219Print_2_i_L0+1
0x01C6	0x01B8      	CLRF       Max7219Print_2_i_L0+2
0x01C7	0x01B9      	CLRF       Max7219Print_2_i_L0+3
L_Max7219Print_25:
0x01C8	0x0834      	MOVF       FARG_Max7219Print_2_Number+3, 0
0x01C9	0x3C00      	SUBLW      0
0x01CA	0x1D03      	BTFSS      STATUS, 2
0x01CB	0x29D6      	GOTO       L__Max7219Print_235
0x01CC	0x0833      	MOVF       FARG_Max7219Print_2_Number+2, 0
0x01CD	0x3C00      	SUBLW      0
0x01CE	0x1D03      	BTFSS      STATUS, 2
0x01CF	0x29D6      	GOTO       L__Max7219Print_235
0x01D0	0x0832      	MOVF       FARG_Max7219Print_2_Number+1, 0
0x01D1	0x3C00      	SUBLW      0
0x01D2	0x1D03      	BTFSS      STATUS, 2
0x01D3	0x29D6      	GOTO       L__Max7219Print_235
0x01D4	0x0831      	MOVF       FARG_Max7219Print_2_Number, 0
0x01D5	0x3C00      	SUBLW      0
L__Max7219Print_235:
0x01D6	0x1C03      	BTFSS      STATUS, 0
0x01D7	0x29FA      	GOTO       L__Max7219Print_227
0x01D8	0x0836      	MOVF       Max7219Print_2_i_L0, 0
0x01D9	0x00F1      	MOVWF      R1
0x01DA	0x0837      	MOVF       Max7219Print_2_i_L0+1, 0
0x01DB	0x00F2      	MOVWF      R2
0x01DC	0x0838      	MOVF       Max7219Print_2_i_L0+2, 0
0x01DD	0x00F3      	MOVWF      R3
0x01DE	0x0839      	MOVF       Max7219Print_2_i_L0+3, 0
0x01DF	0x00F4      	MOVWF      R4
0x01E0	0x0835      	MOVF       FARG_Max7219Print_2_NumberOfDigits, 0
0x01E1	0x02F1      	SUBWF      R1, 1
0x01E2	0x3000      	MOVLW      0
0x01E3	0x3BF2      	SUBWFB     R2, 1
0x01E4	0x3BF3      	SUBWFB     R3, 1
0x01E5	0x3BF4      	SUBWFB     R4, 1
0x01E6	0x3080      	MOVLW      128
0x01E7	0x00F0      	MOVWF      R0
0x01E8	0x3080      	MOVLW      128
0x01E9	0x0674      	XORWF      R4, 0
0x01EA	0x0270      	SUBWF      R0, 0
0x01EB	0x1D03      	BTFSS      STATUS, 2
0x01EC	0x29F7      	GOTO       L__Max7219Print_236
0x01ED	0x0873      	MOVF       R3, 0
0x01EE	0x3C00      	SUBLW      0
0x01EF	0x1D03      	BTFSS      STATUS, 2
0x01F0	0x29F7      	GOTO       L__Max7219Print_236
0x01F1	0x0872      	MOVF       R2, 0
0x01F2	0x3C00      	SUBLW      0
0x01F3	0x1D03      	BTFSS      STATUS, 2
0x01F4	0x29F7      	GOTO       L__Max7219Print_236
0x01F5	0x0871      	MOVF       R1, 0
0x01F6	0x3C00      	SUBLW      0
L__Max7219Print_236:
0x01F7	0x1803      	BTFSC      STATUS, 0
0x01F8	0x29FA      	GOTO       L__Max7219Print_227
0x01F9	0x2A37      	GOTO       L_Max7219Print_26
L__Max7219Print_227:
;parcial_4.c,62 :: 		MAX7219_CS_LOAD_1=0;
0x01FA	0x108C      	BCF        RA1_bit, BitPos(RA1_bit+0)
;parcial_4.c,63 :: 		SPI1_write(i);
0x01FB	0x0836      	MOVF       Max7219Print_2_i_L0, 0
0x01FC	0x00BE      	MOVWF      FARG_SPI1_Write_data_
0x01FD	0x2003      	CALL       _SPI1_Write
;parcial_4.c,64 :: 		SPI1_write(Number%10);
0x01FE	0x300A      	MOVLW      10
0x01FF	0x00F4      	MOVWF      R4
0x0200	0x01F5      	CLRF       R5
0x0201	0x01F6      	CLRF       R6
0x0202	0x01F7      	CLRF       R7
0x0203	0x0020      	MOVLB      0
0x0204	0x0831      	MOVF       FARG_Max7219Print_2_Number, 0
0x0205	0x00F0      	MOVWF      R0
0x0206	0x0832      	MOVF       FARG_Max7219Print_2_Number+1, 0
0x0207	0x00F1      	MOVWF      R1
0x0208	0x0833      	MOVF       FARG_Max7219Print_2_Number+2, 0
0x0209	0x00F2      	MOVWF      R2
0x020A	0x0834      	MOVF       FARG_Max7219Print_2_Number+3, 0
0x020B	0x00F3      	MOVWF      R3
0x020C	0x200D      	CALL       _Div_32x32_U
0x020D	0x0878      	MOVF       R8, 0
0x020E	0x00F0      	MOVWF      R0
0x020F	0x0879      	MOVF       R9, 0
0x0210	0x00F1      	MOVWF      R1
0x0211	0x087A      	MOVF       R10, 0
0x0212	0x00F2      	MOVWF      R2
0x0213	0x087B      	MOVF       R11, 0
0x0214	0x00F3      	MOVWF      R3
0x0215	0x0870      	MOVF       R0, 0
0x0216	0x00BE      	MOVWF      FARG_SPI1_Write_data_
0x0217	0x2003      	CALL       _SPI1_Write
;parcial_4.c,65 :: 		MAX7219_CS_LOAD_1=1;
0x0218	0x0020      	MOVLB      0
0x0219	0x148C      	BSF        RA1_bit, BitPos(RA1_bit+0)
;parcial_4.c,60 :: 		for(i=1;Number>0||i-NumberOfDigits<=0;Number/=10,i++)
0x021A	0x300A      	MOVLW      10
0x021B	0x00F4      	MOVWF      R4
0x021C	0x01F5      	CLRF       R5
0x021D	0x01F6      	CLRF       R6
0x021E	0x01F7      	CLRF       R7
0x021F	0x0831      	MOVF       FARG_Max7219Print_2_Number, 0
0x0220	0x00F0      	MOVWF      R0
0x0221	0x0832      	MOVF       FARG_Max7219Print_2_Number+1, 0
0x0222	0x00F1      	MOVWF      R1
0x0223	0x0833      	MOVF       FARG_Max7219Print_2_Number+2, 0
0x0224	0x00F2      	MOVWF      R2
0x0225	0x0834      	MOVF       FARG_Max7219Print_2_Number+3, 0
0x0226	0x00F3      	MOVWF      R3
0x0227	0x200D      	CALL       _Div_32x32_U
0x0228	0x0870      	MOVF       R0, 0
0x0229	0x00B1      	MOVWF      FARG_Max7219Print_2_Number
0x022A	0x0871      	MOVF       R1, 0
0x022B	0x00B2      	MOVWF      FARG_Max7219Print_2_Number+1
0x022C	0x0872      	MOVF       R2, 0
0x022D	0x00B3      	MOVWF      FARG_Max7219Print_2_Number+2
0x022E	0x0873      	MOVF       R3, 0
0x022F	0x00B4      	MOVWF      FARG_Max7219Print_2_Number+3
0x0230	0x3001      	MOVLW      1
0x0231	0x07B6      	ADDWF      Max7219Print_2_i_L0, 1
0x0232	0x3000      	MOVLW      0
0x0233	0x3DB7      	ADDWFC     Max7219Print_2_i_L0+1, 1
0x0234	0x3DB8      	ADDWFC     Max7219Print_2_i_L0+2, 1
0x0235	0x3DB9      	ADDWFC     Max7219Print_2_i_L0+3, 1
;parcial_4.c,66 :: 		}
0x0236	0x29C8      	GOTO       L_Max7219Print_25
L_Max7219Print_26:
;parcial_4.c,67 :: 		}
L_end_Max7219Print_2:
0x0237	0x0008      	RETURN
; end of _Max7219Print_2
___CC2DW:
;__Lib_System.c,71 :: 		
;__Lib_System.c,73 :: 		
_CC2DL_Loop1:
;__Lib_System.c,74 :: 		
0x0238	0x0012      	MOVIW      FSR0++ 
;__Lib_System.c,75 :: 		
0x0239	0x001E      	MOVWI      FSR1++ 
;__Lib_System.c,76 :: 		
0x023A	0x03F0      	DECF       R0, 1
;__Lib_System.c,77 :: 		
0x023B	0x1D03      	BTFSS      STATUS, 2
;__Lib_System.c,78 :: 		
0x023C	0x2A38      	GOTO       _CC2DL_Loop1
;__Lib_System.c,79 :: 		
0x023D	0x03F1      	DECF       R1, 1
;__Lib_System.c,80 :: 		
0x023E	0x1D03      	BTFSS      STATUS, 2
;__Lib_System.c,81 :: 		
0x023F	0x2A38      	GOTO       _CC2DL_Loop1
;__Lib_System.c,83 :: 		
L_end___CC2DW:
0x0240	0x0008      	RETURN
; end of ___CC2DW
_Max7219Print_1:
;parcial_4.c,45 :: 		void Max7219Print_1(unsigned long Number, unsigned short NumberOfDigits)
;parcial_4.c,48 :: 		for(i=1;Number>0||i-NumberOfDigits<=0;Number/=10,i++)
0x0241	0x3001      	MOVLW      1
0x0242	0x0020      	MOVLB      0
0x0243	0x00B6      	MOVWF      Max7219Print_1_i_L0
0x0244	0x01B7      	CLRF       Max7219Print_1_i_L0+1
0x0245	0x01B8      	CLRF       Max7219Print_1_i_L0+2
0x0246	0x01B9      	CLRF       Max7219Print_1_i_L0+3
L_Max7219Print_10:
0x0247	0x0834      	MOVF       FARG_Max7219Print_1_Number+3, 0
0x0248	0x3C00      	SUBLW      0
0x0249	0x1D03      	BTFSS      STATUS, 2
0x024A	0x2A55      	GOTO       L__Max7219Print_132
0x024B	0x0833      	MOVF       FARG_Max7219Print_1_Number+2, 0
0x024C	0x3C00      	SUBLW      0
0x024D	0x1D03      	BTFSS      STATUS, 2
0x024E	0x2A55      	GOTO       L__Max7219Print_132
0x024F	0x0832      	MOVF       FARG_Max7219Print_1_Number+1, 0
0x0250	0x3C00      	SUBLW      0
0x0251	0x1D03      	BTFSS      STATUS, 2
0x0252	0x2A55      	GOTO       L__Max7219Print_132
0x0253	0x0831      	MOVF       FARG_Max7219Print_1_Number, 0
0x0254	0x3C00      	SUBLW      0
L__Max7219Print_132:
0x0255	0x1C03      	BTFSS      STATUS, 0
0x0256	0x2A79      	GOTO       L__Max7219Print_126
0x0257	0x0836      	MOVF       Max7219Print_1_i_L0, 0
0x0258	0x00F1      	MOVWF      R1
0x0259	0x0837      	MOVF       Max7219Print_1_i_L0+1, 0
0x025A	0x00F2      	MOVWF      R2
0x025B	0x0838      	MOVF       Max7219Print_1_i_L0+2, 0
0x025C	0x00F3      	MOVWF      R3
0x025D	0x0839      	MOVF       Max7219Print_1_i_L0+3, 0
0x025E	0x00F4      	MOVWF      R4
0x025F	0x0835      	MOVF       FARG_Max7219Print_1_NumberOfDigits, 0
0x0260	0x02F1      	SUBWF      R1, 1
0x0261	0x3000      	MOVLW      0
0x0262	0x3BF2      	SUBWFB     R2, 1
0x0263	0x3BF3      	SUBWFB     R3, 1
0x0264	0x3BF4      	SUBWFB     R4, 1
0x0265	0x3080      	MOVLW      128
0x0266	0x00F0      	MOVWF      R0
0x0267	0x3080      	MOVLW      128
0x0268	0x0674      	XORWF      R4, 0
0x0269	0x0270      	SUBWF      R0, 0
0x026A	0x1D03      	BTFSS      STATUS, 2
0x026B	0x2A76      	GOTO       L__Max7219Print_133
0x026C	0x0873      	MOVF       R3, 0
0x026D	0x3C00      	SUBLW      0
0x026E	0x1D03      	BTFSS      STATUS, 2
0x026F	0x2A76      	GOTO       L__Max7219Print_133
0x0270	0x0872      	MOVF       R2, 0
0x0271	0x3C00      	SUBLW      0
0x0272	0x1D03      	BTFSS      STATUS, 2
0x0273	0x2A76      	GOTO       L__Max7219Print_133
0x0274	0x0871      	MOVF       R1, 0
0x0275	0x3C00      	SUBLW      0
L__Max7219Print_133:
0x0276	0x1803      	BTFSC      STATUS, 0
0x0277	0x2A79      	GOTO       L__Max7219Print_126
0x0278	0x2AB6      	GOTO       L_Max7219Print_11
L__Max7219Print_126:
;parcial_4.c,50 :: 		MAX7219_CS_LOAD_1=0;
0x0279	0x108C      	BCF        RA1_bit, BitPos(RA1_bit+0)
;parcial_4.c,51 :: 		SPI1_write(i);
0x027A	0x0836      	MOVF       Max7219Print_1_i_L0, 0
0x027B	0x00BE      	MOVWF      FARG_SPI1_Write_data_
0x027C	0x2003      	CALL       _SPI1_Write
;parcial_4.c,52 :: 		SPI1_write(Number%10);
0x027D	0x300A      	MOVLW      10
0x027E	0x00F4      	MOVWF      R4
0x027F	0x01F5      	CLRF       R5
0x0280	0x01F6      	CLRF       R6
0x0281	0x01F7      	CLRF       R7
0x0282	0x0020      	MOVLB      0
0x0283	0x0831      	MOVF       FARG_Max7219Print_1_Number, 0
0x0284	0x00F0      	MOVWF      R0
0x0285	0x0832      	MOVF       FARG_Max7219Print_1_Number+1, 0
0x0286	0x00F1      	MOVWF      R1
0x0287	0x0833      	MOVF       FARG_Max7219Print_1_Number+2, 0
0x0288	0x00F2      	MOVWF      R2
0x0289	0x0834      	MOVF       FARG_Max7219Print_1_Number+3, 0
0x028A	0x00F3      	MOVWF      R3
0x028B	0x200D      	CALL       _Div_32x32_U
0x028C	0x0878      	MOVF       R8, 0
0x028D	0x00F0      	MOVWF      R0
0x028E	0x0879      	MOVF       R9, 0
0x028F	0x00F1      	MOVWF      R1
0x0290	0x087A      	MOVF       R10, 0
0x0291	0x00F2      	MOVWF      R2
0x0292	0x087B      	MOVF       R11, 0
0x0293	0x00F3      	MOVWF      R3
0x0294	0x0870      	MOVF       R0, 0
0x0295	0x00BE      	MOVWF      FARG_SPI1_Write_data_
0x0296	0x2003      	CALL       _SPI1_Write
;parcial_4.c,53 :: 		MAX7219_CS_LOAD_1=1;
0x0297	0x0020      	MOVLB      0
0x0298	0x148C      	BSF        RA1_bit, BitPos(RA1_bit+0)
;parcial_4.c,48 :: 		for(i=1;Number>0||i-NumberOfDigits<=0;Number/=10,i++)
0x0299	0x300A      	MOVLW      10
0x029A	0x00F4      	MOVWF      R4
0x029B	0x01F5      	CLRF       R5
0x029C	0x01F6      	CLRF       R6
0x029D	0x01F7      	CLRF       R7
0x029E	0x0831      	MOVF       FARG_Max7219Print_1_Number, 0
0x029F	0x00F0      	MOVWF      R0
0x02A0	0x0832      	MOVF       FARG_Max7219Print_1_Number+1, 0
0x02A1	0x00F1      	MOVWF      R1
0x02A2	0x0833      	MOVF       FARG_Max7219Print_1_Number+2, 0
0x02A3	0x00F2      	MOVWF      R2
0x02A4	0x0834      	MOVF       FARG_Max7219Print_1_Number+3, 0
0x02A5	0x00F3      	MOVWF      R3
0x02A6	0x200D      	CALL       _Div_32x32_U
0x02A7	0x0870      	MOVF       R0, 0
0x02A8	0x00B1      	MOVWF      FARG_Max7219Print_1_Number
0x02A9	0x0871      	MOVF       R1, 0
0x02AA	0x00B2      	MOVWF      FARG_Max7219Print_1_Number+1
0x02AB	0x0872      	MOVF       R2, 0
0x02AC	0x00B3      	MOVWF      FARG_Max7219Print_1_Number+2
0x02AD	0x0873      	MOVF       R3, 0
0x02AE	0x00B4      	MOVWF      FARG_Max7219Print_1_Number+3
0x02AF	0x3001      	MOVLW      1
0x02B0	0x07B6      	ADDWF      Max7219Print_1_i_L0, 1
0x02B1	0x3000      	MOVLW      0
0x02B2	0x3DB7      	ADDWFC     Max7219Print_1_i_L0+1, 1
0x02B3	0x3DB8      	ADDWFC     Max7219Print_1_i_L0+2, 1
0x02B4	0x3DB9      	ADDWFC     Max7219Print_1_i_L0+3, 1
;parcial_4.c,54 :: 		}
0x02B5	0x2A47      	GOTO       L_Max7219Print_10
L_Max7219Print_11:
;parcial_4.c,55 :: 		}
L_end_Max7219Print_1:
0x02B6	0x0008      	RETURN
; end of _Max7219Print_1
_MAX7219_init_1:
;parcial_4.c,32 :: 		void MAX7219_init_1()
;parcial_4.c,34 :: 		SPI1_init();
0x02B7	0x2199      	CALL       _SPI1_Init
;parcial_4.c,36 :: 		MAX7219_write_1(DECODE_MODE_REG,DECODE_MODE_REG,DECODE_ALL,DECODE_ALL);
0x02B8	0x3009      	MOVLW      9
0x02B9	0x0020      	MOVLB      0
0x02BA	0x00BA      	MOVWF      FARG_MAX7219_write_1_reg1
0x02BB	0x3009      	MOVLW      9
0x02BC	0x00BB      	MOVWF      FARG_MAX7219_write_1_reg2
0x02BD	0x30FF      	MOVLW      255
0x02BE	0x00BC      	MOVWF      FARG_MAX7219_write_1_data1
0x02BF	0x30FF      	MOVLW      255
0x02C0	0x00BD      	MOVWF      FARG_MAX7219_write_1_data2
0x02C1	0x2184      	CALL       _MAX7219_write_1
;parcial_4.c,37 :: 		MAX7219_write_1(INTESITY_REG,INTESITY_REG,BRIGHTNESS,BRIGHTNESS);
0x02C2	0x300A      	MOVLW      10
0x02C3	0x00BA      	MOVWF      FARG_MAX7219_write_1_reg1
0x02C4	0x300A      	MOVLW      10
0x02C5	0x00BB      	MOVWF      FARG_MAX7219_write_1_reg2
0x02C6	0x300F      	MOVLW      15
0x02C7	0x00BC      	MOVWF      FARG_MAX7219_write_1_data1
0x02C8	0x300F      	MOVLW      15
0x02C9	0x00BD      	MOVWF      FARG_MAX7219_write_1_data2
0x02CA	0x2184      	CALL       _MAX7219_write_1
;parcial_4.c,38 :: 		MAX7219_write_1(SCAN_LIMIT_REG,SCAN_LIMIT_REG,SCAN_ALL_DIGITS,SCAN_ALL_DIGITS);
0x02CB	0x300B      	MOVLW      11
0x02CC	0x00BA      	MOVWF      FARG_MAX7219_write_1_reg1
0x02CD	0x300B      	MOVLW      11
0x02CE	0x00BB      	MOVWF      FARG_MAX7219_write_1_reg2
0x02CF	0x3007      	MOVLW      7
0x02D0	0x00BC      	MOVWF      FARG_MAX7219_write_1_data1
0x02D1	0x3007      	MOVLW      7
0x02D2	0x00BD      	MOVWF      FARG_MAX7219_write_1_data2
0x02D3	0x2184      	CALL       _MAX7219_write_1
;parcial_4.c,39 :: 		MAX7219_write_1(SHUTDOWN_REG,SHUTDOWN_REG,NORMAL_OPERATION,NORMAL_OPERATION);
0x02D4	0x300C      	MOVLW      12
0x02D5	0x00BA      	MOVWF      FARG_MAX7219_write_1_reg1
0x02D6	0x300C      	MOVLW      12
0x02D7	0x00BB      	MOVWF      FARG_MAX7219_write_1_reg2
0x02D8	0x3001      	MOVLW      1
0x02D9	0x00BC      	MOVWF      FARG_MAX7219_write_1_data1
0x02DA	0x3001      	MOVLW      1
0x02DB	0x00BD      	MOVWF      FARG_MAX7219_write_1_data2
0x02DC	0x2184      	CALL       _MAX7219_write_1
;parcial_4.c,40 :: 		MAX7219_write_1(DISPLAY_TEST_REG,DISPLAY_TEST_REG,ENABLE_TEST_MODE,ENABLE_TEST_MODE);
0x02DD	0x300F      	MOVLW      15
0x02DE	0x00BA      	MOVWF      FARG_MAX7219_write_1_reg1
0x02DF	0x300F      	MOVLW      15
0x02E0	0x00BB      	MOVWF      FARG_MAX7219_write_1_reg2
0x02E1	0x3001      	MOVLW      1
0x02E2	0x00BC      	MOVWF      FARG_MAX7219_write_1_data1
0x02E3	0x3001      	MOVLW      1
0x02E4	0x00BD      	MOVWF      FARG_MAX7219_write_1_data2
0x02E5	0x2184      	CALL       _MAX7219_write_1
;parcial_4.c,41 :: 		MAX7219_write_1(DISPLAY_TEST_REG,DISPLAY_TEST_REG,DISABLE_TEST_MODE,DISABLE_TEST_MODE);
0x02E6	0x300F      	MOVLW      15
0x02E7	0x00BA      	MOVWF      FARG_MAX7219_write_1_reg1
0x02E8	0x300F      	MOVLW      15
0x02E9	0x00BB      	MOVWF      FARG_MAX7219_write_1_reg2
0x02EA	0x01BC      	CLRF       FARG_MAX7219_write_1_data1
0x02EB	0x01BD      	CLRF       FARG_MAX7219_write_1_data2
0x02EC	0x2184      	CALL       _MAX7219_write_1
;parcial_4.c,42 :: 		}
L_end_MAX7219_init_1:
0x02ED	0x0008      	RETURN
; end of _MAX7219_init_1
_main:
;parcial_4.c,99 :: 		void main()
;parcial_4.c,101 :: 		ANSELB=0;
0x02EE	0x0023      	MOVLB      3
0x02EF	0x018D      	CLRF       ANSELB
;parcial_4.c,102 :: 		MAX7219_CS_LOAD_1 = 0;                // Deselect DAC
0x02F0	0x0020      	MOVLB      0
0x02F1	0x108C      	BCF        RA1_bit, BitPos(RA1_bit+0)
;parcial_4.c,103 :: 		MAX7219_CS_LOAD_DIRECTION_1 = 0;          // Set CS# pin as Output
0x02F2	0x0021      	MOVLB      1
0x02F3	0x108C      	BCF        TRISA1_bit, BitPos(TRISA1_bit+0)
;parcial_4.c,104 :: 		SPI1_Init();                           // Initialize SPI module
0x02F4	0x2199      	CALL       _SPI1_Init
;parcial_4.c,105 :: 		MAX7219_init_1();
0x02F5	0x22B7      	CALL       _MAX7219_init_1
;parcial_4.c,106 :: 		Max7219DisplayOn_1();
0x02F6	0x21B6      	CALL       _Max7219DisplayOn_1
;parcial_4.c,108 :: 		Max7219Print_1(i,7);
0x02F7	0x0829      	MOVF       _i, 0
0x02F8	0x00B1      	MOVWF      FARG_Max7219Print_1_Number
0x02F9	0x082A      	MOVF       _i+1, 0
0x02FA	0x00B2      	MOVWF      FARG_Max7219Print_1_Number+1
0x02FB	0x082B      	MOVF       _i+2, 0
0x02FC	0x00B3      	MOVWF      FARG_Max7219Print_1_Number+2
0x02FD	0x082C      	MOVF       _i+3, 0
0x02FE	0x00B4      	MOVWF      FARG_Max7219Print_1_Number+3
0x02FF	0x3007      	MOVLW      7
0x0300	0x00B5      	MOVWF      FARG_Max7219Print_1_NumberOfDigits
0x0301	0x2241      	CALL       _Max7219Print_1
;parcial_4.c,109 :: 		Max7219Print_2(i,7);
0x0302	0x0829      	MOVF       _i, 0
0x0303	0x00B1      	MOVWF      FARG_Max7219Print_2_Number
0x0304	0x082A      	MOVF       _i+1, 0
0x0305	0x00B2      	MOVWF      FARG_Max7219Print_2_Number+1
0x0306	0x082B      	MOVF       _i+2, 0
0x0307	0x00B3      	MOVWF      FARG_Max7219Print_2_Number+2
0x0308	0x082C      	MOVF       _i+3, 0
0x0309	0x00B4      	MOVWF      FARG_Max7219Print_2_Number+3
0x030A	0x3007      	MOVLW      7
0x030B	0x00B5      	MOVWF      FARG_Max7219Print_2_NumberOfDigits
0x030C	0x21C2      	CALL       _Max7219Print_2
;parcial_4.c,111 :: 		while(1)// loop forever
L_main13:
;parcial_4.c,113 :: 		for(i=0;i<99999999;i++)//Count From 0 To 99999999 And Display on 8 Seven segemnts
0x030D	0x01A9      	CLRF       _i
0x030E	0x01AA      	CLRF       _i+1
0x030F	0x01AB      	CLRF       _i+2
0x0310	0x01AC      	CLRF       _i+3
L_main15:
0x0311	0x3005      	MOVLW      5
0x0312	0x022C      	SUBWF      _i+3, 0
0x0313	0x1D03      	BTFSS      STATUS, 2
0x0314	0x2B1F      	GOTO       L__main41
0x0315	0x30F5      	MOVLW      245
0x0316	0x022B      	SUBWF      _i+2, 0
0x0317	0x1D03      	BTFSS      STATUS, 2
0x0318	0x2B1F      	GOTO       L__main41
0x0319	0x30E0      	MOVLW      224
0x031A	0x022A      	SUBWF      _i+1, 0
0x031B	0x1D03      	BTFSS      STATUS, 2
0x031C	0x2B1F      	GOTO       L__main41
0x031D	0x30FF      	MOVLW      255
0x031E	0x0229      	SUBWF      _i, 0
L__main41:
0x031F	0x1803      	BTFSC      STATUS, 0
0x0320	0x2B3C      	GOTO       L_main16
;parcial_4.c,115 :: 		Max7219Print_1(i,7);
0x0321	0x0829      	MOVF       _i, 0
0x0322	0x00B1      	MOVWF      FARG_Max7219Print_1_Number
0x0323	0x082A      	MOVF       _i+1, 0
0x0324	0x00B2      	MOVWF      FARG_Max7219Print_1_Number+1
0x0325	0x082B      	MOVF       _i+2, 0
0x0326	0x00B3      	MOVWF      FARG_Max7219Print_1_Number+2
0x0327	0x082C      	MOVF       _i+3, 0
0x0328	0x00B4      	MOVWF      FARG_Max7219Print_1_Number+3
0x0329	0x3007      	MOVLW      7
0x032A	0x00B5      	MOVWF      FARG_Max7219Print_1_NumberOfDigits
0x032B	0x2241      	CALL       _Max7219Print_1
;parcial_4.c,117 :: 		delay_ms(10);
0x032C	0x3068      	MOVLW      104
0x032D	0x00FC      	MOVWF      R12
0x032E	0x30E4      	MOVLW      228
0x032F	0x00FD      	MOVWF      R13
L_main18:
0x0330	0x0BFD      	DECFSZ     R13, 1
0x0331	0x2B30      	GOTO       L_main18
0x0332	0x0BFC      	DECFSZ     R12, 1
0x0333	0x2B30      	GOTO       L_main18
0x0334	0x0000      	NOP
;parcial_4.c,113 :: 		for(i=0;i<99999999;i++)//Count From 0 To 99999999 And Display on 8 Seven segemnts
0x0335	0x3001      	MOVLW      1
0x0336	0x07A9      	ADDWF      _i, 1
0x0337	0x3000      	MOVLW      0
0x0338	0x3DAA      	ADDWFC     _i+1, 1
0x0339	0x3DAB      	ADDWFC     _i+2, 1
0x033A	0x3DAC      	ADDWFC     _i+3, 1
;parcial_4.c,118 :: 		}
0x033B	0x2B11      	GOTO       L_main15
L_main16:
;parcial_4.c,119 :: 		if (j<=10){
0x033C	0x0828      	MOVF       _j+3, 0
0x033D	0x3C00      	SUBLW      0
0x033E	0x1D03      	BTFSS      STATUS, 2
0x033F	0x2B4A      	GOTO       L__main42
0x0340	0x0827      	MOVF       _j+2, 0
0x0341	0x3C00      	SUBLW      0
0x0342	0x1D03      	BTFSS      STATUS, 2
0x0343	0x2B4A      	GOTO       L__main42
0x0344	0x0826      	MOVF       _j+1, 0
0x0345	0x3C00      	SUBLW      0
0x0346	0x1D03      	BTFSS      STATUS, 2
0x0347	0x2B4A      	GOTO       L__main42
0x0348	0x0825      	MOVF       _j, 0
0x0349	0x3C0A      	SUBLW      10
L__main42:
0x034A	0x1C03      	BTFSS      STATUS, 0
0x034B	0x2B7C      	GOTO       L_main19
;parcial_4.c,120 :: 		while(1)// loop forever
L_main20:
;parcial_4.c,122 :: 		for(j=0;j<99999999;j++)//Count From 0 To 99999999 And Display on 8 Seven segemnts
0x034C	0x01A5      	CLRF       _j
0x034D	0x01A6      	CLRF       _j+1
0x034E	0x01A7      	CLRF       _j+2
0x034F	0x01A8      	CLRF       _j+3
L_main22:
0x0350	0x3005      	MOVLW      5
0x0351	0x0228      	SUBWF      _j+3, 0
0x0352	0x1D03      	BTFSS      STATUS, 2
0x0353	0x2B5E      	GOTO       L__main43
0x0354	0x30F5      	MOVLW      245
0x0355	0x0227      	SUBWF      _j+2, 0
0x0356	0x1D03      	BTFSS      STATUS, 2
0x0357	0x2B5E      	GOTO       L__main43
0x0358	0x30E0      	MOVLW      224
0x0359	0x0226      	SUBWF      _j+1, 0
0x035A	0x1D03      	BTFSS      STATUS, 2
0x035B	0x2B5E      	GOTO       L__main43
0x035C	0x30FF      	MOVLW      255
0x035D	0x0225      	SUBWF      _j, 0
L__main43:
0x035E	0x1803      	BTFSC      STATUS, 0
0x035F	0x2B7B      	GOTO       L_main23
;parcial_4.c,124 :: 		Max7219Print_2(j,7);
0x0360	0x0825      	MOVF       _j, 0
0x0361	0x00B1      	MOVWF      FARG_Max7219Print_2_Number
0x0362	0x0826      	MOVF       _j+1, 0
0x0363	0x00B2      	MOVWF      FARG_Max7219Print_2_Number+1
0x0364	0x0827      	MOVF       _j+2, 0
0x0365	0x00B3      	MOVWF      FARG_Max7219Print_2_Number+2
0x0366	0x0828      	MOVF       _j+3, 0
0x0367	0x00B4      	MOVWF      FARG_Max7219Print_2_Number+3
0x0368	0x3007      	MOVLW      7
0x0369	0x00B5      	MOVWF      FARG_Max7219Print_2_NumberOfDigits
0x036A	0x21C2      	CALL       _Max7219Print_2
;parcial_4.c,126 :: 		delay_ms(10);
0x036B	0x3068      	MOVLW      104
0x036C	0x00FC      	MOVWF      R12
0x036D	0x30E4      	MOVLW      228
0x036E	0x00FD      	MOVWF      R13
L_main25:
0x036F	0x0BFD      	DECFSZ     R13, 1
0x0370	0x2B6F      	GOTO       L_main25
0x0371	0x0BFC      	DECFSZ     R12, 1
0x0372	0x2B6F      	GOTO       L_main25
0x0373	0x0000      	NOP
;parcial_4.c,122 :: 		for(j=0;j<99999999;j++)//Count From 0 To 99999999 And Display on 8 Seven segemnts
0x0374	0x3001      	MOVLW      1
0x0375	0x07A5      	ADDWF      _j, 1
0x0376	0x3000      	MOVLW      0
0x0377	0x3DA6      	ADDWFC     _j+1, 1
0x0378	0x3DA7      	ADDWFC     _j+2, 1
0x0379	0x3DA8      	ADDWFC     _j+3, 1
;parcial_4.c,127 :: 		}
0x037A	0x2B50      	GOTO       L_main22
L_main23:
;parcial_4.c,128 :: 		}
0x037B	0x2B4C      	GOTO       L_main20
;parcial_4.c,129 :: 		}
L_main19:
;parcial_4.c,130 :: 		}
0x037C	0x2B0D      	GOTO       L_main13
;parcial_4.c,132 :: 		}
L_end_main:
0x037D	0x2B7D      	GOTO       $+0
; end of _main
Symbol List:
//** Routines locations **
//ADDRESS    SIZE    PROCEDURE
//----------------------------------------------
0x0003      [10]    _SPI1_Write
0x000D     [375]    _Div_32x32_U
0x0184      [21]    _MAX7219_write_1
0x0199      [29]    _SPI1_Init
0x01B6      [12]    _Max7219DisplayOn_1
0x01C2     [118]    _Max7219Print_2
0x0238       [9]    ___CC2DW
0x0241     [118]    _Max7219Print_1
0x02B7      [55]    _MAX7219_init_1
0x02EE     [144]    _main
//** Variables locations ** 
//ADDRESS    SIZE    VARIABLE
//----------------------------------------------
0x0000       [1]    INDF0
0x0001       [1]    INDF1
0x0003       [1]    STATUS
0x0004       [1]    FSR0L
0x0005       [1]    FSR0H
0x0006       [1]    FSR1L
0x0007       [1]    FSR1H
0x000A       [1]    PCLATH
0x000C       [0]    RA1_bit
0x000C       [0]    MAX7219_CS_LOAD_1
0x0020       [1]    ___math_tempb
0x0021       [4]    _SPI_Wr_Ptr
0x0025       [4]    _j
0x0029       [4]    _i
0x002D       [4]    _SPI_Rd_Ptr
0x0031       [4]    FARG_Max7219Print_1_Number
0x0031       [4]    FARG_Max7219Print_2_Number
0x0035       [1]    FARG_Max7219Print_2_NumberOfDigits
0x0035       [1]    FARG_Max7219Print_1_NumberOfDigits
0x0036       [4]    Max7219Print_2_i_L0
0x0036       [4]    Max7219Print_1_i_L0
0x003A       [1]    FARG_MAX7219_write_1_reg1
0x003B       [1]    FARG_MAX7219_write_1_reg2
0x003C       [1]    FARG_MAX7219_write_1_data1
0x003D       [1]    FARG_MAX7219_write_1_data2
0x003E       [1]    FARG_SPI1_Write_data_
0x0070       [1]    R0
0x0071       [1]    R1
0x0072       [1]    R2
0x0073       [1]    R3
0x0074       [1]    R4
0x0075       [1]    R5
0x0076       [1]    R6
0x0077       [1]    R7
0x0078       [1]    R8
0x0079       [1]    R9
0x007A       [1]    R10
0x007B       [1]    R11
0x007C       [1]    R12
0x007D       [1]    R13
0x007E       [1]    R14
0x007F       [1]    R15
0x008C       [0]    TRISA1_bit
0x008C       [0]    MAX7219_CS_LOAD_DIRECTION_1
0x008D       [0]    TRISB1_bit
0x008D       [0]    TRISB4_bit
0x008D       [0]    TRISB2_bit
0x018D       [1]    ANSELB
0x0211       [1]    SSP1BUF
0x0214       [1]    SSP1STAT
0x0215       [1]    SSP1CON1
