#! /usr/local/iverilog/bin/vvp
:ivl_version "11.0 (devel)";
:ivl_delay_selection "TYPICAL";
:vpi_time_precision - 11;
:vpi_module "D:\iverilog\lib\ivl\system.vpi";
:vpi_module "D:\iverilog\lib\ivl\vhdl_sys.vpi";
:vpi_module "D:\iverilog\lib\ivl\vhdl_textio.vpi";
:vpi_module "D:\iverilog\lib\ivl\v2005_math.vpi";
:vpi_module "D:\iverilog\lib\ivl\va_math.vpi";
S_000000000089e6b0 .scope module, "impresion" "impresion" 2 1;
 .timescale 0 0;
    .port_info 0 /INPUT 3 "A";
    .port_info 1 /INPUT 3 "B";
    .port_info 2 /OUTPUT 7 "F1";
o00000000008a3fd8 .functor BUFZ 3, C4<zzz>; HiZ drive
v00000000008f5900_0 .net "A", 2 0, o00000000008a3fd8;  0 drivers
o00000000008a4008 .functor BUFZ 3, C4<zzz>; HiZ drive
v00000000008f5f40_0 .net "B", 2 0, o00000000008a4008;  0 drivers
v00000000008f61c0_0 .net "F1", 6 0, v00000000008f6120_0;  1 drivers
v00000000008f63a0_0 .net "F2", 2 0, L_00000000008f6b90;  1 drivers
S_000000000089e9d0 .scope module, "U0" "restador" 2 8, 3 1 0, S_000000000089e6b0;
 .timescale 0 0;
    .port_info 0 /INPUT 3 "A";
    .port_info 1 /INPUT 3 "B";
    .port_info 2 /OUTPUT 3 "F";
v00000000008f66c0_0 .net "A", 2 0, o00000000008a3fd8;  alias, 0 drivers
v00000000008f5fe0_0 .net "B", 2 0, o00000000008a4008;  alias, 0 drivers
v00000000008f5e00_0 .net "F", 2 0, L_00000000008f6b90;  alias, 1 drivers
v00000000008f6620_0 .net "w1", 2 0, L_00000000008f71d0;  1 drivers
v00000000008f5b80_0 .net "w2", 2 0, L_00000000008f8490;  1 drivers
v00000000008f64e0_0 .net "w3", 0 0, L_00000000008f6e10;  1 drivers
S_000000000089bf40 .scope module, "U1" "rest1" 3 11, 4 1 0, S_000000000089e9d0;
 .timescale 0 0;
    .port_info 0 /INPUT 3 "A";
    .port_info 1 /INPUT 3 "B";
    .port_info 2 /OUTPUT 3 "F";
v000000000089c0d0_0 .net "A", 2 0, o00000000008a3fd8;  alias, 0 drivers
v000000000089a400_0 .net "B", 2 0, o00000000008a4008;  alias, 0 drivers
v000000000089c170_0 .net "F", 2 0, L_00000000008f71d0;  alias, 1 drivers
L_00000000008f98e8 .functor BUFT 1, C4<000>, C4<0>, C4<0>, C4<0>;
v000000000089c210_0 .net *"_ivl_0", 2 0, L_00000000008f98e8;  1 drivers
v000000000089c2b0_0 .net *"_ivl_3", 2 0, L_00000000008f7a90;  1 drivers
L_00000000008f7a90 .arith/sub 3, L_00000000008f98e8, o00000000008a3fd8;
L_00000000008f71d0 .arith/sum 3, L_00000000008f7a90, o00000000008a4008;
S_0000000000898300 .scope module, "U2" "rest" 3 17, 5 1 0, S_000000000089e9d0;
 .timescale 0 0;
    .port_info 0 /INPUT 3 "A";
    .port_info 1 /INPUT 3 "B";
    .port_info 2 /OUTPUT 3 "F";
v000000000089c350_0 .net "A", 2 0, o00000000008a3fd8;  alias, 0 drivers
v0000000000898490_0 .net "B", 2 0, o00000000008a4008;  alias, 0 drivers
v0000000000898530_0 .net "F", 2 0, L_00000000008f8490;  alias, 1 drivers
L_00000000008f8490 .arith/sub 3, o00000000008a3fd8, o00000000008a4008;
S_00000000008985d0 .scope module, "U3" "comparador" 3 23, 6 1 0, S_000000000089e9d0;
 .timescale 0 0;
    .port_info 0 /INPUT 3 "A";
    .port_info 1 /INPUT 3 "B";
    .port_info 2 /OUTPUT 1 "F";
v00000000008f5a40_0 .net "A", 2 0, o00000000008a3fd8;  alias, 0 drivers
v00000000008f5ea0_0 .net "B", 2 0, o00000000008a4008;  alias, 0 drivers
v00000000008f5c20_0 .net "F", 0 0, L_00000000008f6e10;  alias, 1 drivers
L_00000000008f6e10 .cmp/gt 3, o00000000008a3fd8, o00000000008a4008;
S_000000000018dfb0 .scope module, "U4" "mux2a1" 3 29, 7 1 0, S_000000000089e9d0;
 .timescale 0 0;
    .port_info 0 /INPUT 3 "A";
    .port_info 1 /INPUT 3 "B";
    .port_info 2 /INPUT 1 "s0";
    .port_info 3 /OUTPUT 3 "F";
v00000000008f6080_0 .net "A", 2 0, L_00000000008f71d0;  alias, 1 drivers
v00000000008f6580_0 .net "B", 2 0, L_00000000008f8490;  alias, 1 drivers
v00000000008f5cc0_0 .net "F", 2 0, L_00000000008f6b90;  alias, 1 drivers
v00000000008f5d60_0 .net "s0", 0 0, L_00000000008f6e10;  alias, 1 drivers
L_00000000008f6b90 .functor MUXZ 3, L_00000000008f71d0, L_00000000008f8490, L_00000000008f6e10, C4<>;
S_000000000018e140 .scope module, "U1" "numeros" 2 14, 8 1 0, S_000000000089e6b0;
 .timescale 0 0;
    .port_info 0 /INPUT 3 "S";
    .port_info 1 /OUTPUT 7 "D";
v00000000008f6120_0 .var "D", 6 0;
v00000000008f6800_0 .net "S", 2 0, L_00000000008f6b90;  alias, 1 drivers
E_0000000000891a90 .event edge, v00000000008f5cc0_0;
S_000000000089e840 .scope module, "restador_tb" "restador_tb" 9 2;
 .timescale -9 -11;
v00000000008f7b30_0 .var "A", 2 0;
v00000000008f79f0_0 .var "B", 2 0;
v00000000008f82b0_0 .net "F", 2 0, L_00000000008f7bd0;  1 drivers
S_000000000018e2d0 .scope module, "U0" "restador" 9 8, 3 1 0, S_000000000089e840;
 .timescale 0 0;
    .port_info 0 /INPUT 3 "A";
    .port_info 1 /INPUT 3 "B";
    .port_info 2 /OUTPUT 3 "F";
v00000000008f7130_0 .net "A", 2 0, v00000000008f7b30_0;  1 drivers
v00000000008f7590_0 .net "B", 2 0, v00000000008f79f0_0;  1 drivers
v00000000008f73b0_0 .net "F", 2 0, L_00000000008f7bd0;  alias, 1 drivers
v00000000008f8030_0 .net "w1", 2 0, L_00000000008f7630;  1 drivers
v00000000008f87b0_0 .net "w2", 2 0, L_00000000008f6c30;  1 drivers
v00000000008f7810_0 .net "w3", 0 0, L_00000000008f80d0;  1 drivers
S_0000000000896340 .scope module, "U1" "rest1" 3 11, 4 1 0, S_000000000018e2d0;
 .timescale 0 0;
    .port_info 0 /INPUT 3 "A";
    .port_info 1 /INPUT 3 "B";
    .port_info 2 /OUTPUT 3 "F";
v00000000008f6260_0 .net "A", 2 0, v00000000008f7b30_0;  alias, 1 drivers
v00000000008f6440_0 .net "B", 2 0, v00000000008f79f0_0;  alias, 1 drivers
v00000000008f6300_0 .net "F", 2 0, L_00000000008f7630;  alias, 1 drivers
L_00000000008f9930 .functor BUFT 1, C4<000>, C4<0>, C4<0>, C4<0>;
v00000000008f6760_0 .net *"_ivl_0", 2 0, L_00000000008f9930;  1 drivers
v00000000008f59a0_0 .net *"_ivl_3", 2 0, L_00000000008f8530;  1 drivers
L_00000000008f8530 .arith/sub 3, L_00000000008f9930, v00000000008f7b30_0;
L_00000000008f7630 .arith/sum 3, L_00000000008f8530, v00000000008f79f0_0;
S_00000000008964d0 .scope module, "U2" "rest" 3 17, 5 1 0, S_000000000018e2d0;
 .timescale 0 0;
    .port_info 0 /INPUT 3 "A";
    .port_info 1 /INPUT 3 "B";
    .port_info 2 /OUTPUT 3 "F";
v00000000008f5ae0_0 .net "A", 2 0, v00000000008f7b30_0;  alias, 1 drivers
v00000000008f8170_0 .net "B", 2 0, v00000000008f79f0_0;  alias, 1 drivers
v00000000008f7090_0 .net "F", 2 0, L_00000000008f6c30;  alias, 1 drivers
L_00000000008f6c30 .arith/sub 3, v00000000008f7b30_0, v00000000008f79f0_0;
S_0000000000896660 .scope module, "U3" "comparador" 3 23, 6 1 0, S_000000000018e2d0;
 .timescale 0 0;
    .port_info 0 /INPUT 3 "A";
    .port_info 1 /INPUT 3 "B";
    .port_info 2 /OUTPUT 1 "F";
v00000000008f6ff0_0 .net "A", 2 0, v00000000008f7b30_0;  alias, 1 drivers
v00000000008f8210_0 .net "B", 2 0, v00000000008f79f0_0;  alias, 1 drivers
v00000000008f7950_0 .net "F", 0 0, L_00000000008f80d0;  alias, 1 drivers
L_00000000008f80d0 .cmp/gt 3, v00000000008f7b30_0, v00000000008f79f0_0;
S_0000000000895410 .scope module, "U4" "mux2a1" 3 29, 7 1 0, S_000000000018e2d0;
 .timescale 0 0;
    .port_info 0 /INPUT 3 "A";
    .port_info 1 /INPUT 3 "B";
    .port_info 2 /INPUT 1 "s0";
    .port_info 3 /OUTPUT 3 "F";
v00000000008f8350_0 .net "A", 2 0, L_00000000008f7630;  alias, 1 drivers
v00000000008f74f0_0 .net "B", 2 0, L_00000000008f6c30;  alias, 1 drivers
v00000000008f83f0_0 .net "F", 2 0, L_00000000008f7bd0;  alias, 1 drivers
v00000000008f6af0_0 .net "s0", 0 0, L_00000000008f80d0;  alias, 1 drivers
L_00000000008f7bd0 .functor MUXZ 3, L_00000000008f7630, L_00000000008f6c30, L_00000000008f80d0, C4<>;
    .scope S_000000000018e140;
T_0 ;
    %wait E_0000000000891a90;
    %load/vec4 v00000000008f6800_0;
    %dup/vec4;
    %pushi/vec4 0, 0, 3;
    %cmp/u;
    %jmp/1 T_0.0, 6;
    %dup/vec4;
    %pushi/vec4 1, 0, 3;
    %cmp/u;
    %jmp/1 T_0.1, 6;
    %dup/vec4;
    %pushi/vec4 2, 0, 3;
    %cmp/u;
    %jmp/1 T_0.2, 6;
    %dup/vec4;
    %pushi/vec4 3, 0, 3;
    %cmp/u;
    %jmp/1 T_0.3, 6;
    %dup/vec4;
    %pushi/vec4 4, 0, 3;
    %cmp/u;
    %jmp/1 T_0.4, 6;
    %dup/vec4;
    %pushi/vec4 5, 0, 3;
    %cmp/u;
    %jmp/1 T_0.5, 6;
    %dup/vec4;
    %pushi/vec4 6, 0, 3;
    %cmp/u;
    %jmp/1 T_0.6, 6;
    %dup/vec4;
    %pushi/vec4 7, 0, 3;
    %cmp/u;
    %jmp/1 T_0.7, 6;
    %jmp T_0.8;
T_0.0 ;
    %pushi/vec4 55, 0, 7;
    %store/vec4 v00000000008f6120_0, 0, 7;
    %jmp T_0.8;
T_0.1 ;
    %pushi/vec4 121, 0, 7;
    %store/vec4 v00000000008f6120_0, 0, 7;
    %jmp T_0.8;
T_0.2 ;
    %pushi/vec4 36, 0, 7;
    %store/vec4 v00000000008f6120_0, 0, 7;
    %jmp T_0.8;
T_0.3 ;
    %pushi/vec4 48, 0, 7;
    %store/vec4 v00000000008f6120_0, 0, 7;
    %jmp T_0.8;
T_0.4 ;
    %pushi/vec4 25, 0, 7;
    %store/vec4 v00000000008f6120_0, 0, 7;
    %jmp T_0.8;
T_0.5 ;
    %pushi/vec4 18, 0, 7;
    %store/vec4 v00000000008f6120_0, 0, 7;
    %jmp T_0.8;
T_0.6 ;
    %pushi/vec4 3, 0, 7;
    %store/vec4 v00000000008f6120_0, 0, 7;
    %jmp T_0.8;
T_0.7 ;
    %pushi/vec4 120, 0, 7;
    %store/vec4 v00000000008f6120_0, 0, 7;
    %jmp T_0.8;
T_0.8 ;
    %pop/vec4 1;
    %jmp T_0;
    .thread T_0, $push;
    .scope S_000000000089e840;
T_1 ;
    %vpi_call 9 19 "$dumpfile", "ARCHIVO.vcd" {0 0 0};
    %vpi_call 9 20 "$dumpvars" {0 0 0};
    %pushi/vec4 6, 0, 3;
    %store/vec4 v00000000008f7b30_0, 0, 3;
    %pushi/vec4 4, 0, 3;
    %store/vec4 v00000000008f79f0_0, 0, 3;
    %delay 500, 0;
    %pushi/vec4 3, 0, 3;
    %store/vec4 v00000000008f7b30_0, 0, 3;
    %pushi/vec4 4, 0, 3;
    %store/vec4 v00000000008f79f0_0, 0, 3;
    %delay 500, 0;
    %pushi/vec4 4, 0, 3;
    %store/vec4 v00000000008f7b30_0, 0, 3;
    %pushi/vec4 2, 0, 3;
    %store/vec4 v00000000008f79f0_0, 0, 3;
    %delay 500, 0;
    %pushi/vec4 7, 0, 3;
    %store/vec4 v00000000008f7b30_0, 0, 3;
    %pushi/vec4 2, 0, 3;
    %store/vec4 v00000000008f79f0_0, 0, 3;
    %delay 500, 0;
    %pushi/vec4 6, 0, 3;
    %store/vec4 v00000000008f7b30_0, 0, 3;
    %pushi/vec4 1, 0, 3;
    %store/vec4 v00000000008f79f0_0, 0, 3;
    %delay 500, 0;
    %pushi/vec4 3, 0, 3;
    %store/vec4 v00000000008f7b30_0, 0, 3;
    %pushi/vec4 7, 0, 3;
    %store/vec4 v00000000008f79f0_0, 0, 3;
    %delay 500, 0;
    %pushi/vec4 6, 0, 3;
    %store/vec4 v00000000008f7b30_0, 0, 3;
    %pushi/vec4 2, 0, 3;
    %store/vec4 v00000000008f79f0_0, 0, 3;
    %delay 500, 0;
    %pushi/vec4 5, 0, 3;
    %store/vec4 v00000000008f7b30_0, 0, 3;
    %pushi/vec4 5, 0, 3;
    %store/vec4 v00000000008f79f0_0, 0, 3;
    %delay 500, 0;
    %vpi_call 9 30 "$finish" {0 0 0};
    %end;
    .thread T_1;
# The file index is used to find the file name in the following table.
:file_names 10;
    "N/A";
    "<interactive>";
    "impresion.v";
    "restador.v";
    "rest1.v";
    "rest.v";
    "comparador.v";
    "mux2a1.v";
    "numeros.v";
    "restador_tb.v";
