#! /c/Source/iverilog-install/bin/vvp
:ivl_version "12.0 (devel)" "(s20150603-1110-g18392a46)";
:ivl_delay_selection "TYPICAL";
:vpi_time_precision - 11;
:vpi_module "C:\iverilog\lib\ivl\system.vpi";
:vpi_module "C:\iverilog\lib\ivl\vhdl_sys.vpi";
:vpi_module "C:\iverilog\lib\ivl\vhdl_textio.vpi";
:vpi_module "C:\iverilog\lib\ivl\v2005_math.vpi";
:vpi_module "C:\iverilog\lib\ivl\va_math.vpi";
S_000001e79a03a1b0 .scope module, "punto5nosimp_t_tb" "punto5nosimp_t_tb" 2 2;
 .timescale -9 -11;
v000001e79a037110_0 .var "in", 2 0;
v000001e79a037610_0 .net "outF", 0 0, L_000001e79a043e20;  1 drivers
L_000001e79a0377f0 .part v000001e79a037110_0, 2, 1;
L_000001e79a0910a0 .part v000001e79a037110_0, 1, 1;
L_000001e79a090ba0 .part v000001e79a037110_0, 0, 1;
S_000001e79a046050 .scope module, "EJR2" "punto5nosimp_t" 2 9, 3 1 0, S_000001e79a03a1b0;
 .timescale 0 0;
    .port_info 0 /INPUT 1 "A";
    .port_info 1 /INPUT 1 "B";
    .port_info 2 /INPUT 1 "C";
    .port_info 3 /OUTPUT 1 "F";
L_000001e79a0130c0 .functor NOT 1, L_000001e79a0910a0, C4<0>, C4<0>, C4<0>;
L_000001e79a043c60 .functor AND 1, L_000001e79a0377f0, L_000001e79a0130c0, C4<1>, C4<1>;
L_000001e79a044130 .functor AND 1, L_000001e79a043c60, L_000001e79a090ba0, C4<1>, C4<1>;
L_000001e79a044050 .functor NOT 1, L_000001e79a0910a0, C4<0>, C4<0>, C4<0>;
L_000001e79a043b10 .functor AND 1, L_000001e79a0377f0, L_000001e79a044050, C4<1>, C4<1>;
L_000001e79a043fe0 .functor NOT 1, L_000001e79a090ba0, C4<0>, C4<0>, C4<0>;
L_000001e79a043b80 .functor AND 1, L_000001e79a043b10, L_000001e79a043fe0, C4<1>, C4<1>;
L_000001e79a044210 .functor OR 1, L_000001e79a044130, L_000001e79a043b80, C4<0>, C4<0>;
L_000001e79a0440c0 .functor AND 1, L_000001e79a0377f0, L_000001e79a0910a0, C4<1>, C4<1>;
L_000001e79a0441a0 .functor AND 1, L_000001e79a0440c0, L_000001e79a090ba0, C4<1>, C4<1>;
L_000001e79a043f00 .functor OR 1, L_000001e79a044210, L_000001e79a0441a0, C4<0>, C4<0>;
L_000001e79a043db0 .functor NOT 1, L_000001e79a0377f0, C4<0>, C4<0>, C4<0>;
L_000001e79a043d40 .functor NOT 1, L_000001e79a0910a0, C4<0>, C4<0>, C4<0>;
L_000001e79a043cd0 .functor AND 1, L_000001e79a043db0, L_000001e79a043d40, C4<1>, C4<1>;
L_000001e79a043bf0 .functor AND 1, L_000001e79a043cd0, L_000001e79a090ba0, C4<1>, C4<1>;
L_000001e79a043e20 .functor OR 1, L_000001e79a043f00, L_000001e79a043bf0, C4<0>, C4<0>;
v000001e79a0379d0_0 .net "A", 0 0, L_000001e79a0377f0;  1 drivers
v000001e79a0376b0_0 .net "B", 0 0, L_000001e79a0910a0;  1 drivers
v000001e79a0371b0_0 .net "C", 0 0, L_000001e79a090ba0;  1 drivers
v000001e79a0374d0_0 .net "F", 0 0, L_000001e79a043e20;  alias, 1 drivers
v000001e79a036e90_0 .net *"_ivl_0", 0 0, L_000001e79a0130c0;  1 drivers
v000001e79a037bb0_0 .net *"_ivl_10", 0 0, L_000001e79a043fe0;  1 drivers
v000001e79a036d50_0 .net *"_ivl_12", 0 0, L_000001e79a043b80;  1 drivers
v000001e79a036df0_0 .net *"_ivl_14", 0 0, L_000001e79a044210;  1 drivers
v000001e79a037250_0 .net *"_ivl_16", 0 0, L_000001e79a0440c0;  1 drivers
v000001e79a036f30_0 .net *"_ivl_18", 0 0, L_000001e79a0441a0;  1 drivers
v000001e79a036fd0_0 .net *"_ivl_2", 0 0, L_000001e79a043c60;  1 drivers
v000001e79a037390_0 .net *"_ivl_20", 0 0, L_000001e79a043f00;  1 drivers
v000001e79a037750_0 .net *"_ivl_22", 0 0, L_000001e79a043db0;  1 drivers
v000001e79a037a70_0 .net *"_ivl_24", 0 0, L_000001e79a043d40;  1 drivers
v000001e79a0372f0_0 .net *"_ivl_26", 0 0, L_000001e79a043cd0;  1 drivers
v000001e79a037570_0 .net *"_ivl_28", 0 0, L_000001e79a043bf0;  1 drivers
v000001e79a037430_0 .net *"_ivl_4", 0 0, L_000001e79a044130;  1 drivers
v000001e79a037890_0 .net *"_ivl_6", 0 0, L_000001e79a044050;  1 drivers
v000001e79a037070_0 .net *"_ivl_8", 0 0, L_000001e79a043b10;  1 drivers
    .scope S_000001e79a03a1b0;
T_0 ;
    %pushi/vec4 0, 0, 3;
    %store/vec4 v000001e79a037110_0, 0, 3;
    %delay 1000, 0;
    %pushi/vec4 7, 0, 32;
T_0.0 %dup/vec4;
    %pushi/vec4 0, 0, 32;
    %cmp/s;
    %jmp/1xz T_0.1, 5;
    %jmp/1 T_0.1, 4;
    %pushi/vec4 1, 0, 32;
    %sub;
    %load/vec4 v000001e79a037110_0;
    %addi 1, 0, 3;
    %store/vec4 v000001e79a037110_0, 0, 3;
    %delay 1000, 0;
    %jmp T_0.0;
T_0.1 ;
    %pop/vec4 1;
    %vpi_call 2 35 "$finish" {0 0 0};
    %end;
    .thread T_0;
    .scope S_000001e79a03a1b0;
T_1 ;
    %vpi_call 2 41 "$dumpfile", "ARCHIVO.vcd" {0 0 0};
    %vpi_call 2 42 "$dumpvars" {0 0 0};
    %end;
    .thread T_1;
    .scope S_000001e79a03a1b0;
T_2 ;
    %vpi_call 2 47 "$display", "|-------|---|" {0 0 0};
    %vpi_call 2 48 "$display", "|  ABC  | F |" {0 0 0};
    %vpi_call 2 49 "$display", "|-------|---|" {0 0 0};
    %vpi_call 2 50 "$monitor", "|  %b  | %b |", v000001e79a037110_0, v000001e79a037610_0 {0 0 0};
    %end;
    .thread T_2;
# The file index is used to find the file name in the following table.
:file_names 4;
    "N/A";
    "<interactive>";
    "punto5nosimp_t_tb.v";
    "punto5nosimp_t.v";
