#! /usr/local/iverilog/bin/vvp
:ivl_version "11.0 (devel)";
:ivl_delay_selection "TYPICAL";
:vpi_time_precision - 11;
:vpi_module "D:\iverilog\lib\ivl\system.vpi";
:vpi_module "D:\iverilog\lib\ivl\vhdl_sys.vpi";
:vpi_module "D:\iverilog\lib\ivl\vhdl_textio.vpi";
:vpi_module "D:\iverilog\lib\ivl\v2005_math.vpi";
:vpi_module "D:\iverilog\lib\ivl\va_math.vpi";
S_00000000010f40b0 .scope module, "punto5_pos_sop_tb" "punto5_pos_sop_tb" 2 2;
 .timescale -9 -11;
v00000000010ef630_0 .var "inA", 0 0;
v00000000010eeaf0_0 .var "inB", 0 0;
v00000000010eec30_0 .var "inC", 0 0;
v00000000010edab0_0 .net "outFcase", 0 0, v00000000010ee230_0;  1 drivers
v00000000010eddd0_0 .net "outFpos", 0 0, L_00000000010ec5d0;  1 drivers
v00000000010ee190_0 .net "outFsimp", 0 0, L_00000000010ec4f0;  1 drivers
v0000000001156bd0_0 .net "outFsop", 0 0, L_000000000115a8c0;  1 drivers
S_00000000010f4240 .scope module, "EJR" "punto5_pos_sop" 2 9, 3 1 0, S_00000000010f40b0;
 .timescale 0 0;
    .port_info 0 /INPUT 1 "A";
    .port_info 1 /INPUT 1 "B";
    .port_info 2 /INPUT 1 "C";
    .port_info 3 /OUTPUT 1 "Fsimp";
    .port_info 4 /OUTPUT 1 "Fpos";
    .port_info 5 /OUTPUT 1 "Fsop";
    .port_info 6 /OUTPUT 1 "Fcase";
L_00000000010ecb10 .functor NOT 1, v00000000010eeaf0_0, C4<0>, C4<0>, C4<0>;
L_00000000010eccd0 .functor AND 1, v00000000010ef630_0, L_00000000010ecb10, C4<1>, C4<1>;
L_00000000010ec8e0 .functor NOT 1, v00000000010eeaf0_0, C4<0>, C4<0>, C4<0>;
L_00000000010ec090 .functor AND 1, L_00000000010ec8e0, v00000000010eec30_0, C4<1>, C4<1>;
L_00000000010ebdf0 .functor OR 1, L_00000000010eccd0, L_00000000010ec090, C4<0>, C4<0>;
L_00000000010ec2c0 .functor AND 1, v00000000010ef630_0, v00000000010eec30_0, C4<1>, C4<1>;
L_00000000010ec4f0 .functor OR 1, L_00000000010ebdf0, L_00000000010ec2c0, C4<0>, C4<0>;
L_00000000010ecb80 .functor OR 1, v00000000010ef630_0, v00000000010eeaf0_0, C4<0>, C4<0>;
L_00000000010ec800 .functor OR 1, L_00000000010ecb80, v00000000010eec30_0, C4<0>, C4<0>;
L_00000000010ecbf0 .functor NOT 1, v00000000010eeaf0_0, C4<0>, C4<0>, C4<0>;
L_00000000010ec3a0 .functor OR 1, v00000000010ef630_0, L_00000000010ecbf0, C4<0>, C4<0>;
L_00000000010ec950 .functor OR 1, L_00000000010ec3a0, v00000000010eec30_0, C4<0>, C4<0>;
L_00000000010ecc60 .functor AND 1, L_00000000010ec800, L_00000000010ec950, C4<1>, C4<1>;
L_00000000010ebfb0 .functor NOT 1, v00000000010eeaf0_0, C4<0>, C4<0>, C4<0>;
L_00000000010ebf40 .functor OR 1, v00000000010ef630_0, L_00000000010ebfb0, C4<0>, C4<0>;
L_00000000010ec020 .functor NOT 1, v00000000010eec30_0, C4<0>, C4<0>, C4<0>;
L_00000000010ec100 .functor OR 1, L_00000000010ebf40, L_00000000010ec020, C4<0>, C4<0>;
L_00000000010ec1e0 .functor AND 1, L_00000000010ecc60, L_00000000010ec100, C4<1>, C4<1>;
L_00000000010ec250 .functor NOT 1, v00000000010ef630_0, C4<0>, C4<0>, C4<0>;
L_00000000010ec330 .functor NOT 1, v00000000010eeaf0_0, C4<0>, C4<0>, C4<0>;
L_00000000010ec480 .functor OR 1, L_00000000010ec250, L_00000000010ec330, C4<0>, C4<0>;
L_00000000010ec560 .functor OR 1, L_00000000010ec480, v00000000010eec30_0, C4<0>, C4<0>;
L_00000000010ec5d0 .functor AND 1, L_00000000010ec1e0, L_00000000010ec560, C4<1>, C4<1>;
L_00000000010ec640 .functor NOT 1, v00000000010ef630_0, C4<0>, C4<0>, C4<0>;
L_00000000010ec870 .functor NOT 1, v00000000010eeaf0_0, C4<0>, C4<0>, C4<0>;
L_00000000010ec6b0 .functor AND 1, L_00000000010ec640, L_00000000010ec870, C4<1>, C4<1>;
L_00000000010ec9c0 .functor AND 1, L_00000000010ec6b0, v00000000010eec30_0, C4<1>, C4<1>;
L_000000000115b030 .functor NOT 1, v00000000010eeaf0_0, C4<0>, C4<0>, C4<0>;
L_000000000115a380 .functor AND 1, v00000000010ef630_0, L_000000000115b030, C4<1>, C4<1>;
L_000000000115afc0 .functor NOT 1, v00000000010eec30_0, C4<0>, C4<0>, C4<0>;
L_000000000115ae00 .functor AND 1, L_000000000115a380, L_000000000115afc0, C4<1>, C4<1>;
L_000000000115ac40 .functor OR 1, L_00000000010ec9c0, L_000000000115ae00, C4<0>, C4<0>;
L_000000000115a1c0 .functor NOT 1, v00000000010eeaf0_0, C4<0>, C4<0>, C4<0>;
L_000000000115a2a0 .functor AND 1, v00000000010ef630_0, L_000000000115a1c0, C4<1>, C4<1>;
L_000000000115ae70 .functor AND 1, L_000000000115a2a0, v00000000010eec30_0, C4<1>, C4<1>;
L_000000000115a930 .functor OR 1, L_000000000115ac40, L_000000000115ae70, C4<0>, C4<0>;
L_000000000115acb0 .functor AND 1, v00000000010ef630_0, v00000000010eeaf0_0, C4<1>, C4<1>;
L_000000000115a9a0 .functor AND 1, L_000000000115acb0, v00000000010eec30_0, C4<1>, C4<1>;
L_000000000115a8c0 .functor OR 1, L_000000000115a930, L_000000000115a9a0, C4<0>, C4<0>;
v00000000010ede70_0 .net "A", 0 0, v00000000010ef630_0;  1 drivers
v00000000010ee410_0 .net "B", 0 0, v00000000010eeaf0_0;  1 drivers
v00000000010ef090_0 .net "C", 0 0, v00000000010eec30_0;  1 drivers
v00000000010ee230_0 .var "Fcase", 0 0;
v00000000010ef130_0 .net "Fpos", 0 0, L_00000000010ec5d0;  alias, 1 drivers
v00000000010eecd0_0 .net "Fsimp", 0 0, L_00000000010ec4f0;  alias, 1 drivers
v00000000010edbf0_0 .net "Fsop", 0 0, L_000000000115a8c0;  alias, 1 drivers
v00000000010eee10_0 .net *"_ivl_0", 0 0, L_00000000010ecb10;  1 drivers
v00000000010edb50_0 .net *"_ivl_10", 0 0, L_00000000010ec2c0;  1 drivers
v00000000010eeeb0_0 .net *"_ivl_14", 0 0, L_00000000010ecb80;  1 drivers
v00000000010eed70_0 .net *"_ivl_16", 0 0, L_00000000010ec800;  1 drivers
v00000000010eeb90_0 .net *"_ivl_18", 0 0, L_00000000010ecbf0;  1 drivers
v00000000010ef6d0_0 .net *"_ivl_2", 0 0, L_00000000010eccd0;  1 drivers
v00000000010edf10_0 .net *"_ivl_20", 0 0, L_00000000010ec3a0;  1 drivers
v00000000010ee730_0 .net *"_ivl_22", 0 0, L_00000000010ec950;  1 drivers
v00000000010ee2d0_0 .net *"_ivl_24", 0 0, L_00000000010ecc60;  1 drivers
v00000000010ee0f0_0 .net *"_ivl_26", 0 0, L_00000000010ebfb0;  1 drivers
v00000000010ef4f0_0 .net *"_ivl_28", 0 0, L_00000000010ebf40;  1 drivers
v00000000010ef770_0 .net *"_ivl_30", 0 0, L_00000000010ec020;  1 drivers
v00000000010ef590_0 .net *"_ivl_32", 0 0, L_00000000010ec100;  1 drivers
v00000000010ee4b0_0 .net *"_ivl_34", 0 0, L_00000000010ec1e0;  1 drivers
v00000000010edc90_0 .net *"_ivl_36", 0 0, L_00000000010ec250;  1 drivers
v00000000010ef810_0 .net *"_ivl_38", 0 0, L_00000000010ec330;  1 drivers
v00000000010ee370_0 .net *"_ivl_4", 0 0, L_00000000010ec8e0;  1 drivers
v00000000010edfb0_0 .net *"_ivl_40", 0 0, L_00000000010ec480;  1 drivers
v00000000010ee5f0_0 .net *"_ivl_42", 0 0, L_00000000010ec560;  1 drivers
v00000000010ee550_0 .net *"_ivl_46", 0 0, L_00000000010ec640;  1 drivers
v00000000010ee7d0_0 .net *"_ivl_48", 0 0, L_00000000010ec870;  1 drivers
v00000000010eef50_0 .net *"_ivl_50", 0 0, L_00000000010ec6b0;  1 drivers
v00000000010ee690_0 .net *"_ivl_52", 0 0, L_00000000010ec9c0;  1 drivers
v00000000010ee050_0 .net *"_ivl_54", 0 0, L_000000000115b030;  1 drivers
v00000000010ef8b0_0 .net *"_ivl_56", 0 0, L_000000000115a380;  1 drivers
v00000000010ee870_0 .net *"_ivl_58", 0 0, L_000000000115afc0;  1 drivers
v00000000010ef270_0 .net *"_ivl_6", 0 0, L_00000000010ec090;  1 drivers
v00000000010eda10_0 .net *"_ivl_60", 0 0, L_000000000115ae00;  1 drivers
v00000000010ef450_0 .net *"_ivl_62", 0 0, L_000000000115ac40;  1 drivers
v00000000010ef1d0_0 .net *"_ivl_64", 0 0, L_000000000115a1c0;  1 drivers
v00000000010edd30_0 .net *"_ivl_66", 0 0, L_000000000115a2a0;  1 drivers
v00000000010ee910_0 .net *"_ivl_68", 0 0, L_000000000115ae70;  1 drivers
v00000000010ef310_0 .net *"_ivl_70", 0 0, L_000000000115a930;  1 drivers
v00000000010ee9b0_0 .net *"_ivl_72", 0 0, L_000000000115acb0;  1 drivers
v00000000010eea50_0 .net *"_ivl_74", 0 0, L_000000000115a9a0;  1 drivers
v00000000010ef3b0_0 .net *"_ivl_8", 0 0, L_00000000010ebdf0;  1 drivers
E_00000000010f19d0 .event edge, v00000000010ede70_0, v00000000010ee410_0, v00000000010ef090_0;
    .scope S_00000000010f4240;
T_0 ;
    %wait E_00000000010f19d0;
    %load/vec4 v00000000010ede70_0;
    %load/vec4 v00000000010ee410_0;
    %concat/vec4; draw_concat_vec4
    %load/vec4 v00000000010ef090_0;
    %concat/vec4; draw_concat_vec4
    %dup/vec4;
    %pushi/vec4 0, 0, 3;
    %cmp/u;
    %jmp/1 T_0.0, 6;
    %dup/vec4;
    %pushi/vec4 1, 0, 3;
    %cmp/u;
    %jmp/1 T_0.1, 6;
    %dup/vec4;
    %pushi/vec4 2, 0, 3;
    %cmp/u;
    %jmp/1 T_0.2, 6;
    %dup/vec4;
    %pushi/vec4 3, 0, 3;
    %cmp/u;
    %jmp/1 T_0.3, 6;
    %dup/vec4;
    %pushi/vec4 4, 0, 3;
    %cmp/u;
    %jmp/1 T_0.4, 6;
    %dup/vec4;
    %pushi/vec4 5, 0, 3;
    %cmp/u;
    %jmp/1 T_0.5, 6;
    %dup/vec4;
    %pushi/vec4 6, 0, 3;
    %cmp/u;
    %jmp/1 T_0.6, 6;
    %dup/vec4;
    %pushi/vec4 7, 0, 3;
    %cmp/u;
    %jmp/1 T_0.7, 6;
    %jmp T_0.8;
T_0.0 ;
    %pushi/vec4 0, 0, 1;
    %store/vec4 v00000000010ee230_0, 0, 1;
    %jmp T_0.8;
T_0.1 ;
    %pushi/vec4 1, 0, 1;
    %store/vec4 v00000000010ee230_0, 0, 1;
    %jmp T_0.8;
T_0.2 ;
    %pushi/vec4 0, 0, 1;
    %store/vec4 v00000000010ee230_0, 0, 1;
    %jmp T_0.8;
T_0.3 ;
    %pushi/vec4 0, 0, 1;
    %store/vec4 v00000000010ee230_0, 0, 1;
    %jmp T_0.8;
T_0.4 ;
    %pushi/vec4 1, 0, 1;
    %store/vec4 v00000000010ee230_0, 0, 1;
    %jmp T_0.8;
T_0.5 ;
    %pushi/vec4 1, 0, 1;
    %store/vec4 v00000000010ee230_0, 0, 1;
    %jmp T_0.8;
T_0.6 ;
    %pushi/vec4 0, 0, 1;
    %store/vec4 v00000000010ee230_0, 0, 1;
    %jmp T_0.8;
T_0.7 ;
    %pushi/vec4 1, 0, 1;
    %store/vec4 v00000000010ee230_0, 0, 1;
    %jmp T_0.8;
T_0.8 ;
    %pop/vec4 1;
    %jmp T_0;
    .thread T_0, $push;
    .scope S_00000000010f40b0;
T_1 ;
    %pushi/vec4 0, 0, 1;
    %store/vec4 v00000000010ef630_0, 0, 1;
    %pushi/vec4 0, 0, 1;
    %store/vec4 v00000000010eeaf0_0, 0, 1;
    %pushi/vec4 0, 0, 1;
    %store/vec4 v00000000010eec30_0, 0, 1;
    %delay 2000, 0;
    %pushi/vec4 0, 0, 1;
    %store/vec4 v00000000010ef630_0, 0, 1;
    %pushi/vec4 0, 0, 1;
    %store/vec4 v00000000010eeaf0_0, 0, 1;
    %pushi/vec4 1, 0, 1;
    %store/vec4 v00000000010eec30_0, 0, 1;
    %delay 2000, 0;
    %pushi/vec4 0, 0, 1;
    %store/vec4 v00000000010ef630_0, 0, 1;
    %pushi/vec4 1, 0, 1;
    %store/vec4 v00000000010eeaf0_0, 0, 1;
    %pushi/vec4 0, 0, 1;
    %store/vec4 v00000000010eec30_0, 0, 1;
    %delay 2000, 0;
    %pushi/vec4 0, 0, 1;
    %store/vec4 v00000000010ef630_0, 0, 1;
    %pushi/vec4 1, 0, 1;
    %store/vec4 v00000000010eeaf0_0, 0, 1;
    %pushi/vec4 1, 0, 1;
    %store/vec4 v00000000010eec30_0, 0, 1;
    %delay 2000, 0;
    %pushi/vec4 1, 0, 1;
    %store/vec4 v00000000010ef630_0, 0, 1;
    %pushi/vec4 0, 0, 1;
    %store/vec4 v00000000010eeaf0_0, 0, 1;
    %pushi/vec4 0, 0, 1;
    %store/vec4 v00000000010eec30_0, 0, 1;
    %delay 2000, 0;
    %pushi/vec4 1, 0, 1;
    %store/vec4 v00000000010ef630_0, 0, 1;
    %pushi/vec4 0, 0, 1;
    %store/vec4 v00000000010eeaf0_0, 0, 1;
    %pushi/vec4 1, 0, 1;
    %store/vec4 v00000000010eec30_0, 0, 1;
    %delay 2000, 0;
    %pushi/vec4 1, 0, 1;
    %store/vec4 v00000000010ef630_0, 0, 1;
    %pushi/vec4 1, 0, 1;
    %store/vec4 v00000000010eeaf0_0, 0, 1;
    %pushi/vec4 0, 0, 1;
    %store/vec4 v00000000010eec30_0, 0, 1;
    %delay 2000, 0;
    %pushi/vec4 1, 0, 1;
    %store/vec4 v00000000010ef630_0, 0, 1;
    %pushi/vec4 1, 0, 1;
    %store/vec4 v00000000010eeaf0_0, 0, 1;
    %pushi/vec4 1, 0, 1;
    %store/vec4 v00000000010eec30_0, 0, 1;
    %delay 2000, 0;
    %vpi_call 2 29 "$finish" {0 0 0};
    %end;
    .thread T_1;
    .scope S_00000000010f40b0;
T_2 ;
    %vpi_call 2 34 "$dumpfile", "ARCHIVO.vcd" {0 0 0};
    %vpi_call 2 35 "$dumpvars" {0 0 0};
    %end;
    .thread T_2;
    .scope S_00000000010f40b0;
T_3 ;
    %vpi_call 2 40 "$display", "-------|-------|------|------|-------|" {0 0 0};
    %vpi_call 2 41 "$display", " A B C | Fsimp | Fpos | Fsop | Fcase |" {0 0 0};
    %vpi_call 2 42 "$display", "-------|-------|------|------|-------|" {0 0 0};
    %vpi_call 2 43 "$monitor", " %b %b %b |   %b   |   %b  |   %b  |   %b   |", v00000000010ef630_0, v00000000010eeaf0_0, v00000000010eec30_0, v00000000010ee190_0, v00000000010eddd0_0, v0000000001156bd0_0, v00000000010edab0_0 {0 0 0};
    %end;
    .thread T_3;
# The file index is used to find the file name in the following table.
:file_names 4;
    "N/A";
    "<interactive>";
    "punto5_pos_sop_tb.v";
    "punto5_pos_sop.v";
