;  LST file generated by mikroListExporter - v.2.0 
; Date/Time: 20/05/2022 4:42:34 p. m.
;----------------------------------------------

;Address Opcode 	ASM
0x0000	0x2A3A      	GOTO       570
_zero:
;Parcial2.c,11 :: 		void zero(){
;Parcial2.c,12 :: 		LATA.F5 = 1;
0x0003	0x0022      	MOVLB      2
0x0004	0x168C      	BSF        LATA, 5
;Parcial2.c,13 :: 		LATA.F5 = 1;
0x0005	0x168C      	BSF        LATA, 5
;Parcial2.c,14 :: 		LATA.F5 = 1;
0x0006	0x168C      	BSF        LATA, 5
;Parcial2.c,15 :: 		LATA.F5 = 0;
0x0007	0x128C      	BCF        LATA, 5
;Parcial2.c,16 :: 		LATA.F5 = 0;
0x0008	0x128C      	BCF        LATA, 5
;Parcial2.c,17 :: 		}
L_end_zero:
0x0009	0x0008      	RETURN
; end of _zero
_one:
;Parcial2.c,1 :: 		void one(){
;Parcial2.c,2 :: 		LATA.F5 = 1;
0x000A	0x0022      	MOVLB      2
0x000B	0x168C      	BSF        LATA, 5
;Parcial2.c,3 :: 		LATA.F5 = 1;
0x000C	0x168C      	BSF        LATA, 5
;Parcial2.c,4 :: 		LATA.F5 = 1;
0x000D	0x168C      	BSF        LATA, 5
;Parcial2.c,5 :: 		LATA.F5 = 1;
0x000E	0x168C      	BSF        LATA, 5
;Parcial2.c,6 :: 		LATA.F5 = 1;
0x000F	0x168C      	BSF        LATA, 5
;Parcial2.c,7 :: 		LATA.F5 = 1;
0x0010	0x168C      	BSF        LATA, 5
;Parcial2.c,8 :: 		LATA.F5 = 0;
0x0011	0x128C      	BCF        LATA, 5
;Parcial2.c,9 :: 		}
L_end_one:
0x0012	0x0008      	RETURN
; end of _one
_black:
;Parcial2.c,256 :: 		void black(){
;Parcial2.c,257 :: 		zero();
0x0013	0x2003      	CALL       _zero
;Parcial2.c,258 :: 		zero();
0x0014	0x2003      	CALL       _zero
;Parcial2.c,259 :: 		zero();
0x0015	0x2003      	CALL       _zero
;Parcial2.c,260 :: 		zero();
0x0016	0x2003      	CALL       _zero
;Parcial2.c,261 :: 		zero();
0x0017	0x2003      	CALL       _zero
;Parcial2.c,262 :: 		zero();
0x0018	0x2003      	CALL       _zero
;Parcial2.c,263 :: 		zero();
0x0019	0x2003      	CALL       _zero
;Parcial2.c,264 :: 		zero();
0x001A	0x2003      	CALL       _zero
;Parcial2.c,266 :: 		zero();
0x001B	0x2003      	CALL       _zero
;Parcial2.c,267 :: 		zero();
0x001C	0x2003      	CALL       _zero
;Parcial2.c,268 :: 		zero();
0x001D	0x2003      	CALL       _zero
;Parcial2.c,269 :: 		zero();
0x001E	0x2003      	CALL       _zero
;Parcial2.c,270 :: 		zero();
0x001F	0x2003      	CALL       _zero
;Parcial2.c,271 :: 		zero();
0x0020	0x2003      	CALL       _zero
;Parcial2.c,272 :: 		zero();
0x0021	0x2003      	CALL       _zero
;Parcial2.c,273 :: 		zero();
0x0022	0x2003      	CALL       _zero
;Parcial2.c,275 :: 		zero();
0x0023	0x2003      	CALL       _zero
;Parcial2.c,276 :: 		zero();
0x0024	0x2003      	CALL       _zero
;Parcial2.c,277 :: 		zero();
0x0025	0x2003      	CALL       _zero
;Parcial2.c,278 :: 		zero();
0x0026	0x2003      	CALL       _zero
;Parcial2.c,279 :: 		zero();
0x0027	0x2003      	CALL       _zero
;Parcial2.c,280 :: 		zero();
0x0028	0x2003      	CALL       _zero
;Parcial2.c,281 :: 		zero();
0x0029	0x2003      	CALL       _zero
;Parcial2.c,282 :: 		zero();
0x002A	0x2003      	CALL       _zero
;Parcial2.c,283 :: 		}
L_end_black:
0x002B	0x0008      	RETURN
; end of _black
_white:
;Parcial2.c,227 :: 		void white(){
;Parcial2.c,228 :: 		one();
0x002C	0x200A      	CALL       _one
;Parcial2.c,229 :: 		one();
0x002D	0x200A      	CALL       _one
;Parcial2.c,230 :: 		one();
0x002E	0x200A      	CALL       _one
;Parcial2.c,231 :: 		one();
0x002F	0x200A      	CALL       _one
;Parcial2.c,232 :: 		one();
0x0030	0x200A      	CALL       _one
;Parcial2.c,233 :: 		one();
0x0031	0x200A      	CALL       _one
;Parcial2.c,234 :: 		one();
0x0032	0x200A      	CALL       _one
;Parcial2.c,235 :: 		one();
0x0033	0x200A      	CALL       _one
;Parcial2.c,237 :: 		one();
0x0034	0x200A      	CALL       _one
;Parcial2.c,238 :: 		one();
0x0035	0x200A      	CALL       _one
;Parcial2.c,239 :: 		one();
0x0036	0x200A      	CALL       _one
;Parcial2.c,240 :: 		one();
0x0037	0x200A      	CALL       _one
;Parcial2.c,241 :: 		one();
0x0038	0x200A      	CALL       _one
;Parcial2.c,242 :: 		one();
0x0039	0x200A      	CALL       _one
;Parcial2.c,243 :: 		one();
0x003A	0x200A      	CALL       _one
;Parcial2.c,244 :: 		one();
0x003B	0x200A      	CALL       _one
;Parcial2.c,246 :: 		one();
0x003C	0x200A      	CALL       _one
;Parcial2.c,247 :: 		one();
0x003D	0x200A      	CALL       _one
;Parcial2.c,248 :: 		one();
0x003E	0x200A      	CALL       _one
;Parcial2.c,249 :: 		one();
0x003F	0x200A      	CALL       _one
;Parcial2.c,250 :: 		one();
0x0040	0x200A      	CALL       _one
;Parcial2.c,251 :: 		one();
0x0041	0x200A      	CALL       _one
;Parcial2.c,252 :: 		one();
0x0042	0x200A      	CALL       _one
;Parcial2.c,253 :: 		one();
0x0043	0x200A      	CALL       _one
;Parcial2.c,254 :: 		}
L_end_white:
0x0044	0x0008      	RETURN
; end of _white
_green:
;Parcial2.c,19 :: 		void green(){
;Parcial2.c,20 :: 		one();
0x0045	0x200A      	CALL       _one
;Parcial2.c,21 :: 		one();
0x0046	0x200A      	CALL       _one
;Parcial2.c,22 :: 		one();
0x0047	0x200A      	CALL       _one
;Parcial2.c,23 :: 		one();
0x0048	0x200A      	CALL       _one
;Parcial2.c,24 :: 		one();
0x0049	0x200A      	CALL       _one
;Parcial2.c,25 :: 		one();
0x004A	0x200A      	CALL       _one
;Parcial2.c,26 :: 		one();
0x004B	0x200A      	CALL       _one
;Parcial2.c,27 :: 		one();
0x004C	0x200A      	CALL       _one
;Parcial2.c,29 :: 		zero();
0x004D	0x2003      	CALL       _zero
;Parcial2.c,30 :: 		zero();
0x004E	0x2003      	CALL       _zero
;Parcial2.c,31 :: 		zero();
0x004F	0x2003      	CALL       _zero
;Parcial2.c,32 :: 		zero();
0x0050	0x2003      	CALL       _zero
;Parcial2.c,33 :: 		zero();
0x0051	0x2003      	CALL       _zero
;Parcial2.c,34 :: 		zero();
0x0052	0x2003      	CALL       _zero
;Parcial2.c,35 :: 		zero();
0x0053	0x2003      	CALL       _zero
;Parcial2.c,36 :: 		zero();
0x0054	0x2003      	CALL       _zero
;Parcial2.c,38 :: 		zero();
0x0055	0x2003      	CALL       _zero
;Parcial2.c,39 :: 		zero();
0x0056	0x2003      	CALL       _zero
;Parcial2.c,40 :: 		zero();
0x0057	0x2003      	CALL       _zero
;Parcial2.c,41 :: 		zero();
0x0058	0x2003      	CALL       _zero
;Parcial2.c,42 :: 		zero();
0x0059	0x2003      	CALL       _zero
;Parcial2.c,43 :: 		zero();
0x005A	0x2003      	CALL       _zero
;Parcial2.c,44 :: 		zero();
0x005B	0x2003      	CALL       _zero
;Parcial2.c,45 :: 		zero();
0x005C	0x2003      	CALL       _zero
;Parcial2.c,46 :: 		}
L_end_green:
0x005D	0x0008      	RETURN
; end of _green
_greend:
;Parcial2.c,47 :: 		void greend(){
;Parcial2.c,48 :: 		zero();
0x005E	0x2003      	CALL       _zero
;Parcial2.c,49 :: 		one();
0x005F	0x200A      	CALL       _one
;Parcial2.c,50 :: 		one();
0x0060	0x200A      	CALL       _one
;Parcial2.c,51 :: 		one();
0x0061	0x200A      	CALL       _one
;Parcial2.c,52 :: 		one();
0x0062	0x200A      	CALL       _one
;Parcial2.c,53 :: 		one();
0x0063	0x200A      	CALL       _one
;Parcial2.c,54 :: 		zero();
0x0064	0x2003      	CALL       _zero
;Parcial2.c,55 :: 		one();
0x0065	0x200A      	CALL       _one
;Parcial2.c,57 :: 		zero();
0x0066	0x2003      	CALL       _zero
;Parcial2.c,58 :: 		zero();
0x0067	0x2003      	CALL       _zero
;Parcial2.c,59 :: 		zero();
0x0068	0x2003      	CALL       _zero
;Parcial2.c,60 :: 		zero();
0x0069	0x2003      	CALL       _zero
;Parcial2.c,61 :: 		one();
0x006A	0x200A      	CALL       _one
;Parcial2.c,62 :: 		one();
0x006B	0x200A      	CALL       _one
;Parcial2.c,63 :: 		one();
0x006C	0x200A      	CALL       _one
;Parcial2.c,64 :: 		one();
0x006D	0x200A      	CALL       _one
;Parcial2.c,66 :: 		zero();
0x006E	0x2003      	CALL       _zero
;Parcial2.c,67 :: 		zero();
0x006F	0x2003      	CALL       _zero
;Parcial2.c,68 :: 		zero();
0x0070	0x2003      	CALL       _zero
;Parcial2.c,69 :: 		zero();
0x0071	0x2003      	CALL       _zero
;Parcial2.c,70 :: 		one();
0x0072	0x200A      	CALL       _one
;Parcial2.c,71 :: 		zero();
0x0073	0x2003      	CALL       _zero
;Parcial2.c,72 :: 		one();
0x0074	0x200A      	CALL       _one
;Parcial2.c,73 :: 		one();
0x0075	0x200A      	CALL       _one
;Parcial2.c,74 :: 		}
L_end_greend:
0x0076	0x0008      	RETURN
; end of _greend
___CC2DW:
;__Lib_System.c,71 :: 		
;__Lib_System.c,73 :: 		
_CC2DL_Loop1:
;__Lib_System.c,74 :: 		
0x0077	0x0012      	MOVIW      FSR0++ 
;__Lib_System.c,75 :: 		
0x0078	0x001E      	MOVWI      FSR1++ 
;__Lib_System.c,76 :: 		
0x0079	0x03F0      	DECF       R0, 1
;__Lib_System.c,77 :: 		
0x007A	0x1D03      	BTFSS      STATUS, 2
;__Lib_System.c,78 :: 		
0x007B	0x2877      	GOTO       _CC2DL_Loop1
;__Lib_System.c,79 :: 		
0x007C	0x03F1      	DECF       R1, 1
;__Lib_System.c,80 :: 		
0x007D	0x1D03      	BTFSS      STATUS, 2
;__Lib_System.c,81 :: 		
0x007E	0x2877      	GOTO       _CC2DL_Loop1
;__Lib_System.c,83 :: 		
L_end___CC2DW:
0x007F	0x0008      	RETURN
; end of ___CC2DW
_yoshi:
;Parcial2.c,694 :: 		void yoshi(){
;Parcial2.c,695 :: 		short m=0;
0x0080	0x0020      	MOVLB      0
0x0081	0x01A0      	CLRF       yoshi_m_L0
;Parcial2.c,696 :: 		while(m<5){
L_yoshi124:
0x0082	0x3080      	MOVLW      128
0x0083	0x0620      	XORWF      yoshi_m_L0, 0
0x0084	0x00F0      	MOVWF      R0
0x0085	0x3080      	MOVLW      128
0x0086	0x3A05      	XORLW      5
0x0087	0x0270      	SUBWF      R0, 0
0x0088	0x1803      	BTFSC      STATUS, 0
0x0089	0x288E      	GOTO       L_yoshi125
;Parcial2.c,697 :: 		white();
0x008A	0x202C      	CALL       _white
;Parcial2.c,698 :: 		m++;
0x008B	0x0020      	MOVLB      0
0x008C	0x0AA0      	INCF       yoshi_m_L0, 1
;Parcial2.c,699 :: 		}
0x008D	0x2882      	GOTO       L_yoshi124
L_yoshi125:
;Parcial2.c,700 :: 		black();
0x008E	0x2013      	CALL       _black
;Parcial2.c,701 :: 		black();
0x008F	0x2013      	CALL       _black
;Parcial2.c,702 :: 		white();
0x0090	0x202C      	CALL       _white
;Parcial2.c,703 :: 		white();
0x0091	0x202C      	CALL       _white
;Parcial2.c,704 :: 		black();
0x0092	0x2013      	CALL       _black
;Parcial2.c,705 :: 		black();
0x0093	0x2013      	CALL       _black
;Parcial2.c,706 :: 		m=0;
0x0094	0x0020      	MOVLB      0
0x0095	0x01A0      	CLRF       yoshi_m_L0
;Parcial2.c,707 :: 		while(m<9){
L_yoshi126:
0x0096	0x3080      	MOVLW      128
0x0097	0x0620      	XORWF      yoshi_m_L0, 0
0x0098	0x00F0      	MOVWF      R0
0x0099	0x3080      	MOVLW      128
0x009A	0x3A09      	XORLW      9
0x009B	0x0270      	SUBWF      R0, 0
0x009C	0x1803      	BTFSC      STATUS, 0
0x009D	0x28A2      	GOTO       L_yoshi127
;Parcial2.c,708 :: 		white();
0x009E	0x202C      	CALL       _white
;Parcial2.c,709 :: 		m++;
0x009F	0x0020      	MOVLB      0
0x00A0	0x0AA0      	INCF       yoshi_m_L0, 1
;Parcial2.c,710 :: 		}     //linea 1
0x00A1	0x2896      	GOTO       L_yoshi126
L_yoshi127:
;Parcial2.c,711 :: 		black();
0x00A2	0x2013      	CALL       _black
;Parcial2.c,712 :: 		green();
0x00A3	0x2045      	CALL       _green
;Parcial2.c,713 :: 		green();
0x00A4	0x2045      	CALL       _green
;Parcial2.c,714 :: 		black();
0x00A5	0x2013      	CALL       _black
;Parcial2.c,715 :: 		black();
0x00A6	0x2013      	CALL       _black
;Parcial2.c,716 :: 		green();
0x00A7	0x2045      	CALL       _green
;Parcial2.c,717 :: 		green();
0x00A8	0x2045      	CALL       _green
;Parcial2.c,718 :: 		black();
0x00A9	0x2013      	CALL       _black
;Parcial2.c,719 :: 		m=0;
0x00AA	0x0020      	MOVLB      0
0x00AB	0x01A0      	CLRF       yoshi_m_L0
;Parcial2.c,720 :: 		while(m<7){
L_yoshi128:
0x00AC	0x3080      	MOVLW      128
0x00AD	0x0620      	XORWF      yoshi_m_L0, 0
0x00AE	0x00F0      	MOVWF      R0
0x00AF	0x3080      	MOVLW      128
0x00B0	0x3A07      	XORLW      7
0x00B1	0x0270      	SUBWF      R0, 0
0x00B2	0x1803      	BTFSC      STATUS, 0
0x00B3	0x28B8      	GOTO       L_yoshi129
;Parcial2.c,721 :: 		white();
0x00B4	0x202C      	CALL       _white
;Parcial2.c,722 :: 		m++;
0x00B5	0x0020      	MOVLB      0
0x00B6	0x0AA0      	INCF       yoshi_m_L0, 1
;Parcial2.c,723 :: 		}                   //linea 2
0x00B7	0x28AC      	GOTO       L_yoshi128
L_yoshi129:
;Parcial2.c,724 :: 		black();
0x00B8	0x2013      	CALL       _black
;Parcial2.c,725 :: 		green();
0x00B9	0x2045      	CALL       _green
;Parcial2.c,726 :: 		white();
0x00BA	0x202C      	CALL       _white
;Parcial2.c,727 :: 		white();
0x00BB	0x202C      	CALL       _white
;Parcial2.c,728 :: 		green();
0x00BC	0x2045      	CALL       _green
;Parcial2.c,729 :: 		green();
0x00BD	0x2045      	CALL       _green
;Parcial2.c,730 :: 		white();
0x00BE	0x202C      	CALL       _white
;Parcial2.c,731 :: 		white();
0x00BF	0x202C      	CALL       _white
;Parcial2.c,732 :: 		green();
0x00C0	0x2045      	CALL       _green
;Parcial2.c,733 :: 		black();
0x00C1	0x2013      	CALL       _black
;Parcial2.c,734 :: 		m=0;
0x00C2	0x0020      	MOVLB      0
0x00C3	0x01A0      	CLRF       yoshi_m_L0
;Parcial2.c,735 :: 		while(m<3){
L_yoshi130:
0x00C4	0x3080      	MOVLW      128
0x00C5	0x0620      	XORWF      yoshi_m_L0, 0
0x00C6	0x00F0      	MOVWF      R0
0x00C7	0x3080      	MOVLW      128
0x00C8	0x3A03      	XORLW      3
0x00C9	0x0270      	SUBWF      R0, 0
0x00CA	0x1803      	BTFSC      STATUS, 0
0x00CB	0x28D0      	GOTO       L_yoshi131
;Parcial2.c,736 :: 		white();
0x00CC	0x202C      	CALL       _white
;Parcial2.c,737 :: 		m++;
0x00CD	0x0020      	MOVLB      0
0x00CE	0x0AA0      	INCF       yoshi_m_L0, 1
;Parcial2.c,738 :: 		}               //linea 3
0x00CF	0x28C4      	GOTO       L_yoshi130
L_yoshi131:
;Parcial2.c,739 :: 		m=0;
0x00D0	0x01A0      	CLRF       yoshi_m_L0
;Parcial2.c,740 :: 		while(m<3){
L_yoshi132:
0x00D1	0x3080      	MOVLW      128
0x00D2	0x0620      	XORWF      yoshi_m_L0, 0
0x00D3	0x00F0      	MOVWF      R0
0x00D4	0x3080      	MOVLW      128
0x00D5	0x3A03      	XORLW      3
0x00D6	0x0270      	SUBWF      R0, 0
0x00D7	0x1803      	BTFSC      STATUS, 0
0x00D8	0x28DD      	GOTO       L_yoshi133
;Parcial2.c,741 :: 		white();
0x00D9	0x202C      	CALL       _white
;Parcial2.c,742 :: 		m++;
0x00DA	0x0020      	MOVLB      0
0x00DB	0x0AA0      	INCF       yoshi_m_L0, 1
;Parcial2.c,743 :: 		}
0x00DC	0x28D1      	GOTO       L_yoshi132
L_yoshi133:
;Parcial2.c,744 :: 		black();
0x00DD	0x2013      	CALL       _black
;Parcial2.c,745 :: 		white();
0x00DE	0x202C      	CALL       _white
;Parcial2.c,746 :: 		white();
0x00DF	0x202C      	CALL       _white
;Parcial2.c,747 :: 		black();
0x00E0	0x2013      	CALL       _black
;Parcial2.c,748 :: 		white();
0x00E1	0x202C      	CALL       _white
;Parcial2.c,749 :: 		white();
0x00E2	0x202C      	CALL       _white
;Parcial2.c,750 :: 		black();
0x00E3	0x2013      	CALL       _black
;Parcial2.c,751 :: 		white();
0x00E4	0x202C      	CALL       _white
;Parcial2.c,752 :: 		white();
0x00E5	0x202C      	CALL       _white
;Parcial2.c,753 :: 		black();
0x00E6	0x2013      	CALL       _black
;Parcial2.c,754 :: 		m=0;
0x00E7	0x0020      	MOVLB      0
0x00E8	0x01A0      	CLRF       yoshi_m_L0
;Parcial2.c,755 :: 		while(m<3){
L_yoshi134:
0x00E9	0x3080      	MOVLW      128
0x00EA	0x0620      	XORWF      yoshi_m_L0, 0
0x00EB	0x00F0      	MOVWF      R0
0x00EC	0x3080      	MOVLW      128
0x00ED	0x3A03      	XORLW      3
0x00EE	0x0270      	SUBWF      R0, 0
0x00EF	0x1803      	BTFSC      STATUS, 0
0x00F0	0x28F5      	GOTO       L_yoshi135
;Parcial2.c,756 :: 		white();
0x00F1	0x202C      	CALL       _white
;Parcial2.c,757 :: 		m++;
0x00F2	0x0020      	MOVLB      0
0x00F3	0x0AA0      	INCF       yoshi_m_L0, 1
;Parcial2.c,758 :: 		}              //linea 4
0x00F4	0x28E9      	GOTO       L_yoshi134
L_yoshi135:
;Parcial2.c,759 :: 		m=0;
0x00F5	0x01A0      	CLRF       yoshi_m_L0
;Parcial2.c,760 :: 		while(m<3){
L_yoshi136:
0x00F6	0x3080      	MOVLW      128
0x00F7	0x0620      	XORWF      yoshi_m_L0, 0
0x00F8	0x00F0      	MOVWF      R0
0x00F9	0x3080      	MOVLW      128
0x00FA	0x3A03      	XORLW      3
0x00FB	0x0270      	SUBWF      R0, 0
0x00FC	0x1803      	BTFSC      STATUS, 0
0x00FD	0x2902      	GOTO       L_yoshi137
;Parcial2.c,761 :: 		white();
0x00FE	0x202C      	CALL       _white
;Parcial2.c,762 :: 		m++;
0x00FF	0x0020      	MOVLB      0
0x0100	0x0AA0      	INCF       yoshi_m_L0, 1
;Parcial2.c,763 :: 		}
0x0101	0x28F6      	GOTO       L_yoshi136
L_yoshi137:
;Parcial2.c,764 :: 		black();
0x0102	0x2013      	CALL       _black
;Parcial2.c,765 :: 		white();
0x0103	0x202C      	CALL       _white
;Parcial2.c,766 :: 		white();
0x0104	0x202C      	CALL       _white
;Parcial2.c,767 :: 		black();
0x0105	0x2013      	CALL       _black
;Parcial2.c,768 :: 		white();
0x0106	0x202C      	CALL       _white
;Parcial2.c,769 :: 		white();
0x0107	0x202C      	CALL       _white
;Parcial2.c,770 :: 		black();
0x0108	0x2013      	CALL       _black
;Parcial2.c,771 :: 		white();
0x0109	0x202C      	CALL       _white
;Parcial2.c,772 :: 		white();
0x010A	0x202C      	CALL       _white
;Parcial2.c,773 :: 		black();
0x010B	0x2013      	CALL       _black
;Parcial2.c,774 :: 		m=0;
0x010C	0x0020      	MOVLB      0
0x010D	0x01A0      	CLRF       yoshi_m_L0
;Parcial2.c,775 :: 		while(m<3){
L_yoshi138:
0x010E	0x3080      	MOVLW      128
0x010F	0x0620      	XORWF      yoshi_m_L0, 0
0x0110	0x00F0      	MOVWF      R0
0x0111	0x3080      	MOVLW      128
0x0112	0x3A03      	XORLW      3
0x0113	0x0270      	SUBWF      R0, 0
0x0114	0x1803      	BTFSC      STATUS, 0
0x0115	0x291A      	GOTO       L_yoshi139
;Parcial2.c,776 :: 		white();
0x0116	0x202C      	CALL       _white
;Parcial2.c,777 :: 		m++;
0x0117	0x0020      	MOVLB      0
0x0118	0x0AA0      	INCF       yoshi_m_L0, 1
;Parcial2.c,778 :: 		}           //linea 5
0x0119	0x290E      	GOTO       L_yoshi138
L_yoshi139:
;Parcial2.c,779 :: 		white();
0x011A	0x202C      	CALL       _white
;Parcial2.c,780 :: 		white();
0x011B	0x202C      	CALL       _white
;Parcial2.c,781 :: 		black();
0x011C	0x2013      	CALL       _black
;Parcial2.c,782 :: 		black();
0x011D	0x2013      	CALL       _black
;Parcial2.c,783 :: 		white();
0x011E	0x202C      	CALL       _white
;Parcial2.c,784 :: 		m=0;
0x011F	0x0020      	MOVLB      0
0x0120	0x01A0      	CLRF       yoshi_m_L0
;Parcial2.c,785 :: 		while(m<6){
L_yoshi140:
0x0121	0x3080      	MOVLW      128
0x0122	0x0620      	XORWF      yoshi_m_L0, 0
0x0123	0x00F0      	MOVWF      R0
0x0124	0x3080      	MOVLW      128
0x0125	0x3A06      	XORLW      6
0x0126	0x0270      	SUBWF      R0, 0
0x0127	0x1803      	BTFSC      STATUS, 0
0x0128	0x292D      	GOTO       L_yoshi141
;Parcial2.c,786 :: 		black();
0x0129	0x2013      	CALL       _black
;Parcial2.c,787 :: 		m++;
0x012A	0x0020      	MOVLB      0
0x012B	0x0AA0      	INCF       yoshi_m_L0, 1
;Parcial2.c,788 :: 		}
0x012C	0x2921      	GOTO       L_yoshi140
L_yoshi141:
;Parcial2.c,789 :: 		white();
0x012D	0x202C      	CALL       _white
;Parcial2.c,790 :: 		black();
0x012E	0x2013      	CALL       _black
;Parcial2.c,791 :: 		black();
0x012F	0x2013      	CALL       _black
;Parcial2.c,792 :: 		white();
0x0130	0x202C      	CALL       _white
;Parcial2.c,793 :: 		white(); //linea 6
0x0131	0x202C      	CALL       _white
;Parcial2.c,795 :: 		white();
0x0132	0x202C      	CALL       _white
;Parcial2.c,796 :: 		black();
0x0133	0x2013      	CALL       _black
;Parcial2.c,797 :: 		green();
0x0134	0x2045      	CALL       _green
;Parcial2.c,798 :: 		green();
0x0135	0x2045      	CALL       _green
;Parcial2.c,799 :: 		black();
0x0136	0x2013      	CALL       _black
;Parcial2.c,800 :: 		m=0;
0x0137	0x0020      	MOVLB      0
0x0138	0x01A0      	CLRF       yoshi_m_L0
;Parcial2.c,801 :: 		while(m<5) {
L_yoshi142:
0x0139	0x3080      	MOVLW      128
0x013A	0x0620      	XORWF      yoshi_m_L0, 0
0x013B	0x00F0      	MOVWF      R0
0x013C	0x3080      	MOVLW      128
0x013D	0x3A05      	XORLW      5
0x013E	0x0270      	SUBWF      R0, 0
0x013F	0x1803      	BTFSC      STATUS, 0
0x0140	0x2945      	GOTO       L_yoshi143
;Parcial2.c,802 :: 		green();
0x0141	0x2045      	CALL       _green
;Parcial2.c,803 :: 		m++;
0x0142	0x0020      	MOVLB      0
0x0143	0x0AA0      	INCF       yoshi_m_L0, 1
;Parcial2.c,804 :: 		}
0x0144	0x2939      	GOTO       L_yoshi142
L_yoshi143:
;Parcial2.c,805 :: 		greend();
0x0145	0x205E      	CALL       _greend
;Parcial2.c,806 :: 		black();
0x0146	0x2013      	CALL       _black
;Parcial2.c,807 :: 		green();
0x0147	0x2045      	CALL       _green
;Parcial2.c,808 :: 		green();
0x0148	0x2045      	CALL       _green
;Parcial2.c,809 :: 		black();
0x0149	0x2013      	CALL       _black
;Parcial2.c,810 :: 		white();
0x014A	0x202C      	CALL       _white
;Parcial2.c,812 :: 		black();
0x014B	0x2013      	CALL       _black
;Parcial2.c,813 :: 		green();
0x014C	0x2045      	CALL       _green
;Parcial2.c,814 :: 		green();
0x014D	0x2045      	CALL       _green
;Parcial2.c,815 :: 		black();
0x014E	0x2013      	CALL       _black
;Parcial2.c,816 :: 		m=0;
0x014F	0x0020      	MOVLB      0
0x0150	0x01A0      	CLRF       yoshi_m_L0
;Parcial2.c,817 :: 		while(m<7) {
L_yoshi144:
0x0151	0x3080      	MOVLW      128
0x0152	0x0620      	XORWF      yoshi_m_L0, 0
0x0153	0x00F0      	MOVWF      R0
0x0154	0x3080      	MOVLW      128
0x0155	0x3A07      	XORLW      7
0x0156	0x0270      	SUBWF      R0, 0
0x0157	0x1803      	BTFSC      STATUS, 0
0x0158	0x295D      	GOTO       L_yoshi145
;Parcial2.c,818 :: 		green();
0x0159	0x2045      	CALL       _green
;Parcial2.c,819 :: 		m++;
0x015A	0x0020      	MOVLB      0
0x015B	0x0AA0      	INCF       yoshi_m_L0, 1
;Parcial2.c,820 :: 		}
0x015C	0x2951      	GOTO       L_yoshi144
L_yoshi145:
;Parcial2.c,821 :: 		greend();
0x015D	0x205E      	CALL       _greend
;Parcial2.c,822 :: 		black();
0x015E	0x2013      	CALL       _black
;Parcial2.c,823 :: 		green();
0x015F	0x2045      	CALL       _green
;Parcial2.c,824 :: 		green();
0x0160	0x2045      	CALL       _green
;Parcial2.c,825 :: 		black();
0x0161	0x2013      	CALL       _black
;Parcial2.c,827 :: 		black();
0x0162	0x2013      	CALL       _black
;Parcial2.c,828 :: 		white();
0x0163	0x202C      	CALL       _white
;Parcial2.c,829 :: 		black();
0x0164	0x2013      	CALL       _black
;Parcial2.c,830 :: 		m=0;
0x0165	0x0020      	MOVLB      0
0x0166	0x01A0      	CLRF       yoshi_m_L0
;Parcial2.c,831 :: 		while(m<3) {
L_yoshi146:
0x0167	0x3080      	MOVLW      128
0x0168	0x0620      	XORWF      yoshi_m_L0, 0
0x0169	0x00F0      	MOVWF      R0
0x016A	0x3080      	MOVLW      128
0x016B	0x3A03      	XORLW      3
0x016C	0x0270      	SUBWF      R0, 0
0x016D	0x1803      	BTFSC      STATUS, 0
0x016E	0x2973      	GOTO       L_yoshi147
;Parcial2.c,832 :: 		green();
0x016F	0x2045      	CALL       _green
;Parcial2.c,833 :: 		m++;
0x0170	0x0020      	MOVLB      0
0x0171	0x0AA0      	INCF       yoshi_m_L0, 1
;Parcial2.c,834 :: 		}
0x0172	0x2967      	GOTO       L_yoshi146
L_yoshi147:
;Parcial2.c,835 :: 		black();
0x0173	0x2013      	CALL       _black
;Parcial2.c,836 :: 		green();
0x0174	0x2045      	CALL       _green
;Parcial2.c,837 :: 		green();
0x0175	0x2045      	CALL       _green
;Parcial2.c,838 :: 		black();
0x0176	0x2013      	CALL       _black
;Parcial2.c,839 :: 		green();
0x0177	0x2045      	CALL       _green
;Parcial2.c,840 :: 		green();
0x0178	0x2045      	CALL       _green
;Parcial2.c,841 :: 		greend();
0x0179	0x205E      	CALL       _greend
;Parcial2.c,842 :: 		black();
0x017A	0x2013      	CALL       _black
;Parcial2.c,843 :: 		white();
0x017B	0x202C      	CALL       _white
;Parcial2.c,844 :: 		black();
0x017C	0x2013      	CALL       _black
;Parcial2.c,846 :: 		black();
0x017D	0x2013      	CALL       _black
;Parcial2.c,847 :: 		white();
0x017E	0x202C      	CALL       _white
;Parcial2.c,848 :: 		black();
0x017F	0x2013      	CALL       _black
;Parcial2.c,849 :: 		m=0;
0x0180	0x0020      	MOVLB      0
0x0181	0x01A0      	CLRF       yoshi_m_L0
;Parcial2.c,850 :: 		while(m<9) {
L_yoshi148:
0x0182	0x3080      	MOVLW      128
0x0183	0x0620      	XORWF      yoshi_m_L0, 0
0x0184	0x00F0      	MOVWF      R0
0x0185	0x3080      	MOVLW      128
0x0186	0x3A09      	XORLW      9
0x0187	0x0270      	SUBWF      R0, 0
0x0188	0x1803      	BTFSC      STATUS, 0
0x0189	0x298E      	GOTO       L_yoshi149
;Parcial2.c,851 :: 		green();
0x018A	0x2045      	CALL       _green
;Parcial2.c,852 :: 		m++;
0x018B	0x0020      	MOVLB      0
0x018C	0x0AA0      	INCF       yoshi_m_L0, 1
;Parcial2.c,853 :: 		}
0x018D	0x2982      	GOTO       L_yoshi148
L_yoshi149:
;Parcial2.c,854 :: 		greend();
0x018E	0x205E      	CALL       _greend
;Parcial2.c,855 :: 		black();
0x018F	0x2013      	CALL       _black
;Parcial2.c,856 :: 		white();
0x0190	0x202C      	CALL       _white
;Parcial2.c,857 :: 		black();
0x0191	0x2013      	CALL       _black
;Parcial2.c,859 :: 		black();
0x0192	0x2013      	CALL       _black
;Parcial2.c,860 :: 		white();
0x0193	0x202C      	CALL       _white
;Parcial2.c,861 :: 		black();
0x0194	0x2013      	CALL       _black
;Parcial2.c,862 :: 		m=0;
0x0195	0x0020      	MOVLB      0
0x0196	0x01A0      	CLRF       yoshi_m_L0
;Parcial2.c,863 :: 		while(m<9) {
L_yoshi150:
0x0197	0x3080      	MOVLW      128
0x0198	0x0620      	XORWF      yoshi_m_L0, 0
0x0199	0x00F0      	MOVWF      R0
0x019A	0x3080      	MOVLW      128
0x019B	0x3A09      	XORLW      9
0x019C	0x0270      	SUBWF      R0, 0
0x019D	0x1803      	BTFSC      STATUS, 0
0x019E	0x29A3      	GOTO       L_yoshi151
;Parcial2.c,864 :: 		green();
0x019F	0x2045      	CALL       _green
;Parcial2.c,865 :: 		m++;
0x01A0	0x0020      	MOVLB      0
0x01A1	0x0AA0      	INCF       yoshi_m_L0, 1
;Parcial2.c,866 :: 		}
0x01A2	0x2997      	GOTO       L_yoshi150
L_yoshi151:
;Parcial2.c,867 :: 		greend();
0x01A3	0x205E      	CALL       _greend
;Parcial2.c,868 :: 		black();
0x01A4	0x2013      	CALL       _black
;Parcial2.c,869 :: 		white();
0x01A5	0x202C      	CALL       _white
;Parcial2.c,870 :: 		black();
0x01A6	0x2013      	CALL       _black
;Parcial2.c,871 :: 		m = 0;
0x01A7	0x0020      	MOVLB      0
0x01A8	0x01A0      	CLRF       yoshi_m_L0
;Parcial2.c,873 :: 		black();
0x01A9	0x2013      	CALL       _black
;Parcial2.c,874 :: 		white();
0x01AA	0x202C      	CALL       _white
;Parcial2.c,875 :: 		black();
0x01AB	0x2013      	CALL       _black
;Parcial2.c,876 :: 		greend();
0x01AC	0x205E      	CALL       _greend
;Parcial2.c,877 :: 		while(m<7){
L_yoshi152:
0x01AD	0x3080      	MOVLW      128
0x01AE	0x0020      	MOVLB      0
0x01AF	0x0620      	XORWF      yoshi_m_L0, 0
0x01B0	0x00F0      	MOVWF      R0
0x01B1	0x3080      	MOVLW      128
0x01B2	0x3A07      	XORLW      7
0x01B3	0x0270      	SUBWF      R0, 0
0x01B4	0x1803      	BTFSC      STATUS, 0
0x01B5	0x29BA      	GOTO       L_yoshi153
;Parcial2.c,878 :: 		green();
0x01B6	0x2045      	CALL       _green
;Parcial2.c,879 :: 		m++    ;
0x01B7	0x0020      	MOVLB      0
0x01B8	0x0AA0      	INCF       yoshi_m_L0, 1
;Parcial2.c,880 :: 		}
0x01B9	0x29AD      	GOTO       L_yoshi152
L_yoshi153:
;Parcial2.c,881 :: 		m=0;
0x01BA	0x01A0      	CLRF       yoshi_m_L0
;Parcial2.c,882 :: 		greend();
0x01BB	0x205E      	CALL       _greend
;Parcial2.c,883 :: 		greend();
0x01BC	0x205E      	CALL       _greend
;Parcial2.c,884 :: 		black();
0x01BD	0x2013      	CALL       _black
;Parcial2.c,885 :: 		white();
0x01BE	0x202C      	CALL       _white
;Parcial2.c,886 :: 		black();
0x01BF	0x2013      	CALL       _black
;Parcial2.c,889 :: 		black();
0x01C0	0x2013      	CALL       _black
;Parcial2.c,890 :: 		black();
0x01C1	0x2013      	CALL       _black
;Parcial2.c,891 :: 		black();
0x01C2	0x2013      	CALL       _black
;Parcial2.c,892 :: 		greend();
0x01C3	0x205E      	CALL       _greend
;Parcial2.c,893 :: 		greend();
0x01C4	0x205E      	CALL       _greend
;Parcial2.c,895 :: 		while(m<5){
L_yoshi154:
0x01C5	0x3080      	MOVLW      128
0x01C6	0x0020      	MOVLB      0
0x01C7	0x0620      	XORWF      yoshi_m_L0, 0
0x01C8	0x00F0      	MOVWF      R0
0x01C9	0x3080      	MOVLW      128
0x01CA	0x3A05      	XORLW      5
0x01CB	0x0270      	SUBWF      R0, 0
0x01CC	0x1803      	BTFSC      STATUS, 0
0x01CD	0x29D2      	GOTO       L_yoshi155
;Parcial2.c,896 :: 		green();
0x01CE	0x2045      	CALL       _green
;Parcial2.c,897 :: 		m++;
0x01CF	0x0020      	MOVLB      0
0x01D0	0x0AA0      	INCF       yoshi_m_L0, 1
;Parcial2.c,898 :: 		}
0x01D1	0x29C5      	GOTO       L_yoshi154
L_yoshi155:
;Parcial2.c,899 :: 		m=0;
0x01D2	0x01A0      	CLRF       yoshi_m_L0
;Parcial2.c,900 :: 		while(m<3){
L_yoshi156:
0x01D3	0x3080      	MOVLW      128
0x01D4	0x0620      	XORWF      yoshi_m_L0, 0
0x01D5	0x00F0      	MOVWF      R0
0x01D6	0x3080      	MOVLW      128
0x01D7	0x3A03      	XORLW      3
0x01D8	0x0270      	SUBWF      R0, 0
0x01D9	0x1803      	BTFSC      STATUS, 0
0x01DA	0x29DF      	GOTO       L_yoshi157
;Parcial2.c,901 :: 		greend();
0x01DB	0x205E      	CALL       _greend
;Parcial2.c,902 :: 		m++   ;
0x01DC	0x0020      	MOVLB      0
0x01DD	0x0AA0      	INCF       yoshi_m_L0, 1
;Parcial2.c,903 :: 		}
0x01DE	0x29D3      	GOTO       L_yoshi156
L_yoshi157:
;Parcial2.c,904 :: 		m=0;
0x01DF	0x01A0      	CLRF       yoshi_m_L0
;Parcial2.c,905 :: 		black();
0x01E0	0x2013      	CALL       _black
;Parcial2.c,906 :: 		black();
0x01E1	0x2013      	CALL       _black
;Parcial2.c,907 :: 		black();
0x01E2	0x2013      	CALL       _black
;Parcial2.c,910 :: 		white();
0x01E3	0x202C      	CALL       _white
;Parcial2.c,911 :: 		black();
0x01E4	0x2013      	CALL       _black
;Parcial2.c,912 :: 		white();
0x01E5	0x202C      	CALL       _white
;Parcial2.c,913 :: 		black();
0x01E6	0x2013      	CALL       _black
;Parcial2.c,914 :: 		while(m<8){
L_yoshi158:
0x01E7	0x3080      	MOVLW      128
0x01E8	0x0020      	MOVLB      0
0x01E9	0x0620      	XORWF      yoshi_m_L0, 0
0x01EA	0x00F0      	MOVWF      R0
0x01EB	0x3080      	MOVLW      128
0x01EC	0x3A08      	XORLW      8
0x01ED	0x0270      	SUBWF      R0, 0
0x01EE	0x1803      	BTFSC      STATUS, 0
0x01EF	0x29F4      	GOTO       L_yoshi159
;Parcial2.c,915 :: 		greend();
0x01F0	0x205E      	CALL       _greend
;Parcial2.c,916 :: 		m++;
0x01F1	0x0020      	MOVLB      0
0x01F2	0x0AA0      	INCF       yoshi_m_L0, 1
;Parcial2.c,917 :: 		}
0x01F3	0x29E7      	GOTO       L_yoshi158
L_yoshi159:
;Parcial2.c,918 :: 		m=0;
0x01F4	0x01A0      	CLRF       yoshi_m_L0
;Parcial2.c,919 :: 		black();
0x01F5	0x2013      	CALL       _black
;Parcial2.c,920 :: 		white();
0x01F6	0x202C      	CALL       _white
;Parcial2.c,921 :: 		black();
0x01F7	0x2013      	CALL       _black
;Parcial2.c,922 :: 		white();
0x01F8	0x202C      	CALL       _white
;Parcial2.c,925 :: 		white();
0x01F9	0x202C      	CALL       _white
;Parcial2.c,926 :: 		white();
0x01FA	0x202C      	CALL       _white
;Parcial2.c,927 :: 		black();
0x01FB	0x2013      	CALL       _black
;Parcial2.c,928 :: 		black();
0x01FC	0x2013      	CALL       _black
;Parcial2.c,929 :: 		black();
0x01FD	0x2013      	CALL       _black
;Parcial2.c,930 :: 		while(m<6){
L_yoshi160:
0x01FE	0x3080      	MOVLW      128
0x01FF	0x0020      	MOVLB      0
0x0200	0x0620      	XORWF      yoshi_m_L0, 0
0x0201	0x00F0      	MOVWF      R0
0x0202	0x3080      	MOVLW      128
0x0203	0x3A06      	XORLW      6
0x0204	0x0270      	SUBWF      R0, 0
0x0205	0x1803      	BTFSC      STATUS, 0
0x0206	0x2A0B      	GOTO       L_yoshi161
;Parcial2.c,931 :: 		greend();
0x0207	0x205E      	CALL       _greend
;Parcial2.c,932 :: 		m++;
0x0208	0x0020      	MOVLB      0
0x0209	0x0AA0      	INCF       yoshi_m_L0, 1
;Parcial2.c,933 :: 		}
0x020A	0x29FE      	GOTO       L_yoshi160
L_yoshi161:
;Parcial2.c,934 :: 		m=0;
0x020B	0x01A0      	CLRF       yoshi_m_L0
;Parcial2.c,935 :: 		black();
0x020C	0x2013      	CALL       _black
;Parcial2.c,936 :: 		black();
0x020D	0x2013      	CALL       _black
;Parcial2.c,937 :: 		black();
0x020E	0x2013      	CALL       _black
;Parcial2.c,938 :: 		white();
0x020F	0x202C      	CALL       _white
;Parcial2.c,939 :: 		white();
0x0210	0x202C      	CALL       _white
;Parcial2.c,942 :: 		while(m<4){
L_yoshi162:
0x0211	0x3080      	MOVLW      128
0x0212	0x0020      	MOVLB      0
0x0213	0x0620      	XORWF      yoshi_m_L0, 0
0x0214	0x00F0      	MOVWF      R0
0x0215	0x3080      	MOVLW      128
0x0216	0x3A04      	XORLW      4
0x0217	0x0270      	SUBWF      R0, 0
0x0218	0x1803      	BTFSC      STATUS, 0
0x0219	0x2A1E      	GOTO       L_yoshi163
;Parcial2.c,943 :: 		white();
0x021A	0x202C      	CALL       _white
;Parcial2.c,944 :: 		m++;
0x021B	0x0020      	MOVLB      0
0x021C	0x0AA0      	INCF       yoshi_m_L0, 1
;Parcial2.c,945 :: 		}
0x021D	0x2A11      	GOTO       L_yoshi162
L_yoshi163:
;Parcial2.c,946 :: 		m=0;
0x021E	0x01A0      	CLRF       yoshi_m_L0
;Parcial2.c,947 :: 		while(m<8){
L_yoshi164:
0x021F	0x3080      	MOVLW      128
0x0220	0x0620      	XORWF      yoshi_m_L0, 0
0x0221	0x00F0      	MOVWF      R0
0x0222	0x3080      	MOVLW      128
0x0223	0x3A08      	XORLW      8
0x0224	0x0270      	SUBWF      R0, 0
0x0225	0x1803      	BTFSC      STATUS, 0
0x0226	0x2A2B      	GOTO       L_yoshi165
;Parcial2.c,948 :: 		black();
0x0227	0x2013      	CALL       _black
;Parcial2.c,949 :: 		m++;
0x0228	0x0020      	MOVLB      0
0x0229	0x0AA0      	INCF       yoshi_m_L0, 1
;Parcial2.c,950 :: 		}
0x022A	0x2A1F      	GOTO       L_yoshi164
L_yoshi165:
;Parcial2.c,951 :: 		m=0;
0x022B	0x01A0      	CLRF       yoshi_m_L0
;Parcial2.c,952 :: 		while(m<4){
L_yoshi166:
0x022C	0x3080      	MOVLW      128
0x022D	0x0620      	XORWF      yoshi_m_L0, 0
0x022E	0x00F0      	MOVWF      R0
0x022F	0x3080      	MOVLW      128
0x0230	0x3A04      	XORLW      4
0x0231	0x0270      	SUBWF      R0, 0
0x0232	0x1803      	BTFSC      STATUS, 0
0x0233	0x2A38      	GOTO       L_yoshi167
;Parcial2.c,953 :: 		white();
0x0234	0x202C      	CALL       _white
;Parcial2.c,954 :: 		m++;
0x0235	0x0020      	MOVLB      0
0x0236	0x0AA0      	INCF       yoshi_m_L0, 1
;Parcial2.c,955 :: 		}
0x0237	0x2A2C      	GOTO       L_yoshi166
L_yoshi167:
;Parcial2.c,956 :: 		m=0;
0x0238	0x01A0      	CLRF       yoshi_m_L0
;Parcial2.c,958 :: 		}
L_end_yoshi:
0x0239	0x0008      	RETURN
; end of _yoshi
_main:
;Parcial2.c,961 :: 		void main(){
;Parcial2.c,962 :: 		TRISA = 0;
0x023A	0x0021      	MOVLB      1
0x023B	0x018C      	CLRF       TRISA
;Parcial2.c,963 :: 		ANSELA = 0;
0x023C	0x0023      	MOVLB      3
0x023D	0x018C      	CLRF       ANSELA
;Parcial2.c,964 :: 		LATA = 0;
0x023E	0x0022      	MOVLB      2
0x023F	0x018C      	CLRF       LATA
;Parcial2.c,965 :: 		OSCCON = 0b11110011;
0x0240	0x30F3      	MOVLW      243
0x0241	0x0021      	MOVLB      1
0x0242	0x0099      	MOVWF      OSCCON
;Parcial2.c,967 :: 		while(1){
L_main168:
;Parcial2.c,968 :: 		yoshi();
0x0243	0x2080      	CALL       _yoshi
;Parcial2.c,974 :: 		}
0x0244	0x2A43      	GOTO       L_main168
;Parcial2.c,975 :: 		}
L_end_main:
0x0245	0x2A45      	GOTO       $+0
; end of _main
Symbol List:
//** Routines locations **
//ADDRESS    SIZE    PROCEDURE
//----------------------------------------------
0x0003       [7]    _zero
0x000A       [9]    _one
0x0013      [25]    _black
0x002C      [25]    _white
0x0045      [25]    _green
0x005E      [25]    _greend
0x0077       [9]    ___CC2DW
0x0080     [442]    _yoshi
0x023A      [12]    _main
//** Variables locations ** 
//ADDRESS    SIZE    VARIABLE
//----------------------------------------------
0x0000       [1]    INDF0
0x0001       [1]    INDF1
0x0003       [1]    STATUS
0x0004       [1]    FSR0L
0x0005       [1]    FSR0H
0x0006       [1]    FSR1L
0x0007       [1]    FSR1H
0x000A       [1]    PCLATH
0x0020       [1]    yoshi_m_L0
0x0070       [1]    R0
0x0071       [1]    R1
0x0072       [1]    R2
0x0073       [1]    R3
0x0074       [1]    R4
0x0075       [1]    R5
0x0076       [1]    R6
0x0077       [1]    R7
0x0078       [1]    R8
0x0079       [1]    R9
0x007A       [1]    R10
0x007B       [1]    R11
0x007C       [1]    R12
0x007D       [1]    R13
0x007E       [1]    R14
0x007F       [1]    R15
0x008C       [1]    TRISA
0x0099       [1]    OSCCON
0x010C       [1]    LATA
0x018C       [1]    ANSELA
