#! /c/Source/iverilog-install/bin/vvp
:ivl_version "12.0 (devel)" "(s20150603-1110-g18392a46)";
:ivl_delay_selection "TYPICAL";
:vpi_time_precision - 11;
:vpi_module "C:\iverilog\lib\ivl\system.vpi";
:vpi_module "C:\iverilog\lib\ivl\vhdl_sys.vpi";
:vpi_module "C:\iverilog\lib\ivl\vhdl_textio.vpi";
:vpi_module "C:\iverilog\lib\ivl\v2005_math.vpi";
:vpi_module "C:\iverilog\lib\ivl\va_math.vpi";
S_0000025784cfaa30 .scope module, "punto5simp_t_tb" "punto5simp_t_tb" 2 2;
 .timescale -9 -11;
v0000025784c1e5f0_0 .var "inA", 0 0;
v0000025784c1e690_0 .var "inB", 0 0;
v0000025784c1e7d0_0 .var "inC", 0 0;
v0000025784c1eb90_0 .net "outF", 0 0, L_0000025784c1f3e0;  1 drivers
S_0000025784cfadd0 .scope module, "EJR" "punto5simp_t" 2 9, 3 1 0, S_0000025784cfaa30;
 .timescale 0 0;
    .port_info 0 /INPUT 1 "A";
    .port_info 1 /INPUT 1 "B";
    .port_info 2 /INPUT 1 "C";
    .port_info 3 /OUTPUT 1 "F";
L_0000025784cfaf60 .functor NOT 1, v0000025784c1e690_0, C4<0>, C4<0>, C4<0>;
L_0000025784ba30c0 .functor AND 1, v0000025784c1e5f0_0, L_0000025784cfaf60, C4<1>, C4<1>;
L_0000025784c1f140 .functor NOT 1, v0000025784c1e690_0, C4<0>, C4<0>, C4<0>;
L_0000025784c1f530 .functor AND 1, L_0000025784c1f140, v0000025784c1e7d0_0, C4<1>, C4<1>;
L_0000025784c1f1b0 .functor OR 1, L_0000025784ba30c0, L_0000025784c1f530, C4<0>, C4<0>;
L_0000025784c1f680 .functor AND 1, v0000025784c1e5f0_0, v0000025784c1e7d0_0, C4<1>, C4<1>;
L_0000025784c1f3e0 .functor OR 1, L_0000025784c1f1b0, L_0000025784c1f680, C4<0>, C4<0>;
v0000025784cfa300_0 .net "A", 0 0, v0000025784c1e5f0_0;  1 drivers
v0000025784bd6210_0 .net "B", 0 0, v0000025784c1e690_0;  1 drivers
v0000025784cfa3a0_0 .net "C", 0 0, v0000025784c1e7d0_0;  1 drivers
v0000025784ba2a10_0 .net "F", 0 0, L_0000025784c1f3e0;  alias, 1 drivers
v0000025784ba2ab0_0 .net *"_ivl_0", 0 0, L_0000025784cfaf60;  1 drivers
v0000025784ba2b50_0 .net *"_ivl_10", 0 0, L_0000025784c1f680;  1 drivers
v0000025784ba2bf0_0 .net *"_ivl_2", 0 0, L_0000025784ba30c0;  1 drivers
v0000025784ba2c90_0 .net *"_ivl_4", 0 0, L_0000025784c1f140;  1 drivers
v0000025784ba2d30_0 .net *"_ivl_6", 0 0, L_0000025784c1f530;  1 drivers
v0000025784c1e870_0 .net *"_ivl_8", 0 0, L_0000025784c1f1b0;  1 drivers
    .scope S_0000025784cfaa30;
T_0 ;
    %pushi/vec4 0, 0, 1;
    %store/vec4 v0000025784c1e5f0_0, 0, 1;
    %pushi/vec4 0, 0, 1;
    %store/vec4 v0000025784c1e690_0, 0, 1;
    %pushi/vec4 0, 0, 1;
    %store/vec4 v0000025784c1e7d0_0, 0, 1;
    %delay 2000, 0;
    %pushi/vec4 0, 0, 1;
    %store/vec4 v0000025784c1e5f0_0, 0, 1;
    %pushi/vec4 0, 0, 1;
    %store/vec4 v0000025784c1e690_0, 0, 1;
    %pushi/vec4 1, 0, 1;
    %store/vec4 v0000025784c1e7d0_0, 0, 1;
    %delay 2000, 0;
    %pushi/vec4 0, 0, 1;
    %store/vec4 v0000025784c1e5f0_0, 0, 1;
    %pushi/vec4 1, 0, 1;
    %store/vec4 v0000025784c1e690_0, 0, 1;
    %pushi/vec4 0, 0, 1;
    %store/vec4 v0000025784c1e7d0_0, 0, 1;
    %delay 2000, 0;
    %pushi/vec4 0, 0, 1;
    %store/vec4 v0000025784c1e5f0_0, 0, 1;
    %pushi/vec4 1, 0, 1;
    %store/vec4 v0000025784c1e690_0, 0, 1;
    %pushi/vec4 1, 0, 1;
    %store/vec4 v0000025784c1e7d0_0, 0, 1;
    %delay 2000, 0;
    %pushi/vec4 1, 0, 1;
    %store/vec4 v0000025784c1e5f0_0, 0, 1;
    %pushi/vec4 0, 0, 1;
    %store/vec4 v0000025784c1e690_0, 0, 1;
    %pushi/vec4 0, 0, 1;
    %store/vec4 v0000025784c1e7d0_0, 0, 1;
    %delay 2000, 0;
    %pushi/vec4 1, 0, 1;
    %store/vec4 v0000025784c1e5f0_0, 0, 1;
    %pushi/vec4 0, 0, 1;
    %store/vec4 v0000025784c1e690_0, 0, 1;
    %pushi/vec4 1, 0, 1;
    %store/vec4 v0000025784c1e7d0_0, 0, 1;
    %delay 2000, 0;
    %pushi/vec4 1, 0, 1;
    %store/vec4 v0000025784c1e5f0_0, 0, 1;
    %pushi/vec4 1, 0, 1;
    %store/vec4 v0000025784c1e690_0, 0, 1;
    %pushi/vec4 0, 0, 1;
    %store/vec4 v0000025784c1e7d0_0, 0, 1;
    %delay 2000, 0;
    %pushi/vec4 1, 0, 1;
    %store/vec4 v0000025784c1e5f0_0, 0, 1;
    %pushi/vec4 1, 0, 1;
    %store/vec4 v0000025784c1e690_0, 0, 1;
    %pushi/vec4 1, 0, 1;
    %store/vec4 v0000025784c1e7d0_0, 0, 1;
    %delay 2000, 0;
    %vpi_call 2 26 "$finish" {0 0 0};
    %end;
    .thread T_0;
    .scope S_0000025784cfaa30;
T_1 ;
    %vpi_call 2 31 "$dumpfile", "ARCHIVO.vcd" {0 0 0};
    %vpi_call 2 32 "$dumpvars" {0 0 0};
    %end;
    .thread T_1;
    .scope S_0000025784cfaa30;
T_2 ;
    %vpi_call 2 37 "$display", "-------|---" {0 0 0};
    %vpi_call 2 38 "$display", " A B C | F " {0 0 0};
    %vpi_call 2 39 "$display", "-------|---" {0 0 0};
    %vpi_call 2 40 "$monitor", " %b %b %b | %b", v0000025784c1e5f0_0, v0000025784c1e690_0, v0000025784c1e7d0_0, v0000025784c1eb90_0 {0 0 0};
    %end;
    .thread T_2;
# The file index is used to find the file name in the following table.
:file_names 4;
    "N/A";
    "<interactive>";
    "punto5simp_t_tb.v";
    "punto5simp_t.v";
