#! /usr/local/iverilog/bin/vvp
:ivl_version "11.0 (devel)";
:ivl_delay_selection "TYPICAL";
:vpi_time_precision + 0;
:vpi_module "D:\iverilog\lib\ivl\system.vpi";
:vpi_module "D:\iverilog\lib\ivl\vhdl_sys.vpi";
:vpi_module "D:\iverilog\lib\ivl\vhdl_textio.vpi";
:vpi_module "D:\iverilog\lib\ivl\v2005_math.vpi";
:vpi_module "D:\iverilog\lib\ivl\va_math.vpi";
S_0000000000a165c0 .scope module, "menor" "menor" 2 3;
 .timescale 0 0;
    .port_info 0 /INPUT 3 "A";
    .port_info 1 /INPUT 3 "B";
    .port_info 2 /OUTPUT 1 "F";
o0000000000896928 .functor BUFZ 3, C4<zzz>; HiZ drive
v0000000000a16dd0_0 .net "A", 2 0, o0000000000896928;  0 drivers
o0000000000896958 .functor BUFZ 3, C4<zzz>; HiZ drive
v0000000000a16750_0 .net "B", 2 0, o0000000000896958;  0 drivers
v0000000000a167f0_0 .net "F", 0 0, L_0000000000a16890;  1 drivers
L_0000000000a16890 .cmp/gt 3, o0000000000896958, o0000000000896928;
# The file index is used to find the file name in the following table.
:file_names 3;
    "N/A";
    "<interactive>";
    "menor.v";
