#! /usr/local/iverilog/bin/vvp
:ivl_version "11.0 (devel)";
:ivl_delay_selection "TYPICAL";
:vpi_time_precision - 11;
:vpi_module "D:\iverilog\lib\ivl\system.vpi";
:vpi_module "D:\iverilog\lib\ivl\vhdl_sys.vpi";
:vpi_module "D:\iverilog\lib\ivl\vhdl_textio.vpi";
:vpi_module "D:\iverilog\lib\ivl\v2005_math.vpi";
:vpi_module "D:\iverilog\lib\ivl\va_math.vpi";
S_0000000000895a50 .scope module, "uso_variables_internas_tb" "uso_variables_internas_tb" 2 2;
 .timescale -9 -11;
v000000000096b7e0_0 .var "inA", 0 0;
v00000000008dfb10_0 .var "inB", 0 0;
v00000000008e0290_0 .net "outF", 0 0, L_0000000000969bc0;  1 drivers
S_0000000000895be0 .scope module, "EJR" "uso_variables_internas" 2 9, 3 1 0, S_0000000000895a50;
 .timescale 0 0;
    .port_info 0 /INPUT 1 "A";
    .port_info 1 /INPUT 1 "B";
    .port_info 2 /OUTPUT 1 "F";
L_0000000000968770 .functor OR 1, v000000000096b7e0_0, v000000000096b7e0_0, C4<0>, C4<0>;
L_0000000000969060 .functor NOT 1, L_0000000000968770, C4<0>, C4<0>, C4<0>;
L_0000000000966c70 .functor OR 1, v00000000008dfb10_0, v00000000008dfb10_0, C4<0>, C4<0>;
L_0000000000966eb0 .functor NOT 1, L_0000000000966c70, C4<0>, C4<0>, C4<0>;
o0000000000897128 .functor BUFZ 1, C4<z>; HiZ drive
L_0000000000969bc0 .functor OR 1, L_0000000000969060, o0000000000897128, C4<0>, C4<0>;
v00000000009670b0_0 .net "A", 0 0, v000000000096b7e0_0;  1 drivers
v00000000009669b0_0 .net "B", 0 0, v00000000008dfb10_0;  1 drivers
v0000000000968fc0_0 .net "F", 0 0, L_0000000000969bc0;  alias, 1 drivers
v00000000009686d0_0 .net "W2", 0 0, L_0000000000966eb0;  1 drivers
v0000000000969ce0_0 .net *"_ivl_0", 0 0, L_0000000000968770;  1 drivers
v0000000000969d80_0 .net *"_ivl_4", 0 0, L_0000000000966c70;  1 drivers
v0000000000895d70_0 .net "w1", 0 0, L_0000000000969060;  1 drivers
v0000000000895e10_0 .net "w2", 0 0, o0000000000897128;  0 drivers
    .scope S_0000000000895a50;
T_0 ;
    %pushi/vec4 0, 0, 2;
    %split/vec4 1;
    %store/vec4 v00000000008dfb10_0, 0, 1;
    %store/vec4 v000000000096b7e0_0, 0, 1;
    %delay 1000, 0;
    %pushi/vec4 3, 0, 32;
T_0.0 %dup/vec4;
    %pushi/vec4 0, 0, 32;
    %cmp/s;
    %jmp/1xz T_0.1, 5;
    %jmp/1 T_0.1, 4;
    %pushi/vec4 1, 0, 32;
    %sub;
    %load/vec4 v000000000096b7e0_0;
    %load/vec4 v00000000008dfb10_0;
    %concat/vec4; draw_concat_vec4
    %addi 1, 0, 2;
    %split/vec4 1;
    %store/vec4 v00000000008dfb10_0, 0, 1;
    %store/vec4 v000000000096b7e0_0, 0, 1;
    %delay 1000, 0;
    %jmp T_0.0;
T_0.1 ;
    %pop/vec4 1;
    %vpi_call 2 22 "$finish" {0 0 0};
    %end;
    .thread T_0;
    .scope S_0000000000895a50;
T_1 ;
    %vpi_call 2 27 "$dumpfile", "ARCHIVO.vcd" {0 0 0};
    %vpi_call 2 28 "$dumpvars" {0 0 0};
    %end;
    .thread T_1;
# The file index is used to find the file name in the following table.
:file_names 4;
    "N/A";
    "<interactive>";
    "uso_variables_internas_tb.v";
    "uso_variables_internas.v";
