#! /c/Source/iverilog-install/bin/vvp
:ivl_version "12.0 (devel)" "(s20150603-1110-g18392a46)";
:ivl_delay_selection "TYPICAL";
:vpi_time_precision - 12;
:vpi_module "C:\iverilog\lib\ivl\system.vpi";
:vpi_module "C:\iverilog\lib\ivl\vhdl_sys.vpi";
:vpi_module "C:\iverilog\lib\ivl\vhdl_textio.vpi";
:vpi_module "C:\iverilog\lib\ivl\v2005_math.vpi";
:vpi_module "C:\iverilog\lib\ivl\va_math.vpi";
S_0000013bb1fca7f0 .scope module, "top_tb" "top_tb" 2 3;
 .timescale -9 -12;
v0000013bb2031810_0 .net "F", 8 0, v0000013bb2030fc0_0;  1 drivers
v0000013bb20323f0_0 .var "S", 3 0;
v0000013bb2032a30_0 .var "X", 8 0;
v0000013bb2032b70_0 .net "busy", 0 0, v0000013bb2030a20_0;  1 drivers
v0000013bb2032ad0_0 .var "clk", 0 0;
v0000013bb2032fd0_0 .var "pause", 0 0;
v0000013bb2032490_0 .var "start", 0 0;
S_0000013bb1fca980 .scope module, "top1" "top" 2 11, 3 3 0, S_0000013bb1fca7f0;
 .timescale -9 -12;
    .port_info 0 /INPUT 1 "clk";
    .port_info 1 /INPUT 1 "start";
    .port_info 2 /INPUT 1 "pause";
    .port_info 3 /INPUT 9 "X";
    .port_info 4 /INPUT 4 "S";
    .port_info 5 /OUTPUT 1 "busy";
    .port_info 6 /OUTPUT 9 "F";
v0000013bb20312e0_0 .net "C10", 8 0, v0000013bb1fd4bf0_0;  1 drivers
v0000013bb2031380_0 .net "C101", 0 0, v0000013bb20314c0_0;  1 drivers
v0000013bb20300c0_0 .net "C102", 0 0, v0000013bb2030e80_0;  1 drivers
v0000013bb202fd00_0 .net "C20", 8 0, v0000013bb1fd4c90_0;  1 drivers
v0000013bb2030160_0 .net "C201", 0 0, v0000013bb202fee0_0;  1 drivers
v0000013bb2030200_0 .net "C202", 0 0, v0000013bb2031600_0;  1 drivers
v0000013bb2030340_0 .net "C5", 8 0, v0000013bb1fd4d30_0;  1 drivers
v0000013bb20303e0_0 .net "C50", 8 0, v0000013bb1fd41f0_0;  1 drivers
v0000013bb2030480_0 .net "C501", 0 0, v0000013bb202fb20_0;  1 drivers
v0000013bb20328f0_0 .net "C502", 0 0, v0000013bb202f940_0;  1 drivers
v0000013bb2032850_0 .net "C51", 0 0, v0000013bb2031560_0;  1 drivers
v0000013bb20320d0_0 .net "C52", 0 0, v0000013bb20305c0_0;  1 drivers
v0000013bb2033390_0 .net "E", 8 0, v0000013bb1fd37f0_0;  1 drivers
v0000013bb2032df0_0 .net "E1", 0 0, v0000013bb2030520_0;  1 drivers
v0000013bb2032170_0 .net "E2", 0 0, v0000013bb202fe40_0;  1 drivers
v0000013bb2032710_0 .net "E3", 0 0, v0000013bb2031240_0;  1 drivers
v0000013bb20331b0_0 .net "E4", 0 0, v0000013bb202f800_0;  1 drivers
v0000013bb2032990_0 .net "E5", 0 0, v0000013bb202fda0_0;  1 drivers
v0000013bb2032030_0 .net "F", 8 0, v0000013bb2030fc0_0;  alias, 1 drivers
v0000013bb2032e90_0 .net "S", 3 0, v0000013bb20323f0_0;  1 drivers
v0000013bb2031e50_0 .net "X", 8 0, v0000013bb2032a30_0;  1 drivers
v0000013bb2032f30_0 .net "busy", 0 0, v0000013bb2030a20_0;  alias, 1 drivers
v0000013bb2032210_0 .net "clk", 0 0, v0000013bb2032ad0_0;  1 drivers
v0000013bb20322b0_0 .net "pause", 0 0, v0000013bb2032fd0_0;  1 drivers
v0000013bb2032350_0 .net "start", 0 0, v0000013bb2032490_0;  1 drivers
S_0000013bb1fcab10 .scope module, "Datapath" "cajero" 3 16, 4 4 0, S_0000013bb1fca980;
 .timescale -9 -12;
    .port_info 0 /INPUT 1 "clk";
    .port_info 1 /INPUT 9 "X";
    .port_info 2 /INPUT 1 "E1";
    .port_info 3 /INPUT 1 "E2";
    .port_info 4 /INPUT 1 "E3";
    .port_info 5 /INPUT 1 "E4";
    .port_info 6 /INPUT 1 "E5";
    .port_info 7 /INPUT 1 "C501";
    .port_info 8 /INPUT 1 "C502";
    .port_info 9 /INPUT 1 "C201";
    .port_info 10 /INPUT 1 "C202";
    .port_info 11 /INPUT 1 "C101";
    .port_info 12 /INPUT 1 "C102";
    .port_info 13 /INPUT 1 "C51";
    .port_info 14 /INPUT 1 "C52";
    .port_info 15 /OUTPUT 9 "E";
    .port_info 16 /OUTPUT 9 "C50";
    .port_info 17 /OUTPUT 9 "C20";
    .port_info 18 /OUTPUT 9 "C10";
    .port_info 19 /OUTPUT 9 "C5";
v0000013bb1fd4bf0_0 .var "C10", 8 0;
v0000013bb1fd4010_0 .net "C101", 0 0, v0000013bb20314c0_0;  alias, 1 drivers
v0000013bb1fd31b0_0 .net "C102", 0 0, v0000013bb2030e80_0;  alias, 1 drivers
v0000013bb1fd4c90_0 .var "C20", 8 0;
v0000013bb1fd3cf0_0 .net "C201", 0 0, v0000013bb202fee0_0;  alias, 1 drivers
v0000013bb1fd3390_0 .net "C202", 0 0, v0000013bb2031600_0;  alias, 1 drivers
v0000013bb1fd4d30_0 .var "C5", 8 0;
v0000013bb1fd41f0_0 .var "C50", 8 0;
v0000013bb1fd4790_0 .net "C501", 0 0, v0000013bb202fb20_0;  alias, 1 drivers
v0000013bb1fd45b0_0 .net "C502", 0 0, v0000013bb202f940_0;  alias, 1 drivers
v0000013bb1fd2fd0_0 .net "C51", 0 0, v0000013bb2031560_0;  alias, 1 drivers
v0000013bb1fd3f70_0 .net "C52", 0 0, v0000013bb20305c0_0;  alias, 1 drivers
v0000013bb1fd37f0_0 .var "E", 8 0;
v0000013bb1fd3070_0 .net "E1", 0 0, v0000013bb2030520_0;  alias, 1 drivers
v0000013bb1fd4830_0 .net "E2", 0 0, v0000013bb202fe40_0;  alias, 1 drivers
v0000013bb1fd4650_0 .net "E3", 0 0, v0000013bb2031240_0;  alias, 1 drivers
v0000013bb1fd3570_0 .net "E4", 0 0, v0000013bb202f800_0;  alias, 1 drivers
v0000013bb1fd3430_0 .net "E5", 0 0, v0000013bb202fda0_0;  alias, 1 drivers
v0000013bb1fd3c50_0 .net "X", 8 0, v0000013bb2032a30_0;  alias, 1 drivers
v0000013bb1fd3930_0 .net *"_ivl_10", 8 0, L_0000013bb2031f90;  1 drivers
L_0000013bb20528b8 .functor BUFT 1, C4<000010100>, C4<0>, C4<0>, C4<0>;
v0000013bb1fd46f0_0 .net/2u *"_ivl_12", 8 0, L_0000013bb20528b8;  1 drivers
v0000013bb1fd3890_0 .net *"_ivl_14", 8 0, L_0000013bb2032530;  1 drivers
L_0000013bb2052900 .functor BUFT 1, C4<000000101>, C4<0>, C4<0>, C4<0>;
v0000013bb1fd3e30_0 .net/2u *"_ivl_18", 8 0, L_0000013bb2052900;  1 drivers
L_0000013bb2052828 .functor BUFT 1, C4<000110010>, C4<0>, C4<0>, C4<0>;
v0000013bb1fd3250_0 .net/2u *"_ivl_2", 8 0, L_0000013bb2052828;  1 drivers
v0000013bb1fd3110_0 .net *"_ivl_20", 8 0, L_0000013bb2031b30;  1 drivers
L_0000013bb2052948 .functor BUFT 1, C4<000000000>, C4<0>, C4<0>, C4<0>;
v0000013bb1fd48d0_0 .net/2u *"_ivl_26", 8 0, L_0000013bb2052948;  1 drivers
L_0000013bb2052990 .functor BUFT 1, C4<000000001>, C4<0>, C4<0>, C4<0>;
v0000013bb1fd34d0_0 .net/2u *"_ivl_30", 8 0, L_0000013bb2052990;  1 drivers
v0000013bb1fd4ab0_0 .net *"_ivl_32", 8 0, L_0000013bb2033110;  1 drivers
L_0000013bb20529d8 .functor BUFT 1, C4<000000000>, C4<0>, C4<0>, C4<0>;
v0000013bb1fd4b50_0 .net/2u *"_ivl_36", 8 0, L_0000013bb20529d8;  1 drivers
v0000013bb1fd3b10_0 .net *"_ivl_4", 8 0, L_0000013bb2033070;  1 drivers
L_0000013bb2052a20 .functor BUFT 1, C4<000000001>, C4<0>, C4<0>, C4<0>;
v0000013bb1fd36b0_0 .net/2u *"_ivl_40", 8 0, L_0000013bb2052a20;  1 drivers
v0000013bb1fd3610_0 .net *"_ivl_42", 8 0, L_0000013bb20334d0;  1 drivers
L_0000013bb2052a68 .functor BUFT 1, C4<000000000>, C4<0>, C4<0>, C4<0>;
v0000013bb1fd3d90_0 .net/2u *"_ivl_46", 8 0, L_0000013bb2052a68;  1 drivers
L_0000013bb2052ab0 .functor BUFT 1, C4<000000001>, C4<0>, C4<0>, C4<0>;
v0000013bb1fd39d0_0 .net/2u *"_ivl_50", 8 0, L_0000013bb2052ab0;  1 drivers
v0000013bb1fd3a70_0 .net *"_ivl_52", 8 0, L_0000013bb2032d50;  1 drivers
L_0000013bb2052af8 .functor BUFT 1, C4<000000000>, C4<0>, C4<0>, C4<0>;
v0000013bb1fd3ed0_0 .net/2u *"_ivl_56", 8 0, L_0000013bb2052af8;  1 drivers
L_0000013bb2052b40 .functor BUFT 1, C4<000000001>, C4<0>, C4<0>, C4<0>;
v0000013bb1fd40b0_0 .net/2u *"_ivl_60", 8 0, L_0000013bb2052b40;  1 drivers
v0000013bb1fd4150_0 .net *"_ivl_62", 8 0, L_0000013bb2033610;  1 drivers
L_0000013bb2052870 .functor BUFT 1, C4<000001010>, C4<0>, C4<0>, C4<0>;
v0000013bb1f7f640_0 .net/2u *"_ivl_8", 8 0, L_0000013bb2052870;  1 drivers
v0000013bb1f7e7e0_0 .net "clk", 0 0, v0000013bb2032ad0_0;  alias, 1 drivers
v0000013bb1f7eb00_0 .net "nexC10", 8 0, L_0000013bb20318b0;  1 drivers
v0000013bb2031060_0 .net "nexC20", 8 0, L_0000013bb20319f0;  1 drivers
v0000013bb2030ac0_0 .net "nexC5", 8 0, L_0000013bb2031a90;  1 drivers
v0000013bb202fbc0_0 .net "nexC50", 8 0, L_0000013bb2033430;  1 drivers
v0000013bb2031420_0 .net "nexE", 8 0, L_0000013bb20327b0;  1 drivers
v0000013bb20308e0_0 .net "wC101", 8 0, L_0000013bb2033570;  1 drivers
v0000013bb2030de0_0 .net "wC201", 8 0, L_0000013bb20332f0;  1 drivers
v0000013bb202f8a0_0 .net "wC501", 8 0, L_0000013bb2033250;  1 drivers
v0000013bb20316a0_0 .net "wC51", 8 0, L_0000013bb20336b0;  1 drivers
v0000013bb2030980_0 .net "wE1", 8 0, L_0000013bb2032c10;  1 drivers
v0000013bb2031100_0 .net "wE2", 8 0, L_0000013bb20325d0;  1 drivers
v0000013bb2030c00_0 .net "wE3", 8 0, L_0000013bb2032cb0;  1 drivers
v0000013bb2030840_0 .net "wE4", 8 0, L_0000013bb2032670;  1 drivers
E_0000013bb1fe4670 .event posedge, v0000013bb1f7e7e0_0;
L_0000013bb20327b0 .functor MUXZ 9, L_0000013bb2032670, v0000013bb2032a30_0, v0000013bb202fda0_0, C4<>;
L_0000013bb2033070 .arith/sub 9, v0000013bb1fd37f0_0, L_0000013bb2052828;
L_0000013bb2032c10 .functor MUXZ 9, v0000013bb1fd37f0_0, L_0000013bb2033070, v0000013bb2030520_0, C4<>;
L_0000013bb2031f90 .arith/sub 9, v0000013bb1fd37f0_0, L_0000013bb2052870;
L_0000013bb2032530 .arith/sub 9, v0000013bb1fd37f0_0, L_0000013bb20528b8;
L_0000013bb20325d0 .functor MUXZ 9, L_0000013bb2032530, L_0000013bb2031f90, v0000013bb202fe40_0, C4<>;
L_0000013bb2031b30 .arith/sub 9, v0000013bb1fd37f0_0, L_0000013bb2052900;
L_0000013bb2032cb0 .functor MUXZ 9, L_0000013bb20325d0, L_0000013bb2031b30, v0000013bb2031240_0, C4<>;
L_0000013bb2032670 .functor MUXZ 9, L_0000013bb2032c10, L_0000013bb2032cb0, v0000013bb202f800_0, C4<>;
L_0000013bb2033430 .functor MUXZ 9, L_0000013bb2033250, L_0000013bb2052948, v0000013bb202f940_0, C4<>;
L_0000013bb2033110 .arith/sum 9, v0000013bb1fd41f0_0, L_0000013bb2052990;
L_0000013bb2033250 .functor MUXZ 9, v0000013bb1fd41f0_0, L_0000013bb2033110, v0000013bb202fb20_0, C4<>;
L_0000013bb20319f0 .functor MUXZ 9, L_0000013bb20332f0, L_0000013bb20529d8, v0000013bb2031600_0, C4<>;
L_0000013bb20334d0 .arith/sum 9, v0000013bb1fd4c90_0, L_0000013bb2052a20;
L_0000013bb20332f0 .functor MUXZ 9, v0000013bb1fd4c90_0, L_0000013bb20334d0, v0000013bb202fee0_0, C4<>;
L_0000013bb20318b0 .functor MUXZ 9, L_0000013bb2033570, L_0000013bb2052a68, v0000013bb2030e80_0, C4<>;
L_0000013bb2032d50 .arith/sum 9, v0000013bb1fd4bf0_0, L_0000013bb2052ab0;
L_0000013bb2033570 .functor MUXZ 9, v0000013bb1fd4bf0_0, L_0000013bb2032d50, v0000013bb20314c0_0, C4<>;
L_0000013bb2031a90 .functor MUXZ 9, L_0000013bb20336b0, L_0000013bb2052af8, v0000013bb20305c0_0, C4<>;
L_0000013bb2033610 .arith/sum 9, v0000013bb1fd4d30_0, L_0000013bb2052b40;
L_0000013bb20336b0 .functor MUXZ 9, v0000013bb1fd4d30_0, L_0000013bb2033610, v0000013bb2031560_0, C4<>;
S_0000013bb1f52a10 .scope module, "FSM1" "FSM" 3 39, 5 1 0, S_0000013bb1fca980;
 .timescale -9 -12;
    .port_info 0 /INPUT 1 "clk";
    .port_info 1 /INPUT 1 "start";
    .port_info 2 /INPUT 1 "pause";
    .port_info 3 /INPUT 9 "X";
    .port_info 4 /INPUT 9 "E";
    .port_info 5 /OUTPUT 1 "E1";
    .port_info 6 /OUTPUT 1 "E2";
    .port_info 7 /OUTPUT 1 "E3";
    .port_info 8 /OUTPUT 1 "E4";
    .port_info 9 /OUTPUT 1 "E5";
    .port_info 10 /OUTPUT 1 "C501";
    .port_info 11 /OUTPUT 1 "C502";
    .port_info 12 /OUTPUT 1 "C201";
    .port_info 13 /OUTPUT 1 "C202";
    .port_info 14 /OUTPUT 1 "C101";
    .port_info 15 /OUTPUT 1 "C102";
    .port_info 16 /OUTPUT 1 "C51";
    .port_info 17 /OUTPUT 1 "C52";
    .port_info 18 /OUTPUT 1 "busy";
P_0000013bb1f52ba0 .param/l "cinco" 0 5 13, C4<0101>;
P_0000013bb1f52bd8 .param/l "cuatro" 0 5 12, C4<0100>;
P_0000013bb1f52c10 .param/l "diez" 0 5 18, C4<1010>;
P_0000013bb1f52c48 .param/l "doce" 0 5 20, C4<1100>;
P_0000013bb1f52c80 .param/l "dos" 0 5 10, C4<0010>;
P_0000013bb1f52cb8 .param/l "nueve" 0 5 17, C4<1001>;
P_0000013bb1f52cf0 .param/l "ocho" 0 5 16, C4<1000>;
P_0000013bb1f52d28 .param/l "once" 0 5 19, C4<1011>;
P_0000013bb1f52d60 .param/l "seis" 0 5 14, C4<0110>;
P_0000013bb1f52d98 .param/l "siete" 0 5 15, C4<0111>;
P_0000013bb1f52dd0 .param/l "trece" 0 5 21, C4<1101>;
P_0000013bb1f52e08 .param/l "tres" 0 5 11, C4<0011>;
P_0000013bb1f52e40 .param/l "uno" 0 5 9, C4<0001>;
v0000013bb20314c0_0 .var "C101", 0 0;
v0000013bb2030e80_0 .var "C102", 0 0;
v0000013bb202fee0_0 .var "C201", 0 0;
v0000013bb2031600_0 .var "C202", 0 0;
v0000013bb202fb20_0 .var "C501", 0 0;
v0000013bb202f940_0 .var "C502", 0 0;
v0000013bb2031560_0 .var "C51", 0 0;
v0000013bb20305c0_0 .var "C52", 0 0;
v0000013bb202f9e0_0 .net "E", 8 0, v0000013bb1fd37f0_0;  alias, 1 drivers
v0000013bb2030520_0 .var "E1", 0 0;
v0000013bb202fe40_0 .var "E2", 0 0;
v0000013bb2031240_0 .var "E3", 0 0;
v0000013bb202f800_0 .var "E4", 0 0;
v0000013bb202fda0_0 .var "E5", 0 0;
v0000013bb202fa80_0 .net "X", 8 0, v0000013bb2032a30_0;  alias, 1 drivers
v0000013bb2030a20_0 .var "busy", 0 0;
v0000013bb2030f20_0 .net "clk", 0 0, v0000013bb2032ad0_0;  alias, 1 drivers
v0000013bb202ff80_0 .var "futuro", 3 0;
v0000013bb2030020_0 .net "pause", 0 0, v0000013bb2032fd0_0;  alias, 1 drivers
v0000013bb2030b60_0 .var "presente", 3 0;
v0000013bb2030660_0 .net "start", 0 0, v0000013bb2032490_0;  alias, 1 drivers
E_0000013bb1fe4cf0 .event anyedge, v0000013bb2030b60_0;
E_0000013bb1fe51b0/0 .event anyedge, v0000013bb1fd37f0_0, v0000013bb1fd3c50_0, v0000013bb2030020_0, v0000013bb2030660_0;
E_0000013bb1fe51b0/1 .event anyedge, v0000013bb2030b60_0;
E_0000013bb1fe51b0 .event/or E_0000013bb1fe51b0/0, E_0000013bb1fe51b0/1;
S_0000013bb1f99bd0 .scope module, "deco1" "deco" 3 61, 6 2 0, S_0000013bb1fca980;
 .timescale -9 -12;
    .port_info 0 /INPUT 4 "S";
    .port_info 1 /INPUT 9 "E";
    .port_info 2 /INPUT 9 "C50";
    .port_info 3 /INPUT 9 "C20";
    .port_info 4 /INPUT 9 "C10";
    .port_info 5 /INPUT 9 "C5";
    .port_info 6 /OUTPUT 9 "F";
v0000013bb2030700_0 .net "C10", 8 0, v0000013bb1fd4bf0_0;  alias, 1 drivers
v0000013bb202fc60_0 .net "C20", 8 0, v0000013bb1fd4c90_0;  alias, 1 drivers
v0000013bb20307a0_0 .net "C5", 8 0, v0000013bb1fd4d30_0;  alias, 1 drivers
v0000013bb2030ca0_0 .net "C50", 8 0, v0000013bb1fd41f0_0;  alias, 1 drivers
o0000013bb1fee958 .functor BUFZ 9, C4<zzzzzzzzz>; HiZ drive
v0000013bb2030d40_0 .net "E", 8 0, o0000013bb1fee958;  0 drivers
v0000013bb2030fc0_0 .var "F", 8 0;
v0000013bb20311a0_0 .net "S", 3 0, v0000013bb20323f0_0;  alias, 1 drivers
E_0000013bb1fe4a30/0 .event anyedge, v0000013bb20311a0_0, v0000013bb1fd41f0_0, v0000013bb1fd4c90_0, v0000013bb1fd4bf0_0;
E_0000013bb1fe4a30/1 .event anyedge, v0000013bb1fd4d30_0;
E_0000013bb1fe4a30 .event/or E_0000013bb1fe4a30/0, E_0000013bb1fe4a30/1;
    .scope S_0000013bb1fcab10;
T_0 ;
    %wait E_0000013bb1fe4670;
    %load/vec4 v0000013bb2031420_0;
    %assign/vec4 v0000013bb1fd37f0_0, 0;
    %jmp T_0;
    .thread T_0;
    .scope S_0000013bb1fcab10;
T_1 ;
    %wait E_0000013bb1fe4670;
    %load/vec4 v0000013bb202fbc0_0;
    %assign/vec4 v0000013bb1fd41f0_0, 0;
    %jmp T_1;
    .thread T_1;
    .scope S_0000013bb1fcab10;
T_2 ;
    %wait E_0000013bb1fe4670;
    %load/vec4 v0000013bb2031060_0;
    %assign/vec4 v0000013bb1fd4c90_0, 0;
    %jmp T_2;
    .thread T_2;
    .scope S_0000013bb1fcab10;
T_3 ;
    %wait E_0000013bb1fe4670;
    %load/vec4 v0000013bb1f7eb00_0;
    %assign/vec4 v0000013bb1fd4bf0_0, 0;
    %jmp T_3;
    .thread T_3;
    .scope S_0000013bb1fcab10;
T_4 ;
    %wait E_0000013bb1fe4670;
    %load/vec4 v0000013bb2030ac0_0;
    %assign/vec4 v0000013bb1fd4d30_0, 0;
    %jmp T_4;
    .thread T_4;
    .scope S_0000013bb1f52a10;
T_5 ;
    %pushi/vec4 1, 0, 4;
    %store/vec4 v0000013bb2030b60_0, 0, 4;
    %end;
    .thread T_5;
    .scope S_0000013bb1f52a10;
T_6 ;
    %wait E_0000013bb1fe4670;
    %load/vec4 v0000013bb202ff80_0;
    %assign/vec4 v0000013bb2030b60_0, 0;
    %jmp T_6;
    .thread T_6;
    .scope S_0000013bb1f52a10;
T_7 ;
    %wait E_0000013bb1fe51b0;
    %load/vec4 v0000013bb2030b60_0;
    %dup/vec4;
    %pushi/vec4 1, 0, 4;
    %cmp/u;
    %jmp/1 T_7.0, 6;
    %dup/vec4;
    %pushi/vec4 2, 0, 4;
    %cmp/u;
    %jmp/1 T_7.1, 6;
    %dup/vec4;
    %pushi/vec4 3, 0, 4;
    %cmp/u;
    %jmp/1 T_7.2, 6;
    %dup/vec4;
    %pushi/vec4 4, 0, 4;
    %cmp/u;
    %jmp/1 T_7.3, 6;
    %dup/vec4;
    %pushi/vec4 5, 0, 4;
    %cmp/u;
    %jmp/1 T_7.4, 6;
    %dup/vec4;
    %pushi/vec4 6, 0, 4;
    %cmp/u;
    %jmp/1 T_7.5, 6;
    %dup/vec4;
    %pushi/vec4 7, 0, 4;
    %cmp/u;
    %jmp/1 T_7.6, 6;
    %dup/vec4;
    %pushi/vec4 8, 0, 4;
    %cmp/u;
    %jmp/1 T_7.7, 6;
    %dup/vec4;
    %pushi/vec4 9, 0, 4;
    %cmp/u;
    %jmp/1 T_7.8, 6;
    %dup/vec4;
    %pushi/vec4 10, 0, 4;
    %cmp/u;
    %jmp/1 T_7.9, 6;
    %dup/vec4;
    %pushi/vec4 11, 0, 4;
    %cmp/u;
    %jmp/1 T_7.10, 6;
    %dup/vec4;
    %pushi/vec4 12, 0, 4;
    %cmp/u;
    %jmp/1 T_7.11, 6;
    %dup/vec4;
    %pushi/vec4 13, 0, 4;
    %cmp/u;
    %jmp/1 T_7.12, 6;
    %pushi/vec4 1, 0, 4;
    %assign/vec4 v0000013bb202ff80_0, 0;
    %jmp T_7.14;
T_7.0 ;
    %load/vec4 v0000013bb2030660_0;
    %flag_set/vec4 8;
    %jmp/0xz  T_7.15, 8;
    %load/vec4 v0000013bb202fa80_0;
    %pad/u 32;
    %pushi/vec4 5, 0, 32;
    %mod;
    %cmpi/e 0, 0, 32;
    %jmp/0xz  T_7.17, 4;
    %pushi/vec4 2, 0, 4;
    %assign/vec4 v0000013bb202ff80_0, 0;
    %jmp T_7.18;
T_7.17 ;
    %pushi/vec4 1, 0, 4;
    %assign/vec4 v0000013bb202ff80_0, 0;
T_7.18 ;
    %jmp T_7.16;
T_7.15 ;
    %pushi/vec4 1, 0, 4;
    %assign/vec4 v0000013bb202ff80_0, 0;
T_7.16 ;
    %jmp T_7.14;
T_7.1 ;
    %load/vec4 v0000013bb202fa80_0;
    %cmpi/u 50, 0, 9;
    %flag_inv 5; GE is !LT
    %jmp/0xz  T_7.19, 5;
    %pushi/vec4 6, 0, 4;
    %assign/vec4 v0000013bb202ff80_0, 0;
    %jmp T_7.20;
T_7.19 ;
    %pushi/vec4 3, 0, 4;
    %assign/vec4 v0000013bb202ff80_0, 0;
T_7.20 ;
    %jmp T_7.14;
T_7.2 ;
    %load/vec4 v0000013bb202fa80_0;
    %cmpi/u 20, 0, 9;
    %flag_inv 5; GE is !LT
    %jmp/0xz  T_7.21, 5;
    %pushi/vec4 10, 0, 4;
    %assign/vec4 v0000013bb202ff80_0, 0;
    %jmp T_7.22;
T_7.21 ;
    %pushi/vec4 4, 0, 4;
    %assign/vec4 v0000013bb202ff80_0, 0;
T_7.22 ;
    %jmp T_7.14;
T_7.3 ;
    %load/vec4 v0000013bb202fa80_0;
    %cmpi/u 10, 0, 9;
    %flag_inv 5; GE is !LT
    %jmp/0xz  T_7.23, 5;
    %pushi/vec4 11, 0, 4;
    %assign/vec4 v0000013bb202ff80_0, 0;
    %jmp T_7.24;
T_7.23 ;
    %pushi/vec4 5, 0, 4;
    %assign/vec4 v0000013bb202ff80_0, 0;
T_7.24 ;
    %jmp T_7.14;
T_7.4 ;
    %load/vec4 v0000013bb202fa80_0;
    %cmpi/e 5, 0, 9;
    %jmp/0xz  T_7.25, 4;
    %pushi/vec4 12, 0, 4;
    %assign/vec4 v0000013bb202ff80_0, 0;
    %jmp T_7.26;
T_7.25 ;
    %pushi/vec4 13, 0, 4;
    %assign/vec4 v0000013bb202ff80_0, 0;
T_7.26 ;
    %jmp T_7.14;
T_7.5 ;
    %load/vec4 v0000013bb202f9e0_0;
    %cmpi/u 100, 0, 9;
    %flag_inv 5; GE is !LT
    %jmp/0xz  T_7.27, 5;
    %pushi/vec4 6, 0, 4;
    %assign/vec4 v0000013bb202ff80_0, 0;
    %jmp T_7.28;
T_7.27 ;
    %pushi/vec4 7, 0, 4;
    %assign/vec4 v0000013bb202ff80_0, 0;
T_7.28 ;
    %jmp T_7.14;
T_7.6 ;
    %load/vec4 v0000013bb202f9e0_0;
    %cmpi/u 20, 0, 9;
    %flag_inv 5; GE is !LT
    %jmp/0xz  T_7.29, 5;
    %pushi/vec4 10, 0, 4;
    %assign/vec4 v0000013bb202ff80_0, 0;
    %jmp T_7.30;
T_7.29 ;
    %pushi/vec4 8, 0, 4;
    %assign/vec4 v0000013bb202ff80_0, 0;
T_7.30 ;
    %jmp T_7.14;
T_7.7 ;
    %load/vec4 v0000013bb202f9e0_0;
    %cmpi/u 10, 0, 9;
    %flag_inv 5; GE is !LT
    %jmp/0xz  T_7.31, 5;
    %pushi/vec4 11, 0, 4;
    %assign/vec4 v0000013bb202ff80_0, 0;
    %jmp T_7.32;
T_7.31 ;
    %pushi/vec4 9, 0, 4;
    %assign/vec4 v0000013bb202ff80_0, 0;
T_7.32 ;
    %jmp T_7.14;
T_7.8 ;
    %load/vec4 v0000013bb202f9e0_0;
    %cmpi/e 5, 0, 9;
    %jmp/0xz  T_7.33, 4;
    %pushi/vec4 12, 0, 4;
    %assign/vec4 v0000013bb202ff80_0, 0;
    %jmp T_7.34;
T_7.33 ;
    %pushi/vec4 13, 0, 4;
    %assign/vec4 v0000013bb202ff80_0, 0;
T_7.34 ;
    %jmp T_7.14;
T_7.9 ;
    %load/vec4 v0000013bb202f9e0_0;
    %cmpi/u 40, 0, 9;
    %flag_inv 5; GE is !LT
    %jmp/0xz  T_7.35, 5;
    %pushi/vec4 10, 0, 4;
    %assign/vec4 v0000013bb202ff80_0, 0;
    %jmp T_7.36;
T_7.35 ;
    %pushi/vec4 8, 0, 4;
    %assign/vec4 v0000013bb202ff80_0, 0;
T_7.36 ;
    %jmp T_7.14;
T_7.10 ;
    %load/vec4 v0000013bb202f9e0_0;
    %cmpi/e 15, 0, 9;
    %jmp/0xz  T_7.37, 4;
    %pushi/vec4 12, 0, 4;
    %assign/vec4 v0000013bb202ff80_0, 0;
    %jmp T_7.38;
T_7.37 ;
    %pushi/vec4 13, 0, 4;
    %assign/vec4 v0000013bb202ff80_0, 0;
T_7.38 ;
    %jmp T_7.14;
T_7.11 ;
    %load/vec4 v0000013bb2030020_0;
    %flag_set/vec4 8;
    %jmp/0xz  T_7.39, 8;
    %pushi/vec4 13, 0, 4;
    %assign/vec4 v0000013bb202ff80_0, 0;
    %jmp T_7.40;
T_7.39 ;
    %pushi/vec4 1, 0, 4;
    %assign/vec4 v0000013bb202ff80_0, 0;
T_7.40 ;
    %jmp T_7.14;
T_7.12 ;
    %load/vec4 v0000013bb2030020_0;
    %flag_set/vec4 8;
    %jmp/0xz  T_7.41, 8;
    %pushi/vec4 13, 0, 4;
    %assign/vec4 v0000013bb202ff80_0, 0;
    %jmp T_7.42;
T_7.41 ;
    %pushi/vec4 1, 0, 4;
    %assign/vec4 v0000013bb202ff80_0, 0;
T_7.42 ;
    %jmp T_7.14;
T_7.14 ;
    %pop/vec4 1;
    %jmp T_7;
    .thread T_7, $push;
    .scope S_0000013bb1f52a10;
T_8 ;
    %wait E_0000013bb1fe4cf0;
    %load/vec4 v0000013bb2030b60_0;
    %dup/vec4;
    %pushi/vec4 1, 0, 4;
    %cmp/u;
    %jmp/1 T_8.0, 6;
    %dup/vec4;
    %pushi/vec4 2, 0, 4;
    %cmp/u;
    %jmp/1 T_8.1, 6;
    %dup/vec4;
    %pushi/vec4 3, 0, 4;
    %cmp/u;
    %jmp/1 T_8.2, 6;
    %dup/vec4;
    %pushi/vec4 4, 0, 4;
    %cmp/u;
    %jmp/1 T_8.3, 6;
    %dup/vec4;
    %pushi/vec4 5, 0, 4;
    %cmp/u;
    %jmp/1 T_8.4, 6;
    %dup/vec4;
    %pushi/vec4 6, 0, 4;
    %cmp/u;
    %jmp/1 T_8.5, 6;
    %dup/vec4;
    %pushi/vec4 7, 0, 4;
    %cmp/u;
    %jmp/1 T_8.6, 6;
    %dup/vec4;
    %pushi/vec4 8, 0, 4;
    %cmp/u;
    %jmp/1 T_8.7, 6;
    %dup/vec4;
    %pushi/vec4 9, 0, 4;
    %cmp/u;
    %jmp/1 T_8.8, 6;
    %dup/vec4;
    %pushi/vec4 10, 0, 4;
    %cmp/u;
    %jmp/1 T_8.9, 6;
    %dup/vec4;
    %pushi/vec4 11, 0, 4;
    %cmp/u;
    %jmp/1 T_8.10, 6;
    %dup/vec4;
    %pushi/vec4 12, 0, 4;
    %cmp/u;
    %jmp/1 T_8.11, 6;
    %dup/vec4;
    %pushi/vec4 13, 0, 4;
    %cmp/u;
    %jmp/1 T_8.12, 6;
    %pushi/vec4 0, 0, 1;
    %assign/vec4 v0000013bb2030520_0, 0;
    %pushi/vec4 0, 0, 1;
    %assign/vec4 v0000013bb202fe40_0, 0;
    %pushi/vec4 0, 0, 1;
    %assign/vec4 v0000013bb2031240_0, 0;
    %pushi/vec4 0, 0, 1;
    %assign/vec4 v0000013bb202f800_0, 0;
    %pushi/vec4 1, 0, 1;
    %assign/vec4 v0000013bb202fda0_0, 0;
    %pushi/vec4 0, 0, 1;
    %assign/vec4 v0000013bb202fb20_0, 0;
    %pushi/vec4 1, 0, 1;
    %assign/vec4 v0000013bb202f940_0, 0;
    %pushi/vec4 0, 0, 1;
    %assign/vec4 v0000013bb202fee0_0, 0;
    %pushi/vec4 1, 0, 1;
    %assign/vec4 v0000013bb2031600_0, 0;
    %pushi/vec4 0, 0, 1;
    %assign/vec4 v0000013bb20314c0_0, 0;
    %pushi/vec4 1, 0, 1;
    %assign/vec4 v0000013bb2030e80_0, 0;
    %pushi/vec4 0, 0, 1;
    %assign/vec4 v0000013bb2031560_0, 0;
    %pushi/vec4 1, 0, 1;
    %assign/vec4 v0000013bb20305c0_0, 0;
    %pushi/vec4 0, 0, 1;
    %assign/vec4 v0000013bb2030a20_0, 0;
    %jmp T_8.14;
T_8.0 ;
    %pushi/vec4 0, 0, 1;
    %assign/vec4 v0000013bb2030520_0, 0;
    %pushi/vec4 0, 0, 1;
    %assign/vec4 v0000013bb202fe40_0, 0;
    %pushi/vec4 0, 0, 1;
    %assign/vec4 v0000013bb2031240_0, 0;
    %pushi/vec4 0, 0, 1;
    %assign/vec4 v0000013bb202f800_0, 0;
    %pushi/vec4 1, 0, 1;
    %assign/vec4 v0000013bb202fda0_0, 0;
    %pushi/vec4 0, 0, 1;
    %assign/vec4 v0000013bb202fb20_0, 0;
    %pushi/vec4 1, 0, 1;
    %assign/vec4 v0000013bb202f940_0, 0;
    %pushi/vec4 0, 0, 1;
    %assign/vec4 v0000013bb202fee0_0, 0;
    %pushi/vec4 1, 0, 1;
    %assign/vec4 v0000013bb2031600_0, 0;
    %pushi/vec4 0, 0, 1;
    %assign/vec4 v0000013bb20314c0_0, 0;
    %pushi/vec4 1, 0, 1;
    %assign/vec4 v0000013bb2030e80_0, 0;
    %pushi/vec4 0, 0, 1;
    %assign/vec4 v0000013bb2031560_0, 0;
    %pushi/vec4 1, 0, 1;
    %assign/vec4 v0000013bb20305c0_0, 0;
    %pushi/vec4 0, 0, 1;
    %assign/vec4 v0000013bb2030a20_0, 0;
    %jmp T_8.14;
T_8.1 ;
    %pushi/vec4 0, 0, 1;
    %assign/vec4 v0000013bb2030520_0, 0;
    %pushi/vec4 0, 0, 1;
    %assign/vec4 v0000013bb202fe40_0, 0;
    %pushi/vec4 0, 0, 1;
    %assign/vec4 v0000013bb2031240_0, 0;
    %pushi/vec4 0, 0, 1;
    %assign/vec4 v0000013bb202f800_0, 0;
    %pushi/vec4 1, 0, 1;
    %assign/vec4 v0000013bb202fda0_0, 0;
    %pushi/vec4 0, 0, 1;
    %assign/vec4 v0000013bb202fb20_0, 0;
    %pushi/vec4 1, 0, 1;
    %assign/vec4 v0000013bb202f940_0, 0;
    %pushi/vec4 0, 0, 1;
    %assign/vec4 v0000013bb202fee0_0, 0;
    %pushi/vec4 1, 0, 1;
    %assign/vec4 v0000013bb2031600_0, 0;
    %pushi/vec4 0, 0, 1;
    %assign/vec4 v0000013bb20314c0_0, 0;
    %pushi/vec4 1, 0, 1;
    %assign/vec4 v0000013bb2030e80_0, 0;
    %pushi/vec4 0, 0, 1;
    %assign/vec4 v0000013bb2031560_0, 0;
    %pushi/vec4 1, 0, 1;
    %assign/vec4 v0000013bb20305c0_0, 0;
    %pushi/vec4 1, 0, 1;
    %assign/vec4 v0000013bb2030a20_0, 0;
    %jmp T_8.14;
T_8.2 ;
    %pushi/vec4 0, 0, 1;
    %assign/vec4 v0000013bb2030520_0, 0;
    %pushi/vec4 0, 0, 1;
    %assign/vec4 v0000013bb202fe40_0, 0;
    %pushi/vec4 0, 0, 1;
    %assign/vec4 v0000013bb2031240_0, 0;
    %pushi/vec4 0, 0, 1;
    %assign/vec4 v0000013bb202f800_0, 0;
    %pushi/vec4 1, 0, 1;
    %assign/vec4 v0000013bb202fda0_0, 0;
    %pushi/vec4 0, 0, 1;
    %assign/vec4 v0000013bb202fb20_0, 0;
    %pushi/vec4 1, 0, 1;
    %assign/vec4 v0000013bb202f940_0, 0;
    %pushi/vec4 0, 0, 1;
    %assign/vec4 v0000013bb202fee0_0, 0;
    %pushi/vec4 1, 0, 1;
    %assign/vec4 v0000013bb2031600_0, 0;
    %pushi/vec4 0, 0, 1;
    %assign/vec4 v0000013bb20314c0_0, 0;
    %pushi/vec4 1, 0, 1;
    %assign/vec4 v0000013bb2030e80_0, 0;
    %pushi/vec4 0, 0, 1;
    %assign/vec4 v0000013bb2031560_0, 0;
    %pushi/vec4 1, 0, 1;
    %assign/vec4 v0000013bb20305c0_0, 0;
    %pushi/vec4 1, 0, 1;
    %assign/vec4 v0000013bb2030a20_0, 0;
    %jmp T_8.14;
T_8.3 ;
    %pushi/vec4 0, 0, 1;
    %assign/vec4 v0000013bb2030520_0, 0;
    %pushi/vec4 0, 0, 1;
    %assign/vec4 v0000013bb202fe40_0, 0;
    %pushi/vec4 0, 0, 1;
    %assign/vec4 v0000013bb2031240_0, 0;
    %pushi/vec4 0, 0, 1;
    %assign/vec4 v0000013bb202f800_0, 0;
    %pushi/vec4 1, 0, 1;
    %assign/vec4 v0000013bb202fda0_0, 0;
    %pushi/vec4 0, 0, 1;
    %assign/vec4 v0000013bb202fb20_0, 0;
    %pushi/vec4 1, 0, 1;
    %assign/vec4 v0000013bb202f940_0, 0;
    %pushi/vec4 0, 0, 1;
    %assign/vec4 v0000013bb202fee0_0, 0;
    %pushi/vec4 1, 0, 1;
    %assign/vec4 v0000013bb2031600_0, 0;
    %pushi/vec4 0, 0, 1;
    %assign/vec4 v0000013bb20314c0_0, 0;
    %pushi/vec4 1, 0, 1;
    %assign/vec4 v0000013bb2030e80_0, 0;
    %pushi/vec4 0, 0, 1;
    %assign/vec4 v0000013bb2031560_0, 0;
    %pushi/vec4 1, 0, 1;
    %assign/vec4 v0000013bb20305c0_0, 0;
    %pushi/vec4 1, 0, 1;
    %assign/vec4 v0000013bb2030a20_0, 0;
    %jmp T_8.14;
T_8.4 ;
    %pushi/vec4 0, 0, 1;
    %assign/vec4 v0000013bb2030520_0, 0;
    %pushi/vec4 0, 0, 1;
    %assign/vec4 v0000013bb202fe40_0, 0;
    %pushi/vec4 0, 0, 1;
    %assign/vec4 v0000013bb2031240_0, 0;
    %pushi/vec4 0, 0, 1;
    %assign/vec4 v0000013bb202f800_0, 0;
    %pushi/vec4 1, 0, 1;
    %assign/vec4 v0000013bb202fda0_0, 0;
    %pushi/vec4 0, 0, 1;
    %assign/vec4 v0000013bb202fb20_0, 0;
    %pushi/vec4 1, 0, 1;
    %assign/vec4 v0000013bb202f940_0, 0;
    %pushi/vec4 0, 0, 1;
    %assign/vec4 v0000013bb202fee0_0, 0;
    %pushi/vec4 1, 0, 1;
    %assign/vec4 v0000013bb2031600_0, 0;
    %pushi/vec4 0, 0, 1;
    %assign/vec4 v0000013bb20314c0_0, 0;
    %pushi/vec4 1, 0, 1;
    %assign/vec4 v0000013bb2030e80_0, 0;
    %pushi/vec4 0, 0, 1;
    %assign/vec4 v0000013bb2031560_0, 0;
    %pushi/vec4 1, 0, 1;
    %assign/vec4 v0000013bb20305c0_0, 0;
    %pushi/vec4 1, 0, 1;
    %assign/vec4 v0000013bb2030a20_0, 0;
    %jmp T_8.14;
T_8.5 ;
    %pushi/vec4 1, 0, 1;
    %assign/vec4 v0000013bb2030520_0, 0;
    %pushi/vec4 0, 0, 1;
    %assign/vec4 v0000013bb202fe40_0, 0;
    %pushi/vec4 0, 0, 1;
    %assign/vec4 v0000013bb2031240_0, 0;
    %pushi/vec4 0, 0, 1;
    %assign/vec4 v0000013bb202f800_0, 0;
    %pushi/vec4 0, 0, 1;
    %assign/vec4 v0000013bb202fda0_0, 0;
    %pushi/vec4 1, 0, 1;
    %assign/vec4 v0000013bb202fb20_0, 0;
    %pushi/vec4 0, 0, 1;
    %assign/vec4 v0000013bb202f940_0, 0;
    %pushi/vec4 0, 0, 1;
    %assign/vec4 v0000013bb202fee0_0, 0;
    %pushi/vec4 0, 0, 1;
    %assign/vec4 v0000013bb2031600_0, 0;
    %pushi/vec4 0, 0, 1;
    %assign/vec4 v0000013bb20314c0_0, 0;
    %pushi/vec4 0, 0, 1;
    %assign/vec4 v0000013bb2030e80_0, 0;
    %pushi/vec4 0, 0, 1;
    %assign/vec4 v0000013bb2031560_0, 0;
    %pushi/vec4 0, 0, 1;
    %assign/vec4 v0000013bb20305c0_0, 0;
    %pushi/vec4 1, 0, 1;
    %assign/vec4 v0000013bb2030a20_0, 0;
    %jmp T_8.14;
T_8.6 ;
    %pushi/vec4 0, 0, 1;
    %assign/vec4 v0000013bb2030520_0, 0;
    %pushi/vec4 0, 0, 1;
    %assign/vec4 v0000013bb202fe40_0, 0;
    %pushi/vec4 0, 0, 1;
    %assign/vec4 v0000013bb2031240_0, 0;
    %pushi/vec4 0, 0, 1;
    %assign/vec4 v0000013bb202f800_0, 0;
    %pushi/vec4 0, 0, 1;
    %assign/vec4 v0000013bb202fda0_0, 0;
    %pushi/vec4 0, 0, 1;
    %assign/vec4 v0000013bb202fb20_0, 0;
    %pushi/vec4 0, 0, 1;
    %assign/vec4 v0000013bb202f940_0, 0;
    %pushi/vec4 0, 0, 1;
    %assign/vec4 v0000013bb202fee0_0, 0;
    %pushi/vec4 0, 0, 1;
    %assign/vec4 v0000013bb2031600_0, 0;
    %pushi/vec4 0, 0, 1;
    %assign/vec4 v0000013bb20314c0_0, 0;
    %pushi/vec4 0, 0, 1;
    %assign/vec4 v0000013bb2030e80_0, 0;
    %pushi/vec4 0, 0, 1;
    %assign/vec4 v0000013bb2031560_0, 0;
    %pushi/vec4 0, 0, 1;
    %assign/vec4 v0000013bb20305c0_0, 0;
    %pushi/vec4 1, 0, 1;
    %assign/vec4 v0000013bb2030a20_0, 0;
    %jmp T_8.14;
T_8.7 ;
    %pushi/vec4 0, 0, 1;
    %assign/vec4 v0000013bb2030520_0, 0;
    %pushi/vec4 0, 0, 1;
    %assign/vec4 v0000013bb202fe40_0, 0;
    %pushi/vec4 0, 0, 1;
    %assign/vec4 v0000013bb2031240_0, 0;
    %pushi/vec4 0, 0, 1;
    %assign/vec4 v0000013bb202f800_0, 0;
    %pushi/vec4 0, 0, 1;
    %assign/vec4 v0000013bb202fda0_0, 0;
    %pushi/vec4 0, 0, 1;
    %assign/vec4 v0000013bb202fb20_0, 0;
    %pushi/vec4 0, 0, 1;
    %assign/vec4 v0000013bb202f940_0, 0;
    %pushi/vec4 0, 0, 1;
    %assign/vec4 v0000013bb202fee0_0, 0;
    %pushi/vec4 0, 0, 1;
    %assign/vec4 v0000013bb2031600_0, 0;
    %pushi/vec4 0, 0, 1;
    %assign/vec4 v0000013bb20314c0_0, 0;
    %pushi/vec4 0, 0, 1;
    %assign/vec4 v0000013bb2030e80_0, 0;
    %pushi/vec4 0, 0, 1;
    %assign/vec4 v0000013bb2031560_0, 0;
    %pushi/vec4 0, 0, 1;
    %assign/vec4 v0000013bb20305c0_0, 0;
    %pushi/vec4 1, 0, 1;
    %assign/vec4 v0000013bb2030a20_0, 0;
    %jmp T_8.14;
T_8.8 ;
    %pushi/vec4 0, 0, 1;
    %assign/vec4 v0000013bb2030520_0, 0;
    %pushi/vec4 0, 0, 1;
    %assign/vec4 v0000013bb202fe40_0, 0;
    %pushi/vec4 0, 0, 1;
    %assign/vec4 v0000013bb2031240_0, 0;
    %pushi/vec4 0, 0, 1;
    %assign/vec4 v0000013bb202f800_0, 0;
    %pushi/vec4 0, 0, 1;
    %assign/vec4 v0000013bb202fda0_0, 0;
    %pushi/vec4 0, 0, 1;
    %assign/vec4 v0000013bb202fb20_0, 0;
    %pushi/vec4 0, 0, 1;
    %assign/vec4 v0000013bb202f940_0, 0;
    %pushi/vec4 0, 0, 1;
    %assign/vec4 v0000013bb202fee0_0, 0;
    %pushi/vec4 0, 0, 1;
    %assign/vec4 v0000013bb2031600_0, 0;
    %pushi/vec4 0, 0, 1;
    %assign/vec4 v0000013bb20314c0_0, 0;
    %pushi/vec4 0, 0, 1;
    %assign/vec4 v0000013bb2030e80_0, 0;
    %pushi/vec4 0, 0, 1;
    %assign/vec4 v0000013bb2031560_0, 0;
    %pushi/vec4 0, 0, 1;
    %assign/vec4 v0000013bb20305c0_0, 0;
    %pushi/vec4 1, 0, 1;
    %assign/vec4 v0000013bb2030a20_0, 0;
    %jmp T_8.14;
T_8.9 ;
    %pushi/vec4 0, 0, 1;
    %assign/vec4 v0000013bb2030520_0, 0;
    %pushi/vec4 0, 0, 1;
    %assign/vec4 v0000013bb202fe40_0, 0;
    %pushi/vec4 0, 0, 1;
    %assign/vec4 v0000013bb2031240_0, 0;
    %pushi/vec4 1, 0, 1;
    %assign/vec4 v0000013bb202f800_0, 0;
    %pushi/vec4 0, 0, 1;
    %assign/vec4 v0000013bb202fda0_0, 0;
    %pushi/vec4 0, 0, 1;
    %assign/vec4 v0000013bb202fb20_0, 0;
    %pushi/vec4 0, 0, 1;
    %assign/vec4 v0000013bb202f940_0, 0;
    %pushi/vec4 1, 0, 1;
    %assign/vec4 v0000013bb202fee0_0, 0;
    %pushi/vec4 0, 0, 1;
    %assign/vec4 v0000013bb2031600_0, 0;
    %pushi/vec4 0, 0, 1;
    %assign/vec4 v0000013bb20314c0_0, 0;
    %pushi/vec4 0, 0, 1;
    %assign/vec4 v0000013bb2030e80_0, 0;
    %pushi/vec4 0, 0, 1;
    %assign/vec4 v0000013bb2031560_0, 0;
    %pushi/vec4 0, 0, 1;
    %assign/vec4 v0000013bb20305c0_0, 0;
    %pushi/vec4 1, 0, 1;
    %assign/vec4 v0000013bb2030a20_0, 0;
    %jmp T_8.14;
T_8.10 ;
    %pushi/vec4 0, 0, 1;
    %assign/vec4 v0000013bb2030520_0, 0;
    %pushi/vec4 1, 0, 1;
    %assign/vec4 v0000013bb202fe40_0, 0;
    %pushi/vec4 0, 0, 1;
    %assign/vec4 v0000013bb2031240_0, 0;
    %pushi/vec4 1, 0, 1;
    %assign/vec4 v0000013bb202f800_0, 0;
    %pushi/vec4 0, 0, 1;
    %assign/vec4 v0000013bb202fda0_0, 0;
    %pushi/vec4 0, 0, 1;
    %assign/vec4 v0000013bb202fb20_0, 0;
    %pushi/vec4 0, 0, 1;
    %assign/vec4 v0000013bb202f940_0, 0;
    %pushi/vec4 0, 0, 1;
    %assign/vec4 v0000013bb202fee0_0, 0;
    %pushi/vec4 0, 0, 1;
    %assign/vec4 v0000013bb2031600_0, 0;
    %pushi/vec4 1, 0, 1;
    %assign/vec4 v0000013bb20314c0_0, 0;
    %pushi/vec4 0, 0, 1;
    %assign/vec4 v0000013bb2030e80_0, 0;
    %pushi/vec4 0, 0, 1;
    %assign/vec4 v0000013bb2031560_0, 0;
    %pushi/vec4 0, 0, 1;
    %assign/vec4 v0000013bb20305c0_0, 0;
    %pushi/vec4 1, 0, 1;
    %assign/vec4 v0000013bb2030a20_0, 0;
    %jmp T_8.14;
T_8.11 ;
    %pushi/vec4 0, 0, 1;
    %assign/vec4 v0000013bb2030520_0, 0;
    %pushi/vec4 0, 0, 1;
    %assign/vec4 v0000013bb202fe40_0, 0;
    %pushi/vec4 1, 0, 1;
    %assign/vec4 v0000013bb2031240_0, 0;
    %pushi/vec4 1, 0, 1;
    %assign/vec4 v0000013bb202f800_0, 0;
    %pushi/vec4 0, 0, 1;
    %assign/vec4 v0000013bb202fda0_0, 0;
    %pushi/vec4 0, 0, 1;
    %assign/vec4 v0000013bb202fb20_0, 0;
    %pushi/vec4 0, 0, 1;
    %assign/vec4 v0000013bb202f940_0, 0;
    %pushi/vec4 0, 0, 1;
    %assign/vec4 v0000013bb202fee0_0, 0;
    %pushi/vec4 0, 0, 1;
    %assign/vec4 v0000013bb2031600_0, 0;
    %pushi/vec4 0, 0, 1;
    %assign/vec4 v0000013bb20314c0_0, 0;
    %pushi/vec4 0, 0, 1;
    %assign/vec4 v0000013bb2030e80_0, 0;
    %pushi/vec4 1, 0, 1;
    %assign/vec4 v0000013bb2031560_0, 0;
    %pushi/vec4 0, 0, 1;
    %assign/vec4 v0000013bb20305c0_0, 0;
    %pushi/vec4 1, 0, 1;
    %assign/vec4 v0000013bb2030a20_0, 0;
    %jmp T_8.14;
T_8.12 ;
    %pushi/vec4 0, 0, 1;
    %assign/vec4 v0000013bb2030520_0, 0;
    %pushi/vec4 0, 0, 1;
    %assign/vec4 v0000013bb202fe40_0, 0;
    %pushi/vec4 0, 0, 1;
    %assign/vec4 v0000013bb2031240_0, 0;
    %pushi/vec4 0, 0, 1;
    %assign/vec4 v0000013bb202f800_0, 0;
    %pushi/vec4 0, 0, 1;
    %assign/vec4 v0000013bb202fda0_0, 0;
    %pushi/vec4 0, 0, 1;
    %assign/vec4 v0000013bb202fb20_0, 0;
    %pushi/vec4 0, 0, 1;
    %assign/vec4 v0000013bb202f940_0, 0;
    %pushi/vec4 0, 0, 1;
    %assign/vec4 v0000013bb202fee0_0, 0;
    %pushi/vec4 0, 0, 1;
    %assign/vec4 v0000013bb2031600_0, 0;
    %pushi/vec4 0, 0, 1;
    %assign/vec4 v0000013bb20314c0_0, 0;
    %pushi/vec4 0, 0, 1;
    %assign/vec4 v0000013bb2030e80_0, 0;
    %pushi/vec4 0, 0, 1;
    %assign/vec4 v0000013bb2031560_0, 0;
    %pushi/vec4 0, 0, 1;
    %assign/vec4 v0000013bb20305c0_0, 0;
    %pushi/vec4 1, 0, 1;
    %assign/vec4 v0000013bb2030a20_0, 0;
    %jmp T_8.14;
T_8.14 ;
    %pop/vec4 1;
    %jmp T_8;
    .thread T_8, $push;
    .scope S_0000013bb1f99bd0;
T_9 ;
    %wait E_0000013bb1fe4a30;
    %load/vec4 v0000013bb20311a0_0;
    %dup/vec4;
    %pushi/vec4 8, 0, 4;
    %cmp/u;
    %jmp/1 T_9.0, 6;
    %dup/vec4;
    %pushi/vec4 4, 0, 4;
    %cmp/u;
    %jmp/1 T_9.1, 6;
    %dup/vec4;
    %pushi/vec4 2, 0, 4;
    %cmp/u;
    %jmp/1 T_9.2, 6;
    %dup/vec4;
    %pushi/vec4 1, 0, 4;
    %cmp/u;
    %jmp/1 T_9.3, 6;
    %jmp T_9.4;
T_9.0 ;
    %load/vec4 v0000013bb2030ca0_0;
    %dup/vec4;
    %pushi/vec4 0, 0, 9;
    %cmp/u;
    %jmp/1 T_9.5, 6;
    %dup/vec4;
    %pushi/vec4 1, 0, 9;
    %cmp/u;
    %jmp/1 T_9.6, 6;
    %dup/vec4;
    %pushi/vec4 2, 0, 9;
    %cmp/u;
    %jmp/1 T_9.7, 6;
    %dup/vec4;
    %pushi/vec4 3, 0, 9;
    %cmp/u;
    %jmp/1 T_9.8, 6;
    %dup/vec4;
    %pushi/vec4 4, 0, 9;
    %cmp/u;
    %jmp/1 T_9.9, 6;
    %dup/vec4;
    %pushi/vec4 5, 0, 9;
    %cmp/u;
    %jmp/1 T_9.10, 6;
    %dup/vec4;
    %pushi/vec4 6, 0, 9;
    %cmp/u;
    %jmp/1 T_9.11, 6;
    %dup/vec4;
    %pushi/vec4 7, 0, 9;
    %cmp/u;
    %jmp/1 T_9.12, 6;
    %dup/vec4;
    %pushi/vec4 8, 0, 9;
    %cmp/u;
    %jmp/1 T_9.13, 6;
    %jmp T_9.14;
T_9.5 ;
    %pushi/vec4 0, 0, 9;
    %store/vec4 v0000013bb2030fc0_0, 0, 9;
    %jmp T_9.14;
T_9.6 ;
    %pushi/vec4 1, 0, 9;
    %store/vec4 v0000013bb2030fc0_0, 0, 9;
    %jmp T_9.14;
T_9.7 ;
    %pushi/vec4 3, 0, 9;
    %store/vec4 v0000013bb2030fc0_0, 0, 9;
    %jmp T_9.14;
T_9.8 ;
    %pushi/vec4 7, 0, 9;
    %store/vec4 v0000013bb2030fc0_0, 0, 9;
    %jmp T_9.14;
T_9.9 ;
    %pushi/vec4 15, 0, 9;
    %store/vec4 v0000013bb2030fc0_0, 0, 9;
    %jmp T_9.14;
T_9.10 ;
    %pushi/vec4 31, 0, 9;
    %store/vec4 v0000013bb2030fc0_0, 0, 9;
    %jmp T_9.14;
T_9.11 ;
    %pushi/vec4 63, 0, 9;
    %store/vec4 v0000013bb2030fc0_0, 0, 9;
    %jmp T_9.14;
T_9.12 ;
    %pushi/vec4 127, 0, 9;
    %store/vec4 v0000013bb2030fc0_0, 0, 9;
    %jmp T_9.14;
T_9.13 ;
    %pushi/vec4 255, 0, 9;
    %store/vec4 v0000013bb2030fc0_0, 0, 9;
    %jmp T_9.14;
T_9.14 ;
    %pop/vec4 1;
    %jmp T_9.4;
T_9.1 ;
    %load/vec4 v0000013bb202fc60_0;
    %dup/vec4;
    %pushi/vec4 0, 0, 9;
    %cmp/u;
    %jmp/1 T_9.15, 6;
    %dup/vec4;
    %pushi/vec4 1, 0, 9;
    %cmp/u;
    %jmp/1 T_9.16, 6;
    %dup/vec4;
    %pushi/vec4 2, 0, 9;
    %cmp/u;
    %jmp/1 T_9.17, 6;
    %dup/vec4;
    %pushi/vec4 3, 0, 9;
    %cmp/u;
    %jmp/1 T_9.18, 6;
    %dup/vec4;
    %pushi/vec4 4, 0, 9;
    %cmp/u;
    %jmp/1 T_9.19, 6;
    %dup/vec4;
    %pushi/vec4 5, 0, 9;
    %cmp/u;
    %jmp/1 T_9.20, 6;
    %dup/vec4;
    %pushi/vec4 6, 0, 9;
    %cmp/u;
    %jmp/1 T_9.21, 6;
    %dup/vec4;
    %pushi/vec4 7, 0, 9;
    %cmp/u;
    %jmp/1 T_9.22, 6;
    %dup/vec4;
    %pushi/vec4 8, 0, 9;
    %cmp/u;
    %jmp/1 T_9.23, 6;
    %jmp T_9.24;
T_9.15 ;
    %pushi/vec4 0, 0, 9;
    %store/vec4 v0000013bb2030fc0_0, 0, 9;
    %jmp T_9.24;
T_9.16 ;
    %pushi/vec4 1, 0, 9;
    %store/vec4 v0000013bb2030fc0_0, 0, 9;
    %jmp T_9.24;
T_9.17 ;
    %pushi/vec4 3, 0, 9;
    %store/vec4 v0000013bb2030fc0_0, 0, 9;
    %jmp T_9.24;
T_9.18 ;
    %pushi/vec4 7, 0, 9;
    %store/vec4 v0000013bb2030fc0_0, 0, 9;
    %jmp T_9.24;
T_9.19 ;
    %pushi/vec4 15, 0, 9;
    %store/vec4 v0000013bb2030fc0_0, 0, 9;
    %jmp T_9.24;
T_9.20 ;
    %pushi/vec4 31, 0, 9;
    %store/vec4 v0000013bb2030fc0_0, 0, 9;
    %jmp T_9.24;
T_9.21 ;
    %pushi/vec4 63, 0, 9;
    %store/vec4 v0000013bb2030fc0_0, 0, 9;
    %jmp T_9.24;
T_9.22 ;
    %pushi/vec4 127, 0, 9;
    %store/vec4 v0000013bb2030fc0_0, 0, 9;
    %jmp T_9.24;
T_9.23 ;
    %pushi/vec4 255, 0, 9;
    %store/vec4 v0000013bb2030fc0_0, 0, 9;
    %jmp T_9.24;
T_9.24 ;
    %pop/vec4 1;
    %jmp T_9.4;
T_9.2 ;
    %load/vec4 v0000013bb2030700_0;
    %dup/vec4;
    %pushi/vec4 0, 0, 9;
    %cmp/u;
    %jmp/1 T_9.25, 6;
    %dup/vec4;
    %pushi/vec4 1, 0, 9;
    %cmp/u;
    %jmp/1 T_9.26, 6;
    %dup/vec4;
    %pushi/vec4 2, 0, 9;
    %cmp/u;
    %jmp/1 T_9.27, 6;
    %dup/vec4;
    %pushi/vec4 3, 0, 9;
    %cmp/u;
    %jmp/1 T_9.28, 6;
    %dup/vec4;
    %pushi/vec4 4, 0, 9;
    %cmp/u;
    %jmp/1 T_9.29, 6;
    %dup/vec4;
    %pushi/vec4 5, 0, 9;
    %cmp/u;
    %jmp/1 T_9.30, 6;
    %dup/vec4;
    %pushi/vec4 6, 0, 9;
    %cmp/u;
    %jmp/1 T_9.31, 6;
    %dup/vec4;
    %pushi/vec4 7, 0, 9;
    %cmp/u;
    %jmp/1 T_9.32, 6;
    %dup/vec4;
    %pushi/vec4 8, 0, 9;
    %cmp/u;
    %jmp/1 T_9.33, 6;
    %jmp T_9.34;
T_9.25 ;
    %pushi/vec4 0, 0, 9;
    %store/vec4 v0000013bb2030fc0_0, 0, 9;
    %jmp T_9.34;
T_9.26 ;
    %pushi/vec4 1, 0, 9;
    %store/vec4 v0000013bb2030fc0_0, 0, 9;
    %jmp T_9.34;
T_9.27 ;
    %pushi/vec4 3, 0, 9;
    %store/vec4 v0000013bb2030fc0_0, 0, 9;
    %jmp T_9.34;
T_9.28 ;
    %pushi/vec4 7, 0, 9;
    %store/vec4 v0000013bb2030fc0_0, 0, 9;
    %jmp T_9.34;
T_9.29 ;
    %pushi/vec4 15, 0, 9;
    %store/vec4 v0000013bb2030fc0_0, 0, 9;
    %jmp T_9.34;
T_9.30 ;
    %pushi/vec4 31, 0, 9;
    %store/vec4 v0000013bb2030fc0_0, 0, 9;
    %jmp T_9.34;
T_9.31 ;
    %pushi/vec4 63, 0, 9;
    %store/vec4 v0000013bb2030fc0_0, 0, 9;
    %jmp T_9.34;
T_9.32 ;
    %pushi/vec4 127, 0, 9;
    %store/vec4 v0000013bb2030fc0_0, 0, 9;
    %jmp T_9.34;
T_9.33 ;
    %pushi/vec4 255, 0, 9;
    %store/vec4 v0000013bb2030fc0_0, 0, 9;
    %jmp T_9.34;
T_9.34 ;
    %pop/vec4 1;
    %jmp T_9.4;
T_9.3 ;
    %load/vec4 v0000013bb20307a0_0;
    %dup/vec4;
    %pushi/vec4 0, 0, 9;
    %cmp/u;
    %jmp/1 T_9.35, 6;
    %dup/vec4;
    %pushi/vec4 1, 0, 9;
    %cmp/u;
    %jmp/1 T_9.36, 6;
    %dup/vec4;
    %pushi/vec4 2, 0, 9;
    %cmp/u;
    %jmp/1 T_9.37, 6;
    %dup/vec4;
    %pushi/vec4 3, 0, 9;
    %cmp/u;
    %jmp/1 T_9.38, 6;
    %dup/vec4;
    %pushi/vec4 4, 0, 9;
    %cmp/u;
    %jmp/1 T_9.39, 6;
    %dup/vec4;
    %pushi/vec4 5, 0, 9;
    %cmp/u;
    %jmp/1 T_9.40, 6;
    %dup/vec4;
    %pushi/vec4 6, 0, 9;
    %cmp/u;
    %jmp/1 T_9.41, 6;
    %dup/vec4;
    %pushi/vec4 7, 0, 9;
    %cmp/u;
    %jmp/1 T_9.42, 6;
    %dup/vec4;
    %pushi/vec4 8, 0, 9;
    %cmp/u;
    %jmp/1 T_9.43, 6;
    %jmp T_9.44;
T_9.35 ;
    %pushi/vec4 0, 0, 9;
    %store/vec4 v0000013bb2030fc0_0, 0, 9;
    %jmp T_9.44;
T_9.36 ;
    %pushi/vec4 1, 0, 9;
    %store/vec4 v0000013bb2030fc0_0, 0, 9;
    %jmp T_9.44;
T_9.37 ;
    %pushi/vec4 3, 0, 9;
    %store/vec4 v0000013bb2030fc0_0, 0, 9;
    %jmp T_9.44;
T_9.38 ;
    %pushi/vec4 7, 0, 9;
    %store/vec4 v0000013bb2030fc0_0, 0, 9;
    %jmp T_9.44;
T_9.39 ;
    %pushi/vec4 15, 0, 9;
    %store/vec4 v0000013bb2030fc0_0, 0, 9;
    %jmp T_9.44;
T_9.40 ;
    %pushi/vec4 31, 0, 9;
    %store/vec4 v0000013bb2030fc0_0, 0, 9;
    %jmp T_9.44;
T_9.41 ;
    %pushi/vec4 63, 0, 9;
    %store/vec4 v0000013bb2030fc0_0, 0, 9;
    %jmp T_9.44;
T_9.42 ;
    %pushi/vec4 127, 0, 9;
    %store/vec4 v0000013bb2030fc0_0, 0, 9;
    %jmp T_9.44;
T_9.43 ;
    %pushi/vec4 255, 0, 9;
    %store/vec4 v0000013bb2030fc0_0, 0, 9;
    %jmp T_9.44;
T_9.44 ;
    %pop/vec4 1;
    %jmp T_9.4;
T_9.4 ;
    %pop/vec4 1;
    %jmp T_9;
    .thread T_9, $push;
    .scope S_0000013bb1fca7f0;
T_10 ;
    %pushi/vec4 0, 0, 1;
    %store/vec4 v0000013bb2032ad0_0, 0, 1;
    %end;
    .thread T_10;
    .scope S_0000013bb1fca7f0;
T_11 ;
    %delay 5000, 0;
    %load/vec4 v0000013bb2032ad0_0;
    %inv;
    %store/vec4 v0000013bb2032ad0_0, 0, 1;
    %jmp T_11;
    .thread T_11;
    .scope S_0000013bb1fca7f0;
T_12 ;
    %pushi/vec4 135, 0, 9;
    %assign/vec4 v0000013bb2032a30_0, 0;
    %pushi/vec4 8, 0, 4;
    %assign/vec4 v0000013bb20323f0_0, 0;
    %pushi/vec4 0, 0, 1;
    %assign/vec4 v0000013bb2032fd0_0, 0;
    %pushi/vec4 0, 0, 1;
    %assign/vec4 v0000013bb2032490_0, 0;
    %delay 10000, 0;
    %pushi/vec4 1, 0, 1;
    %assign/vec4 v0000013bb2032490_0, 0;
    %delay 10000, 0;
    %pushi/vec4 0, 0, 1;
    %assign/vec4 v0000013bb2032490_0, 0;
    %delay 90000, 0;
    %vpi_call 2 37 "$finish" {0 0 0};
    %end;
    .thread T_12;
    .scope S_0000013bb1fca7f0;
T_13 ;
    %vpi_call 2 40 "$dumpfile", "prueba.vcd" {0 0 0};
    %vpi_call 2 41 "$dumpvars" {0 0 0};
    %end;
    .thread T_13;
# The file index is used to find the file name in the following table.
:file_names 7;
    "N/A";
    "<interactive>";
    "top_tb.v";
    "top.v";
    "cajero.v";
    "FSM.v";
    "deco.v";
